Unity Editor version:    6000.0.11f1 (fa01dd6b76d5)
Branch:                  trunk
Build type:              Release
Batch mode:              YES
macOS version:           Version 14.5 (Build 23F79)
Darwin version:          23.5.0
Architecture:            arm64
Running under Rosetta:   NO
Available memory:        18432 MB
Using pre-set license
Pro License: YES

COMMAND LINE ARGUMENTS:
/Applications/Unity/Hub/Editor/6000.0.11f1/Unity.app/Contents/MacOS/Unity
-adb2
-batchMode
-noUpm
-name
AssetImportWorker1
-projectPath
/Users/emma/Desktop/Repos/Orbital2024/UnityProjects/Orbital
-logFile
Logs/AssetImportWorker1.log
-srvPort
57665
-job-worker-count
5
-background-job-worker-count
8
-asset-garbage-collectors
1
Successfully changed project path to: /Users/emma/Desktop/Repos/Orbital2024/UnityProjects/Orbital
/Users/emma/Desktop/Repos/Orbital2024/UnityProjects/Orbital
[UnityMemory] Configuration Parameters - Can be set up in boot.config
    "memorysetup-bucket-allocator-granularity=16"
    "memorysetup-bucket-allocator-bucket-count=8"
    "memorysetup-bucket-allocator-block-size=33554432"
    "memorysetup-bucket-allocator-block-count=8"
    "memorysetup-main-allocator-block-size=16777216"
    "memorysetup-thread-allocator-block-size=16777216"
    "memorysetup-gfx-main-allocator-block-size=16777216"
    "memorysetup-gfx-thread-allocator-block-size=16777216"
    "memorysetup-cache-allocator-block-size=4194304"
    "memorysetup-typetree-allocator-block-size=2097152"
    "memorysetup-profiler-bucket-allocator-granularity=16"
    "memorysetup-profiler-bucket-allocator-bucket-count=8"
    "memorysetup-profiler-bucket-allocator-block-size=33554432"
    "memorysetup-profiler-bucket-allocator-block-count=8"
    "memorysetup-profiler-allocator-block-size=16777216"
    "memorysetup-profiler-editor-allocator-block-size=1048576"
    "memorysetup-temp-allocator-size-main=16777216"
    "memorysetup-job-temp-allocator-block-size=2097152"
    "memorysetup-job-temp-allocator-block-size-background=1048576"
    "memorysetup-job-temp-allocator-reduction-small-platforms=262144"
    "memorysetup-allocator-temp-initial-block-size-main=262144"
    "memorysetup-allocator-temp-initial-block-size-worker=262144"
    "memorysetup-temp-allocator-size-background-worker=32768"
    "memorysetup-temp-allocator-size-job-worker=262144"
    "memorysetup-temp-allocator-size-preload-manager=33554432"
    "memorysetup-temp-allocator-size-nav-mesh-worker=65536"
    "memorysetup-temp-allocator-size-audio-worker=65536"
    "memorysetup-temp-allocator-size-cloud-worker=32768"
    "memorysetup-temp-allocator-size-gi-baking-worker=262144"
    "memorysetup-temp-allocator-size-gi-baking-worker=262144"
    "memorysetup-temp-allocator-size-gi-baking-worker=262144"
    "memorysetup-temp-allocator-size-gi-baking-worker=262144"
    "memorysetup-temp-allocator-size-gi-baking-worker=262144"
    "memorysetup-temp-allocator-size-gfx=262144"
Player connection [8471907328]  Target information:

Player connection [8471907328]  * "[IP] 172.31.104.247 [Port] 0 [Flags] 2 [Guid] 323295068 [EditorId] 323295068 [Version] 1048832 [Id] OSXEditor(0,Xus-MacBook-Pro.local) [Debug] 1 [PackageName] OSXEditor [ProjectName] Editor" 

Player connection [8471907328]  * "[IP] 169.254.53.112 [Port] 0 [Flags] 2 [Guid] 323295068 [EditorId] 323295068 [Version] 1048832 [Id] OSXEditor(0,Xus-MacBook-Pro.local) [Debug] 1 [PackageName] OSXEditor [ProjectName] Editor" 

Player connection [8471907328] Host joined multi-casting on [225.0.0.222:54997]...
Player connection [8471907328] Host joined alternative multi-casting on [225.0.0.222:34997]...
JobSystem: Creating JobQueue using job-worker-count value 5
Library Redirect Path: Library/
[PhysX] Initialized MultithreadedTaskDispatcher with 6 workers.
Refreshing native plugins compatible for Editor in 7.59 ms, found 9 plugins.
Preloading 0 native plugins for Editor in 0.00 ms.
Initialize engine version: 6000.0.11f1 (fa01dd6b76d5)
[Subsystems] Discovering subsystems at path /Applications/Unity/Hub/Editor/6000.0.11f1/Unity.app/Contents/Resources/UnitySubsystems
[Subsystems] Discovering subsystems at path /Users/emma/Desktop/Repos/Orbital2024/UnityProjects/Orbital/Assets
GfxDevice: creating device client; kGfxThreadingModeNonThreaded
 preferred device: Apple M3 Pro (high power)
Metal devices available: 1
0: Apple M3 Pro (high power)
Using device Apple M3 Pro (high power)
Initializing Metal device caps: Apple M3 Pro
Initialize mono
Mono path[0] = '/Applications/Unity/Hub/Editor/6000.0.11f1/Unity.app/Contents/Managed'
Mono path[1] = '/Applications/Unity/Hub/Editor/6000.0.11f1/Unity.app/Contents/MonoBleedingEdge/lib/mono/unityjit-macos'
Mono config path = '/Applications/Unity/Hub/Editor/6000.0.11f1/Unity.app/Contents/MonoBleedingEdge/etc'
Using monoOptions --debugger-agent=transport=dt_socket,embedding=1,server=y,suspend=n,address=127.0.0.1:56146
Begin MonoManager ReloadAssembly
Registering precompiled unity dll's ...
Register platform support module: /Applications/Unity/Hub/Editor/6000.0.11f1/PlaybackEngines/WebGLSupport/UnityEditor.WebGL.Extensions.dll
Register platform support module: /Applications/Unity/Hub/Editor/6000.0.11f1/Unity.app/Contents/PlaybackEngines/MacStandaloneSupport/UnityEditor.OSXStandalone.Extensions.dll
Register platform support module: /Applications/Unity/Hub/Editor/6000.0.11f1/PlaybackEngines/VisionOSPlayer/UnityEditor.VisionOS.Extensions.dll
Register platform support module: /Applications/Unity/Hub/Editor/6000.0.11f1/PlaybackEngines/WindowsStandaloneSupport/UnityEditor.WindowsStandalone.Extensions.dll
Register platform support module: /Applications/Unity/Hub/Editor/6000.0.11f1/PlaybackEngines/AndroidPlayer/UnityEditor.Android.Extensions.dll
Register platform support module: /Applications/Unity/Hub/Editor/6000.0.11f1/PlaybackEngines/iOSSupport/UnityEditor.iOS.Extensions.dll
Register platform support module: /Applications/Unity/Hub/Editor/6000.0.11f1/PlaybackEngines/AppleTVSupport/UnityEditor.AppleTV.Extensions.dll
Register platform support module: /Applications/Unity/Hub/Editor/6000.0.11f1/PlaybackEngines/LinuxStandaloneSupport/UnityEditor.LinuxStandalone.Extensions.dll
Registered in 0.002815 seconds.
- Loaded All Assemblies, in  0.305 seconds
Native extension for LinuxStandalone target not found
[usbmuxd] Start listen thread
[usbmuxd] Listen thread started
[usbmuxd] Send listen message
[usbmuxd] Attached: 3 00008110-001250421A8A401E
Native extension for AppleTV target not found
Native extension for iOS target not found
Native extension for Android target not found
Unable to list connected devices. 
* daemon not running; starting now at tcp:5037
ADB server didn't ACK
Full server startup log: /var/folders/v3/f9blw8_j5rsb6nlsdcbxrjlc0000gn/T//adb.501.log
Server had pid: 44155
--- adb starting (pid 44155) ---
--- adb starting (pid 44156) ---
07-23 02:44:18.172 44155 2282725 I adb     : main.cpp:63 Android Debug Bridge version 1.0.41
07-23 02:44:18.172 44155 2282725 I adb     : main.cpp:63 Version 34.0.5-10900879
07-23 02:44:18.172 44155 2282725 I adb     : main.cpp:63 Installed as /Applications/Unity/Hub/Editor/6000.0.11f1/PlaybackEngines/AndroidPlayer/SDK/platform-tools/adb
07-23 02:44:18.172 44155 2282725 I adb     : main.cpp:63 Running on Darwin 23.5.0 (arm64)
07-23 02:44:18.172 44155 2282725 I adb     : main.cpp:63 
07-23 02:44:18.172 44156 2282724 I adb     : main.cpp:63 Android Debug Bridge version 1.0.41
07-23 02:44:18.172 44156 2282724 I adb     : main.cpp:63 Version 34.0.5-10900879
07-23 02:44:18.172 44156 2282724 I adb     : main.cpp:63 Installed as /Applications/Unity/Hub/Editor/6000.0.11f1/PlaybackEngines/AndroidPlayer/SDK/platform-tools/adb
07-23 02:44:18.172 44156 2282724 I adb     : main.cpp:63 Running on Darwin 23.5.0 (arm64)
07-23 02:44:18.172 44156 2282724 I adb     : main.cpp:63 
07-23 02:44:18.179 44156 2282731 I adb     : usb_libusb.cpp:921 libusb hotplug thread started
07-23 02:44:18.179 44156 2282731 I adb     : usb_libusb.cpp:928 libusb hotplug: device arrived
07-23 02:44:18.179 44156 2282731 I adb     : usb_libusb.cpp:804 device connected: 2-1
07-23 02:44:18.179 44156 2282731 I adb     : usb_libusb.cpp:733 ignoring device usb:2-1: not an adb interface. (FindInterface)
07-23 02:44:18.179 44156 2282724 I adb     : auth.cpp:416 adb_auth_init...
07-23 02:44:18.179 44155 2282735 I adb     : usb_libusb.cpp:921 libusb hotplug thread started
07-23 02:44:18.179 44155 2282735 I adb     : usb_libusb.cpp:928 libusb hotplug: device arrived
07-23 02:44:18.179 44155 2282735 I adb     : usb_libusb.cpp:804 device connected: 2-1
07-23 02:44:18.179 44155 2282735 I adb     : usb_libusb.cpp:733 ignoring device usb:2-1: not an adb interface. (FindInterface)
07-23 02:44:18.183 44156 2282724 I adb     : auth.cpp:152 loaded new key from '/Users/emma/.android/adbkey' with fingerprint 4F6E81534C58092F905D9697152F617B7DEFEC938330B30A9570C0B4AAFD2A35
07-23 02:44:18.698 44155 2282725 F adb     : main.cpp:165 could not install *smartsocket* listener: Address already in use

* failed to start daemon
adb: failed to check server version: cannot connect to daemon

UnityEditor.Android.CommandInvokationFailure: Unable to list connected devices. 
/Applications/Unity/Hub/Editor/6000.0.11f1/PlaybackEngines/AndroidPlayer/SDK/platform-tools/adb devices

Environment Variables:
AMPLITUDE_API_KEY_REDBUCKET_DEV = 46b8b46515e7632fc42a504b72e05fd0
DEBUG_ENV_VAR = UnityHub
XPC_FLAGS = 0x0
__CFBundleIdentifier = com.unity3d.unityhub
AMPLITUDE_API_KEY_GREENBUCKET_DEV = 3ded2a762163603391a425f688f990c8
AMPLITUDE_TOKEN_REDBUCKET_DEV = U4PSN7S7PuYVRODivvdcFwbu8R6IHGqa
HOME = /Users/emma
AMPLITUDE_API_KEY_GREENBUCKET_PROD = c86fea37a9e1d3f0878b96e15b111c7c
SENTRY_ACCESS_TOKEN = 3df78d9e53f8456aa90fbae044ce1a6261421ab1d0014674bc2e933477289017
AMPLITUDE_DEPLOYMENT_KEY_RED_BUCKET_DEV = client-wbjHYrmeSR87GmWOE7LDpf7sUySOIKHm
AMPLITUDE_TOKEN_GREENBUCKET_PROD = ZpUcbAdZXJYzNSoHsAWtL_s_JppwWid9
AMPLITUDE_API_KEY = 28f3cae0b33b8b3702120c9ed1a935aa
XPC_SERVICE_NAME = application.com.unity3d.unityhub.64966521.64967467
AMPLITUDE_API_KEY_STAGING = 83ee04fccc67e4fcc7dd527c4c6f1e21
grpc_cfstream = 0
WOOTRIC_CLIENT_TOKEN = NPS-aa8be4c3
USER = emma
MallocNanoZone = 0
LOGNAME = emma
__CF_USER_TEXT_ENCODING = 0x1F5:0x0:0x0
AMPLITUDE_API_KEY_YELLOWBUCKET_DEV = 48835b4d1f5e342aefe5f016324d296a
PATH = /usr/bin:/bin:/usr/sbin:/sbin
SSH_AUTH_SOCK = /private/tmp/com.apple.launchd.7MAvoyhrvf/Listeners
AMPLITUDE_API_KEY_YELLOWBUCKET_PROD = e03a9bbe92dc38a88cdb068d24c65b46
AMPLITUDE_TOKEN_REDBUCKET_PROD = jTIgKs5KTZOjiqEEVdZFbgo_VRhABduL
AMPLITUDE_TOKEN_YELLOWBUCKET_PROD = UYDQtPOw83dIfVy3SrW5oMyo7ru4PRkV
COMMAND_MODE = unix2003
TMPDIR = /var/folders/v3/f9blw8_j5rsb6nlsdcbxrjlc0000gn/T/
AMPLITUDE_TOKEN_GREENBUCKET_DEV = 84H2gMm_FJzhr3mBaX1lM1JVukmCM7d9
AMPLITUDE_TOKEN_YELLOWBUCKET_DEV = wKi8foVigDditGFvmZewRFWsEbX9Y0YO
SHELL = /bin/zsh
AMPLITUDE_API_KEY_REDBUCKET_PROD = ca12bb461ea96f9bdf5df4ded7d52994
AMPLITUDE_DEPLOYMENT_KEY_RED_BUCKET_PROD = client-zH8Y7OK1i331EKuG77C6UxN8ygcM6LzS
ORIGINAL_XDG_CURRENT_DESKTOP = undefined


stderr[
* daemon not running; starting now at tcp:5037
ADB server didn't ACK
Full server startup log: /var/folders/v3/f9blw8_j5rsb6nlsdcbxrjlc0000gn/T//adb.501.log
Server had pid: 44155
--- adb starting (pid 44155) ---
--- adb starting (pid 44156) ---
07-23 02:44:18.172 44155 2282725 I adb     : main.cpp:63 Android Debug Bridge version 1.0.41
07-23 02:44:18.172 44155 2282725 I adb     : main.cpp:63 Version 34.0.5-10900879
07-23 02:44:18.172 44155 2282725 I adb     : main.cpp:63 Installed as /Applications/Unity/Hub/Editor/6000.0.11f1/PlaybackEngines/AndroidPlayer/SDK/platform-tools/adb
07-23 02:44:18.172 44155 2282725 I adb     : main.cpp:63 Running on Darwin 23.5.0 (arm64)
07-23 02:44:18.172 44155 2282725 I adb     : main.cpp:63 
07-23 02:44:18.172 44156 2282724 I adb     : main.cpp:63 Android Debug Bridge version 1.0.41
07-23 02:44:18.172 44156 2282724 I adb     : main.cpp:63 Version 34.0.5-10900879
07-23 02:44:18.172 44156 2282724 I adb     : main.cpp:63 Installed as /Applications/Unity/Hub/Editor/6000.0.11f1/PlaybackEngines/AndroidPlayer/SDK/platform-tools/adb
07-23 02:44:18.172 44156 2282724 I adb     : main.cpp:63 Running on Darwin 23.5.0 (arm64)
07-23 02:44:18.172 44156 2282724 I adb     : main.cpp:63 
07-23 02:44:18.179 44156 2282731 I adb     : usb_libusb.cpp:921 libusb hotplug thread started
07-23 02:44:18.179 44156 2282731 I adb     : usb_libusb.cpp:928 libusb hotplug: device arrived
07-23 02:44:18.179 44156 2282731 I adb     : usb_libusb.cpp:804 device connected: 2-1
07-23 02:44:18.179 44156 2282731 I adb     : usb_libusb.cpp:733 ignoring device usb:2-1: not an adb interface. (FindInterface)
07-23 02:44:18.179 44156 2282724 I adb     : auth.cpp:416 adb_auth_init...
07-23 02:44:18.179 44155 2282735 I adb     : usb_libusb.cpp:921 libusb hotplug thread started
07-23 02:44:18.179 44155 2282735 I adb     : usb_libusb.cpp:928 libusb hotplug: device arrived
07-23 02:44:18.179 44155 2282735 I adb     : usb_libusb.cpp:804 device connected: 2-1
07-23 02:44:18.179 44155 2282735 I adb     : usb_libusb.cpp:733 ignoring device usb:2-1: not an adb interface. (FindInterface)
07-23 02:44:18.183 44156 2282724 I adb     : auth.cpp:152 loaded new key from '/Users/emma/.android/adbkey' with fingerprint 4F6E81534C58092F905D9697152F617B7DEFEC938330B30A9570C0B4AAFD2A35
07-23 02:44:18.698 44155 2282725 F adb     : main.cpp:165 could not install *smartsocket* listener: Address already in use

* failed to start daemon
adb: failed to check server version: cannot connect to daemon
]
stdout[

]
exit code: 1
  at UnityEditor.Android.Command.WaitForProgramToRun (UnityEditor.Utils.Program p, UnityEditor.Android.Command+WaitingForProcessToExit waitingForProcessToExit, System.String errorMsg) [0x00033] in <771fa8e417764d81be59f28b80be2f7a>:0 
  at UnityEditor.Android.Command.Run (System.Diagnostics.ProcessStartInfo psi, UnityEditor.Android.Command+WaitingForProcessToExit waitingForProcessToExit, System.String errorMsg) [0x00017] in <771fa8e417764d81be59f28b80be2f7a>:0 
  at UnityEditor.Android.Command.Run (System.String command, System.String args, System.String workingdir, UnityEditor.Android.Command+WaitingForProcessToExit waitingForProcessToExit, System.String errorMsg, System.Text.Encoding inputEncoding) [0x0000c] in <771fa8e417764d81be59f28b80be2f7a>:0 
  at UnityEditor.Android.ADB.RunInternal (System.String[] command, UnityEditor.Android.Command+WaitingForProcessToExit waitingForProcessToExit, System.String errorMsg) [0x0001e] in <771fa8e417764d81be59f28b80be2f7a>:0 
  at UnityEditor.Android.ADB.Run (System.String[] command, UnityEditor.Android.Command+WaitingForProcessToExit waitingForProcessToExit, System.String errorMsg) [0x00013] in <771fa8e417764d81be59f28b80be2f7a>:0 
  at UnityEditor.Android.AndroidDeploymentTargetsExtension.GetKnownTargets (UnityEditor.DeploymentTargets.IDeploymentTargetsMainThreadContext context, UnityEditor.ProgressHandler progressHandler) [0x002ae] in <771fa8e417764d81be59f28b80be2f7a>:0 
 #0 PlatformStacktrace::GetStacktrace(int)
 #1 DebugStringToFile(DebugStringToFileData const&)
 #2 DebugLogHandler_CUSTOM_Internal_Log(LogType, LogOption, BindingsManagedSpan*, void*)
 #3  (Mono JIT Code) (wrapper managed-to-native) UnityEngine.DebugLogHandler:Internal_Log_Injected (UnityEngine.LogType,UnityEngine.LogOption,UnityEngine.Bindings.ManagedSpanWrapper&,intptr)
 #4  (Mono JIT Code) UnityEngine.DebugLogHandler:Internal_Log (UnityEngine.LogType,UnityEngine.LogOption,string,UnityEngine.Object)
 #5  (Mono JIT Code) [DebugLogHandler.cs:9] UnityEngine.DebugLogHandler:LogFormat (UnityEngine.LogType,UnityEngine.Object,string,object[])
 #6  (Mono JIT Code) [Logger.cs:60] UnityEngine.Logger:Log (UnityEngine.LogType,object)
 #7  (Mono JIT Code) [Debug.bindings.cs:213] UnityEngine.Debug:LogWarning (object)
 #8  (Mono JIT Code) UnityEditor.Android.AndroidDeploymentTargetsExtension:GetKnownTargets (UnityEditor.DeploymentTargets.IDeploymentTargetsMainThreadContext,UnityEditor.ProgressHandler)
 #9  (Mono JIT Code) UnityEditor.Android.TargetScanWorker:ScanSync ()
 #10  (Mono JIT Code) UnityEditor.Android.TargetExtension:OnUsbDevicesChanged (UnityEditor.Hardware.UsbDevice[])
 #11  (Mono JIT Code) UnityEditor.Android.TargetExtension:OnLoad ()
 #12  (Mono JIT Code) [ModuleManager.cs:126] UnityEditor.Modules.ModuleManager:InitializePlatformSupportModules ()
 #13  (Mono JIT Code) (wrapper runtime-invoke) object:runtime_invoke_void (object,intptr,intptr,intptr)
 #14 mono_jit_runtime_invoke
 #15 do_runtime_invoke
 #16 mono_runtime_invoke
 #17 scripting_method_invoke(ScriptingMethodPtr, ScriptingObjectPtr, ScriptingArguments&, ScriptingExceptionPtr*, bool)
 #18 ScriptingInvocation::Invoke(ScriptingExceptionPtr*, bool)
 #19 Scripting::UnityEditor::Modules::ModuleManagerProxy::InitializePlatformSupportModules(ScriptingExceptionPtr*)
 #20 MonoManager::SetupLoadedEditorAssemblies()
 #21 MonoManager::FinalizeReload()
 #22 MonoManager::ReloadAssembly(AssemblyLoadReason)
 #23 LoadUnityMonoAssemblies(AssemblyLoadReason)
 #24 Application::InitializeProject()
 #25 -[EditorApplication applicationDidFinishLaunching:]
 #26 __CFNOTIFICATIONCENTER_IS_CALLING_OUT_TO_AN_OBSERVER__
 #27 ___CFXRegistrationPost_block_invoke
 #28 _CFXRegistrationPost
 #29 _CFXNotificationPost
 #30 -[NSNotificationCenter postNotificationName:object:userInfo:]
 #31 -[NSApplication _postDidFinishNotification]
 #32 -[NSApplication _sendFinishLaunchingNotification]
 #33 -[NSApplication(NSAppleEventHandling) _handleAEOpenEvent:]
 #34 -[NSApplication(NSAppleEventHandling) _handleCoreEvent:withReplyEvent:]
 #35 -[NSAppleEventManager dispatchRawAppleEvent:withRawReply:handlerRefCon:]
 #36 _NSAppleEventManagerGenericHandler
 #37 _AppleEventsCheckInAppWithBlock
 #38 _AppleEventsCheckInAppWithBlock
 #39 aeProcessAppleEvent
 #40 AEProcessAppleEvent
 #41 _DPSNextEvent
 #42 -[NSApplication(NSEventRouting) _nextEventMatchingEventMask:untilDate:inMode:dequeue:]
 #43 -[NSApplication run]
 #44 NSApplicationMain
 #45 EditorMain(int, char const**)
 #46 main
 #47 start

Android Extension - Scanning For ADB Devices 760 ms
Native extension for WindowsStandalone target not found
objc[44146]: Class XcodeScriptingDelegate is implemented in both /Applications/Unity/Hub/Editor/6000.0.11f1/PlaybackEngines/AppleTVSupport/arm64/UnityEditor.iOS.Native.dylib (0x169ea0600) and /Applications/Unity/Hub/Editor/6000.0.11f1/PlaybackEngines/VisionOSPlayer/arm64/UnityEditor.VisionOS.Native.dylib (0x16a21c600). One of the two will be used. Which one is undefined.
[usbmuxd] Start listen thread
[usbmuxd] Listen thread started
[usbmuxd] Send listen message
[usbmuxd] Attached: 3 00008110-001250421A8A401E
Native extension for VisionOS target not found
Native extension for OSXStandalone target not found
Native extension for WebGL target not found
Mono: successfully reloaded assembly
- Finished resetting the current domain, in  1.251 seconds
Domain Reload Profiling: 1556ms
	BeginReloadAssembly (88ms)
		ExecutionOrderSort (0ms)
		DisableScriptedObjects (0ms)
		BackupInstance (0ms)
		ReleaseScriptingObjects (0ms)
		CreateAndSetChildDomain (0ms)
	RebuildCommonClasses (30ms)
	RebuildNativeTypeToScriptingClass (11ms)
	initialDomainReloadingComplete (34ms)
	LoadAllAssembliesAndSetupDomain (142ms)
		LoadAssemblies (90ms)
		RebuildTransferFunctionScriptingTraits (0ms)
		AnalyzeDomain (137ms)
			TypeCache.Refresh (136ms)
				TypeCache.ScanAssembly (126ms)
			BuildScriptInfoCaches (0ms)
			ResolveRequiredComponents (1ms)
	FinalizeReload (1251ms)
		ReleaseScriptCaches (0ms)
		RebuildScriptCaches (0ms)
		SetupLoadedEditorAssemblies (1218ms)
			LogAssemblyErrors (0ms)
			InitializePlatformSupportModulesInManaged (944ms)
			SetLoadedEditorAssemblies (4ms)
			BeforeProcessingInitializeOnLoad (4ms)
			ProcessInitializeOnLoadAttributes (89ms)
			ProcessInitializeOnLoadMethodAttributes (177ms)
			AfterProcessingInitializeOnLoad (0ms)
			EditorAssembliesLoaded (0ms)
		ExecutionOrderSort2 (0ms)
		AwakeInstancesAfterBackupRestoration (0ms)
========================================================================
Worker process is ready to serve import requests
Import Worker Mode flag is 0x00
Begin MonoManager ReloadAssembly
- Loaded All Assemblies, in  1.188 seconds
Refreshing native plugins compatible for Editor in 2.76 ms, found 9 plugins.
Native extension for LinuxStandalone target not found
Native extension for AppleTV target not found
Native extension for iOS target not found
Native extension for Android target not found
Native extension for WindowsStandalone target not found
Native extension for VisionOS target not found
Native extension for OSXStandalone target not found
Native extension for WebGL target not found
Mono: successfully reloaded assembly
Package Manager log level set to [2]
[Package Manager] Failed to launch server process. Reason: Unity was launched with the -noUpm command-line argument
[Package Manager] Unable to send message (not connected to server process).
[Package Manager] Cannot connect to Unity Package Manager local server
[Package Manager] Failed to launch server process. Reason: Unity was launched with the -noUpm command-line argument
[Package Manager] Unable to send message (not connected to server process).
[Package Manager] Cannot connect to Unity Package Manager local server
- Finished resetting the current domain, in  0.818 seconds
Domain Reload Profiling: 2006ms
	BeginReloadAssembly (674ms)
		ExecutionOrderSort (0ms)
		DisableScriptedObjects (4ms)
		BackupInstance (0ms)
		ReleaseScriptingObjects (0ms)
		CreateAndSetChildDomain (34ms)
	RebuildCommonClasses (31ms)
	RebuildNativeTypeToScriptingClass (11ms)
	initialDomainReloadingComplete (28ms)
	LoadAllAssembliesAndSetupDomain (444ms)
		LoadAssemblies (303ms)
		RebuildTransferFunctionScriptingTraits (0ms)
		AnalyzeDomain (179ms)
			TypeCache.Refresh (138ms)
				TypeCache.ScanAssembly (119ms)
			BuildScriptInfoCaches (35ms)
			ResolveRequiredComponents (5ms)
	FinalizeReload (819ms)
		ReleaseScriptCaches (0ms)
		RebuildScriptCaches (0ms)
		SetupLoadedEditorAssemblies (680ms)
			LogAssemblyErrors (0ms)
			InitializePlatformSupportModulesInManaged (106ms)
			SetLoadedEditorAssemblies (4ms)
			BeforeProcessingInitializeOnLoad (54ms)
			ProcessInitializeOnLoadAttributes (362ms)
			ProcessInitializeOnLoadMethodAttributes (152ms)
			AfterProcessingInitializeOnLoad (1ms)
			EditorAssembliesLoaded (0ms)
		ExecutionOrderSort2 (0ms)
		AwakeInstancesAfterBackupRestoration (2ms)
Launching external process: /Applications/Unity/Hub/Editor/6000.0.11f1/Unity.app/Contents/Tools/UnityShaderCompiler
Launched and connected shader compiler UnityShaderCompiler after 0.07 seconds
Refreshing native plugins compatible for Editor in 2.28 ms, found 9 plugins.
Preloading 0 native plugins for Editor in 0.00 ms.
Unloading 28 Unused Serialized files (Serialized files now loaded: 0)
Unloading 4730 unused Assets / (1.5 MB). Loaded Objects now: 5324.
Memory consumption went from 124.4 MB to 122.9 MB.
Total: 7.088208 ms (FindLiveObjects: 0.401958 ms CreateObjectMapping: 0.143500 ms MarkObjects: 5.341375 ms  DeleteObjects: 1.200917 ms)

========================================================================
Received Import Request.
  Time since last request: 44728.329417 seconds.
  path: Assets/Scripts/GameStateManager.cs
  artifactKey: Guid(41a64afdebb8a43819b539b465224cd1) Importer(815301076,1909f56bfc062723c751e8b465ee728b)
Start importing Assets/Scripts/GameStateManager.cs using Guid(41a64afdebb8a43819b539b465224cd1) Importer(815301076,1909f56bfc062723c751e8b465ee728b) (PreviewImporter)[PhysX] Initialized MultithreadedTaskDispatcher with 6 workers.
 -> (artifact id: '15406cee890665abf1b22da03ab6fe7c') in 0.003848417 seconds
Number of updated asset objects reloaded before import = 0Number of asset objects unloaded after import = 0

========================================================================
Received Prepare
Begin MonoManager ReloadAssembly
Thread 0x309483000 may have been prematurely finalized
- Loaded All Assemblies, in  0.561 seconds
Refreshing native plugins compatible for Editor in 2.20 ms, found 9 plugins.
Native extension for LinuxStandalone target not found
Native extension for AppleTV target not found
Native extension for iOS target not found
Native extension for Android target not found
Native extension for WindowsStandalone target not found
Native extension for VisionOS target not found
Native extension for OSXStandalone target not found
Native extension for WebGL target not found
Mono: successfully reloaded assembly
[Package Manager] Failed to launch server process. Reason: Unity was launched with the -noUpm command-line argument
[Package Manager] Unable to send message (not connected to server process).
[Package Manager] Cannot connect to Unity Package Manager local server
- Finished resetting the current domain, in  0.740 seconds
Domain Reload Profiling: 1303ms
	BeginReloadAssembly (154ms)
		ExecutionOrderSort (0ms)
		DisableScriptedObjects (14ms)
		BackupInstance (0ms)
		ReleaseScriptingObjects (0ms)
		CreateAndSetChildDomain (67ms)
	RebuildCommonClasses (31ms)
	RebuildNativeTypeToScriptingClass (12ms)
	initialDomainReloadingComplete (18ms)
	LoadAllAssembliesAndSetupDomain (347ms)
		LoadAssemblies (258ms)
		RebuildTransferFunctionScriptingTraits (0ms)
		AnalyzeDomain (129ms)
			TypeCache.Refresh (8ms)
				TypeCache.ScanAssembly (0ms)
			BuildScriptInfoCaches (114ms)
			ResolveRequiredComponents (5ms)
	FinalizeReload (741ms)
		ReleaseScriptCaches (0ms)
		RebuildScriptCaches (0ms)
		SetupLoadedEditorAssemblies (590ms)
			LogAssemblyErrors (0ms)
			InitializePlatformSupportModulesInManaged (40ms)
			SetLoadedEditorAssemblies (4ms)
			BeforeProcessingInitializeOnLoad (55ms)
			ProcessInitializeOnLoadAttributes (340ms)
			ProcessInitializeOnLoadMethodAttributes (151ms)
			AfterProcessingInitializeOnLoad (1ms)
			EditorAssembliesLoaded (0ms)
		ExecutionOrderSort2 (0ms)
		AwakeInstancesAfterBackupRestoration (3ms)
Refreshing native plugins compatible for Editor in 2.39 ms, found 9 plugins.
Preloading 0 native plugins for Editor in 0.00 ms.
Unloading 0 Unused Serialized files (Serialized files now loaded: 0)
Unloading 4728 unused Assets / (1.3 MB). Loaded Objects now: 5329.
Memory consumption went from 134.9 MB to 133.6 MB.
Total: 7.414792 ms (FindLiveObjects: 0.259166 ms CreateObjectMapping: 0.153125 ms MarkObjects: 5.673375 ms  DeleteObjects: 1.329000 ms)

Prepare: number of updated asset objects reloaded= 0
========================================================================
Received Prepare
Begin MonoManager ReloadAssembly
Thread 0x3097a3000 may have been prematurely finalized
- Loaded All Assemblies, in  0.474 seconds
Refreshing native plugins compatible for Editor in 2.08 ms, found 9 plugins.
Native extension for LinuxStandalone target not found
Native extension for AppleTV target not found
Native extension for iOS target not found
Native extension for Android target not found
Native extension for WindowsStandalone target not found
Native extension for VisionOS target not found
Native extension for OSXStandalone target not found
Native extension for WebGL target not found
Mono: successfully reloaded assembly
[Package Manager] Failed to launch server process. Reason: Unity was launched with the -noUpm command-line argument
[Package Manager] Unable to send message (not connected to server process).
[Package Manager] Cannot connect to Unity Package Manager local server
- Finished resetting the current domain, in  0.738 seconds
Domain Reload Profiling: 1215ms
	BeginReloadAssembly (125ms)
		ExecutionOrderSort (0ms)
		DisableScriptedObjects (9ms)
		BackupInstance (0ms)
		ReleaseScriptingObjects (0ms)
		CreateAndSetChildDomain (54ms)
	RebuildCommonClasses (31ms)
	RebuildNativeTypeToScriptingClass (12ms)
	initialDomainReloadingComplete (18ms)
	LoadAllAssembliesAndSetupDomain (291ms)
		LoadAssemblies (201ms)
		RebuildTransferFunctionScriptingTraits (0ms)
		AnalyzeDomain (124ms)
			TypeCache.Refresh (6ms)
				TypeCache.ScanAssembly (0ms)
			BuildScriptInfoCaches (112ms)
			ResolveRequiredComponents (5ms)
	FinalizeReload (738ms)
		ReleaseScriptCaches (0ms)
		RebuildScriptCaches (0ms)
		SetupLoadedEditorAssemblies (590ms)
			LogAssemblyErrors (0ms)
			InitializePlatformSupportModulesInManaged (38ms)
			SetLoadedEditorAssemblies (4ms)
			BeforeProcessingInitializeOnLoad (54ms)
			ProcessInitializeOnLoadAttributes (340ms)
			ProcessInitializeOnLoadMethodAttributes (153ms)
			AfterProcessingInitializeOnLoad (1ms)
			EditorAssembliesLoaded (0ms)
		ExecutionOrderSort2 (0ms)
		AwakeInstancesAfterBackupRestoration (3ms)
Refreshing native plugins compatible for Editor in 2.34 ms, found 9 plugins.
Preloading 0 native plugins for Editor in 0.00 ms.
Unloading 0 Unused Serialized files (Serialized files now loaded: 0)
Unloading 4728 unused Assets / (1.5 MB). Loaded Objects now: 5331.
Memory consumption went from 136.4 MB to 134.9 MB.
Total: 7.366208 ms (FindLiveObjects: 0.262625 ms CreateObjectMapping: 0.152708 ms MarkObjects: 5.716416 ms  DeleteObjects: 1.233917 ms)

Prepare: number of updated asset objects reloaded= 0
========================================================================
Received Prepare
Begin MonoManager ReloadAssembly
Thread 0x3097a3000 may have been prematurely finalized
- Loaded All Assemblies, in  0.554 seconds
Refreshing native plugins compatible for Editor in 2.37 ms, found 9 plugins.
Native extension for LinuxStandalone target not found
Native extension for AppleTV target not found
Native extension for iOS target not found
Native extension for Android target not found
Native extension for WindowsStandalone target not found
Native extension for VisionOS target not found
Native extension for OSXStandalone target not found
Native extension for WebGL target not found
Mono: successfully reloaded assembly
[Package Manager] Failed to launch server process. Reason: Unity was launched with the -noUpm command-line argument
[Package Manager] Unable to send message (not connected to server process).
[Package Manager] Cannot connect to Unity Package Manager local server
- Finished resetting the current domain, in  0.741 seconds
Domain Reload Profiling: 1296ms
	BeginReloadAssembly (140ms)
		ExecutionOrderSort (0ms)
		DisableScriptedObjects (9ms)
		BackupInstance (0ms)
		ReleaseScriptingObjects (0ms)
		CreateAndSetChildDomain (61ms)
	RebuildCommonClasses (33ms)
	RebuildNativeTypeToScriptingClass (12ms)
	initialDomainReloadingComplete (20ms)
	LoadAllAssembliesAndSetupDomain (351ms)
		LoadAssemblies (255ms)
		RebuildTransferFunctionScriptingTraits (0ms)
		AnalyzeDomain (137ms)
			TypeCache.Refresh (9ms)
				TypeCache.ScanAssembly (0ms)
			BuildScriptInfoCaches (120ms)
			ResolveRequiredComponents (5ms)
	FinalizeReload (741ms)
		ReleaseScriptCaches (0ms)
		RebuildScriptCaches (0ms)
		SetupLoadedEditorAssemblies (591ms)
			LogAssemblyErrors (0ms)
			InitializePlatformSupportModulesInManaged (43ms)
			SetLoadedEditorAssemblies (4ms)
			BeforeProcessingInitializeOnLoad (55ms)
			ProcessInitializeOnLoadAttributes (340ms)
			ProcessInitializeOnLoadMethodAttributes (149ms)
			AfterProcessingInitializeOnLoad (1ms)
			EditorAssembliesLoaded (0ms)
		ExecutionOrderSort2 (0ms)
		AwakeInstancesAfterBackupRestoration (3ms)
Refreshing native plugins compatible for Editor in 2.45 ms, found 9 plugins.
Preloading 0 native plugins for Editor in 0.00 ms.
Unloading 0 Unused Serialized files (Serialized files now loaded: 0)
Unloading 4728 unused Assets / (1.7 MB). Loaded Objects now: 5333.
Memory consumption went from 138.1 MB to 136.3 MB.
Total: 6.893500 ms (FindLiveObjects: 0.255833 ms CreateObjectMapping: 0.155417 ms MarkObjects: 5.289416 ms  DeleteObjects: 1.192292 ms)

Prepare: number of updated asset objects reloaded= 0
========================================================================
Received Prepare
Begin MonoManager ReloadAssembly
Thread 0x3097a3000 may have been prematurely finalized
- Loaded All Assemblies, in  0.561 seconds
Refreshing native plugins compatible for Editor in 2.22 ms, found 9 plugins.
Native extension for LinuxStandalone target not found
Native extension for AppleTV target not found
Native extension for iOS target not found
Native extension for Android target not found
Native extension for WindowsStandalone target not found
Native extension for VisionOS target not found
Native extension for OSXStandalone target not found
Native extension for WebGL target not found
Mono: successfully reloaded assembly
[Package Manager] Failed to launch server process. Reason: Unity was launched with the -noUpm command-line argument
[Package Manager] Unable to send message (not connected to server process).
[Package Manager] Cannot connect to Unity Package Manager local server
- Finished resetting the current domain, in  0.756 seconds
Domain Reload Profiling: 1318ms
	BeginReloadAssembly (139ms)
		ExecutionOrderSort (0ms)
		DisableScriptedObjects (11ms)
		BackupInstance (0ms)
		ReleaseScriptingObjects (0ms)
		CreateAndSetChildDomain (61ms)
	RebuildCommonClasses (32ms)
	RebuildNativeTypeToScriptingClass (12ms)
	initialDomainReloadingComplete (20ms)
	LoadAllAssembliesAndSetupDomain (359ms)
		LoadAssemblies (267ms)
		RebuildTransferFunctionScriptingTraits (0ms)
		AnalyzeDomain (130ms)
			TypeCache.Refresh (6ms)
				TypeCache.ScanAssembly (0ms)
			BuildScriptInfoCaches (117ms)
			ResolveRequiredComponents (5ms)
	FinalizeReload (756ms)
		ReleaseScriptCaches (0ms)
		RebuildScriptCaches (0ms)
		SetupLoadedEditorAssemblies (609ms)
			LogAssemblyErrors (0ms)
			InitializePlatformSupportModulesInManaged (39ms)
			SetLoadedEditorAssemblies (4ms)
			BeforeProcessingInitializeOnLoad (56ms)
			ProcessInitializeOnLoadAttributes (358ms)
			ProcessInitializeOnLoadMethodAttributes (151ms)
			AfterProcessingInitializeOnLoad (1ms)
			EditorAssembliesLoaded (0ms)
		ExecutionOrderSort2 (0ms)
		AwakeInstancesAfterBackupRestoration (3ms)
Refreshing native plugins compatible for Editor in 2.45 ms, found 9 plugins.
Preloading 0 native plugins for Editor in 0.00 ms.
Unloading 0 Unused Serialized files (Serialized files now loaded: 0)
Unloading 4728 unused Assets / (1.2 MB). Loaded Objects now: 5335.
Memory consumption went from 139.6 MB to 138.4 MB.
Total: 7.631958 ms (FindLiveObjects: 0.261541 ms CreateObjectMapping: 0.163834 ms MarkObjects: 5.903875 ms  DeleteObjects: 1.302500 ms)

Prepare: number of updated asset objects reloaded= 0
========================================================================
Received Import Request.
  Time since last request: 335.917624 seconds.
  path: Assets/Utilities/dude 1.png
  artifactKey: Guid(66fb823ec4aea4e5cb945b32eb321dd3) Importer(815301076,1909f56bfc062723c751e8b465ee728b)
Start importing Assets/Utilities/dude 1.png using Guid(66fb823ec4aea4e5cb945b32eb321dd3) Importer(815301076,1909f56bfc062723c751e8b465ee728b) (PreviewImporter)[PhysX] Initialized MultithreadedTaskDispatcher with 6 workers.
[PhysX] Initialized MultithreadedTaskDispatcher with 6 workers.
 -> (artifact id: '8f035d5c762922ebceeb52bbffdb9150') in 0.170871834 seconds
Number of updated asset objects reloaded before import = 0Number of asset objects unloaded after import = 3

========================================================================
Received Import Request.
  Time since last request: 0.000044 seconds.
  path: Assets/Utilities/dude 2.png
  artifactKey: Guid(c1e3e240655414365a90690741bdd001) Importer(815301076,1909f56bfc062723c751e8b465ee728b)
Start importing Assets/Utilities/dude 2.png using Guid(c1e3e240655414365a90690741bdd001) Importer(815301076,1909f56bfc062723c751e8b465ee728b) (PreviewImporter)[PhysX] Initialized MultithreadedTaskDispatcher with 6 workers.
[PhysX] Initialized MultithreadedTaskDispatcher with 6 workers.
 -> (artifact id: '10df737ea3bb365fe286922d571b7b9d') in 0.005042792 seconds
Number of updated asset objects reloaded before import = 0Number of asset objects unloaded after import = 3

========================================================================
Received Import Request.
  Time since last request: 0.000096 seconds.
  path: Assets/Utilities/dude 3.png
  artifactKey: Guid(869be663dcd0940288d4fc97f192c202) Importer(815301076,1909f56bfc062723c751e8b465ee728b)
Start importing Assets/Utilities/dude 3.png using Guid(869be663dcd0940288d4fc97f192c202) Importer(815301076,1909f56bfc062723c751e8b465ee728b) (PreviewImporter)[PhysX] Initialized MultithreadedTaskDispatcher with 6 workers.
[PhysX] Initialized MultithreadedTaskDispatcher with 6 workers.
 -> (artifact id: '323105ff085f36e12db3316311dd54a2') in 0.005006291 seconds
Number of updated asset objects reloaded before import = 0Number of asset objects unloaded after import = 3

========================================================================
Received Import Request.
  Time since last request: 50.716238 seconds.
  path: Assets/TextMesh Pro/Resources/Fonts & Materials/LiberationSans SDF - Fallback.asset
  artifactKey: Guid(2e498d1c8094910479dc3e1b768306a4) Importer(815301076,1909f56bfc062723c751e8b465ee728b)
Start importing Assets/TextMesh Pro/Resources/Fonts & Materials/LiberationSans SDF - Fallback.asset using Guid(2e498d1c8094910479dc3e1b768306a4) Importer(815301076,1909f56bfc062723c751e8b465ee728b) (PreviewImporter)[PhysX] Initialized MultithreadedTaskDispatcher with 6 workers.
[PhysX] Initialized MultithreadedTaskDispatcher with 6 workers.
[PhysX] Initialized MultithreadedTaskDispatcher with 6 workers.
 -> (artifact id: '940a40f52c0a593e7b681e65400f30f5') in 0.139285209 seconds
Number of updated asset objects reloaded before import = 0Number of asset objects unloaded after import = 6

========================================================================
Received Import Request.
  Time since last request: 144.405852 seconds.
  path: Assets/Utilities/dude 1.mat
  artifactKey: Guid(b22c2a999107046f28402026bd807836) Importer(815301076,1909f56bfc062723c751e8b465ee728b)
Start importing Assets/Utilities/dude 1.mat using Guid(b22c2a999107046f28402026bd807836) Importer(815301076,1909f56bfc062723c751e8b465ee728b) (PreviewImporter)[PhysX] Initialized MultithreadedTaskDispatcher with 6 workers.
[PhysX] Initialized MultithreadedTaskDispatcher with 6 workers.
 -> (artifact id: '85e3720a68a23bd73f9931ad8de0ecf0') in 0.031279791 seconds
Number of updated asset objects reloaded before import = 0Number of asset objects unloaded after import = 2

========================================================================
Received Import Request.
  Time since last request: 0.000055 seconds.
  path: Assets/TextMesh Pro/Fonts/PressStart2P-Regular.ttf
  artifactKey: Guid(022eb73aaa4a74795b3441b5cb7a9530) Importer(815301076,1909f56bfc062723c751e8b465ee728b)
Start importing Assets/TextMesh Pro/Fonts/PressStart2P-Regular.ttf using Guid(022eb73aaa4a74795b3441b5cb7a9530) Importer(815301076,1909f56bfc062723c751e8b465ee728b) (PreviewImporter)[PhysX] Initialized MultithreadedTaskDispatcher with 6 workers.
[PhysX] Initialized MultithreadedTaskDispatcher with 6 workers.
[PhysX] Initialized MultithreadedTaskDispatcher with 6 workers.
 -> (artifact id: '9a7e0cac22891c76a496f45c42647cce') in 0.067767917 seconds
Number of updated asset objects reloaded before import = 0Number of asset objects unloaded after import = 4

========================================================================
Received Import Request.
  Time since last request: 0.000038 seconds.
  path: Assets/TextMesh Pro/Resources/Sprite Assets/MixedIndexTest.asset
  artifactKey: Guid(8a731a09451cba54096a9002cd9b9be5) Importer(815301076,1909f56bfc062723c751e8b465ee728b)
Start importing Assets/TextMesh Pro/Resources/Sprite Assets/MixedIndexTest.asset using Guid(8a731a09451cba54096a9002cd9b9be5) Importer(815301076,1909f56bfc062723c751e8b465ee728b) (PreviewImporter)[PhysX] Initialized MultithreadedTaskDispatcher with 6 workers.
[PhysX] Initialized MultithreadedTaskDispatcher with 6 workers.
 -> (artifact id: '5703eabc578db2f85cc888bebac9c9ed') in 0.024203875 seconds
Number of updated asset objects reloaded before import = 0Number of asset objects unloaded after import = 208

========================================================================
Received Import Request.
  Time since last request: 0.000044 seconds.
  path: Assets/TextMesh Pro/Fonts/LiberationSans.ttf
  artifactKey: Guid(e3265ab4bf004d28a9537516768c1c75) Importer(815301076,1909f56bfc062723c751e8b465ee728b)
Start importing Assets/TextMesh Pro/Fonts/LiberationSans.ttf using Guid(e3265ab4bf004d28a9537516768c1c75) Importer(815301076,1909f56bfc062723c751e8b465ee728b) (PreviewImporter)[PhysX] Initialized MultithreadedTaskDispatcher with 6 workers.
[PhysX] Initialized MultithreadedTaskDispatcher with 6 workers.
[PhysX] Initialized MultithreadedTaskDispatcher with 6 workers.
 -> (artifact id: '3001881f8863a71c5ddb972baa2fea31') in 0.007703042 seconds
Number of updated asset objects reloaded before import = 0Number of asset objects unloaded after import = 4

========================================================================
Received Import Request.
  Time since last request: 0.000063 seconds.
  path: Assets/TextMesh Pro/Examples & Extras/Materials/Ground - Surface Shader Scene.mat
  artifactKey: Guid(aadd5a709a48466c887296bb5b1b8110) Importer(815301076,1909f56bfc062723c751e8b465ee728b)
Start importing Assets/TextMesh Pro/Examples & Extras/Materials/Ground - Surface Shader Scene.mat using Guid(aadd5a709a48466c887296bb5b1b8110) Importer(815301076,1909f56bfc062723c751e8b465ee728b) (PreviewImporter)[PhysX] Initialized MultithreadedTaskDispatcher with 6 workers.
[PhysX] Initialized MultithreadedTaskDispatcher with 6 workers.
 -> (artifact id: '3541825cf3a18a4b95a85768ffde5fb6') in 0.300076083 seconds
Number of updated asset objects reloaded before import = 0Number of asset objects unloaded after import = 2

Editor requested this worker to shutdown with reason: Scaling down because of idle timeout
AssetImportWorker is now disconnected from the server
Process exiting
