Unity Editor version:    2022.3.22f1 (887be4894c44)
Branch:                  2022.3/staging
Build type:              Release
Batch mode:              YES
macOS version:           Version 14.5 (Build 23F79)
Darwin version:          23.5.0
Architecture:            arm64
Running under Rosetta:   NO
Available memory:        18432 MB
Using pre-set license
Pro License: YES

COMMAND LINE ARGUMENTS:
/Applications/Unity/Hub/Editor/2022.3.22f1/Unity.app/Contents/MacOS/Unity
-adb2
-batchMode
-noUpm
-name
AssetImportWorker3
-projectPath
/Users/emma/Desktop/Repos/Orbital2024/Monorepo/Nuspirit/Nuspirit
-logFile
Logs/AssetImportWorker3.log
-srvPort
53907
Successfully changed project path to: /Users/emma/Desktop/Repos/Orbital2024/Monorepo/Nuspirit/Nuspirit
/Users/emma/Desktop/Repos/Orbital2024/Monorepo/Nuspirit/Nuspirit
[UnityMemory] Configuration Parameters - Can be set up in boot.config
    "memorysetup-bucket-allocator-granularity=16"
    "memorysetup-bucket-allocator-bucket-count=8"
    "memorysetup-bucket-allocator-block-size=33554432"
    "memorysetup-bucket-allocator-block-count=8"
    "memorysetup-main-allocator-block-size=16777216"
    "memorysetup-thread-allocator-block-size=16777216"
    "memorysetup-gfx-main-allocator-block-size=16777216"
    "memorysetup-gfx-thread-allocator-block-size=16777216"
    "memorysetup-cache-allocator-block-size=4194304"
    "memorysetup-typetree-allocator-block-size=2097152"
    "memorysetup-profiler-bucket-allocator-granularity=16"
    "memorysetup-profiler-bucket-allocator-bucket-count=8"
    "memorysetup-profiler-bucket-allocator-block-size=33554432"
    "memorysetup-profiler-bucket-allocator-block-count=8"
    "memorysetup-profiler-allocator-block-size=16777216"
    "memorysetup-profiler-editor-allocator-block-size=1048576"
    "memorysetup-temp-allocator-size-main=16777216"
    "memorysetup-job-temp-allocator-block-size=2097152"
    "memorysetup-job-temp-allocator-block-size-background=1048576"
    "memorysetup-job-temp-allocator-reduction-small-platforms=262144"
    "memorysetup-allocator-temp-initial-block-size-main=262144"
    "memorysetup-allocator-temp-initial-block-size-worker=262144"
    "memorysetup-temp-allocator-size-background-worker=32768"
    "memorysetup-temp-allocator-size-job-worker=262144"
    "memorysetup-temp-allocator-size-preload-manager=33554432"
    "memorysetup-temp-allocator-size-nav-mesh-worker=65536"
    "memorysetup-temp-allocator-size-audio-worker=65536"
    "memorysetup-temp-allocator-size-cloud-worker=32768"
    "memorysetup-temp-allocator-size-gi-baking-worker=262144"
    "memorysetup-temp-allocator-size-gfx=262144"
Player connection [8438156288] Host "[IP] 172.31.106.4 [Port] 0 [Flags] 2 [Guid] 413682589 [EditorId] 413682589 [Version] 1048832 [Id] OSXEditor(0,Xus-MacBook-Pro.local) [Debug] 1 [PackageName] OSXEditor [ProjectName] Editor" joined multi-casting on [225.0.0.222:54997]...

Player connection [8438156288] Host "[IP] 172.31.106.4 [Port] 0 [Flags] 2 [Guid] 413682589 [EditorId] 413682589 [Version] 1048832 [Id] OSXEditor(0,Xus-MacBook-Pro.local) [Debug] 1 [PackageName] OSXEditor [ProjectName] Editor" joined alternative multi-casting on [225.0.0.222:34997]...

[Physics::Module] Initialized MultithreadedJobDispatcher with 11 workers.
Refreshing native plugins compatible for Editor in 16.41 ms, found 3 plugins.
Preloading 0 native plugins for Editor in 0.00 ms.
Initialize engine version: 2022.3.22f1 (887be4894c44)
[Subsystems] Discovering subsystems at path /Applications/Unity/Hub/Editor/2022.3.22f1/Unity.app/Contents/Resources/UnitySubsystems
[Subsystems] Discovering subsystems at path /Users/emma/Desktop/Repos/Orbital2024/Monorepo/Nuspirit/Nuspirit/Assets
GfxDevice: creating device client; threaded=0; jobified=0
 preferred device: Apple M3 Pro (high power)
Metal devices available: 1
0: Apple M3 Pro (high power)
Using device Apple M3 Pro (high power)
Initializing Metal device caps: Apple M3 Pro
Initialize mono
Mono path[0] = '/Applications/Unity/Hub/Editor/2022.3.22f1/Unity.app/Contents/Managed'
Mono path[1] = '/Applications/Unity/Hub/Editor/2022.3.22f1/Unity.app/Contents/MonoBleedingEdge/lib/mono/unityjit-macos'
Mono config path = '/Applications/Unity/Hub/Editor/2022.3.22f1/Unity.app/Contents/MonoBleedingEdge/etc'
Using monoOptions --debugger-agent=transport=dt_socket,embedding=1,server=y,suspend=n,address=127.0.0.1:56961
Begin MonoManager ReloadAssembly
Registering precompiled unity dll's ...
Register platform support module: /Applications/Unity/Hub/Editor/2022.3.22f1/PlaybackEngines/WebGLSupport/UnityEditor.WebGL.Extensions.dll
Register platform support module: /Applications/Unity/Hub/Editor/2022.3.22f1/Unity.app/Contents/PlaybackEngines/MacStandaloneSupport/UnityEditor.OSXStandalone.Extensions.dll
Register platform support module: /Applications/Unity/Hub/Editor/2022.3.22f1/PlaybackEngines/AndroidPlayer/UnityEditor.Android.Extensions.dll
Register platform support module: /Applications/Unity/Hub/Editor/2022.3.22f1/PlaybackEngines/iOSSupport/UnityEditor.iOS.Extensions.dll
Register platform support module: /Applications/Unity/Hub/Editor/2022.3.22f1/PlaybackEngines/VisionOSPlayer/UnityEditor.VisionOS.Extensions.dll
Registered in 0.006330 seconds.
- Loaded All Assemblies, in  0.292 seconds
[usbmuxd] Start listen thread
[usbmuxd] Listen thread started
[usbmuxd] Send listen message
Native extension for VisionOS target not found
objc[73961]: Class XcodeScriptingDelegate is implemented in both /Applications/Unity/Hub/Editor/2022.3.22f1/PlaybackEngines/VisionOSPlayer/arm64/UnityEditor.VisionOS.Native.dylib (0x30a7bc5d8) and /Applications/Unity/Hub/Editor/2022.3.22f1/PlaybackEngines/iOSSupport/arm64/UnityEditor.iOS.Native.dylib (0x30a7e45d8). One of the two will be used. Which one is undefined.
[usbmuxd] Start listen thread
[usbmuxd] Listen thread started
[usbmuxd] Send listen message
Native extension for iOS target not found
Native extension for Android target not found
Android Extension - Scanning For ADB Devices 74 ms
Native extension for OSXStandalone target not found
Native extension for WebGL target not found
Mono: successfully reloaded assembly
- Finished resetting the current domain, in  0.451 seconds
Domain Reload Profiling: 743ms
	BeginReloadAssembly (132ms)
		ExecutionOrderSort (0ms)
		DisableScriptedObjects (0ms)
		BackupInstance (0ms)
		ReleaseScriptingObjects (0ms)
		CreateAndSetChildDomain (0ms)
	RebuildCommonClasses (19ms)
	RebuildNativeTypeToScriptingClass (7ms)
	initialDomainReloadingComplete (35ms)
	LoadAllAssembliesAndSetupDomain (100ms)
		LoadAssemblies (144ms)
		RebuildTransferFunctionScriptingTraits (0ms)
		AnalyzeDomain (85ms)
			TypeCache.Refresh (84ms)
				TypeCache.ScanAssembly (76ms)
			ScanForSourceGeneratedMonoScriptInfo (0ms)
			ResolveRequiredComponents (0ms)
	FinalizeReload (451ms)
		ReleaseScriptCaches (0ms)
		RebuildScriptCaches (0ms)
		SetupLoadedEditorAssemblies (420ms)
			LogAssemblyErrors (0ms)
			InitializePlatformSupportModulesInManaged (339ms)
			SetLoadedEditorAssemblies (2ms)
			RefreshPlugins (0ms)
			BeforeProcessingInitializeOnLoad (1ms)
			ProcessInitializeOnLoadAttributes (54ms)
			ProcessInitializeOnLoadMethodAttributes (24ms)
			AfterProcessingInitializeOnLoad (0ms)
			EditorAssembliesLoaded (0ms)
		ExecutionOrderSort2 (0ms)
		AwakeInstancesAfterBackupRestoration (0ms)
========================================================================
Worker process is ready to serve import requests
Begin MonoManager ReloadAssembly
- Loaded All Assemblies, in  0.446 seconds
Refreshing native plugins compatible for Editor in 1.52 ms, found 3 plugins.
Native extension for VisionOS target not found
Native extension for iOS target not found
Native extension for Android target not found
Native extension for OSXStandalone target not found
Native extension for WebGL target not found
Package Manager log level set to [2]
[Package Manager] Server::EnsureServerProcessIsRunning -- launch failed, reason: Unity was launched with the -noUpm command-line argument
[Package Manager] UpmClient::Send -- Unable to send message (not connected to UPM process).
[Package Manager] Cannot connect to Unity Package Manager local server
Mono: successfully reloaded assembly
[Package Manager] Server::EnsureServerProcessIsRunning -- launch failed, reason: Unity was launched with the -noUpm command-line argument
[Package Manager] UpmClient::Send -- Unable to send message (not connected to UPM process).
[Package Manager] Cannot connect to Unity Package Manager local server
[Package Manager] Server::EnsureServerProcessIsRunning -- launch failed, reason: Unity was launched with the -noUpm command-line argument
[Package Manager] UpmClient::Send -- Unable to send message (not connected to UPM process).
[Package Manager] Cannot connect to Unity Package Manager local server
- Finished resetting the current domain, in  0.376 seconds
Domain Reload Profiling: 820ms
	BeginReloadAssembly (74ms)
		ExecutionOrderSort (0ms)
		DisableScriptedObjects (3ms)
		BackupInstance (0ms)
		ReleaseScriptingObjects (0ms)
		CreateAndSetChildDomain (23ms)
	RebuildCommonClasses (20ms)
	RebuildNativeTypeToScriptingClass (7ms)
	initialDomainReloadingComplete (19ms)
	LoadAllAssembliesAndSetupDomain (324ms)
		LoadAssemblies (243ms)
		RebuildTransferFunctionScriptingTraits (0ms)
		AnalyzeDomain (107ms)
			TypeCache.Refresh (91ms)
				TypeCache.ScanAssembly (79ms)
			ScanForSourceGeneratedMonoScriptInfo (10ms)
			ResolveRequiredComponents (3ms)
	FinalizeReload (376ms)
		ReleaseScriptCaches (0ms)
		RebuildScriptCaches (0ms)
		SetupLoadedEditorAssemblies (276ms)
			LogAssemblyErrors (0ms)
			InitializePlatformSupportModulesInManaged (26ms)
			SetLoadedEditorAssemblies (3ms)
			RefreshPlugins (0ms)
			BeforeProcessingInitializeOnLoad (50ms)
			ProcessInitializeOnLoadAttributes (178ms)
			ProcessInitializeOnLoadMethodAttributes (18ms)
			AfterProcessingInitializeOnLoad (1ms)
			EditorAssembliesLoaded (0ms)
		ExecutionOrderSort2 (0ms)
		AwakeInstancesAfterBackupRestoration (2ms)
Launching external process: /Applications/Unity/Hub/Editor/2022.3.22f1/Unity.app/Contents/Tools/UnityShaderCompiler
Launched and connected shader compiler UnityShaderCompiler after 0.04 seconds
Refreshing native plugins compatible for Editor in 1.39 ms, found 3 plugins.
Preloading 0 native plugins for Editor in 0.00 ms.
Unloading 4295 Unused Serialized files (Serialized files now loaded: 0)
Unloading 76 unused Assets / (61.4 KB). Loaded Objects now: 4747.
Memory consumption went from 163.0 MB to 163.0 MB.
Total: 2.267459 ms (FindLiveObjects: 0.114000 ms CreateObjectMapping: 0.047333 ms MarkObjects: 2.009417 ms  DeleteObjects: 0.096167 ms)

AssetImportParameters requested are different than current active one (requested -> active):
  custom:container-demuxer-ogg: 62fdf1f143b41e24485cea50d1cbac27 -> 
  custom:video-decoder-ogg-theora: a1e56fd34408186e4bbccfd4996cb3dc -> 
  custom:CustomObjectIndexerAttribute: 9a22284fe3817be447336de3de66b15e -> 
  custom:container-demuxer-webm: 4f35f7cbe854078d1ac9338744f61a02 -> 
  custom:container-muxer-webm: aa71ff27fc2769a1b78a27578f13a17b -> 
  custom:video-decoder-webm-vp8: 9c59270c3fd7afecdb556c50c9e8de78 -> 
  custom:SearchIndexIgnoredProperties: e643bd26f0fe6173181afceb89e7c659 -> 
  custom:AudioImporter_EditorPlatform: 3918e3fc78b5a79bad01e8451be0beb8 -> 
  custom:framework-osx-AVFoundation: e770b220cccbd017edd2c1fefb359320 -> 
  custom:video-encoder-webm-vp8: eb34c28f22e8b96e1ab97ce403110664 -> 
  custom:audio-decoder-ogg-vorbis: bf7c407c2cedff20999df2af8eb42d56 -> 
  custom:audio-encoder-webm-vorbis: bf7c407c2cedff20999df2af8eb42d56 -> 
========================================================================
Received Import Request.
  Time since last request: 13992.065954 seconds.
  path: Assets/ThirdParty/Backyard - Free/Separate Tiles/backyard_22.png
  artifactKey: Guid(5206e60aae2b34244af2a47248cfdfc6) Importer(815301076,1909f56bfc062723c751e8b465ee728b)
Start importing Assets/ThirdParty/Backyard - Free/Separate Tiles/backyard_22.png using Guid(5206e60aae2b34244af2a47248cfdfc6) Importer(815301076,1909f56bfc062723c751e8b465ee728b)  -> (artifact id: 'e31b61d63b5eec8758f1179136711399') in 1.204214 seconds
Number of updated asset objects reloaded before import = 0
Number of asset objects unloaded after import = 3
========================================================================
Received Import Request.
  Time since last request: 1003.646487 seconds.
  path: Assets/Scenes/SpiritualIslandBackground.prefab
  artifactKey: Guid(630687296655d43b4ae4914636c160b1) Importer(815301076,1909f56bfc062723c751e8b465ee728b)
Start importing Assets/Scenes/SpiritualIslandBackground.prefab using Guid(630687296655d43b4ae4914636c160b1) Importer(815301076,1909f56bfc062723c751e8b465ee728b)  -> (artifact id: '431dee171d691a808f11a79da0cd3f04') in 1.549001 seconds
Number of updated asset objects reloaded before import = 0
Number of asset objects unloaded after import = 13
========================================================================
Received Import Request.
  Time since last request: 315.281592 seconds.
  path: Assets/ThirdParty/Backyard - Free/Separate Tiles/backyard_26.png
  artifactKey: Guid(e9f8d282542b69741bebfa05a2002388) Importer(815301076,1909f56bfc062723c751e8b465ee728b)
Start importing Assets/ThirdParty/Backyard - Free/Separate Tiles/backyard_26.png using Guid(e9f8d282542b69741bebfa05a2002388) Importer(815301076,1909f56bfc062723c751e8b465ee728b)  -> (artifact id: '4107f96093da8dc686066d46fb1ad46b') in 1.351856 seconds
Number of updated asset objects reloaded before import = 0
Number of asset objects unloaded after import = 3
========================================================================
Received Import Request.
  Time since last request: 0.009512 seconds.
  path: Assets/ThirdParty/Backyard - Free/Separate Tiles/backyard_32.png
  artifactKey: Guid(9cc9ef331801669419d571f6d9aa30e1) Importer(815301076,1909f56bfc062723c751e8b465ee728b)
Start importing Assets/ThirdParty/Backyard - Free/Separate Tiles/backyard_32.png using Guid(9cc9ef331801669419d571f6d9aa30e1) Importer(815301076,1909f56bfc062723c751e8b465ee728b)  -> (artifact id: '1ae07ce5402b22382a168e73a5f48c56') in 0.130927 seconds
Number of updated asset objects reloaded before import = 0
Number of asset objects unloaded after import = 3
========================================================================
Received Import Request.
  Time since last request: 0.001726 seconds.
  path: Assets/ThirdParty/Backyard - Free/Separate Tiles/backyard_28.png
  artifactKey: Guid(471606bc09a86ff489efe449c9708a73) Importer(815301076,1909f56bfc062723c751e8b465ee728b)
Start importing Assets/ThirdParty/Backyard - Free/Separate Tiles/backyard_28.png using Guid(471606bc09a86ff489efe449c9708a73) Importer(815301076,1909f56bfc062723c751e8b465ee728b)  -> (artifact id: 'e58145931a8a867a31b6fa5a97fff1b8') in 0.095426 seconds
Number of updated asset objects reloaded before import = 0
Number of asset objects unloaded after import = 3
========================================================================
Received Import Request.
  Time since last request: 0.001633 seconds.
  path: Assets/ThirdParty/Backyard - Free/Separate Tiles/backyard_33.png
  artifactKey: Guid(67ef83aae3a88bf488ae817e65e114d6) Importer(815301076,1909f56bfc062723c751e8b465ee728b)
Start importing Assets/ThirdParty/Backyard - Free/Separate Tiles/backyard_33.png using Guid(67ef83aae3a88bf488ae817e65e114d6) Importer(815301076,1909f56bfc062723c751e8b465ee728b)  -> (artifact id: '5a30ef1dbec9e8085c6cc0cd07f13a33') in 0.036858 seconds
Number of updated asset objects reloaded before import = 0
Number of asset objects unloaded after import = 3
========================================================================
Received Import Request.
  Time since last request: 0.000063 seconds.
  path: Assets/ThirdParty/Backyard - Free/Separate Tiles/backyard_35.png
  artifactKey: Guid(783682e92230f094caa78a76ad680c88) Importer(815301076,1909f56bfc062723c751e8b465ee728b)
Start importing Assets/ThirdParty/Backyard - Free/Separate Tiles/backyard_35.png using Guid(783682e92230f094caa78a76ad680c88) Importer(815301076,1909f56bfc062723c751e8b465ee728b)  -> (artifact id: 'deee754cc8a7b4e5d9a8ad5f8726bbf9') in 0.025437 seconds
Number of updated asset objects reloaded before import = 0
Number of asset objects unloaded after import = 3
========================================================================
Received Import Request.
  Time since last request: 0.000048 seconds.
  path: Assets/ThirdParty/Backyard - Free/Separate Tiles/backyard_36.png
  artifactKey: Guid(d56a2af0b87459e4bb880713898070a6) Importer(815301076,1909f56bfc062723c751e8b465ee728b)
Start importing Assets/ThirdParty/Backyard - Free/Separate Tiles/backyard_36.png using Guid(d56a2af0b87459e4bb880713898070a6) Importer(815301076,1909f56bfc062723c751e8b465ee728b)  -> (artifact id: 'bd2472517c45344ea1a741f2cf905d54') in 0.012313 seconds
Number of updated asset objects reloaded before import = 0
Number of asset objects unloaded after import = 3
========================================================================
Received Import Request.
  Time since last request: 0.000054 seconds.
  path: Assets/ThirdParty/Backyard - Free/Separate Tiles/backyard_34.png
  artifactKey: Guid(01ece7451bc2fe245bd10a7fcd132f74) Importer(815301076,1909f56bfc062723c751e8b465ee728b)
Start importing Assets/ThirdParty/Backyard - Free/Separate Tiles/backyard_34.png using Guid(01ece7451bc2fe245bd10a7fcd132f74) Importer(815301076,1909f56bfc062723c751e8b465ee728b)  -> (artifact id: 'e506e3cb30aaeab3ed58618c73dffdd6') in 0.008889 seconds
Number of updated asset objects reloaded before import = 0
Number of asset objects unloaded after import = 3
========================================================================
Received Import Request.
  Time since last request: 0.000054 seconds.
  path: Assets/ThirdParty/Backyard - Free/Separate Tiles/backyard_37.png
  artifactKey: Guid(9eabebf9a7b232141aae77db998d1d73) Importer(815301076,1909f56bfc062723c751e8b465ee728b)
Start importing Assets/ThirdParty/Backyard - Free/Separate Tiles/backyard_37.png using Guid(9eabebf9a7b232141aae77db998d1d73) Importer(815301076,1909f56bfc062723c751e8b465ee728b)  -> (artifact id: '5eab22acb5904fa41304c6a7e3c771d3') in 0.011707 seconds
Number of updated asset objects reloaded before import = 0
Number of asset objects unloaded after import = 3
========================================================================
Received Import Request.
  Time since last request: 0.000131 seconds.
  path: Assets/ThirdParty/Backyard - Free/Separate Tiles/backyard_40.png
  artifactKey: Guid(7f32256e6c318bb4d9e99238e581f360) Importer(815301076,1909f56bfc062723c751e8b465ee728b)
Start importing Assets/ThirdParty/Backyard - Free/Separate Tiles/backyard_40.png using Guid(7f32256e6c318bb4d9e99238e581f360) Importer(815301076,1909f56bfc062723c751e8b465ee728b)  -> (artifact id: 'e0836bff95cb06259e734ada075bd1ab') in 0.007812 seconds
Number of updated asset objects reloaded before import = 0
Number of asset objects unloaded after import = 3
========================================================================
Received Import Request.
  Time since last request: 0.000071 seconds.
  path: Assets/ThirdParty/Backyard - Free/Separate Tiles/backyard_29.png
  artifactKey: Guid(1c674cdf17c481a42a8f773af444af80) Importer(815301076,1909f56bfc062723c751e8b465ee728b)
Start importing Assets/ThirdParty/Backyard - Free/Separate Tiles/backyard_29.png using Guid(1c674cdf17c481a42a8f773af444af80) Importer(815301076,1909f56bfc062723c751e8b465ee728b)  -> (artifact id: '4d86b55f1bd7d85966fee5f36f3677ad') in 0.008916 seconds
Number of updated asset objects reloaded before import = 0
Number of asset objects unloaded after import = 3
========================================================================
Received Import Request.
  Time since last request: 0.086640 seconds.
  path: Assets/ThirdParty/Backyard - Free/Separate Tiles/backyard_42.png
  artifactKey: Guid(d74db131d4759364bb1798ca172068ef) Importer(815301076,1909f56bfc062723c751e8b465ee728b)
Start importing Assets/ThirdParty/Backyard - Free/Separate Tiles/backyard_42.png using Guid(d74db131d4759364bb1798ca172068ef) Importer(815301076,1909f56bfc062723c751e8b465ee728b)  -> (artifact id: '4ab5c7720cc22468bd6cdf1ba713a066') in 0.008111 seconds
Number of updated asset objects reloaded before import = 0
Number of asset objects unloaded after import = 3
========================================================================
Received Import Request.
  Time since last request: 0.000081 seconds.
  path: Assets/ThirdParty/Backyard - Free/Separate Tiles/backyard_43.png
  artifactKey: Guid(4218829bd7e6e104e84e039d42617229) Importer(815301076,1909f56bfc062723c751e8b465ee728b)
Start importing Assets/ThirdParty/Backyard - Free/Separate Tiles/backyard_43.png using Guid(4218829bd7e6e104e84e039d42617229) Importer(815301076,1909f56bfc062723c751e8b465ee728b)  -> (artifact id: '32fe52ae1e1ffccdff98c8767ea4ae5b') in 0.007415 seconds
Number of updated asset objects reloaded before import = 0
Number of asset objects unloaded after import = 3
Editor requested this worker to shutdown with reason: Scaling down because of idle timeout
TcpMessagingSession - receive error: operation aborted. errorcode: 89, details: Operation aborted.
AssetImportWorker is now disconnected from the server
Process exiting
