Unity Editor version:    6000.0.0b16 (1ddb887463a9)
Branch:                  trunk
Build type:              Release
Batch mode:              YES
macOS version:           Version 14.5 (Build 23F79)
Darwin version:          23.5.0
Architecture:            arm64
Running under Rosetta:   NO
Available memory:        18432 MB
Using pre-set license
Pro License: YES

COMMAND LINE ARGUMENTS:
/Applications/Unity/Hub/Editor/6000.0.0b16/Unity.app/Contents/MacOS/Unity
-adb2
-batchMode
-noUpm
-name
AssetImportWorker0
-projectPath
/Users/emma/Desktop/Repos/Orbital2024/Monorepo/Nuspirit/UnityIntegrationSpecific
-logFile
Logs/AssetImportWorker0.log
-srvPort
62519
-job-worker-count
5
-background-job-worker-count
8
-asset-garbage-collectors
1
Successfully changed project path to: /Users/emma/Desktop/Repos/Orbital2024/Monorepo/Nuspirit/UnityIntegrationSpecific
/Users/emma/Desktop/Repos/Orbital2024/Monorepo/Nuspirit/UnityIntegrationSpecific
[UnityMemory] Configuration Parameters - Can be set up in boot.config
    "memorysetup-bucket-allocator-granularity=16"
    "memorysetup-bucket-allocator-bucket-count=8"
    "memorysetup-bucket-allocator-block-size=33554432"
    "memorysetup-bucket-allocator-block-count=8"
    "memorysetup-main-allocator-block-size=16777216"
    "memorysetup-thread-allocator-block-size=16777216"
    "memorysetup-gfx-main-allocator-block-size=16777216"
    "memorysetup-gfx-thread-allocator-block-size=16777216"
    "memorysetup-cache-allocator-block-size=4194304"
    "memorysetup-typetree-allocator-block-size=2097152"
    "memorysetup-profiler-bucket-allocator-granularity=16"
    "memorysetup-profiler-bucket-allocator-bucket-count=8"
    "memorysetup-profiler-bucket-allocator-block-size=33554432"
    "memorysetup-profiler-bucket-allocator-block-count=8"
    "memorysetup-profiler-allocator-block-size=16777216"
    "memorysetup-profiler-editor-allocator-block-size=1048576"
    "memorysetup-temp-allocator-size-main=16777216"
    "memorysetup-job-temp-allocator-block-size=2097152"
    "memorysetup-job-temp-allocator-block-size-background=1048576"
    "memorysetup-job-temp-allocator-reduction-small-platforms=262144"
    "memorysetup-allocator-temp-initial-block-size-main=262144"
    "memorysetup-allocator-temp-initial-block-size-worker=262144"
    "memorysetup-temp-allocator-size-background-worker=32768"
    "memorysetup-temp-allocator-size-job-worker=262144"
    "memorysetup-temp-allocator-size-preload-manager=33554432"
    "memorysetup-temp-allocator-size-nav-mesh-worker=65536"
    "memorysetup-temp-allocator-size-audio-worker=65536"
    "memorysetup-temp-allocator-size-cloud-worker=32768"
    "memorysetup-temp-allocator-size-gi-baking-worker=262144"
    "memorysetup-temp-allocator-size-gi-baking-worker=262144"
    "memorysetup-temp-allocator-size-gi-baking-worker=262144"
    "memorysetup-temp-allocator-size-gi-baking-worker=262144"
    "memorysetup-temp-allocator-size-gi-baking-worker=262144"
    "memorysetup-temp-allocator-size-gfx=262144"
Player connection [8354925568]  Target information:

Player connection [8354925568]  * "[IP] 10.249.96.218 [Port] 0 [Flags] 2 [Guid] 1976576705 [EditorId] 1976576705 [Version] 1048832 [Id] OSXEditor(0,Xus-MacBook-Pro.local) [Debug] 1 [PackageName] OSXEditor [ProjectName] Editor" 

Player connection [8354925568] Host joined multi-casting on [225.0.0.222:54997]...
Player connection [8354925568] Host joined alternative multi-casting on [225.0.0.222:34997]...
JobSystem: Creating JobQueue using job-worker-count value 5
Library Redirect Path: Library/
[PhysX] Initialized MultithreadedTaskDispatcher with 6 workers.
Refreshing native plugins compatible for Editor in 4.18 ms, found 8 plugins.
Preloading 0 native plugins for Editor in 0.00 ms.
Initialize engine version: 6000.0.0b16 (1ddb887463a9)
[Subsystems] Discovering subsystems at path /Applications/Unity/Hub/Editor/6000.0.0b16/Unity.app/Contents/Resources/UnitySubsystems
[Subsystems] Discovering subsystems at path /Users/emma/Desktop/Repos/Orbital2024/Monorepo/Nuspirit/UnityIntegrationSpecific/Assets
GfxDevice: creating device client; kGfxThreadingModeNonThreaded
 preferred device: Apple M3 Pro (high power)
Metal devices available: 1
0: Apple M3 Pro (high power)
Using device Apple M3 Pro (high power)
Initializing Metal device caps: Apple M3 Pro
Initialize mono
Mono path[0] = '/Applications/Unity/Hub/Editor/6000.0.0b16/Unity.app/Contents/Managed'
Mono path[1] = '/Applications/Unity/Hub/Editor/6000.0.0b16/Unity.app/Contents/MonoBleedingEdge/lib/mono/unityjit-macos'
Mono config path = '/Applications/Unity/Hub/Editor/6000.0.0b16/Unity.app/Contents/MonoBleedingEdge/etc'
Using monoOptions --debugger-agent=transport=dt_socket,embedding=1,server=y,suspend=n,address=127.0.0.1:56451
Begin MonoManager ReloadAssembly
Registering precompiled unity dll's ...
Register platform support module: /Applications/Unity/Hub/Editor/6000.0.0b16/PlaybackEngines/WebGLSupport/UnityEditor.WebGL.Extensions.dll
Register platform support module: /Applications/Unity/Hub/Editor/6000.0.0b16/Unity.app/Contents/PlaybackEngines/MacStandaloneSupport/UnityEditor.OSXStandalone.Extensions.dll
Register platform support module: /Applications/Unity/Hub/Editor/6000.0.0b16/PlaybackEngines/VisionOSPlayer/UnityEditor.VisionOS.Extensions.dll
Register platform support module: /Applications/Unity/Hub/Editor/6000.0.0b16/PlaybackEngines/WindowsStandaloneSupport/UnityEditor.WindowsStandalone.Extensions.dll
Register platform support module: /Applications/Unity/Hub/Editor/6000.0.0b16/PlaybackEngines/AndroidPlayer/UnityEditor.Android.Extensions.dll
Register platform support module: /Applications/Unity/Hub/Editor/6000.0.0b16/PlaybackEngines/iOSSupport/UnityEditor.iOS.Extensions.dll
Register platform support module: /Applications/Unity/Hub/Editor/6000.0.0b16/PlaybackEngines/AppleTVSupport/UnityEditor.AppleTV.Extensions.dll
Register platform support module: /Applications/Unity/Hub/Editor/6000.0.0b16/PlaybackEngines/LinuxStandaloneSupport/UnityEditor.LinuxStandalone.Extensions.dll
Registered in 0.007893 seconds.
- Loaded All Assemblies, in  0.240 seconds
Native extension for LinuxStandalone target not found
[usbmuxd] Start listen thread
[usbmuxd] Listen thread started
[usbmuxd] Send listen message
Native extension for AppleTV target not found
Native extension for iOS target not found
Native extension for Android target not found
Android Extension - Scanning For ADB Devices 60 ms
Native extension for WindowsStandalone target not found
objc[90451]: Class XcodeScriptingDelegate is implemented in both /Applications/Unity/Hub/Editor/6000.0.0b16/PlaybackEngines/AppleTVSupport/arm64/UnityEditor.iOS.Native.dylib (0x162b7c600) and /Applications/Unity/Hub/Editor/6000.0.0b16/PlaybackEngines/VisionOSPlayer/arm64/UnityEditor.VisionOS.Native.dylib (0x165698600). One of the two will be used. Which one is undefined.
[usbmuxd] Start listen thread
[usbmuxd] Listen thread started
[usbmuxd] Send listen message
Native extension for VisionOS target not found
Native extension for OSXStandalone target not found
Native extension for WebGL target not found
Mono: successfully reloaded assembly
- Finished resetting the current domain, in  0.434 seconds
Domain Reload Profiling: 674ms
	BeginReloadAssembly (65ms)
		ExecutionOrderSort (0ms)
		DisableScriptedObjects (0ms)
		BackupInstance (0ms)
		ReleaseScriptingObjects (0ms)
		CreateAndSetChildDomain (0ms)
	RebuildCommonClasses (24ms)
	RebuildNativeTypeToScriptingClass (9ms)
	initialDomainReloadingComplete (34ms)
	LoadAllAssembliesAndSetupDomain (107ms)
		LoadAssemblies (67ms)
		RebuildTransferFunctionScriptingTraits (0ms)
		AnalyzeDomain (104ms)
			TypeCache.Refresh (103ms)
				TypeCache.ScanAssembly (93ms)
			BuildScriptInfoCaches (0ms)
			ResolveRequiredComponents (0ms)
	FinalizeReload (434ms)
		ReleaseScriptCaches (0ms)
		RebuildScriptCaches (0ms)
		SetupLoadedEditorAssemblies (399ms)
			LogAssemblyErrors (0ms)
			InitializePlatformSupportModulesInManaged (194ms)
			SetLoadedEditorAssemblies (3ms)
			BeforeProcessingInitializeOnLoad (3ms)
			ProcessInitializeOnLoadAttributes (68ms)
			ProcessInitializeOnLoadMethodAttributes (131ms)
			AfterProcessingInitializeOnLoad (0ms)
			EditorAssembliesLoaded (0ms)
		ExecutionOrderSort2 (0ms)
		AwakeInstancesAfterBackupRestoration (0ms)
========================================================================
Worker process is ready to serve import requests
Import Worker Mode flag is 0x00
Begin MonoManager ReloadAssembly
- Loaded All Assemblies, in  0.747 seconds
Refreshing native plugins compatible for Editor in 1.72 ms, found 8 plugins.
Native extension for LinuxStandalone target not found
Native extension for AppleTV target not found
Native extension for iOS target not found
Native extension for Android target not found
Native extension for WindowsStandalone target not found
Native extension for VisionOS target not found
Native extension for OSXStandalone target not found
Native extension for WebGL target not found
Mono: successfully reloaded assembly
Package Manager log level set to [2]
[Package Manager] Failed to launch server process. Reason: Unity was launched with the -noUpm command-line argument
[Package Manager] Unable to send message (not connected to server process).
[Package Manager] Cannot connect to Unity Package Manager local server
[Package Manager] Failed to launch server process. Reason: Unity was launched with the -noUpm command-line argument
[Package Manager] Unable to send message (not connected to server process).
[Package Manager] Cannot connect to Unity Package Manager local server
- Finished resetting the current domain, in  0.582 seconds
Domain Reload Profiling: 1329ms
	BeginReloadAssembly (308ms)
		ExecutionOrderSort (0ms)
		DisableScriptedObjects (3ms)
		BackupInstance (0ms)
		ReleaseScriptingObjects (0ms)
		CreateAndSetChildDomain (38ms)
	RebuildCommonClasses (25ms)
	RebuildNativeTypeToScriptingClass (8ms)
	initialDomainReloadingComplete (22ms)
	LoadAllAssembliesAndSetupDomain (383ms)
		LoadAssemblies (274ms)
		RebuildTransferFunctionScriptingTraits (0ms)
		AnalyzeDomain (142ms)
			TypeCache.Refresh (109ms)
				TypeCache.ScanAssembly (90ms)
			BuildScriptInfoCaches (29ms)
			ResolveRequiredComponents (3ms)
	FinalizeReload (582ms)
		ReleaseScriptCaches (0ms)
		RebuildScriptCaches (0ms)
		SetupLoadedEditorAssemblies (473ms)
			LogAssemblyErrors (0ms)
			InitializePlatformSupportModulesInManaged (29ms)
			SetLoadedEditorAssemblies (5ms)
			BeforeProcessingInitializeOnLoad (45ms)
			ProcessInitializeOnLoadAttributes (295ms)
			ProcessInitializeOnLoadMethodAttributes (99ms)
			AfterProcessingInitializeOnLoad (1ms)
			EditorAssembliesLoaded (0ms)
		ExecutionOrderSort2 (0ms)
		AwakeInstancesAfterBackupRestoration (3ms)
Launching external process: /Applications/Unity/Hub/Editor/6000.0.0b16/Unity.app/Contents/Tools/UnityShaderCompiler
Launched and connected shader compiler UnityShaderCompiler after 0.03 seconds
Refreshing native plugins compatible for Editor in 1.48 ms, found 8 plugins.
Preloading 0 native plugins for Editor in 0.00 ms.
Unloading 28 Unused Serialized files (Serialized files now loaded: 0)
Unloading 4659 unused Assets / (1.1 MB). Loaded Objects now: 5217.
Memory consumption went from 126.6 MB to 125.5 MB.
Total: 6.023375 ms (FindLiveObjects: 0.458291 ms CreateObjectMapping: 0.108750 ms MarkObjects: 4.353042 ms  DeleteObjects: 1.102959 ms)

========================================================================
Received Import Request.
  Time since last request: 63921.555040 seconds.
  path: Assets/Playables/VenuePlayableBehaviour.cs
  artifactKey: Guid(b3fa7b3aeb86c495794ffb1df2158d32) Importer(2089858483,192608db42251d675da83286b1cce702)
Start importing Assets/Playables/VenuePlayableBehaviour.cs using Guid(b3fa7b3aeb86c495794ffb1df2158d32) Importer(2089858483,192608db42251d675da83286b1cce702) (ScriptedImporter)[PhysX] Initialized MultithreadedTaskDispatcher with 6 workers.
 -> (artifact id: 'a0d78763bc5e6ceb8bb69a36b1f551cb') in 0.035065625 seconds
Number of updated asset objects reloaded before import = 0Number of asset objects unloaded after import = 0

========================================================================
Received Import Request.
  Time since last request: 0.000126 seconds.
  path: Assets/Art/simple_square_house_stairs_left.png
  artifactKey: Guid(74a340afc61af4658b0abf0e64dc5a3d) Importer(2089858483,192608db42251d675da83286b1cce702)
Start importing Assets/Art/simple_square_house_stairs_left.png using Guid(74a340afc61af4658b0abf0e64dc5a3d) Importer(2089858483,192608db42251d675da83286b1cce702) (ScriptedImporter)[PhysX] Initialized MultithreadedTaskDispatcher with 6 workers.
 -> (artifact id: 'c096a6d7b571076a0334907e77fced15') in 0.028017875 seconds
Number of updated asset objects reloaded before import = 0Number of asset objects unloaded after import = 3

========================================================================
Received Import Request.
  Time since last request: 0.000071 seconds.
  path: Assets/Prefabs/Background.prefab
  artifactKey: Guid(d20c9d461615d47ce971d49190f4c8b3) Importer(2089858483,192608db42251d675da83286b1cce702)
Start importing Assets/Prefabs/Background.prefab using Guid(d20c9d461615d47ce971d49190f4c8b3) Importer(2089858483,192608db42251d675da83286b1cce702) (ScriptedImporter)[PhysX] Initialized MultithreadedTaskDispatcher with 6 workers.
 -> (artifact id: '13ec333b129791e363ded905be8791f7') in 0.016527125 seconds
Number of updated asset objects reloaded before import = 0Number of asset objects unloaded after import = 6

========================================================================
Received Import Request.
  Time since last request: 0.000057 seconds.
  path: Assets/Art/CLB cafe.png
  artifactKey: Guid(38e51b67d9e2744278719f69d61d036b) Importer(2089858483,192608db42251d675da83286b1cce702)
Start importing Assets/Art/CLB cafe.png using Guid(38e51b67d9e2744278719f69d61d036b) Importer(2089858483,192608db42251d675da83286b1cce702) (ScriptedImporter)[PhysX] Initialized MultithreadedTaskDispatcher with 6 workers.
 -> (artifact id: 'bd081e558392bacd1184a9e85f1df3b2') in 0.008076834 seconds
Number of updated asset objects reloaded before import = 0Number of asset objects unloaded after import = 3

========================================================================
Received Import Request.
  Time since last request: 0.000049 seconds.
  path: Assets/Art/simple_blue_house_left.png
  artifactKey: Guid(e59fc1a5345d949828e252fd3f4f431c) Importer(2089858483,192608db42251d675da83286b1cce702)
Start importing Assets/Art/simple_blue_house_left.png using Guid(e59fc1a5345d949828e252fd3f4f431c) Importer(2089858483,192608db42251d675da83286b1cce702) (ScriptedImporter)[PhysX] Initialized MultithreadedTaskDispatcher with 6 workers.
 -> (artifact id: '1ea1adee1bd038cf3ae67c49a96816dc') in 0.00755825 seconds
Number of updated asset objects reloaded before import = 0Number of asset objects unloaded after import = 3

========================================================================
Received Import Request.
  Time since last request: 0.000044 seconds.
  path: Assets/Prefabs/Interactable.prefab
  artifactKey: Guid(b91a3df319e0441ebbafebfdbc230ad6) Importer(2089858483,192608db42251d675da83286b1cce702)
Start importing Assets/Prefabs/Interactable.prefab using Guid(b91a3df319e0441ebbafebfdbc230ad6) Importer(2089858483,192608db42251d675da83286b1cce702) (ScriptedImporter)[PhysX] Initialized MultithreadedTaskDispatcher with 6 workers.
 -> (artifact id: 'b9065d63930c1388c777fb93e94b184e') in 0.014349708 seconds
Number of updated asset objects reloaded before import = 0Number of asset objects unloaded after import = 6

========================================================================
Received Import Request.
  Time since last request: 0.000060 seconds.
  path: Assets/Art/PoliceSpriteSheet.png
  artifactKey: Guid(8eacbe4bb031047b4a2744826b9e53fb) Importer(2089858483,192608db42251d675da83286b1cce702)
Start importing Assets/Art/PoliceSpriteSheet.png using Guid(8eacbe4bb031047b4a2744826b9e53fb) Importer(2089858483,192608db42251d675da83286b1cce702) (ScriptedImporter)[PhysX] Initialized MultithreadedTaskDispatcher with 6 workers.
 -> (artifact id: '5be6cde21424ae12173bf4f82d96bbcc') in 0.012922292 seconds
Number of updated asset objects reloaded before import = 0Number of asset objects unloaded after import = 9

========================================================================
Received Import Request.
  Time since last request: 0.000070 seconds.
  path: Assets/Prefabs/Bookable.prefab
  artifactKey: Guid(735ac8b65c96b4aacaef16b7262c909d) Importer(2089858483,192608db42251d675da83286b1cce702)
Start importing Assets/Prefabs/Bookable.prefab using Guid(735ac8b65c96b4aacaef16b7262c909d) Importer(2089858483,192608db42251d675da83286b1cce702) (ScriptedImporter)[PhysX] Initialized MultithreadedTaskDispatcher with 6 workers.
 -> (artifact id: '318122f09f9ea9d690505d2b2aa98c38') in 0.024560792 seconds
Number of updated asset objects reloaded before import = 0Number of asset objects unloaded after import = 31

========================================================================
Received Import Request.
  Time since last request: 0.000026 seconds.
  path: Assets/Art/Effects/ParticleSpark.png
  artifactKey: Guid(a83300b6719c7450facc7a3eee4f5f82) Importer(2089858483,192608db42251d675da83286b1cce702)
Start importing Assets/Art/Effects/ParticleSpark.png using Guid(a83300b6719c7450facc7a3eee4f5f82) Importer(2089858483,192608db42251d675da83286b1cce702) (ScriptedImporter)[PhysX] Initialized MultithreadedTaskDispatcher with 6 workers.
 -> (artifact id: 'ab8ae7bd357c5ed0bbbc7eaa92a5988a') in 0.00643675 seconds
Number of updated asset objects reloaded before import = 0Number of asset objects unloaded after import = 3

========================================================================
Received Import Request.
  Time since last request: 0.000050 seconds.
  path: Assets/Scenes/SpecificVenue.unity
  artifactKey: Guid(3fc8acdd13e6c734bafef6554d6fdbcd) Importer(2089858483,192608db42251d675da83286b1cce702)
Start importing Assets/Scenes/SpecificVenue.unity using Guid(3fc8acdd13e6c734bafef6554d6fdbcd) Importer(2089858483,192608db42251d675da83286b1cce702) (ScriptedImporter)[PhysX] Initialized MultithreadedTaskDispatcher with 6 workers.
 -> (artifact id: '2333615a7f03dedf2534dabbeee10e72') in 0.007833292 seconds
Number of updated asset objects reloaded before import = 0Number of asset objects unloaded after import = 1

========================================================================
Received Import Request.
  Time since last request: 0.000081 seconds.
  path: Assets/Art/CommercialSpriteSheet.png
  artifactKey: Guid(483290113235e4e7081dba3da8d58481) Importer(2089858483,192608db42251d675da83286b1cce702)
Start importing Assets/Art/CommercialSpriteSheet.png using Guid(483290113235e4e7081dba3da8d58481) Importer(2089858483,192608db42251d675da83286b1cce702) (ScriptedImporter)[PhysX] Initialized MultithreadedTaskDispatcher with 6 workers.
 -> (artifact id: '082075400d852abf0ecc4e1ac7139fd5') in 0.061438541 seconds
Number of updated asset objects reloaded before import = 0Number of asset objects unloaded after import = 62

========================================================================
Received Import Request.
  Time since last request: 0.000034 seconds.
  path: Assets/Art/Effects/HitEffect.tif
  artifactKey: Guid(2845e21ab720049c5a2bd6748eaa8550) Importer(2089858483,192608db42251d675da83286b1cce702)
Start importing Assets/Art/Effects/HitEffect.tif using Guid(2845e21ab720049c5a2bd6748eaa8550) Importer(2089858483,192608db42251d675da83286b1cce702) (ScriptedImporter)[PhysX] Initialized MultithreadedTaskDispatcher with 6 workers.
 -> (artifact id: '61741b075b29870e2533b2bd1ca66da8') in 0.006506125 seconds
Number of updated asset objects reloaded before import = 0Number of asset objects unloaded after import = 3

========================================================================
Received Import Request.
  Time since last request: 0.000054 seconds.
  path: Assets/Art/simple_square_house_stairs_right.png
  artifactKey: Guid(e068778ee334442139a6078d428783a0) Importer(2089858483,192608db42251d675da83286b1cce702)
Start importing Assets/Art/simple_square_house_stairs_right.png using Guid(e068778ee334442139a6078d428783a0) Importer(2089858483,192608db42251d675da83286b1cce702) (ScriptedImporter)[PhysX] Initialized MultithreadedTaskDispatcher with 6 workers.
 -> (artifact id: '0a1ca2451a47525a48cf632bf0e39062') in 0.007068583 seconds
Number of updated asset objects reloaded before import = 0Number of asset objects unloaded after import = 3

========================================================================
Received Import Request.
  Time since last request: 0.000064 seconds.
  path: Assets/Scripts/MapTransfer.cs
  artifactKey: Guid(29d02f937ee634f368e0f4a6e0649b11) Importer(2089858483,192608db42251d675da83286b1cce702)
Start importing Assets/Scripts/MapTransfer.cs using Guid(29d02f937ee634f368e0f4a6e0649b11) Importer(2089858483,192608db42251d675da83286b1cce702) (ScriptedImporter)[PhysX] Initialized MultithreadedTaskDispatcher with 6 workers.
 -> (artifact id: '8c42ff13fa498605098502d18bc4c878') in 0.001284292 seconds
Number of updated asset objects reloaded before import = 0Number of asset objects unloaded after import = 0

========================================================================
Received Import Request.
  Time since last request: 0.000097 seconds.
  path: Assets/Art/Effects/Bite.png
  artifactKey: Guid(de4e821f72fad4837bb116286dcb7763) Importer(2089858483,192608db42251d675da83286b1cce702)
Start importing Assets/Art/Effects/Bite.png using Guid(de4e821f72fad4837bb116286dcb7763) Importer(2089858483,192608db42251d675da83286b1cce702) (ScriptedImporter)[PhysX] Initialized MultithreadedTaskDispatcher with 6 workers.
 -> (artifact id: 'cf6385886367e5f99ae95bf66fcaf850') in 0.0094175 seconds
Number of updated asset objects reloaded before import = 0Number of asset objects unloaded after import = 7

========================================================================
Received Import Request.
  Time since last request: 0.000032 seconds.
  path: Assets/Prefabs/SolidObject.prefab
  artifactKey: Guid(7828834bb0c26411cb62d7443be0c81a) Importer(2089858483,192608db42251d675da83286b1cce702)
Start importing Assets/Prefabs/SolidObject.prefab using Guid(7828834bb0c26411cb62d7443be0c81a) Importer(2089858483,192608db42251d675da83286b1cce702) (ScriptedImporter)[PhysX] Initialized MultithreadedTaskDispatcher with 6 workers.
 -> (artifact id: '3bee86c32510e5c1e3d8a93ae9e470bc') in 0.006068458 seconds
Number of updated asset objects reloaded before import = 0Number of asset objects unloaded after import = 6

========================================================================
Received Import Request.
  Time since last request: 0.000074 seconds.
  path: Assets/Art/Effects/WaterDrop.png
  artifactKey: Guid(f061864f44b154635a61870c1edf72e8) Importer(2089858483,192608db42251d675da83286b1cce702)
Start importing Assets/Art/Effects/WaterDrop.png using Guid(f061864f44b154635a61870c1edf72e8) Importer(2089858483,192608db42251d675da83286b1cce702) (ScriptedImporter)[PhysX] Initialized MultithreadedTaskDispatcher with 6 workers.
 -> (artifact id: '4ddeee80fc237f9800219200a2175cf3') in 0.006084458 seconds
Number of updated asset objects reloaded before import = 0Number of asset objects unloaded after import = 3

========================================================================
Received Import Request.
  Time since last request: 0.000055 seconds.
  path: Assets/Art/Effects/GunnerProjectile.png
  artifactKey: Guid(a86469b0a1537478b81dc1307efceca0) Importer(2089858483,192608db42251d675da83286b1cce702)
Start importing Assets/Art/Effects/GunnerProjectile.png using Guid(a86469b0a1537478b81dc1307efceca0) Importer(2089858483,192608db42251d675da83286b1cce702) (ScriptedImporter)[PhysX] Initialized MultithreadedTaskDispatcher with 6 workers.
 -> (artifact id: 'fbfc40139fdc4eeae2a4316b833f37e1') in 0.007284208 seconds
Number of updated asset objects reloaded before import = 0Number of asset objects unloaded after import = 3

========================================================================
Received Import Request.
  Time since last request: 0.000027 seconds.
  path: Assets/Art/ResidentalSpriteSheet.png
  artifactKey: Guid(d53d53b7131524ab39f9a1b1a1b106f3) Importer(2089858483,192608db42251d675da83286b1cce702)
Start importing Assets/Art/ResidentalSpriteSheet.png using Guid(d53d53b7131524ab39f9a1b1a1b106f3) Importer(2089858483,192608db42251d675da83286b1cce702) (ScriptedImporter)[PhysX] Initialized MultithreadedTaskDispatcher with 6 workers.
 -> (artifact id: '40fe3323e87db380f6442e4182e36a6f') in 0.097984958 seconds
Number of updated asset objects reloaded before import = 0Number of asset objects unloaded after import = 107

========================================================================
Received Import Request.
  Time since last request: 0.000024 seconds.
  path: Assets/Art/VehicleSpriteSheet.png
  artifactKey: Guid(f69b958a6d9cf41d4b29dce179c42a40) Importer(2089858483,192608db42251d675da83286b1cce702)
Start importing Assets/Art/VehicleSpriteSheet.png using Guid(f69b958a6d9cf41d4b29dce179c42a40) Importer(2089858483,192608db42251d675da83286b1cce702) (ScriptedImporter)[PhysX] Initialized MultithreadedTaskDispatcher with 6 workers.
 -> (artifact id: '1352dedb1b783e9fd275c8f76997966c') in 0.885394875 seconds
Number of updated asset objects reloaded before import = 0Number of asset objects unloaded after import = 964

========================================================================
Received Import Request.
  Time since last request: 0.449051 seconds.
  path: Assets/Art/FloorPlans/HSSML.png
  artifactKey: Guid(b03fbb51d8238416189966c96bdee743) Importer(2089858483,192608db42251d675da83286b1cce702)
Start importing Assets/Art/FloorPlans/HSSML.png using Guid(b03fbb51d8238416189966c96bdee743) Importer(2089858483,192608db42251d675da83286b1cce702) (ScriptedImporter)[PhysX] Initialized MultithreadedTaskDispatcher with 6 workers.
 -> (artifact id: 'fe750b63e561e1ace8d0ed16fae8c7b5') in 0.009903709 seconds
Number of updated asset objects reloaded before import = 0Number of asset objects unloaded after import = 3

========================================================================
Received Import Request.
  Time since last request: 0.000085 seconds.
  path: Assets/Art/Interactables/PixelIndoor_101.asset
  artifactKey: Guid(4bf0ec72aaac8451a85552a16a722366) Importer(2089858483,192608db42251d675da83286b1cce702)
Start importing Assets/Art/Interactables/PixelIndoor_101.asset using Guid(4bf0ec72aaac8451a85552a16a722366) Importer(2089858483,192608db42251d675da83286b1cce702) (ScriptedImporter)[PhysX] Initialized MultithreadedTaskDispatcher with 6 workers.
 -> (artifact id: '126a18ca3212d82030576d17c7d1167f') in 0.008324458 seconds
Number of updated asset objects reloaded before import = 0Number of asset objects unloaded after import = 2

========================================================================
Received Import Request.
  Time since last request: 0.000061 seconds.
  path: Assets/Art/Interactables/PixelIndoor_80.asset
  artifactKey: Guid(a37e7a8c8600b42d0bfd385f922bbaad) Importer(2089858483,192608db42251d675da83286b1cce702)
Start importing Assets/Art/Interactables/PixelIndoor_80.asset using Guid(a37e7a8c8600b42d0bfd385f922bbaad) Importer(2089858483,192608db42251d675da83286b1cce702) (ScriptedImporter)[PhysX] Initialized MultithreadedTaskDispatcher with 6 workers.
 -> (artifact id: 'ae588d7d1847e3c0ed310dd3fbcf8d90') in 0.003529958 seconds
Number of updated asset objects reloaded before import = 0Number of asset objects unloaded after import = 2

========================================================================
Received Import Request.
  Time since last request: 0.000194 seconds.
  path: Assets/Art/Interactables/PixelIndoor_54.asset
  artifactKey: Guid(201497165514d4fcca10163c5270c09d) Importer(2089858483,192608db42251d675da83286b1cce702)
Start importing Assets/Art/Interactables/PixelIndoor_54.asset using Guid(201497165514d4fcca10163c5270c09d) Importer(2089858483,192608db42251d675da83286b1cce702) (ScriptedImporter)[PhysX] Initialized MultithreadedTaskDispatcher with 6 workers.
 -> (artifact id: '78888ba341029569c3c2f6f5bcae389b') in 0.004441917 seconds
Number of updated asset objects reloaded before import = 0Number of asset objects unloaded after import = 2

========================================================================
Received Import Request.
  Time since last request: 0.000040 seconds.
  path: Assets/Art/Interactables/PixelIndoor_79.asset
  artifactKey: Guid(27c3d87224a7948769c784e42577a435) Importer(2089858483,192608db42251d675da83286b1cce702)
Start importing Assets/Art/Interactables/PixelIndoor_79.asset using Guid(27c3d87224a7948769c784e42577a435) Importer(2089858483,192608db42251d675da83286b1cce702) (ScriptedImporter)[PhysX] Initialized MultithreadedTaskDispatcher with 6 workers.
 -> (artifact id: '6b0d7ed360c2f4d47922329c3ccc34ef') in 0.004125375 seconds
Number of updated asset objects reloaded before import = 0Number of asset objects unloaded after import = 2

========================================================================
Received Import Request.
  Time since last request: 0.000203 seconds.
  path: Assets/Art/Interactables/PixelIndoor_36.asset
  artifactKey: Guid(e437cb3511c244834a29a195072fdbf1) Importer(2089858483,192608db42251d675da83286b1cce702)
Start importing Assets/Art/Interactables/PixelIndoor_36.asset using Guid(e437cb3511c244834a29a195072fdbf1) Importer(2089858483,192608db42251d675da83286b1cce702) (ScriptedImporter)[PhysX] Initialized MultithreadedTaskDispatcher with 6 workers.
 -> (artifact id: 'df50e71cdc6dc1ee30aafd032a323614') in 0.003266458 seconds
Number of updated asset objects reloaded before import = 0Number of asset objects unloaded after import = 2

========================================================================
Received Import Request.
  Time since last request: 0.000178 seconds.
  path: Assets/Art/Interactables/PixelIndoor_64.asset
  artifactKey: Guid(f6f2314656c6e40689317ac36e412605) Importer(2089858483,192608db42251d675da83286b1cce702)
Start importing Assets/Art/Interactables/PixelIndoor_64.asset using Guid(f6f2314656c6e40689317ac36e412605) Importer(2089858483,192608db42251d675da83286b1cce702) (ScriptedImporter)[PhysX] Initialized MultithreadedTaskDispatcher with 6 workers.
 -> (artifact id: 'b0b67ade466c869682780dd2c13657e1') in 0.003532209 seconds
Number of updated asset objects reloaded before import = 0Number of asset objects unloaded after import = 2

========================================================================
Received Import Request.
  Time since last request: 0.000097 seconds.
  path: Assets/Art/Interactables/PixelIndoor_62.asset
  artifactKey: Guid(6a1c114beae4b4c2ea4d1839ea1ba015) Importer(2089858483,192608db42251d675da83286b1cce702)
Start importing Assets/Art/Interactables/PixelIndoor_62.asset using Guid(6a1c114beae4b4c2ea4d1839ea1ba015) Importer(2089858483,192608db42251d675da83286b1cce702) (ScriptedImporter)[PhysX] Initialized MultithreadedTaskDispatcher with 6 workers.
 -> (artifact id: '1d7f10e669cb75b1581d43c3864939e0') in 0.00321275 seconds
Number of updated asset objects reloaded before import = 0Number of asset objects unloaded after import = 2

========================================================================
Received Import Request.
  Time since last request: 0.000090 seconds.
  path: Assets/Art/Interactables/PixelIndoor_69.asset
  artifactKey: Guid(41ce17d97cd9c44c184c5b973d6fe2f6) Importer(2089858483,192608db42251d675da83286b1cce702)
Start importing Assets/Art/Interactables/PixelIndoor_69.asset using Guid(41ce17d97cd9c44c184c5b973d6fe2f6) Importer(2089858483,192608db42251d675da83286b1cce702) (ScriptedImporter)[PhysX] Initialized MultithreadedTaskDispatcher with 6 workers.
 -> (artifact id: 'c13c38934635065829d400259e6b496f') in 0.003608959 seconds
Number of updated asset objects reloaded before import = 0Number of asset objects unloaded after import = 2

========================================================================
Received Import Request.
  Time since last request: 0.000077 seconds.
  path: Assets/Art/Interactables/PixelIndoor_43.asset
  artifactKey: Guid(14bee291ea66f43f8ad167380c853542) Importer(2089858483,192608db42251d675da83286b1cce702)
Start importing Assets/Art/Interactables/PixelIndoor_43.asset using Guid(14bee291ea66f43f8ad167380c853542) Importer(2089858483,192608db42251d675da83286b1cce702) (ScriptedImporter)[PhysX] Initialized MultithreadedTaskDispatcher with 6 workers.
 -> (artifact id: '9fcdea21f3a8e19efec8873baa9630e6') in 0.003529375 seconds
Number of updated asset objects reloaded before import = 0Number of asset objects unloaded after import = 2

========================================================================
Received Import Request.
  Time since last request: 0.000036 seconds.
  path: Assets/Art/Interactables/PixelIndoor_14.asset
  artifactKey: Guid(2f7ced1acec5a4682a678ee1ce2bb608) Importer(2089858483,192608db42251d675da83286b1cce702)
Start importing Assets/Art/Interactables/PixelIndoor_14.asset using Guid(2f7ced1acec5a4682a678ee1ce2bb608) Importer(2089858483,192608db42251d675da83286b1cce702) (ScriptedImporter)[PhysX] Initialized MultithreadedTaskDispatcher with 6 workers.
 -> (artifact id: 'a065b88e2972c7584e9b42cd8e4521b4') in 0.003787667 seconds
Number of updated asset objects reloaded before import = 0Number of asset objects unloaded after import = 2

========================================================================
Received Import Request.
  Time since last request: 0.000207 seconds.
  path: Assets/Art/Interactables/PixelIndoor_2.asset
  artifactKey: Guid(e3ec2bda402524c1d8cbeb74f0b85835) Importer(2089858483,192608db42251d675da83286b1cce702)
Start importing Assets/Art/Interactables/PixelIndoor_2.asset using Guid(e3ec2bda402524c1d8cbeb74f0b85835) Importer(2089858483,192608db42251d675da83286b1cce702) (ScriptedImporter)[PhysX] Initialized MultithreadedTaskDispatcher with 6 workers.
 -> (artifact id: 'fba4e802ddc946320b11434b0d5be3f8') in 0.003794208 seconds
Number of updated asset objects reloaded before import = 0Number of asset objects unloaded after import = 2

========================================================================
Received Import Request.
  Time since last request: 0.000065 seconds.
  path: Assets/Art/Interactables/PixelIndoor_28.asset
  artifactKey: Guid(957cc5d1f09fd49f091cb652b125214a) Importer(2089858483,192608db42251d675da83286b1cce702)
Start importing Assets/Art/Interactables/PixelIndoor_28.asset using Guid(957cc5d1f09fd49f091cb652b125214a) Importer(2089858483,192608db42251d675da83286b1cce702) (ScriptedImporter)[PhysX] Initialized MultithreadedTaskDispatcher with 6 workers.
 -> (artifact id: '8f2d8b2a40ec1d1ff9fd0e03c89eeea3') in 0.003744708 seconds
Number of updated asset objects reloaded before import = 0Number of asset objects unloaded after import = 2

========================================================================
Received Import Request.
  Time since last request: 0.000123 seconds.
  path: Assets/Art/Interactables/PixelIndoor_42.asset
  artifactKey: Guid(799836ed5a9a84493b9444c260277a8e) Importer(2089858483,192608db42251d675da83286b1cce702)
Start importing Assets/Art/Interactables/PixelIndoor_42.asset using Guid(799836ed5a9a84493b9444c260277a8e) Importer(2089858483,192608db42251d675da83286b1cce702) (ScriptedImporter)[PhysX] Initialized MultithreadedTaskDispatcher with 6 workers.
 -> (artifact id: 'b16359fb34af109a09caeeb3d7ffc390') in 0.003687958 seconds
Number of updated asset objects reloaded before import = 0Number of asset objects unloaded after import = 2

========================================================================
Received Import Request.
  Time since last request: 0.000121 seconds.
  path: Assets/Art/Interactables/PixelIndoor_86.asset
  artifactKey: Guid(5e0135773671442119630eff0ac076e6) Importer(2089858483,192608db42251d675da83286b1cce702)
Start importing Assets/Art/Interactables/PixelIndoor_86.asset using Guid(5e0135773671442119630eff0ac076e6) Importer(2089858483,192608db42251d675da83286b1cce702) (ScriptedImporter)[PhysX] Initialized MultithreadedTaskDispatcher with 6 workers.
 -> (artifact id: 'aa563854ffe06aa9c3f27196a35f6711') in 0.003459458 seconds
Number of updated asset objects reloaded before import = 0Number of asset objects unloaded after import = 2

========================================================================
Received Import Request.
  Time since last request: 0.000090 seconds.
  path: Assets/Art/Interactables/PixelIndoor_84.asset
  artifactKey: Guid(41d70aa3b3eb14a788fde480a64a6636) Importer(2089858483,192608db42251d675da83286b1cce702)
Start importing Assets/Art/Interactables/PixelIndoor_84.asset using Guid(41d70aa3b3eb14a788fde480a64a6636) Importer(2089858483,192608db42251d675da83286b1cce702) (ScriptedImporter)[PhysX] Initialized MultithreadedTaskDispatcher with 6 workers.
 -> (artifact id: 'e133dc5eb76f699b5061cdbe1b83d6cc') in 0.005031375 seconds
Number of updated asset objects reloaded before import = 0Number of asset objects unloaded after import = 2

========================================================================
Received Import Request.
  Time since last request: 0.000120 seconds.
  path: Assets/Art/Interactables/PixelIndoor_23.asset
  artifactKey: Guid(258a04514610f494caab55160c8d7abe) Importer(2089858483,192608db42251d675da83286b1cce702)
Start importing Assets/Art/Interactables/PixelIndoor_23.asset using Guid(258a04514610f494caab55160c8d7abe) Importer(2089858483,192608db42251d675da83286b1cce702) (ScriptedImporter)[PhysX] Initialized MultithreadedTaskDispatcher with 6 workers.
 -> (artifact id: '1e889c43abd84ae83b27b74112c5f797') in 0.004607792 seconds
Number of updated asset objects reloaded before import = 0Number of asset objects unloaded after import = 2

========================================================================
Received Import Request.
  Time since last request: 0.000068 seconds.
  path: Assets/Art/Interactables/PixelIndoor_78.asset
  artifactKey: Guid(a707fcee91e0b4c4285822c83c778e42) Importer(2089858483,192608db42251d675da83286b1cce702)
Start importing Assets/Art/Interactables/PixelIndoor_78.asset using Guid(a707fcee91e0b4c4285822c83c778e42) Importer(2089858483,192608db42251d675da83286b1cce702) (ScriptedImporter)[PhysX] Initialized MultithreadedTaskDispatcher with 6 workers.
 -> (artifact id: 'db14d9e6841fada1623769795832d786') in 0.004324625 seconds
Number of updated asset objects reloaded before import = 0Number of asset objects unloaded after import = 2

========================================================================
Received Import Request.
  Time since last request: 0.000040 seconds.
  path: Assets/Art/Interactables/PixelIndoor_67.asset
  artifactKey: Guid(19251d93eb8024223a573aea5bf482ec) Importer(2089858483,192608db42251d675da83286b1cce702)
Start importing Assets/Art/Interactables/PixelIndoor_67.asset using Guid(19251d93eb8024223a573aea5bf482ec) Importer(2089858483,192608db42251d675da83286b1cce702) (ScriptedImporter)[PhysX] Initialized MultithreadedTaskDispatcher with 6 workers.
 -> (artifact id: '0f7c8d4b5b35f8958bfe689180f83ac5') in 0.002800667 seconds
Number of updated asset objects reloaded before import = 0Number of asset objects unloaded after import = 2

========================================================================
Received Import Request.
  Time since last request: 0.000033 seconds.
  path: Assets/Art/Interactables/PixelIndoor_44.asset
  artifactKey: Guid(83158f399c1d244d381e944b0fca98b3) Importer(2089858483,192608db42251d675da83286b1cce702)
Start importing Assets/Art/Interactables/PixelIndoor_44.asset using Guid(83158f399c1d244d381e944b0fca98b3) Importer(2089858483,192608db42251d675da83286b1cce702) (ScriptedImporter)[PhysX] Initialized MultithreadedTaskDispatcher with 6 workers.
 -> (artifact id: '0490f492f09b7a73320b974c043fa8bb') in 0.002708167 seconds
Number of updated asset objects reloaded before import = 0Number of asset objects unloaded after import = 2

========================================================================
Received Import Request.
  Time since last request: 0.000051 seconds.
  path: Assets/Art/Interactables/PixelIndoor_17.asset
  artifactKey: Guid(8dfaaed811e1e4abe816c6ef105c3209) Importer(2089858483,192608db42251d675da83286b1cce702)
Start importing Assets/Art/Interactables/PixelIndoor_17.asset using Guid(8dfaaed811e1e4abe816c6ef105c3209) Importer(2089858483,192608db42251d675da83286b1cce702) (ScriptedImporter)[PhysX] Initialized MultithreadedTaskDispatcher with 6 workers.
 -> (artifact id: '99a11b48b9baa486d0256a12e456b00c') in 0.00268075 seconds
Number of updated asset objects reloaded before import = 0Number of asset objects unloaded after import = 2

========================================================================
Received Import Request.
  Time since last request: 0.000231 seconds.
  path: Assets/Art/Interactables/PixelIndoor_40.asset
  artifactKey: Guid(3f8da2d3efacd4f09a34da2a4910bc2b) Importer(2089858483,192608db42251d675da83286b1cce702)
Start importing Assets/Art/Interactables/PixelIndoor_40.asset using Guid(3f8da2d3efacd4f09a34da2a4910bc2b) Importer(2089858483,192608db42251d675da83286b1cce702) (ScriptedImporter)[PhysX] Initialized MultithreadedTaskDispatcher with 6 workers.
 -> (artifact id: 'a0d9fcfae0d061714de7bbda3bf38fe4') in 0.003445333 seconds
Number of updated asset objects reloaded before import = 0Number of asset objects unloaded after import = 2

========================================================================
Received Import Request.
  Time since last request: 0.000097 seconds.
  path: Assets/Art/Interactables/PixelIndoor_21.asset
  artifactKey: Guid(af014cdca0b32445da9b689c10196507) Importer(2089858483,192608db42251d675da83286b1cce702)
Start importing Assets/Art/Interactables/PixelIndoor_21.asset using Guid(af014cdca0b32445da9b689c10196507) Importer(2089858483,192608db42251d675da83286b1cce702) (ScriptedImporter)[PhysX] Initialized MultithreadedTaskDispatcher with 6 workers.
 -> (artifact id: 'e981b76d66072f93ddbbcd211196fb9a') in 0.003201 seconds
Number of updated asset objects reloaded before import = 0Number of asset objects unloaded after import = 2

========================================================================
Received Import Request.
  Time since last request: 0.000144 seconds.
  path: Assets/Art/Interactables/PixelIndoor_0.asset
  artifactKey: Guid(9b77fd129bbac41f5bf185ef6c09f0e1) Importer(2089858483,192608db42251d675da83286b1cce702)
Start importing Assets/Art/Interactables/PixelIndoor_0.asset using Guid(9b77fd129bbac41f5bf185ef6c09f0e1) Importer(2089858483,192608db42251d675da83286b1cce702) (ScriptedImporter)[PhysX] Initialized MultithreadedTaskDispatcher with 6 workers.
 -> (artifact id: 'aa572439cf332a490df35ad7ac3a2f97') in 0.002899417 seconds
Number of updated asset objects reloaded before import = 0Number of asset objects unloaded after import = 2

========================================================================
Received Import Request.
  Time since last request: 0.000066 seconds.
  path: Assets/Art/Interactables/PixelIndoor_7.asset
  artifactKey: Guid(776dcc30df59b4617b8019f98a7d3a8a) Importer(2089858483,192608db42251d675da83286b1cce702)
Start importing Assets/Art/Interactables/PixelIndoor_7.asset using Guid(776dcc30df59b4617b8019f98a7d3a8a) Importer(2089858483,192608db42251d675da83286b1cce702) (ScriptedImporter)[PhysX] Initialized MultithreadedTaskDispatcher with 6 workers.
 -> (artifact id: 'e6373849b3e23943b8c81985d5bc2f37') in 0.002625083 seconds
Number of updated asset objects reloaded before import = 0Number of asset objects unloaded after import = 2

========================================================================
Received Import Request.
  Time since last request: 0.000075 seconds.
  path: Assets/Art/Interactables/PixelIndoor_50.asset
  artifactKey: Guid(bcd4e1c97ad2c438296a81cf9326e64b) Importer(2089858483,192608db42251d675da83286b1cce702)
Start importing Assets/Art/Interactables/PixelIndoor_50.asset using Guid(bcd4e1c97ad2c438296a81cf9326e64b) Importer(2089858483,192608db42251d675da83286b1cce702) (ScriptedImporter)[PhysX] Initialized MultithreadedTaskDispatcher with 6 workers.
 -> (artifact id: '82a9ad47452b2838dc86c0738fe305c0') in 0.002789167 seconds
Number of updated asset objects reloaded before import = 0Number of asset objects unloaded after import = 2

========================================================================
Received Import Request.
  Time since last request: 0.000132 seconds.
  path: Assets/Art/Interactables/PixelIndoor_85.asset
  artifactKey: Guid(e219a00e514844a5ab69cbd5ba866f6a) Importer(2089858483,192608db42251d675da83286b1cce702)
Start importing Assets/Art/Interactables/PixelIndoor_85.asset using Guid(e219a00e514844a5ab69cbd5ba866f6a) Importer(2089858483,192608db42251d675da83286b1cce702) (ScriptedImporter)[PhysX] Initialized MultithreadedTaskDispatcher with 6 workers.
 -> (artifact id: 'f72d0c12511bec236da8400c4c912771') in 0.002963042 seconds
Number of updated asset objects reloaded before import = 0Number of asset objects unloaded after import = 2

========================================================================
Received Import Request.
  Time since last request: 0.000093 seconds.
  path: Assets/Art/Interactables/PixelIndoor_1.asset
  artifactKey: Guid(d0f9617dacec04996bca29bc64d29e09) Importer(2089858483,192608db42251d675da83286b1cce702)
Start importing Assets/Art/Interactables/PixelIndoor_1.asset using Guid(d0f9617dacec04996bca29bc64d29e09) Importer(2089858483,192608db42251d675da83286b1cce702) (ScriptedImporter)[PhysX] Initialized MultithreadedTaskDispatcher with 6 workers.
 -> (artifact id: '9446dcfad983bc884debb4f50da2a877') in 0.0029145 seconds
Number of updated asset objects reloaded before import = 0Number of asset objects unloaded after import = 2

========================================================================
Received Import Request.
  Time since last request: 0.000292 seconds.
  path: Assets/Art/Interactables/PixelIndoor_45.asset
  artifactKey: Guid(03058fa78d90241d3b6a7ee88e501ff4) Importer(2089858483,192608db42251d675da83286b1cce702)
Start importing Assets/Art/Interactables/PixelIndoor_45.asset using Guid(03058fa78d90241d3b6a7ee88e501ff4) Importer(2089858483,192608db42251d675da83286b1cce702) (ScriptedImporter)[PhysX] Initialized MultithreadedTaskDispatcher with 6 workers.
 -> (artifact id: '64a10738d7163d42ba935b2765743dab') in 0.002680291 seconds
Number of updated asset objects reloaded before import = 0Number of asset objects unloaded after import = 2

========================================================================
Received Import Request.
  Time since last request: 0.000055 seconds.
  path: Assets/Art/Interactables/PixelIndoor_56.asset
  artifactKey: Guid(71a5f7a5e9f64425ab250b04614c8ea5) Importer(2089858483,192608db42251d675da83286b1cce702)
Start importing Assets/Art/Interactables/PixelIndoor_56.asset using Guid(71a5f7a5e9f64425ab250b04614c8ea5) Importer(2089858483,192608db42251d675da83286b1cce702) (ScriptedImporter)[PhysX] Initialized MultithreadedTaskDispatcher with 6 workers.
 -> (artifact id: '0cb8becdae483751ea2626aa5e1c99cd') in 0.0030595 seconds
Number of updated asset objects reloaded before import = 0Number of asset objects unloaded after import = 2

========================================================================
Received Import Request.
  Time since last request: 0.000095 seconds.
  path: Assets/Art/Interactables/PixelIndoor_71.asset
  artifactKey: Guid(7218351b47598470ca463fa238cab70d) Importer(2089858483,192608db42251d675da83286b1cce702)
Start importing Assets/Art/Interactables/PixelIndoor_71.asset using Guid(7218351b47598470ca463fa238cab70d) Importer(2089858483,192608db42251d675da83286b1cce702) (ScriptedImporter)[PhysX] Initialized MultithreadedTaskDispatcher with 6 workers.
 -> (artifact id: '9166eafbd4ec695b349286d879598bd6') in 0.003733084 seconds
Number of updated asset objects reloaded before import = 0Number of asset objects unloaded after import = 2

========================================================================
Received Import Request.
  Time since last request: 0.000034 seconds.
  path: Assets/Art/Interactables/PixelIndoor_34.asset
  artifactKey: Guid(7d9b982a8be0b452aad53080f9872812) Importer(2089858483,192608db42251d675da83286b1cce702)
Start importing Assets/Art/Interactables/PixelIndoor_34.asset using Guid(7d9b982a8be0b452aad53080f9872812) Importer(2089858483,192608db42251d675da83286b1cce702) (ScriptedImporter)[PhysX] Initialized MultithreadedTaskDispatcher with 6 workers.
 -> (artifact id: 'b0e0a300bdcd7a39a0bbc61f99e76d19') in 0.002887833 seconds
Number of updated asset objects reloaded before import = 0Number of asset objects unloaded after import = 2

========================================================================
Received Import Request.
  Time since last request: 0.000056 seconds.
  path: Assets/Art/Interactables/PixelIndoor_72.asset
  artifactKey: Guid(1ffdb36681f4e47469cb91cbd49bc1ca) Importer(2089858483,192608db42251d675da83286b1cce702)
Start importing Assets/Art/Interactables/PixelIndoor_72.asset using Guid(1ffdb36681f4e47469cb91cbd49bc1ca) Importer(2089858483,192608db42251d675da83286b1cce702) (ScriptedImporter)[PhysX] Initialized MultithreadedTaskDispatcher with 6 workers.
 -> (artifact id: 'c348440a29cea5ce93add90700b4d1a9') in 0.003097125 seconds
Number of updated asset objects reloaded before import = 0Number of asset objects unloaded after import = 2

========================================================================
Received Import Request.
  Time since last request: 0.000110 seconds.
  path: Assets/Art/Interactables/PixelIndoor_77.asset
  artifactKey: Guid(c3df0ad7d138c4ea78d91149c0127b4d) Importer(2089858483,192608db42251d675da83286b1cce702)
Start importing Assets/Art/Interactables/PixelIndoor_77.asset using Guid(c3df0ad7d138c4ea78d91149c0127b4d) Importer(2089858483,192608db42251d675da83286b1cce702) (ScriptedImporter)[PhysX] Initialized MultithreadedTaskDispatcher with 6 workers.
 -> (artifact id: '19ff91e213b539738b94237a30f358c5') in 0.002620959 seconds
Number of updated asset objects reloaded before import = 0Number of asset objects unloaded after import = 2

========================================================================
Received Prepare
Begin MonoManager ReloadAssembly
Thread 0x330c5f000 may have been prematurely finalized
- Loaded All Assemblies, in  0.414 seconds
Refreshing native plugins compatible for Editor in 1.76 ms, found 8 plugins.
Native extension for LinuxStandalone target not found
Native extension for AppleTV target not found
Native extension for iOS target not found
Native extension for Android target not found
Native extension for WindowsStandalone target not found
Native extension for VisionOS target not found
Native extension for OSXStandalone target not found
Native extension for WebGL target not found
Mono: successfully reloaded assembly
[Package Manager] Failed to launch server process. Reason: Unity was launched with the -noUpm command-line argument
[Package Manager] Unable to send message (not connected to server process).
[Package Manager] Cannot connect to Unity Package Manager local server
- Finished resetting the current domain, in  0.605 seconds
Domain Reload Profiling: 1021ms
	BeginReloadAssembly (108ms)
		ExecutionOrderSort (0ms)
		DisableScriptedObjects (7ms)
		BackupInstance (0ms)
		ReleaseScriptingObjects (0ms)
		CreateAndSetChildDomain (47ms)
	RebuildCommonClasses (23ms)
	RebuildNativeTypeToScriptingClass (8ms)
	initialDomainReloadingComplete (14ms)
	LoadAllAssembliesAndSetupDomain (262ms)
		LoadAssemblies (183ms)
		RebuildTransferFunctionScriptingTraits (0ms)
		AnalyzeDomain (107ms)
			TypeCache.Refresh (6ms)
				TypeCache.ScanAssembly (0ms)
			BuildScriptInfoCaches (92ms)
			ResolveRequiredComponents (4ms)
	FinalizeReload (605ms)
		ReleaseScriptCaches (0ms)
		RebuildScriptCaches (0ms)
		SetupLoadedEditorAssemblies (491ms)
			LogAssemblyErrors (0ms)
			InitializePlatformSupportModulesInManaged (32ms)
			SetLoadedEditorAssemblies (5ms)
			BeforeProcessingInitializeOnLoad (48ms)
			ProcessInitializeOnLoadAttributes (306ms)
			ProcessInitializeOnLoadMethodAttributes (99ms)
			AfterProcessingInitializeOnLoad (1ms)
			EditorAssembliesLoaded (0ms)
		ExecutionOrderSort2 (0ms)
		AwakeInstancesAfterBackupRestoration (3ms)
Refreshing native plugins compatible for Editor in 1.59 ms, found 8 plugins.
Preloading 0 native plugins for Editor in 0.00 ms.
Unloading 0 Unused Serialized files (Serialized files now loaded: 0)
Unloading 4658 unused Assets / (1.4 MB). Loaded Objects now: 5222.
Memory consumption went from 149.4 MB to 148.0 MB.
Total: 5.712875 ms (FindLiveObjects: 0.210750 ms CreateObjectMapping: 0.107959 ms MarkObjects: 4.338166 ms  DeleteObjects: 1.055542 ms)

Prepare: number of updated asset objects reloaded= 0
========================================================================
Received Prepare
Begin MonoManager ReloadAssembly
Thread 0x16b96b000 may have been prematurely finalized
- Loaded All Assemblies, in  0.554 seconds
Refreshing native plugins compatible for Editor in 1.78 ms, found 8 plugins.
Native extension for LinuxStandalone target not found
Native extension for AppleTV target not found
Native extension for iOS target not found
Native extension for Android target not found
Native extension for WindowsStandalone target not found
Native extension for VisionOS target not found
Native extension for OSXStandalone target not found
Native extension for WebGL target not found
Mono: successfully reloaded assembly
[Package Manager] Failed to launch server process. Reason: Unity was launched with the -noUpm command-line argument
[Package Manager] Unable to send message (not connected to server process).
[Package Manager] Cannot connect to Unity Package Manager local server
- Finished resetting the current domain, in  0.602 seconds
Domain Reload Profiling: 1157ms
	BeginReloadAssembly (122ms)
		ExecutionOrderSort (0ms)
		DisableScriptedObjects (8ms)
		BackupInstance (0ms)
		ReleaseScriptingObjects (0ms)
		CreateAndSetChildDomain (51ms)
	RebuildCommonClasses (23ms)
	RebuildNativeTypeToScriptingClass (9ms)
	initialDomainReloadingComplete (15ms)
	LoadAllAssembliesAndSetupDomain (386ms)
		LoadAssemblies (269ms)
		RebuildTransferFunctionScriptingTraits (0ms)
		AnalyzeDomain (145ms)
			TypeCache.Refresh (30ms)
				TypeCache.ScanAssembly (0ms)
			BuildScriptInfoCaches (110ms)
			ResolveRequiredComponents (3ms)
	FinalizeReload (602ms)
		ReleaseScriptCaches (0ms)
		RebuildScriptCaches (0ms)
		SetupLoadedEditorAssemblies (484ms)
			LogAssemblyErrors (0ms)
			InitializePlatformSupportModulesInManaged (36ms)
			SetLoadedEditorAssemblies (5ms)
			BeforeProcessingInitializeOnLoad (47ms)
			ProcessInitializeOnLoadAttributes (295ms)
			ProcessInitializeOnLoadMethodAttributes (100ms)
			AfterProcessingInitializeOnLoad (1ms)
			EditorAssembliesLoaded (0ms)
		ExecutionOrderSort2 (0ms)
		AwakeInstancesAfterBackupRestoration (3ms)
Refreshing native plugins compatible for Editor in 1.72 ms, found 8 plugins.
Preloading 0 native plugins for Editor in 0.00 ms.
Unloading 0 Unused Serialized files (Serialized files now loaded: 0)
Unloading 4657 unused Assets / (1.6 MB). Loaded Objects now: 5224.
Memory consumption went from 152.5 MB to 151.0 MB.
Total: 5.419167 ms (FindLiveObjects: 0.221834 ms CreateObjectMapping: 0.138459 ms MarkObjects: 4.119166 ms  DeleteObjects: 0.939083 ms)

Prepare: number of updated asset objects reloaded= 0
========================================================================
Received Prepare
Begin MonoManager ReloadAssembly
Thread 0x16d43b000 may have been prematurely finalized
- Loaded All Assemblies, in  0.499 seconds
Refreshing native plugins compatible for Editor in 1.80 ms, found 8 plugins.
Native extension for LinuxStandalone target not found
Native extension for AppleTV target not found
Native extension for iOS target not found
Native extension for Android target not found
Native extension for WindowsStandalone target not found
Native extension for VisionOS target not found
Native extension for OSXStandalone target not found
Native extension for WebGL target not found
Mono: successfully reloaded assembly
[Package Manager] Failed to launch server process. Reason: Unity was launched with the -noUpm command-line argument
[Package Manager] Unable to send message (not connected to server process).
[Package Manager] Cannot connect to Unity Package Manager local server
- Finished resetting the current domain, in  0.565 seconds
Domain Reload Profiling: 1064ms
	BeginReloadAssembly (128ms)
		ExecutionOrderSort (0ms)
		DisableScriptedObjects (18ms)
		BackupInstance (0ms)
		ReleaseScriptingObjects (0ms)
		CreateAndSetChildDomain (52ms)
	RebuildCommonClasses (24ms)
	RebuildNativeTypeToScriptingClass (9ms)
	initialDomainReloadingComplete (16ms)
	LoadAllAssembliesAndSetupDomain (323ms)
		LoadAssemblies (247ms)
		RebuildTransferFunctionScriptingTraits (0ms)
		AnalyzeDomain (106ms)
			TypeCache.Refresh (13ms)
				TypeCache.ScanAssembly (0ms)
			BuildScriptInfoCaches (88ms)
			ResolveRequiredComponents (3ms)
	FinalizeReload (565ms)
		ReleaseScriptCaches (0ms)
		RebuildScriptCaches (0ms)
		SetupLoadedEditorAssemblies (449ms)
			LogAssemblyErrors (0ms)
			InitializePlatformSupportModulesInManaged (36ms)
			SetLoadedEditorAssemblies (5ms)
			BeforeProcessingInitializeOnLoad (47ms)
			ProcessInitializeOnLoadAttributes (264ms)
			ProcessInitializeOnLoadMethodAttributes (96ms)
			AfterProcessingInitializeOnLoad (1ms)
			EditorAssembliesLoaded (0ms)
		ExecutionOrderSort2 (0ms)
		AwakeInstancesAfterBackupRestoration (3ms)
Refreshing native plugins compatible for Editor in 1.84 ms, found 8 plugins.
Preloading 0 native plugins for Editor in 0.00 ms.
Unloading 0 Unused Serialized files (Serialized files now loaded: 0)
Unloading 4657 unused Assets / (1.8 MB). Loaded Objects now: 5226.
Memory consumption went from 155.7 MB to 154.0 MB.
Total: 5.486417 ms (FindLiveObjects: 0.182667 ms CreateObjectMapping: 0.112166 ms MarkObjects: 4.258917 ms  DeleteObjects: 0.932333 ms)

Prepare: number of updated asset objects reloaded= 0
========================================================================
Received Prepare
Begin MonoManager ReloadAssembly
Thread 0x16d43b000 may have been prematurely finalized
- Loaded All Assemblies, in  0.541 seconds
Refreshing native plugins compatible for Editor in 1.94 ms, found 8 plugins.
Native extension for LinuxStandalone target not found
Native extension for AppleTV target not found
Native extension for iOS target not found
Native extension for Android target not found
Native extension for WindowsStandalone target not found
Native extension for VisionOS target not found
Native extension for OSXStandalone target not found
Native extension for WebGL target not found
Mono: successfully reloaded assembly
[Package Manager] Failed to launch server process. Reason: Unity was launched with the -noUpm command-line argument
[Package Manager] Unable to send message (not connected to server process).
[Package Manager] Cannot connect to Unity Package Manager local server
- Finished resetting the current domain, in  0.565 seconds
Domain Reload Profiling: 1107ms
	BeginReloadAssembly (150ms)
		ExecutionOrderSort (0ms)
		DisableScriptedObjects (11ms)
		BackupInstance (0ms)
		ReleaseScriptingObjects (0ms)
		CreateAndSetChildDomain (52ms)
	RebuildCommonClasses (24ms)
	RebuildNativeTypeToScriptingClass (9ms)
	initialDomainReloadingComplete (17ms)
	LoadAllAssembliesAndSetupDomain (342ms)
		LoadAssemblies (295ms)
		RebuildTransferFunctionScriptingTraits (0ms)
		AnalyzeDomain (105ms)
			TypeCache.Refresh (10ms)
				TypeCache.ScanAssembly (1ms)
			BuildScriptInfoCaches (89ms)
			ResolveRequiredComponents (3ms)
	FinalizeReload (565ms)
		ReleaseScriptCaches (0ms)
		RebuildScriptCaches (0ms)
		SetupLoadedEditorAssemblies (450ms)
			LogAssemblyErrors (0ms)
			InitializePlatformSupportModulesInManaged (36ms)
			SetLoadedEditorAssemblies (4ms)
			BeforeProcessingInitializeOnLoad (45ms)
			ProcessInitializeOnLoadAttributes (267ms)
			ProcessInitializeOnLoadMethodAttributes (97ms)
			AfterProcessingInitializeOnLoad (1ms)
			EditorAssembliesLoaded (0ms)
		ExecutionOrderSort2 (0ms)
		AwakeInstancesAfterBackupRestoration (3ms)
Refreshing native plugins compatible for Editor in 2.07 ms, found 8 plugins.
Preloading 0 native plugins for Editor in 0.00 ms.
Unloading 0 Unused Serialized files (Serialized files now loaded: 0)
Unloading 4657 unused Assets / (1.8 MB). Loaded Objects now: 5228.
Memory consumption went from 159.0 MB to 157.2 MB.
Total: 5.587666 ms (FindLiveObjects: 0.229750 ms CreateObjectMapping: 0.112792 ms MarkObjects: 4.202417 ms  DeleteObjects: 1.042500 ms)

Prepare: number of updated asset objects reloaded= 0
========================================================================
Received Import Request.
  Time since last request: 189.193589 seconds.
  path: Assets/Prefabs/Bookable.prefab
  artifactKey: Guid(735ac8b65c96b4aacaef16b7262c909d) Importer(815301076,1909f56bfc062723c751e8b465ee728b)
Start importing Assets/Prefabs/Bookable.prefab using Guid(735ac8b65c96b4aacaef16b7262c909d) Importer(815301076,1909f56bfc062723c751e8b465ee728b) (PreviewImporter)[PhysX] Initialized MultithreadedTaskDispatcher with 6 workers.
[PhysX] Initialized MultithreadedTaskDispatcher with 6 workers.
 -> (artifact id: '7752dbced32424e9889464ed48535add') in 0.146961 seconds
Number of updated asset objects reloaded before import = 0Number of asset objects unloaded after import = 35

