Unity Editor version:    6000.0.0b16 (1ddb887463a9)
Branch:                  trunk
Build type:              Release
Batch mode:              YES
macOS version:           Version 14.5 (Build 23F79)
Darwin version:          23.5.0
Architecture:            arm64
Running under Rosetta:   NO
Available memory:        18432 MB
Using pre-set license
Pro License: YES

COMMAND LINE ARGUMENTS:
/Applications/Unity/Hub/Editor/6000.0.0b16/Unity.app/Contents/MacOS/Unity
-adb2
-batchMode
-noUpm
-name
AssetImportWorker1
-projectPath
/Users/emma/Desktop/Repos/Orbital2024/Monorepo/Nuspirit/UnityIntegrationSpecific
-logFile
Logs/AssetImportWorker1.log
-srvPort
60769
-job-worker-count
5
-background-job-worker-count
8
-asset-garbage-collectors
1
Successfully changed project path to: /Users/emma/Desktop/Repos/Orbital2024/Monorepo/Nuspirit/UnityIntegrationSpecific
/Users/emma/Desktop/Repos/Orbital2024/Monorepo/Nuspirit/UnityIntegrationSpecific
[UnityMemory] Configuration Parameters - Can be set up in boot.config
    "memorysetup-bucket-allocator-granularity=16"
    "memorysetup-bucket-allocator-bucket-count=8"
    "memorysetup-bucket-allocator-block-size=33554432"
    "memorysetup-bucket-allocator-block-count=8"
    "memorysetup-main-allocator-block-size=16777216"
    "memorysetup-thread-allocator-block-size=16777216"
    "memorysetup-gfx-main-allocator-block-size=16777216"
    "memorysetup-gfx-thread-allocator-block-size=16777216"
    "memorysetup-cache-allocator-block-size=4194304"
    "memorysetup-typetree-allocator-block-size=2097152"
    "memorysetup-profiler-bucket-allocator-granularity=16"
    "memorysetup-profiler-bucket-allocator-bucket-count=8"
    "memorysetup-profiler-bucket-allocator-block-size=33554432"
    "memorysetup-profiler-bucket-allocator-block-count=8"
    "memorysetup-profiler-allocator-block-size=16777216"
    "memorysetup-profiler-editor-allocator-block-size=1048576"
    "memorysetup-temp-allocator-size-main=16777216"
    "memorysetup-job-temp-allocator-block-size=2097152"
    "memorysetup-job-temp-allocator-block-size-background=1048576"
    "memorysetup-job-temp-allocator-reduction-small-platforms=262144"
    "memorysetup-allocator-temp-initial-block-size-main=262144"
    "memorysetup-allocator-temp-initial-block-size-worker=262144"
    "memorysetup-temp-allocator-size-background-worker=32768"
    "memorysetup-temp-allocator-size-job-worker=262144"
    "memorysetup-temp-allocator-size-preload-manager=33554432"
    "memorysetup-temp-allocator-size-nav-mesh-worker=65536"
    "memorysetup-temp-allocator-size-audio-worker=65536"
    "memorysetup-temp-allocator-size-cloud-worker=32768"
    "memorysetup-temp-allocator-size-gi-baking-worker=262144"
    "memorysetup-temp-allocator-size-gi-baking-worker=262144"
    "memorysetup-temp-allocator-size-gi-baking-worker=262144"
    "memorysetup-temp-allocator-size-gi-baking-worker=262144"
    "memorysetup-temp-allocator-size-gi-baking-worker=262144"
    "memorysetup-temp-allocator-size-gfx=262144"
Player connection [8707476480]  Target information:

Player connection [8707476480]  * "[IP] 10.249.96.218 [Port] 0 [Flags] 2 [Guid] 3775756784 [EditorId] 3775756784 [Version] 1048832 [Id] OSXEditor(0,Xus-MacBook-Pro.local) [Debug] 1 [PackageName] OSXEditor [ProjectName] Editor" 

Player connection [8707476480]  * "[IP] 169.254.87.238 [Port] 0 [Flags] 2 [Guid] 3775756784 [EditorId] 3775756784 [Version] 1048832 [Id] OSXEditor(0,Xus-MacBook-Pro.local) [Debug] 1 [PackageName] OSXEditor [ProjectName] Editor" 

Player connection [8707476480] Host joined multi-casting on [225.0.0.222:54997]...
Player connection [8707476480] Host joined alternative multi-casting on [225.0.0.222:34997]...
JobSystem: Creating JobQueue using job-worker-count value 5
Library Redirect Path: Library/
[PhysX] Initialized MultithreadedTaskDispatcher with 6 workers.
Refreshing native plugins compatible for Editor in 10.88 ms, found 5 plugins.
Preloading 0 native plugins for Editor in 0.00 ms.
Initialize engine version: 6000.0.0b16 (1ddb887463a9)
[Subsystems] Discovering subsystems at path /Applications/Unity/Hub/Editor/6000.0.0b16/Unity.app/Contents/Resources/UnitySubsystems
[Subsystems] Discovering subsystems at path /Users/emma/Desktop/Repos/Orbital2024/Monorepo/Nuspirit/UnityIntegrationSpecific/Assets
GfxDevice: creating device client; kGfxThreadingModeNonThreaded
 preferred device: Apple M3 Pro (high power)
Metal devices available: 1
0: Apple M3 Pro (high power)
Using device Apple M3 Pro (high power)
Initializing Metal device caps: Apple M3 Pro
Initialize mono
Mono path[0] = '/Applications/Unity/Hub/Editor/6000.0.0b16/Unity.app/Contents/Managed'
Mono path[1] = '/Applications/Unity/Hub/Editor/6000.0.0b16/Unity.app/Contents/MonoBleedingEdge/lib/mono/unityjit-macos'
Mono config path = '/Applications/Unity/Hub/Editor/6000.0.0b16/Unity.app/Contents/MonoBleedingEdge/etc'
Using monoOptions --debugger-agent=transport=dt_socket,embedding=1,server=y,suspend=n,address=127.0.0.1:56059
Begin MonoManager ReloadAssembly
Registering precompiled unity dll's ...
Register platform support module: /Applications/Unity/Hub/Editor/6000.0.0b16/PlaybackEngines/WebGLSupport/UnityEditor.WebGL.Extensions.dll
Register platform support module: /Applications/Unity/Hub/Editor/6000.0.0b16/Unity.app/Contents/PlaybackEngines/MacStandaloneSupport/UnityEditor.OSXStandalone.Extensions.dll
Register platform support module: /Applications/Unity/Hub/Editor/6000.0.0b16/PlaybackEngines/VisionOSPlayer/UnityEditor.VisionOS.Extensions.dll
Register platform support module: /Applications/Unity/Hub/Editor/6000.0.0b16/PlaybackEngines/WindowsStandaloneSupport/UnityEditor.WindowsStandalone.Extensions.dll
Register platform support module: /Applications/Unity/Hub/Editor/6000.0.0b16/PlaybackEngines/AndroidPlayer/UnityEditor.Android.Extensions.dll
Register platform support module: /Applications/Unity/Hub/Editor/6000.0.0b16/PlaybackEngines/iOSSupport/UnityEditor.iOS.Extensions.dll
Register platform support module: /Applications/Unity/Hub/Editor/6000.0.0b16/PlaybackEngines/AppleTVSupport/UnityEditor.AppleTV.Extensions.dll
Register platform support module: /Applications/Unity/Hub/Editor/6000.0.0b16/PlaybackEngines/LinuxStandaloneSupport/UnityEditor.LinuxStandalone.Extensions.dll
Registered in 0.007379 seconds.
- Loaded All Assemblies, in  0.322 seconds
Native extension for LinuxStandalone target not found
[usbmuxd] Start listen thread
[usbmuxd] Listen thread started
[usbmuxd] Send listen message
[usbmuxd] Attached: 3 00008110-001250421A8A401E
Native extension for AppleTV target not found
Native extension for iOS target not found
Native extension for Android target not found
Android Extension - Scanning For ADB Devices 64 ms
Native extension for WindowsStandalone target not found
objc[71059]: Class XcodeScriptingDelegate is implemented in both /Applications/Unity/Hub/Editor/6000.0.0b16/PlaybackEngines/AppleTVSupport/arm64/UnityEditor.iOS.Native.dylib (0x314078600) and /Applications/Unity/Hub/Editor/6000.0.0b16/PlaybackEngines/VisionOSPlayer/arm64/UnityEditor.VisionOS.Native.dylib (0x314334600). One of the two will be used. Which one is undefined.
[usbmuxd] Start listen thread
[usbmuxd] Listen thread started
[usbmuxd] Send listen message
[usbmuxd] Attached: 3 00008110-001250421A8A401E
Native extension for VisionOS target not found
Native extension for OSXStandalone target not found
Native extension for WebGL target not found
Mono: successfully reloaded assembly
- Finished resetting the current domain, in  0.559 seconds
Domain Reload Profiling: 881ms
	BeginReloadAssembly (97ms)
		ExecutionOrderSort (0ms)
		DisableScriptedObjects (0ms)
		BackupInstance (0ms)
		ReleaseScriptingObjects (0ms)
		CreateAndSetChildDomain (1ms)
	RebuildCommonClasses (31ms)
	RebuildNativeTypeToScriptingClass (11ms)
	initialDomainReloadingComplete (40ms)
	LoadAllAssembliesAndSetupDomain (142ms)
		LoadAssemblies (99ms)
		RebuildTransferFunctionScriptingTraits (0ms)
		AnalyzeDomain (138ms)
			TypeCache.Refresh (137ms)
				TypeCache.ScanAssembly (126ms)
			BuildScriptInfoCaches (0ms)
			ResolveRequiredComponents (0ms)
	FinalizeReload (559ms)
		ReleaseScriptCaches (0ms)
		RebuildScriptCaches (0ms)
		SetupLoadedEditorAssemblies (516ms)
			LogAssemblyErrors (0ms)
			InitializePlatformSupportModulesInManaged (240ms)
			SetLoadedEditorAssemblies (4ms)
			BeforeProcessingInitializeOnLoad (3ms)
			ProcessInitializeOnLoadAttributes (93ms)
			ProcessInitializeOnLoadMethodAttributes (176ms)
			AfterProcessingInitializeOnLoad (0ms)
			EditorAssembliesLoaded (0ms)
		ExecutionOrderSort2 (0ms)
		AwakeInstancesAfterBackupRestoration (0ms)
========================================================================
Worker process is ready to serve import requests
Import Worker Mode flag is 0x00
Begin MonoManager ReloadAssembly
- Loaded All Assemblies, in  0.878 seconds
Refreshing native plugins compatible for Editor in 2.00 ms, found 5 plugins.
Native extension for LinuxStandalone target not found
Native extension for AppleTV target not found
Native extension for iOS target not found
Native extension for Android target not found
Native extension for WindowsStandalone target not found
Native extension for VisionOS target not found
Native extension for OSXStandalone target not found
Native extension for WebGL target not found
Mono: successfully reloaded assembly
Package Manager log level set to [2]
[Package Manager] Failed to launch server process. Reason: Unity was launched with the -noUpm command-line argument
[Package Manager] Unable to send message (not connected to server process).
[Package Manager] Cannot connect to Unity Package Manager local server
[Package Manager] Failed to launch server process. Reason: Unity was launched with the -noUpm command-line argument
[Package Manager] Unable to send message (not connected to server process).
[Package Manager] Cannot connect to Unity Package Manager local server
- Finished resetting the current domain, in  0.817 seconds
Domain Reload Profiling: 1694ms
	BeginReloadAssembly (313ms)
		ExecutionOrderSort (0ms)
		DisableScriptedObjects (4ms)
		BackupInstance (0ms)
		ReleaseScriptingObjects (0ms)
		CreateAndSetChildDomain (37ms)
	RebuildCommonClasses (32ms)
	RebuildNativeTypeToScriptingClass (12ms)
	initialDomainReloadingComplete (27ms)
	LoadAllAssembliesAndSetupDomain (494ms)
		LoadAssemblies (349ms)
		RebuildTransferFunctionScriptingTraits (0ms)
		AnalyzeDomain (185ms)
			TypeCache.Refresh (138ms)
				TypeCache.ScanAssembly (122ms)
			BuildScriptInfoCaches (40ms)
			ResolveRequiredComponents (4ms)
	FinalizeReload (817ms)
		ReleaseScriptCaches (0ms)
		RebuildScriptCaches (0ms)
		SetupLoadedEditorAssemblies (661ms)
			LogAssemblyErrors (0ms)
			InitializePlatformSupportModulesInManaged (40ms)
			SetLoadedEditorAssemblies (6ms)
			BeforeProcessingInitializeOnLoad (61ms)
			ProcessInitializeOnLoadAttributes (411ms)
			ProcessInitializeOnLoadMethodAttributes (143ms)
			AfterProcessingInitializeOnLoad (1ms)
			EditorAssembliesLoaded (0ms)
		ExecutionOrderSort2 (0ms)
		AwakeInstancesAfterBackupRestoration (4ms)
Launching external process: /Applications/Unity/Hub/Editor/6000.0.0b16/Unity.app/Contents/Tools/UnityShaderCompiler
Launched and connected shader compiler UnityShaderCompiler after 0.04 seconds
Refreshing native plugins compatible for Editor in 2.95 ms, found 5 plugins.
Preloading 0 native plugins for Editor in 0.00 ms.
Unloading 30 Unused Serialized files (Serialized files now loaded: 0)
Unloading 4652 unused Assets / (1.4 MB). Loaded Objects now: 5225.
Memory consumption went from 126.4 MB to 125.1 MB.
Total: 7.303083 ms (FindLiveObjects: 0.336084 ms CreateObjectMapping: 0.134208 ms MarkObjects: 5.505292 ms  DeleteObjects: 1.326750 ms)

========================================================================
Received Import Request.
  Time since last request: 23598.337057 seconds.
  path: Assets/Scenes
  artifactKey: Guid(8e858943e6cfc43d6a4cb8a30636fc4e) Importer(815301076,1909f56bfc062723c751e8b465ee728b)
Start importing Assets/Scenes using Guid(8e858943e6cfc43d6a4cb8a30636fc4e) Importer(815301076,1909f56bfc062723c751e8b465ee728b) (PreviewImporter)[PhysX] Initialized MultithreadedTaskDispatcher with 6 workers.
 -> (artifact id: 'd77b23c467ab51de2353272f06199fcd') in 0.003241625 seconds
Number of updated asset objects reloaded before import = 0Number of asset objects unloaded after import = 0

========================================================================
Received Prepare
Refreshing native plugins compatible for Editor in 3.08 ms, found 5 plugins.
Preloading 0 native plugins for Editor in 0.00 ms.
Unloading 0 Unused Serialized files (Serialized files now loaded: 0)
Unloading 4613 unused Assets / (0.7 MB). Loaded Objects now: 5227.
Memory consumption went from 116.8 MB to 116.2 MB.
Total: 18.876250 ms (FindLiveObjects: 0.338625 ms CreateObjectMapping: 0.129625 ms MarkObjects: 17.688083 ms  DeleteObjects: 0.719416 ms)

Prepare: number of updated asset objects reloaded= 0
========================================================================
Received Prepare
Refreshing native plugins compatible for Editor in 2.25 ms, found 5 plugins.
Preloading 0 native plugins for Editor in 0.00 ms.
Unloading 0 Unused Serialized files (Serialized files now loaded: 0)
Unloading 4613 unused Assets / (1.0 MB). Loaded Objects now: 5227.
Memory consumption went from 116.5 MB to 115.5 MB.
Total: 6.904042 ms (FindLiveObjects: 0.333916 ms CreateObjectMapping: 0.132667 ms MarkObjects: 5.671416 ms  DeleteObjects: 0.765625 ms)

Prepare: number of updated asset objects reloaded= 0
========================================================================
Received Prepare
Refreshing native plugins compatible for Editor in 2.22 ms, found 5 plugins.
Preloading 0 native plugins for Editor in 0.00 ms.
Unloading 0 Unused Serialized files (Serialized files now loaded: 0)
Unloading 4613 unused Assets / (1.0 MB). Loaded Objects now: 5227.
Memory consumption went from 116.1 MB to 115.2 MB.
Total: 6.908708 ms (FindLiveObjects: 0.284875 ms CreateObjectMapping: 0.121083 ms MarkObjects: 5.738083 ms  DeleteObjects: 0.764041 ms)

Prepare: number of updated asset objects reloaded= 0
========================================================================
Received Prepare
Refreshing native plugins compatible for Editor in 2.22 ms, found 5 plugins.
Preloading 0 native plugins for Editor in 0.00 ms.
Unloading 0 Unused Serialized files (Serialized files now loaded: 0)
Unloading 4613 unused Assets / (1.0 MB). Loaded Objects now: 5227.
Memory consumption went from 115.8 MB to 114.8 MB.
Total: 6.754333 ms (FindLiveObjects: 0.305875 ms CreateObjectMapping: 0.122083 ms MarkObjects: 5.561625 ms  DeleteObjects: 0.764333 ms)

Prepare: number of updated asset objects reloaded= 0
========================================================================
Received Prepare
Refreshing native plugins compatible for Editor in 2.25 ms, found 5 plugins.
Preloading 0 native plugins for Editor in 0.00 ms.
Unloading 0 Unused Serialized files (Serialized files now loaded: 0)
Unloading 4613 unused Assets / (1.0 MB). Loaded Objects now: 5227.
Memory consumption went from 115.5 MB to 114.5 MB.
Total: 6.602125 ms (FindLiveObjects: 0.306458 ms CreateObjectMapping: 0.129333 ms MarkObjects: 5.444625 ms  DeleteObjects: 0.721166 ms)

Prepare: number of updated asset objects reloaded= 0
========================================================================
Received Prepare
Refreshing native plugins compatible for Editor in 2.25 ms, found 5 plugins.
Preloading 0 native plugins for Editor in 0.00 ms.
Unloading 0 Unused Serialized files (Serialized files now loaded: 0)
Unloading 4613 unused Assets / (1.0 MB). Loaded Objects now: 5227.
Memory consumption went from 115.1 MB to 114.1 MB.
Total: 6.665584 ms (FindLiveObjects: 0.298209 ms CreateObjectMapping: 0.132000 ms MarkObjects: 5.465500 ms  DeleteObjects: 0.769292 ms)

Prepare: number of updated asset objects reloaded= 0
========================================================================
Received Prepare
Refreshing native plugins compatible for Editor in 2.24 ms, found 5 plugins.
Preloading 0 native plugins for Editor in 0.00 ms.
Unloading 0 Unused Serialized files (Serialized files now loaded: 0)
Unloading 4613 unused Assets / (0.9 MB). Loaded Objects now: 5227.
Memory consumption went from 114.8 MB to 113.9 MB.
Total: 6.875042 ms (FindLiveObjects: 0.331375 ms CreateObjectMapping: 0.129625 ms MarkObjects: 5.656708 ms  DeleteObjects: 0.756958 ms)

Prepare: number of updated asset objects reloaded= 0
========================================================================
Received Prepare
Refreshing native plugins compatible for Editor in 2.33 ms, found 5 plugins.
Preloading 0 native plugins for Editor in 0.00 ms.
Unloading 0 Unused Serialized files (Serialized files now loaded: 0)
Unloading 4613 unused Assets / (1.0 MB). Loaded Objects now: 5227.
Memory consumption went from 114.5 MB to 113.5 MB.
Total: 6.910458 ms (FindLiveObjects: 0.305375 ms CreateObjectMapping: 0.152084 ms MarkObjects: 5.687666 ms  DeleteObjects: 0.764541 ms)

Prepare: number of updated asset objects reloaded= 0
========================================================================
Received Prepare
Refreshing native plugins compatible for Editor in 2.24 ms, found 5 plugins.
Preloading 0 native plugins for Editor in 0.00 ms.
Unloading 0 Unused Serialized files (Serialized files now loaded: 0)
Unloading 4613 unused Assets / (0.9 MB). Loaded Objects now: 5227.
Memory consumption went from 114.1 MB to 113.2 MB.
Total: 6.928458 ms (FindLiveObjects: 0.337250 ms CreateObjectMapping: 0.131125 ms MarkObjects: 5.661750 ms  DeleteObjects: 0.797750 ms)

Prepare: number of updated asset objects reloaded= 0
========================================================================
Received Prepare
Refreshing native plugins compatible for Editor in 2.24 ms, found 5 plugins.
Preloading 0 native plugins for Editor in 0.00 ms.
Unloading 0 Unused Serialized files (Serialized files now loaded: 0)
Unloading 4613 unused Assets / (1.0 MB). Loaded Objects now: 5227.
Memory consumption went from 113.8 MB to 112.8 MB.
Total: 6.791333 ms (FindLiveObjects: 0.307167 ms CreateObjectMapping: 0.128708 ms MarkObjects: 5.606375 ms  DeleteObjects: 0.748583 ms)

Prepare: number of updated asset objects reloaded= 0
========================================================================
Received Prepare
Refreshing native plugins compatible for Editor in 2.25 ms, found 5 plugins.
Preloading 0 native plugins for Editor in 0.00 ms.
Unloading 0 Unused Serialized files (Serialized files now loaded: 0)
Unloading 4613 unused Assets / (1.0 MB). Loaded Objects now: 5227.
Memory consumption went from 113.4 MB to 112.4 MB.
Total: 6.617458 ms (FindLiveObjects: 0.307125 ms CreateObjectMapping: 0.122208 ms MarkObjects: 5.458333 ms  DeleteObjects: 0.729583 ms)

Prepare: number of updated asset objects reloaded= 0
========================================================================
Received Prepare
Refreshing native plugins compatible for Editor in 6.85 ms, found 5 plugins.
Preloading 0 native plugins for Editor in 0.00 ms.
Unloading 0 Unused Serialized files (Serialized files now loaded: 0)
Unloading 4615 unused Assets / (0.7 MB). Loaded Objects now: 5227.
Memory consumption went from 113.1 MB to 112.4 MB.
Total: 15.141458 ms (FindLiveObjects: 0.350166 ms CreateObjectMapping: 0.129167 ms MarkObjects: 13.974250 ms  DeleteObjects: 0.687416 ms)

Prepare: number of updated asset objects reloaded= 0
========================================================================
Received Prepare
Refreshing native plugins compatible for Editor in 2.27 ms, found 5 plugins.
Preloading 0 native plugins for Editor in 0.00 ms.
Unloading 0 Unused Serialized files (Serialized files now loaded: 0)
Unloading 4615 unused Assets / (1.0 MB). Loaded Objects now: 5227.
Memory consumption went from 112.7 MB to 111.7 MB.
Total: 6.946834 ms (FindLiveObjects: 0.340750 ms CreateObjectMapping: 0.130417 ms MarkObjects: 5.686000 ms  DeleteObjects: 0.789208 ms)

Prepare: number of updated asset objects reloaded= 0
========================================================================
Received Prepare
Refreshing native plugins compatible for Editor in 2.20 ms, found 5 plugins.
Preloading 0 native plugins for Editor in 0.00 ms.
Unloading 0 Unused Serialized files (Serialized files now loaded: 0)
Unloading 4615 unused Assets / (1.0 MB). Loaded Objects now: 5227.
Memory consumption went from 112.4 MB to 111.3 MB.
Total: 6.740416 ms (FindLiveObjects: 0.282667 ms CreateObjectMapping: 0.151916 ms MarkObjects: 5.584959 ms  DeleteObjects: 0.720625 ms)

Prepare: number of updated asset objects reloaded= 0
========================================================================
Received Prepare
Refreshing native plugins compatible for Editor in 2.27 ms, found 5 plugins.
Preloading 0 native plugins for Editor in 0.00 ms.
Unloading 0 Unused Serialized files (Serialized files now loaded: 0)
Unloading 4615 unused Assets / (1.0 MB). Loaded Objects now: 5227.
Memory consumption went from 112.0 MB to 111.0 MB.
Total: 6.766625 ms (FindLiveObjects: 0.299750 ms CreateObjectMapping: 0.124292 ms MarkObjects: 5.585791 ms  DeleteObjects: 0.756083 ms)

Prepare: number of updated asset objects reloaded= 0
========================================================================
Received Prepare
Refreshing native plugins compatible for Editor in 2.29 ms, found 5 plugins.
Preloading 0 native plugins for Editor in 0.00 ms.
Unloading 0 Unused Serialized files (Serialized files now loaded: 0)
Unloading 4615 unused Assets / (1.0 MB). Loaded Objects now: 5227.
Memory consumption went from 111.7 MB to 110.7 MB.
Total: 6.640709 ms (FindLiveObjects: 0.310750 ms CreateObjectMapping: 0.132125 ms MarkObjects: 5.466958 ms  DeleteObjects: 0.730250 ms)

Prepare: number of updated asset objects reloaded= 0
========================================================================
Received Prepare
Refreshing native plugins compatible for Editor in 2.16 ms, found 5 plugins.
Preloading 0 native plugins for Editor in 0.00 ms.
Unloading 0 Unused Serialized files (Serialized files now loaded: 0)
Unloading 4615 unused Assets / (0.9 MB). Loaded Objects now: 5227.
Memory consumption went from 111.4 MB to 110.4 MB.
Total: 7.351584 ms (FindLiveObjects: 0.327792 ms CreateObjectMapping: 0.132583 ms MarkObjects: 5.977916 ms  DeleteObjects: 0.912792 ms)

Prepare: number of updated asset objects reloaded= 0
========================================================================
Received Prepare
Refreshing native plugins compatible for Editor in 2.26 ms, found 5 plugins.
Preloading 0 native plugins for Editor in 0.00 ms.
Unloading 0 Unused Serialized files (Serialized files now loaded: 0)
Unloading 4615 unused Assets / (1.0 MB). Loaded Objects now: 5227.
Memory consumption went from 111.0 MB to 110.1 MB.
Total: 7.206833 ms (FindLiveObjects: 0.385541 ms CreateObjectMapping: 0.126334 ms MarkObjects: 5.877708 ms  DeleteObjects: 0.816708 ms)

Prepare: number of updated asset objects reloaded= 0
========================================================================
Received Prepare
Refreshing native plugins compatible for Editor in 2.22 ms, found 5 plugins.
Preloading 0 native plugins for Editor in 0.00 ms.
Unloading 0 Unused Serialized files (Serialized files now loaded: 0)
Unloading 4615 unused Assets / (1.0 MB). Loaded Objects now: 5227.
Memory consumption went from 110.7 MB to 109.7 MB.
Total: 6.691167 ms (FindLiveObjects: 0.307875 ms CreateObjectMapping: 0.128125 ms MarkObjects: 5.494625 ms  DeleteObjects: 0.760208 ms)

Prepare: number of updated asset objects reloaded= 0
========================================================================
Received Prepare
Refreshing native plugins compatible for Editor in 2.29 ms, found 5 plugins.
Preloading 0 native plugins for Editor in 0.00 ms.
Unloading 0 Unused Serialized files (Serialized files now loaded: 0)
Unloading 4615 unused Assets / (1.0 MB). Loaded Objects now: 5227.
Memory consumption went from 110.4 MB to 109.4 MB.
Total: 6.602125 ms (FindLiveObjects: 0.293166 ms CreateObjectMapping: 0.132375 ms MarkObjects: 5.432792 ms  DeleteObjects: 0.742959 ms)

Prepare: number of updated asset objects reloaded= 0
========================================================================
Received Prepare
Refreshing native plugins compatible for Editor in 2.25 ms, found 5 plugins.
Preloading 0 native plugins for Editor in 0.00 ms.
Unloading 0 Unused Serialized files (Serialized files now loaded: 0)
Unloading 4615 unused Assets / (1.0 MB). Loaded Objects now: 5227.
Memory consumption went from 110.0 MB to 109.0 MB.
Total: 6.959083 ms (FindLiveObjects: 0.331708 ms CreateObjectMapping: 0.134417 ms MarkObjects: 5.695000 ms  DeleteObjects: 0.797500 ms)

Prepare: number of updated asset objects reloaded= 0
========================================================================
Received Prepare
Refreshing native plugins compatible for Editor in 2.24 ms, found 5 plugins.
Preloading 0 native plugins for Editor in 0.00 ms.
Unloading 0 Unused Serialized files (Serialized files now loaded: 0)
Unloading 4615 unused Assets / (1.0 MB). Loaded Objects now: 5227.
Memory consumption went from 109.7 MB to 108.6 MB.
Total: 6.766834 ms (FindLiveObjects: 0.309792 ms CreateObjectMapping: 0.130292 ms MarkObjects: 5.562459 ms  DeleteObjects: 0.763584 ms)

Prepare: number of updated asset objects reloaded= 0
========================================================================
Received Prepare
Refreshing native plugins compatible for Editor in 7.40 ms, found 5 plugins.
Preloading 0 native plugins for Editor in 0.00 ms.
Unloading 0 Unused Serialized files (Serialized files now loaded: 0)
Unloading 4617 unused Assets / (0.6 MB). Loaded Objects now: 5227.
Memory consumption went from 109.3 MB to 108.7 MB.
Total: 25.089541 ms (FindLiveObjects: 0.354167 ms CreateObjectMapping: 0.127959 ms MarkObjects: 23.836667 ms  DeleteObjects: 0.767708 ms)

Prepare: number of updated asset objects reloaded= 0
========================================================================
Received Prepare
Refreshing native plugins compatible for Editor in 2.25 ms, found 5 plugins.
Preloading 0 native plugins for Editor in 0.00 ms.
Unloading 0 Unused Serialized files (Serialized files now loaded: 0)
Unloading 4617 unused Assets / (0.9 MB). Loaded Objects now: 5227.
Memory consumption went from 109.0 MB to 108.0 MB.
Total: 6.822125 ms (FindLiveObjects: 0.306333 ms CreateObjectMapping: 0.146750 ms MarkObjects: 5.633125 ms  DeleteObjects: 0.734958 ms)

Prepare: number of updated asset objects reloaded= 0
========================================================================
Received Prepare
Refreshing native plugins compatible for Editor in 2.30 ms, found 5 plugins.
Preloading 0 native plugins for Editor in 0.00 ms.
Unloading 0 Unused Serialized files (Serialized files now loaded: 0)
Unloading 4617 unused Assets / (1.0 MB). Loaded Objects now: 5227.
Memory consumption went from 108.6 MB to 107.7 MB.
Total: 6.703625 ms (FindLiveObjects: 0.309416 ms CreateObjectMapping: 0.123000 ms MarkObjects: 5.536333 ms  DeleteObjects: 0.734083 ms)

Prepare: number of updated asset objects reloaded= 0
========================================================================
Received Prepare
Refreshing native plugins compatible for Editor in 2.23 ms, found 5 plugins.
Preloading 0 native plugins for Editor in 0.00 ms.
Unloading 0 Unused Serialized files (Serialized files now loaded: 0)
Unloading 4617 unused Assets / (1.0 MB). Loaded Objects now: 5227.
Memory consumption went from 108.3 MB to 107.3 MB.
Total: 6.577875 ms (FindLiveObjects: 0.309000 ms CreateObjectMapping: 0.132625 ms MarkObjects: 5.403417 ms  DeleteObjects: 0.732625 ms)

Prepare: number of updated asset objects reloaded= 0
========================================================================
Received Prepare
Refreshing native plugins compatible for Editor in 2.28 ms, found 5 plugins.
Preloading 0 native plugins for Editor in 0.00 ms.
Unloading 0 Unused Serialized files (Serialized files now loaded: 0)
Unloading 4617 unused Assets / (1.0 MB). Loaded Objects now: 5227.
Memory consumption went from 107.9 MB to 107.0 MB.
Total: 6.718500 ms (FindLiveObjects: 0.310583 ms CreateObjectMapping: 0.126500 ms MarkObjects: 5.531917 ms  DeleteObjects: 0.749250 ms)

Prepare: number of updated asset objects reloaded= 0
========================================================================
Received Prepare
Refreshing native plugins compatible for Editor in 2.27 ms, found 5 plugins.
Preloading 0 native plugins for Editor in 0.00 ms.
Unloading 0 Unused Serialized files (Serialized files now loaded: 0)
Unloading 4617 unused Assets / (1.0 MB). Loaded Objects now: 5227.
Memory consumption went from 107.6 MB to 106.6 MB.
Total: 6.737084 ms (FindLiveObjects: 0.306958 ms CreateObjectMapping: 0.126333 ms MarkObjects: 5.524750 ms  DeleteObjects: 0.778750 ms)

Prepare: number of updated asset objects reloaded= 0
========================================================================
Received Prepare
Refreshing native plugins compatible for Editor in 2.21 ms, found 5 plugins.
Preloading 0 native plugins for Editor in 0.00 ms.
Unloading 0 Unused Serialized files (Serialized files now loaded: 0)
Unloading 4617 unused Assets / (0.9 MB). Loaded Objects now: 5227.
Memory consumption went from 107.3 MB to 106.3 MB.
Total: 6.984583 ms (FindLiveObjects: 0.332792 ms CreateObjectMapping: 0.133250 ms MarkObjects: 5.729708 ms  DeleteObjects: 0.788166 ms)

Prepare: number of updated asset objects reloaded= 0
========================================================================
Received Prepare
Refreshing native plugins compatible for Editor in 2.18 ms, found 5 plugins.
Preloading 0 native plugins for Editor in 0.00 ms.
Unloading 0 Unused Serialized files (Serialized files now loaded: 0)
Unloading 4617 unused Assets / (1.0 MB). Loaded Objects now: 5227.
Memory consumption went from 106.9 MB to 105.9 MB.
Total: 6.800125 ms (FindLiveObjects: 0.307834 ms CreateObjectMapping: 0.127416 ms MarkObjects: 5.625917 ms  DeleteObjects: 0.738375 ms)

Prepare: number of updated asset objects reloaded= 0
========================================================================
Received Prepare
Refreshing native plugins compatible for Editor in 2.27 ms, found 5 plugins.
Preloading 0 native plugins for Editor in 0.00 ms.
Unloading 0 Unused Serialized files (Serialized files now loaded: 0)
Unloading 4617 unused Assets / (1.0 MB). Loaded Objects now: 5227.
Memory consumption went from 106.6 MB to 105.6 MB.
Total: 6.666792 ms (FindLiveObjects: 0.306291 ms CreateObjectMapping: 0.129709 ms MarkObjects: 5.508458 ms  DeleteObjects: 0.721833 ms)

Prepare: number of updated asset objects reloaded= 0
========================================================================
Received Prepare
Refreshing native plugins compatible for Editor in 2.24 ms, found 5 plugins.
Preloading 0 native plugins for Editor in 0.00 ms.
Unloading 0 Unused Serialized files (Serialized files now loaded: 0)
Unloading 4617 unused Assets / (1.0 MB). Loaded Objects now: 5227.
Memory consumption went from 106.3 MB to 105.3 MB.
Total: 6.719000 ms (FindLiveObjects: 0.304542 ms CreateObjectMapping: 0.126500 ms MarkObjects: 5.493416 ms  DeleteObjects: 0.793792 ms)

Prepare: number of updated asset objects reloaded= 0
========================================================================
Received Prepare
Refreshing native plugins compatible for Editor in 2.28 ms, found 5 plugins.
Preloading 0 native plugins for Editor in 0.00 ms.
Unloading 0 Unused Serialized files (Serialized files now loaded: 0)
Unloading 4617 unused Assets / (1.0 MB). Loaded Objects now: 5227.
Memory consumption went from 105.9 MB to 104.9 MB.
Total: 6.819625 ms (FindLiveObjects: 0.307958 ms CreateObjectMapping: 0.128042 ms MarkObjects: 5.630875 ms  DeleteObjects: 0.752291 ms)

Prepare: number of updated asset objects reloaded= 0
========================================================================
Received Prepare
Begin MonoManager ReloadAssembly
Thread 0x316487000 may have been prematurely finalized
- Loaded All Assemblies, in  0.623 seconds
Refreshing native plugins compatible for Editor in 2.13 ms, found 8 plugins.
Native extension for LinuxStandalone target not found
Native extension for AppleTV target not found
Native extension for iOS target not found
Native extension for Android target not found
Native extension for WindowsStandalone target not found
Native extension for VisionOS target not found
Native extension for OSXStandalone target not found
Native extension for WebGL target not found
Mono: successfully reloaded assembly
[Package Manager] Failed to launch server process. Reason: Unity was launched with the -noUpm command-line argument
[Package Manager] Unable to send message (not connected to server process).
[Package Manager] Cannot connect to Unity Package Manager local server
- Finished resetting the current domain, in  0.752 seconds
Domain Reload Profiling: 1377ms
	BeginReloadAssembly (162ms)
		ExecutionOrderSort (0ms)
		DisableScriptedObjects (21ms)
		BackupInstance (0ms)
		ReleaseScriptingObjects (0ms)
		CreateAndSetChildDomain (68ms)
	RebuildCommonClasses (32ms)
	RebuildNativeTypeToScriptingClass (12ms)
	initialDomainReloadingComplete (23ms)
	LoadAllAssembliesAndSetupDomain (395ms)
		LoadAssemblies (261ms)
		RebuildTransferFunctionScriptingTraits (0ms)
		AnalyzeDomain (174ms)
			TypeCache.Refresh (84ms)
				TypeCache.ScanAssembly (69ms)
			BuildScriptInfoCaches (83ms)
			ResolveRequiredComponents (5ms)
	FinalizeReload (753ms)
		ReleaseScriptCaches (0ms)
		RebuildScriptCaches (0ms)
		SetupLoadedEditorAssemblies (595ms)
			LogAssemblyErrors (0ms)
			InitializePlatformSupportModulesInManaged (43ms)
			SetLoadedEditorAssemblies (5ms)
			BeforeProcessingInitializeOnLoad (70ms)
			ProcessInitializeOnLoadAttributes (338ms)
			ProcessInitializeOnLoadMethodAttributes (138ms)
			AfterProcessingInitializeOnLoad (1ms)
			EditorAssembliesLoaded (0ms)
		ExecutionOrderSort2 (0ms)
		AwakeInstancesAfterBackupRestoration (5ms)
Refreshing native plugins compatible for Editor in 3.76 ms, found 8 plugins.
Preloading 0 native plugins for Editor in 0.00 ms.
Unloading 0 Unused Serialized files (Serialized files now loaded: 0)
Unloading 4665 unused Assets / (1.4 MB). Loaded Objects now: 5221.
Memory consumption went from 123.8 MB to 122.4 MB.
Total: 7.024792 ms (FindLiveObjects: 0.255875 ms CreateObjectMapping: 0.150042 ms MarkObjects: 5.461833 ms  DeleteObjects: 1.156375 ms)

Prepare: number of updated asset objects reloaded= 0
========================================================================
Received Prepare
Refreshing native plugins compatible for Editor in 2.55 ms, found 8 plugins.
Preloading 0 native plugins for Editor in 0.00 ms.
Unloading 0 Unused Serialized files (Serialized files now loaded: 0)
Unloading 4619 unused Assets / (1.0 MB). Loaded Objects now: 5221.
Memory consumption went from 110.4 MB to 109.4 MB.
Total: 6.731167 ms (FindLiveObjects: 0.279167 ms CreateObjectMapping: 0.127916 ms MarkObjects: 5.657792 ms  DeleteObjects: 0.665625 ms)

Prepare: number of updated asset objects reloaded= 0
========================================================================
Received Prepare
Refreshing native plugins compatible for Editor in 2.94 ms, found 8 plugins.
Preloading 0 native plugins for Editor in 0.00 ms.
Unloading 0 Unused Serialized files (Serialized files now loaded: 0)
Unloading 4619 unused Assets / (0.9 MB). Loaded Objects now: 5221.
Memory consumption went from 110.0 MB to 109.0 MB.
Total: 6.898042 ms (FindLiveObjects: 0.334041 ms CreateObjectMapping: 0.127875 ms MarkObjects: 5.636959 ms  DeleteObjects: 0.798500 ms)

Prepare: number of updated asset objects reloaded= 0
========================================================================
Received Prepare
Refreshing native plugins compatible for Editor in 2.80 ms, found 8 plugins.
Preloading 0 native plugins for Editor in 0.00 ms.
Unloading 0 Unused Serialized files (Serialized files now loaded: 0)
Unloading 4619 unused Assets / (1.0 MB). Loaded Objects now: 5221.
Memory consumption went from 109.6 MB to 108.6 MB.
Total: 6.613750 ms (FindLiveObjects: 0.297917 ms CreateObjectMapping: 0.123041 ms MarkObjects: 5.455917 ms  DeleteObjects: 0.736500 ms)

Prepare: number of updated asset objects reloaded= 0
========================================================================
Received Prepare
Refreshing native plugins compatible for Editor in 2.79 ms, found 8 plugins.
Preloading 0 native plugins for Editor in 0.00 ms.
Unloading 0 Unused Serialized files (Serialized files now loaded: 0)
Unloading 4619 unused Assets / (1.0 MB). Loaded Objects now: 5221.
Memory consumption went from 109.3 MB to 108.3 MB.
Total: 6.781083 ms (FindLiveObjects: 0.307958 ms CreateObjectMapping: 0.131417 ms MarkObjects: 5.540833 ms  DeleteObjects: 0.800416 ms)

Prepare: number of updated asset objects reloaded= 0
========================================================================
Received Prepare
Refreshing native plugins compatible for Editor in 2.76 ms, found 8 plugins.
Preloading 0 native plugins for Editor in 0.00 ms.
Unloading 0 Unused Serialized files (Serialized files now loaded: 0)
Unloading 4619 unused Assets / (0.9 MB). Loaded Objects now: 5221.
Memory consumption went from 108.9 MB to 108.0 MB.
Total: 6.574000 ms (FindLiveObjects: 0.301000 ms CreateObjectMapping: 0.128041 ms MarkObjects: 5.411333 ms  DeleteObjects: 0.732834 ms)

Prepare: number of updated asset objects reloaded= 0
========================================================================
Received Prepare
Refreshing native plugins compatible for Editor in 2.86 ms, found 8 plugins.
Preloading 0 native plugins for Editor in 0.00 ms.
Unloading 0 Unused Serialized files (Serialized files now loaded: 0)
Unloading 4619 unused Assets / (1.0 MB). Loaded Objects now: 5221.
Memory consumption went from 108.6 MB to 107.6 MB.
Total: 6.744875 ms (FindLiveObjects: 0.293334 ms CreateObjectMapping: 0.128791 ms MarkObjects: 5.594167 ms  DeleteObjects: 0.727833 ms)

Prepare: number of updated asset objects reloaded= 0
========================================================================
Received Prepare
Refreshing native plugins compatible for Editor in 12.19 ms, found 8 plugins.
Preloading 0 native plugins for Editor in 0.00 ms.
Unloading 0 Unused Serialized files (Serialized files now loaded: 0)
Unloading 4619 unused Assets / (297.2 KB). Loaded Objects now: 5221.
Memory consumption went from 108.3 MB to 108.0 MB.
Total: 21.787000 ms (FindLiveObjects: 0.690625 ms CreateObjectMapping: 0.143250 ms MarkObjects: 20.079625 ms  DeleteObjects: 0.872791 ms)

Prepare: number of updated asset objects reloaded= 0
========================================================================
Received Prepare
Refreshing native plugins compatible for Editor in 2.70 ms, found 8 plugins.
Preloading 0 native plugins for Editor in 0.00 ms.
Unloading 0 Unused Serialized files (Serialized files now loaded: 0)
Unloading 4619 unused Assets / (1.0 MB). Loaded Objects now: 5221.
Memory consumption went from 107.9 MB to 106.9 MB.
Total: 6.522208 ms (FindLiveObjects: 0.250500 ms CreateObjectMapping: 0.121791 ms MarkObjects: 5.463334 ms  DeleteObjects: 0.686250 ms)

Prepare: number of updated asset objects reloaded= 0
========================================================================
Received Prepare
Refreshing native plugins compatible for Editor in 2.73 ms, found 8 plugins.
Preloading 0 native plugins for Editor in 0.00 ms.
Unloading 0 Unused Serialized files (Serialized files now loaded: 0)
Unloading 4619 unused Assets / (1.0 MB). Loaded Objects now: 5221.
Memory consumption went from 107.6 MB to 106.6 MB.
Total: 7.169042 ms (FindLiveObjects: 0.301375 ms CreateObjectMapping: 0.128209 ms MarkObjects: 6.007750 ms  DeleteObjects: 0.731167 ms)

Prepare: number of updated asset objects reloaded= 0
========================================================================
Received Prepare
Begin MonoManager ReloadAssembly
Thread 0x318cdf000 may have been prematurely finalized
- Loaded All Assemblies, in  0.647 seconds
Refreshing native plugins compatible for Editor in 2.99 ms, found 8 plugins.
Native extension for LinuxStandalone target not found
Native extension for AppleTV target not found
Native extension for iOS target not found
Native extension for Android target not found
Native extension for WindowsStandalone target not found
Native extension for VisionOS target not found
Native extension for OSXStandalone target not found
Native extension for WebGL target not found
Mono: successfully reloaded assembly
[Package Manager] Failed to launch server process. Reason: Unity was launched with the -noUpm command-line argument
[Package Manager] Unable to send message (not connected to server process).
[Package Manager] Cannot connect to Unity Package Manager local server
- Finished resetting the current domain, in  0.765 seconds
Domain Reload Profiling: 1413ms
	BeginReloadAssembly (172ms)
		ExecutionOrderSort (0ms)
		DisableScriptedObjects (24ms)
		BackupInstance (0ms)
		ReleaseScriptingObjects (0ms)
		CreateAndSetChildDomain (75ms)
	RebuildCommonClasses (32ms)
	RebuildNativeTypeToScriptingClass (12ms)
	initialDomainReloadingComplete (32ms)
	LoadAllAssembliesAndSetupDomain (400ms)
		LoadAssemblies (274ms)
		RebuildTransferFunctionScriptingTraits (0ms)
		AnalyzeDomain (165ms)
			TypeCache.Refresh (74ms)
				TypeCache.ScanAssembly (63ms)
			BuildScriptInfoCaches (85ms)
			ResolveRequiredComponents (4ms)
	FinalizeReload (765ms)
		ReleaseScriptCaches (0ms)
		RebuildScriptCaches (0ms)
		SetupLoadedEditorAssemblies (612ms)
			LogAssemblyErrors (0ms)
			InitializePlatformSupportModulesInManaged (41ms)
			SetLoadedEditorAssemblies (5ms)
			BeforeProcessingInitializeOnLoad (71ms)
			ProcessInitializeOnLoadAttributes (354ms)
			ProcessInitializeOnLoadMethodAttributes (140ms)
			AfterProcessingInitializeOnLoad (1ms)
			EditorAssembliesLoaded (0ms)
		ExecutionOrderSort2 (0ms)
		AwakeInstancesAfterBackupRestoration (4ms)
Refreshing native plugins compatible for Editor in 3.09 ms, found 8 plugins.
Preloading 0 native plugins for Editor in 0.00 ms.
Unloading 0 Unused Serialized files (Serialized files now loaded: 0)
Unloading 4665 unused Assets / (1.7 MB). Loaded Objects now: 5232.
Memory consumption went from 124.1 MB to 122.5 MB.
Total: 7.123333 ms (FindLiveObjects: 0.250416 ms CreateObjectMapping: 0.149417 ms MarkObjects: 5.550500 ms  DeleteObjects: 1.172666 ms)

Prepare: number of updated asset objects reloaded= 0
