Unity Editor version:    6000.0.0b16 (1ddb887463a9)
Branch:                  trunk
Build type:              Release
Batch mode:              YES
macOS version:           Version 14.5 (Build 23F79)
Darwin version:          23.5.0
Architecture:            arm64
Running under Rosetta:   NO
Available memory:        18432 MB
Using pre-set license
Pro License: YES

COMMAND LINE ARGUMENTS:
/Applications/Unity/Hub/Editor/6000.0.0b16/Unity.app/Contents/MacOS/Unity
-adb2
-batchMode
-noUpm
-name
AssetImportWorker2
-projectPath
/Users/emma/Desktop/Repos/Orbital2024/Monorepo/Nuspirit/UnityIntegrationSpecific
-logFile
Logs/AssetImportWorker2.log
-srvPort
62519
-job-worker-count
5
-background-job-worker-count
8
-asset-garbage-collectors
1
Successfully changed project path to: /Users/emma/Desktop/Repos/Orbital2024/Monorepo/Nuspirit/UnityIntegrationSpecific
/Users/emma/Desktop/Repos/Orbital2024/Monorepo/Nuspirit/UnityIntegrationSpecific
[UnityMemory] Configuration Parameters - Can be set up in boot.config
    "memorysetup-bucket-allocator-granularity=16"
    "memorysetup-bucket-allocator-bucket-count=8"
    "memorysetup-bucket-allocator-block-size=33554432"
    "memorysetup-bucket-allocator-block-count=8"
    "memorysetup-main-allocator-block-size=16777216"
    "memorysetup-thread-allocator-block-size=16777216"
    "memorysetup-gfx-main-allocator-block-size=16777216"
    "memorysetup-gfx-thread-allocator-block-size=16777216"
    "memorysetup-cache-allocator-block-size=4194304"
    "memorysetup-typetree-allocator-block-size=2097152"
    "memorysetup-profiler-bucket-allocator-granularity=16"
    "memorysetup-profiler-bucket-allocator-bucket-count=8"
    "memorysetup-profiler-bucket-allocator-block-size=33554432"
    "memorysetup-profiler-bucket-allocator-block-count=8"
    "memorysetup-profiler-allocator-block-size=16777216"
    "memorysetup-profiler-editor-allocator-block-size=1048576"
    "memorysetup-temp-allocator-size-main=16777216"
    "memorysetup-job-temp-allocator-block-size=2097152"
    "memorysetup-job-temp-allocator-block-size-background=1048576"
    "memorysetup-job-temp-allocator-reduction-small-platforms=262144"
    "memorysetup-allocator-temp-initial-block-size-main=262144"
    "memorysetup-allocator-temp-initial-block-size-worker=262144"
    "memorysetup-temp-allocator-size-background-worker=32768"
    "memorysetup-temp-allocator-size-job-worker=262144"
    "memorysetup-temp-allocator-size-preload-manager=33554432"
    "memorysetup-temp-allocator-size-nav-mesh-worker=65536"
    "memorysetup-temp-allocator-size-audio-worker=65536"
    "memorysetup-temp-allocator-size-cloud-worker=32768"
    "memorysetup-temp-allocator-size-gi-baking-worker=262144"
    "memorysetup-temp-allocator-size-gi-baking-worker=262144"
    "memorysetup-temp-allocator-size-gi-baking-worker=262144"
    "memorysetup-temp-allocator-size-gi-baking-worker=262144"
    "memorysetup-temp-allocator-size-gi-baking-worker=262144"
    "memorysetup-temp-allocator-size-gfx=262144"
Player connection [8354925568]  Target information:

Player connection [8354925568]  * "[IP] 10.249.96.218 [Port] 0 [Flags] 2 [Guid] 2099425419 [EditorId] 2099425419 [Version] 1048832 [Id] OSXEditor(0,Xus-MacBook-Pro.local) [Debug] 1 [PackageName] OSXEditor [ProjectName] Editor" 

Player connection [8354925568] Host joined multi-casting on [225.0.0.222:54997]...
Player connection [8354925568] Host joined alternative multi-casting on [225.0.0.222:34997]...
JobSystem: Creating JobQueue using job-worker-count value 5
Library Redirect Path: Library/
[PhysX] Initialized MultithreadedTaskDispatcher with 6 workers.
Refreshing native plugins compatible for Editor in 4.20 ms, found 8 plugins.
Preloading 0 native plugins for Editor in 0.00 ms.
Initialize engine version: 6000.0.0b16 (1ddb887463a9)
[Subsystems] Discovering subsystems at path /Applications/Unity/Hub/Editor/6000.0.0b16/Unity.app/Contents/Resources/UnitySubsystems
[Subsystems] Discovering subsystems at path /Users/emma/Desktop/Repos/Orbital2024/Monorepo/Nuspirit/UnityIntegrationSpecific/Assets
GfxDevice: creating device client; kGfxThreadingModeNonThreaded
 preferred device: Apple M3 Pro (high power)
Metal devices available: 1
0: Apple M3 Pro (high power)
Using device Apple M3 Pro (high power)
Initializing Metal device caps: Apple M3 Pro
Initialize mono
Mono path[0] = '/Applications/Unity/Hub/Editor/6000.0.0b16/Unity.app/Contents/Managed'
Mono path[1] = '/Applications/Unity/Hub/Editor/6000.0.0b16/Unity.app/Contents/MonoBleedingEdge/lib/mono/unityjit-macos'
Mono config path = '/Applications/Unity/Hub/Editor/6000.0.0b16/Unity.app/Contents/MonoBleedingEdge/etc'
Using monoOptions --debugger-agent=transport=dt_socket,embedding=1,server=y,suspend=n,address=127.0.0.1:56455
Begin MonoManager ReloadAssembly
Registering precompiled unity dll's ...
Register platform support module: /Applications/Unity/Hub/Editor/6000.0.0b16/PlaybackEngines/WebGLSupport/UnityEditor.WebGL.Extensions.dll
Register platform support module: /Applications/Unity/Hub/Editor/6000.0.0b16/Unity.app/Contents/PlaybackEngines/MacStandaloneSupport/UnityEditor.OSXStandalone.Extensions.dll
Register platform support module: /Applications/Unity/Hub/Editor/6000.0.0b16/PlaybackEngines/VisionOSPlayer/UnityEditor.VisionOS.Extensions.dll
Register platform support module: /Applications/Unity/Hub/Editor/6000.0.0b16/PlaybackEngines/WindowsStandaloneSupport/UnityEditor.WindowsStandalone.Extensions.dll
Register platform support module: /Applications/Unity/Hub/Editor/6000.0.0b16/PlaybackEngines/AndroidPlayer/UnityEditor.Android.Extensions.dll
Register platform support module: /Applications/Unity/Hub/Editor/6000.0.0b16/PlaybackEngines/iOSSupport/UnityEditor.iOS.Extensions.dll
Register platform support module: /Applications/Unity/Hub/Editor/6000.0.0b16/PlaybackEngines/AppleTVSupport/UnityEditor.AppleTV.Extensions.dll
Register platform support module: /Applications/Unity/Hub/Editor/6000.0.0b16/PlaybackEngines/LinuxStandaloneSupport/UnityEditor.LinuxStandalone.Extensions.dll
Registered in 0.007384 seconds.
- Loaded All Assemblies, in  0.240 seconds
Native extension for LinuxStandalone target not found
[usbmuxd] Start listen thread
[usbmuxd] Listen thread started
[usbmuxd] Send listen message
Native extension for AppleTV target not found
Native extension for iOS target not found
Native extension for Android target not found
Android Extension - Scanning For ADB Devices 50 ms
Native extension for WindowsStandalone target not found
objc[90455]: Class XcodeScriptingDelegate is implemented in both /Applications/Unity/Hub/Editor/6000.0.0b16/PlaybackEngines/AppleTVSupport/arm64/UnityEditor.iOS.Native.dylib (0x31a058600) and /Applications/Unity/Hub/Editor/6000.0.0b16/PlaybackEngines/VisionOSPlayer/arm64/UnityEditor.VisionOS.Native.dylib (0x31a1ac600). One of the two will be used. Which one is undefined.
[usbmuxd] Start listen thread
[usbmuxd] Listen thread started
[usbmuxd] Send listen message
Native extension for VisionOS target not found
Native extension for OSXStandalone target not found
Native extension for WebGL target not found
Mono: successfully reloaded assembly
- Finished resetting the current domain, in  0.445 seconds
Domain Reload Profiling: 685ms
	BeginReloadAssembly (65ms)
		ExecutionOrderSort (0ms)
		DisableScriptedObjects (0ms)
		BackupInstance (0ms)
		ReleaseScriptingObjects (0ms)
		CreateAndSetChildDomain (0ms)
	RebuildCommonClasses (24ms)
	RebuildNativeTypeToScriptingClass (9ms)
	initialDomainReloadingComplete (34ms)
	LoadAllAssembliesAndSetupDomain (108ms)
		LoadAssemblies (67ms)
		RebuildTransferFunctionScriptingTraits (0ms)
		AnalyzeDomain (104ms)
			TypeCache.Refresh (103ms)
				TypeCache.ScanAssembly (94ms)
			BuildScriptInfoCaches (0ms)
			ResolveRequiredComponents (0ms)
	FinalizeReload (445ms)
		ReleaseScriptCaches (0ms)
		RebuildScriptCaches (0ms)
		SetupLoadedEditorAssemblies (411ms)
			LogAssemblyErrors (0ms)
			InitializePlatformSupportModulesInManaged (202ms)
			SetLoadedEditorAssemblies (3ms)
			BeforeProcessingInitializeOnLoad (3ms)
			ProcessInitializeOnLoadAttributes (69ms)
			ProcessInitializeOnLoadMethodAttributes (133ms)
			AfterProcessingInitializeOnLoad (0ms)
			EditorAssembliesLoaded (0ms)
		ExecutionOrderSort2 (0ms)
		AwakeInstancesAfterBackupRestoration (0ms)
========================================================================
Worker process is ready to serve import requests
Import Worker Mode flag is 0x00
Begin MonoManager ReloadAssembly
- Loaded All Assemblies, in  0.743 seconds
Refreshing native plugins compatible for Editor in 1.40 ms, found 8 plugins.
Native extension for LinuxStandalone target not found
Native extension for AppleTV target not found
Native extension for iOS target not found
Native extension for Android target not found
Native extension for WindowsStandalone target not found
Native extension for VisionOS target not found
Native extension for OSXStandalone target not found
Native extension for WebGL target not found
Mono: successfully reloaded assembly
Package Manager log level set to [2]
[Package Manager] Failed to launch server process. Reason: Unity was launched with the -noUpm command-line argument
[Package Manager] Unable to send message (not connected to server process).
[Package Manager] Cannot connect to Unity Package Manager local server
[Package Manager] Failed to launch server process. Reason: Unity was launched with the -noUpm command-line argument
[Package Manager] Unable to send message (not connected to server process).
[Package Manager] Cannot connect to Unity Package Manager local server
- Finished resetting the current domain, in  0.592 seconds
Domain Reload Profiling: 1335ms
	BeginReloadAssembly (303ms)
		ExecutionOrderSort (0ms)
		DisableScriptedObjects (3ms)
		BackupInstance (0ms)
		ReleaseScriptingObjects (0ms)
		CreateAndSetChildDomain (37ms)
	RebuildCommonClasses (26ms)
	RebuildNativeTypeToScriptingClass (9ms)
	initialDomainReloadingComplete (22ms)
	LoadAllAssembliesAndSetupDomain (382ms)
		LoadAssemblies (271ms)
		RebuildTransferFunctionScriptingTraits (0ms)
		AnalyzeDomain (144ms)
			TypeCache.Refresh (110ms)
				TypeCache.ScanAssembly (92ms)
			BuildScriptInfoCaches (29ms)
			ResolveRequiredComponents (3ms)
	FinalizeReload (592ms)
		ReleaseScriptCaches (0ms)
		RebuildScriptCaches (0ms)
		SetupLoadedEditorAssemblies (482ms)
			LogAssemblyErrors (0ms)
			InitializePlatformSupportModulesInManaged (28ms)
			SetLoadedEditorAssemblies (5ms)
			BeforeProcessingInitializeOnLoad (47ms)
			ProcessInitializeOnLoadAttributes (301ms)
			ProcessInitializeOnLoadMethodAttributes (100ms)
			AfterProcessingInitializeOnLoad (1ms)
			EditorAssembliesLoaded (0ms)
		ExecutionOrderSort2 (0ms)
		AwakeInstancesAfterBackupRestoration (3ms)
Launching external process: /Applications/Unity/Hub/Editor/6000.0.0b16/Unity.app/Contents/Tools/UnityShaderCompiler
Launched and connected shader compiler UnityShaderCompiler after 0.03 seconds
Refreshing native plugins compatible for Editor in 1.48 ms, found 8 plugins.
Preloading 0 native plugins for Editor in 0.00 ms.
Unloading 28 Unused Serialized files (Serialized files now loaded: 0)
Unloading 4659 unused Assets / (1.2 MB). Loaded Objects now: 5217.
Memory consumption went from 126.4 MB to 125.2 MB.
Total: 6.021625 ms (FindLiveObjects: 0.423750 ms CreateObjectMapping: 0.112375 ms MarkObjects: 4.369042 ms  DeleteObjects: 1.115916 ms)

========================================================================
Received Import Request.
  Time since last request: 63921.555013 seconds.
  path: Assets/Art/Effects/ChomperBits.png
  artifactKey: Guid(5c9afaa0f38d84ba7ac6b822ecbeb10b) Importer(2089858483,192608db42251d675da83286b1cce702)
Start importing Assets/Art/Effects/ChomperBits.png using Guid(5c9afaa0f38d84ba7ac6b822ecbeb10b) Importer(2089858483,192608db42251d675da83286b1cce702) (ScriptedImporter)[PhysX] Initialized MultithreadedTaskDispatcher with 6 workers.
 -> (artifact id: 'bf2fea96131036fb9ecd8d1fdeed8bb6') in 0.067200542 seconds
Number of updated asset objects reloaded before import = 0Number of asset objects unloaded after import = 7

========================================================================
Received Import Request.
  Time since last request: 0.000033 seconds.
  path: Assets/Art/Effects/BulletImpact2.png
  artifactKey: Guid(54fb93c3b1c63435497677033e000c98) Importer(2089858483,192608db42251d675da83286b1cce702)
Start importing Assets/Art/Effects/BulletImpact2.png using Guid(54fb93c3b1c63435497677033e000c98) Importer(2089858483,192608db42251d675da83286b1cce702) (ScriptedImporter)[PhysX] Initialized MultithreadedTaskDispatcher with 6 workers.
 -> (artifact id: 'ddae66a2ec6ca7ab44e8536f03348859') in 0.026792791 seconds
Number of updated asset objects reloaded before import = 0Number of asset objects unloaded after import = 22

========================================================================
Received Import Request.
  Time since last request: 0.000033 seconds.
  path: Assets/Art/Effects/AcidBubbles.png
  artifactKey: Guid(241ea14f6dbc8409589c201481605d70) Importer(2089858483,192608db42251d675da83286b1cce702)
Start importing Assets/Art/Effects/AcidBubbles.png using Guid(241ea14f6dbc8409589c201481605d70) Importer(2089858483,192608db42251d675da83286b1cce702) (ScriptedImporter)[PhysX] Initialized MultithreadedTaskDispatcher with 6 workers.
 -> (artifact id: 'a37d52a3cc8cc707178574c47de5834a') in 0.105318458 seconds
Number of updated asset objects reloaded before import = 0Number of asset objects unloaded after import = 115

========================================================================
Received Import Request.
  Time since last request: 0.000035 seconds.
  path: Assets/Art/JoystickBackground.png
  artifactKey: Guid(721820911538348b6a505c4b742b05da) Importer(2089858483,192608db42251d675da83286b1cce702)
Start importing Assets/Art/JoystickBackground.png using Guid(721820911538348b6a505c4b742b05da) Importer(2089858483,192608db42251d675da83286b1cce702) (ScriptedImporter)[PhysX] Initialized MultithreadedTaskDispatcher with 6 workers.
 -> (artifact id: '767326b5abd052dc5fcf809d7fc8df8d') in 0.007797375 seconds
Number of updated asset objects reloaded before import = 0Number of asset objects unloaded after import = 3

========================================================================
Received Import Request.
  Time since last request: 0.000042 seconds.
  path: Assets/Art/Effects/SoftSquare.png
  artifactKey: Guid(9a3380d512e70495689034d8c1e2c501) Importer(2089858483,192608db42251d675da83286b1cce702)
Start importing Assets/Art/Effects/SoftSquare.png using Guid(9a3380d512e70495689034d8c1e2c501) Importer(2089858483,192608db42251d675da83286b1cce702) (ScriptedImporter)[PhysX] Initialized MultithreadedTaskDispatcher with 6 workers.
 -> (artifact id: '36ff42dfe7dee81216fecabeacd20373') in 0.006586375 seconds
Number of updated asset objects reloaded before import = 0Number of asset objects unloaded after import = 3

========================================================================
Received Import Request.
  Time since last request: 0.000072 seconds.
  path: Assets/Art/backyard__tree_and_bench.png
  artifactKey: Guid(210bb57d9ac1743b38660ffbe4442086) Importer(2089858483,192608db42251d675da83286b1cce702)
Start importing Assets/Art/backyard__tree_and_bench.png using Guid(210bb57d9ac1743b38660ffbe4442086) Importer(2089858483,192608db42251d675da83286b1cce702) (ScriptedImporter)[PhysX] Initialized MultithreadedTaskDispatcher with 6 workers.
 -> (artifact id: 'a1c0df2e7f2223c5a1f552909b5b6810') in 0.009180834 seconds
Number of updated asset objects reloaded before import = 0Number of asset objects unloaded after import = 3

========================================================================
Received Import Request.
  Time since last request: 0.000067 seconds.
  path: Assets/Animation/Player/IdleUp.anim
  artifactKey: Guid(45cd26683cf6b471c9a7e1dd764892da) Importer(2089858483,192608db42251d675da83286b1cce702)
Start importing Assets/Animation/Player/IdleUp.anim using Guid(45cd26683cf6b471c9a7e1dd764892da) Importer(2089858483,192608db42251d675da83286b1cce702) (ScriptedImporter)[PhysX] Initialized MultithreadedTaskDispatcher with 6 workers.
 -> (artifact id: 'dc16ca838c5412e75fe3a77c15cfcb8d') in 0.005993667 seconds
Number of updated asset objects reloaded before import = 0Number of asset objects unloaded after import = 1

========================================================================
Received Import Request.
  Time since last request: 0.000091 seconds.
  path: Assets/Art/simple_grey_house_stairs_left.png
  artifactKey: Guid(931db4184665c468aba6ae9874805bd0) Importer(2089858483,192608db42251d675da83286b1cce702)
Start importing Assets/Art/simple_grey_house_stairs_left.png using Guid(931db4184665c468aba6ae9874805bd0) Importer(2089858483,192608db42251d675da83286b1cce702) (ScriptedImporter)[PhysX] Initialized MultithreadedTaskDispatcher with 6 workers.
 -> (artifact id: 'bcbfa4494f8875ed63c4ae28e5288b18') in 0.007890875 seconds
Number of updated asset objects reloaded before import = 0Number of asset objects unloaded after import = 3

========================================================================
Received Import Request.
  Time since last request: 0.000066 seconds.
  path: Assets/Animation/Player/WalkLeft.anim
  artifactKey: Guid(7bad31bee2bbb4105a0bfdd04b0cf458) Importer(2089858483,192608db42251d675da83286b1cce702)
Start importing Assets/Animation/Player/WalkLeft.anim using Guid(7bad31bee2bbb4105a0bfdd04b0cf458) Importer(2089858483,192608db42251d675da83286b1cce702) (ScriptedImporter)[PhysX] Initialized MultithreadedTaskDispatcher with 6 workers.
 -> (artifact id: '3bc8524f25f6e49dca844e5a1215a0c0') in 0.002300375 seconds
Number of updated asset objects reloaded before import = 0Number of asset objects unloaded after import = 1

========================================================================
Received Import Request.
  Time since last request: 0.000084 seconds.
  path: Assets/Animation/Player/Player.controller
  artifactKey: Guid(bd7eeb79eeea14396a458cb7ac58d510) Importer(2089858483,192608db42251d675da83286b1cce702)
Start importing Assets/Animation/Player/Player.controller using Guid(bd7eeb79eeea14396a458cb7ac58d510) Importer(2089858483,192608db42251d675da83286b1cce702) (ScriptedImporter)[PhysX] Initialized MultithreadedTaskDispatcher with 6 workers.
 -> (artifact id: 'd09715aabc929bd8a5532bda9db6eb42') in 0.004312666 seconds
Number of updated asset objects reloaded before import = 0Number of asset objects unloaded after import = 16

========================================================================
Received Import Request.
  Time since last request: 0.000029 seconds.
  path: Assets/Prefabs/EventSystem.prefab
  artifactKey: Guid(b3cd01cb5fdd34248a0a5ca48588fecf) Importer(2089858483,192608db42251d675da83286b1cce702)
Start importing Assets/Prefabs/EventSystem.prefab using Guid(b3cd01cb5fdd34248a0a5ca48588fecf) Importer(2089858483,192608db42251d675da83286b1cce702) (ScriptedImporter)[PhysX] Initialized MultithreadedTaskDispatcher with 6 workers.
 -> (artifact id: '9809b20f6e074f0eee94a5fadc77fb9b') in 0.014544333 seconds
Number of updated asset objects reloaded before import = 0Number of asset objects unloaded after import = 7

========================================================================
Received Import Request.
  Time since last request: 0.000037 seconds.
  path: Assets/Art/Effects/ThinCircle.png
  artifactKey: Guid(3b7fb516515334dd3a03fd8678f4f8c8) Importer(2089858483,192608db42251d675da83286b1cce702)
Start importing Assets/Art/Effects/ThinCircle.png using Guid(3b7fb516515334dd3a03fd8678f4f8c8) Importer(2089858483,192608db42251d675da83286b1cce702) (ScriptedImporter)[PhysX] Initialized MultithreadedTaskDispatcher with 6 workers.
 -> (artifact id: 'e1c1e84a7e099e7d185b17fb0a53ffdd') in 0.007656417 seconds
Number of updated asset objects reloaded before import = 0Number of asset objects unloaded after import = 3

========================================================================
Received Import Request.
  Time since last request: 0.000066 seconds.
  path: Assets/Scripts/SceneLoader.cs
  artifactKey: Guid(a23545b7469314b829b29015bf4c76d1) Importer(2089858483,192608db42251d675da83286b1cce702)
Start importing Assets/Scripts/SceneLoader.cs using Guid(a23545b7469314b829b29015bf4c76d1) Importer(2089858483,192608db42251d675da83286b1cce702) (ScriptedImporter)[PhysX] Initialized MultithreadedTaskDispatcher with 6 workers.
 -> (artifact id: '30d68881b334c8a2d45c6788a49ec565') in 0.001639167 seconds
Number of updated asset objects reloaded before import = 0Number of asset objects unloaded after import = 0

========================================================================
Received Import Request.
  Time since last request: 0.000089 seconds.
  path: Assets/Scripts/GameStateManager.cs
  artifactKey: Guid(41a64afdebb8a43819b539b465224cd1) Importer(2089858483,192608db42251d675da83286b1cce702)
Start importing Assets/Scripts/GameStateManager.cs using Guid(41a64afdebb8a43819b539b465224cd1) Importer(2089858483,192608db42251d675da83286b1cce702) (ScriptedImporter)[PhysX] Initialized MultithreadedTaskDispatcher with 6 workers.
 -> (artifact id: 'e67737fdf93107fe9b652742e9b2df5b') in 0.001339333 seconds
Number of updated asset objects reloaded before import = 0Number of asset objects unloaded after import = 0

========================================================================
Received Import Request.
  Time since last request: 0.000075 seconds.
  path: Assets/Animation/Player/IdleRight.anim
  artifactKey: Guid(0850f4dc1d5ca44e29213dd4c701d5d7) Importer(2089858483,192608db42251d675da83286b1cce702)
Start importing Assets/Animation/Player/IdleRight.anim using Guid(0850f4dc1d5ca44e29213dd4c701d5d7) Importer(2089858483,192608db42251d675da83286b1cce702) (ScriptedImporter)[PhysX] Initialized MultithreadedTaskDispatcher with 6 workers.
 -> (artifact id: '4a5f1715661fcb71717b585855555e37') in 0.003137958 seconds
Number of updated asset objects reloaded before import = 0Number of asset objects unloaded after import = 1

========================================================================
Received Import Request.
  Time since last request: 0.000161 seconds.
  path: Assets/Art/IndustrialSpriteSheet.png
  artifactKey: Guid(7aa4c1845bfd74c5493f9b8185a21d3c) Importer(2089858483,192608db42251d675da83286b1cce702)
Start importing Assets/Art/IndustrialSpriteSheet.png using Guid(7aa4c1845bfd74c5493f9b8185a21d3c) Importer(2089858483,192608db42251d675da83286b1cce702) (ScriptedImporter)[PhysX] Initialized MultithreadedTaskDispatcher with 6 workers.
 -> (artifact id: 'ffd54bdf50c3459369808aa92ff990c6') in 0.07741875 seconds
Number of updated asset objects reloaded before import = 0Number of asset objects unloaded after import = 74

========================================================================
Received Import Request.
  Time since last request: 0.000031 seconds.
  path: Assets/Adaptive Performance/Settings/Simulator Provider Settings.asset
  artifactKey: Guid(795e3a0290e38489db71adfe1cde2a94) Importer(2089858483,192608db42251d675da83286b1cce702)
Start importing Assets/Adaptive Performance/Settings/Simulator Provider Settings.asset using Guid(795e3a0290e38489db71adfe1cde2a94) Importer(2089858483,192608db42251d675da83286b1cce702) (ScriptedImporter)[PhysX] Initialized MultithreadedTaskDispatcher with 6 workers.
 -> (artifact id: '906fb0c1419f30223a5ebf7d30d0493c') in 0.007170708 seconds
Number of updated asset objects reloaded before import = 0Number of asset objects unloaded after import = 1

========================================================================
Received Import Request.
  Time since last request: 0.000152 seconds.
  path: Assets/TutorialInfo/Layout.wlt
  artifactKey: Guid(96e98bffd05413f489cd9851fc862d1f) Importer(2089858483,192608db42251d675da83286b1cce702)
Start importing Assets/TutorialInfo/Layout.wlt using Guid(96e98bffd05413f489cd9851fc862d1f) Importer(2089858483,192608db42251d675da83286b1cce702) (ScriptedImporter)[PhysX] Initialized MultithreadedTaskDispatcher with 6 workers.
 -> (artifact id: 'd52c501e22a3abed36db0cc86932d521') in 0.00102475 seconds
Number of updated asset objects reloaded before import = 0Number of asset objects unloaded after import = 1

========================================================================
Received Import Request.
  Time since last request: 0.000086 seconds.
  path: Assets/Art/Effects/Triangle.png
  artifactKey: Guid(e0f791f03966e4c3f8f0c6b5a7f959b2) Importer(2089858483,192608db42251d675da83286b1cce702)
Start importing Assets/Art/Effects/Triangle.png using Guid(e0f791f03966e4c3f8f0c6b5a7f959b2) Importer(2089858483,192608db42251d675da83286b1cce702) (ScriptedImporter)[PhysX] Initialized MultithreadedTaskDispatcher with 6 workers.
 -> (artifact id: '3ffae3ef9941713f4fb308c19e2b35fc') in 0.006554083 seconds
Number of updated asset objects reloaded before import = 0Number of asset objects unloaded after import = 3

========================================================================
Received Import Request.
  Time since last request: 0.000068 seconds.
  path: Assets/Scenes/LargeMapVenues.unity
  artifactKey: Guid(39a550379a569442193f3aa2f1df5ad9) Importer(2089858483,192608db42251d675da83286b1cce702)
Start importing Assets/Scenes/LargeMapVenues.unity using Guid(39a550379a569442193f3aa2f1df5ad9) Importer(2089858483,192608db42251d675da83286b1cce702) (ScriptedImporter)[PhysX] Initialized MultithreadedTaskDispatcher with 6 workers.
 -> (artifact id: '61a37be2d3558eff0bdf602fce95f734') in 0.001277541 seconds
Number of updated asset objects reloaded before import = 0Number of asset objects unloaded after import = 1

========================================================================
Received Import Request.
  Time since last request: 0.000112 seconds.
  path: Assets/Art/simple_brown_house_stairs_right.png
  artifactKey: Guid(becfe6ab7ef214554be2b75e0ae9daba) Importer(2089858483,192608db42251d675da83286b1cce702)
Start importing Assets/Art/simple_brown_house_stairs_right.png using Guid(becfe6ab7ef214554be2b75e0ae9daba) Importer(2089858483,192608db42251d675da83286b1cce702) (ScriptedImporter)[PhysX] Initialized MultithreadedTaskDispatcher with 6 workers.
 -> (artifact id: '15c161128558c010f62ad8ff12d1ed45') in 0.007727125 seconds
Number of updated asset objects reloaded before import = 0Number of asset objects unloaded after import = 3

========================================================================
Received Import Request.
  Time since last request: 0.000065 seconds.
  path: Assets/Art/Effects/shadow.png
  artifactKey: Guid(c404b42edecb1419a92720931b15edeb) Importer(2089858483,192608db42251d675da83286b1cce702)
Start importing Assets/Art/Effects/shadow.png using Guid(c404b42edecb1419a92720931b15edeb) Importer(2089858483,192608db42251d675da83286b1cce702) (ScriptedImporter)[PhysX] Initialized MultithreadedTaskDispatcher with 6 workers.
 -> (artifact id: '07d4cd052de7bbff81ecbaf93d53adc8') in 0.007257875 seconds
Number of updated asset objects reloaded before import = 0Number of asset objects unloaded after import = 3

========================================================================
Received Import Request.
  Time since last request: 0.000081 seconds.
  path: Assets/Animation/Player/IdleDown.anim
  artifactKey: Guid(d28edd2f098b0424f9c8a9e6a4a639ba) Importer(2089858483,192608db42251d675da83286b1cce702)
Start importing Assets/Animation/Player/IdleDown.anim using Guid(d28edd2f098b0424f9c8a9e6a4a639ba) Importer(2089858483,192608db42251d675da83286b1cce702) (ScriptedImporter)[PhysX] Initialized MultithreadedTaskDispatcher with 6 workers.
 -> (artifact id: '8802ae3fca91a29a1109228c8333e9ea') in 0.002026333 seconds
Number of updated asset objects reloaded before import = 0Number of asset objects unloaded after import = 1

========================================================================
Received Import Request.
  Time since last request: 0.000092 seconds.
  path: Assets/Prefabs/JoystickCanvas.prefab
  artifactKey: Guid(572e19507ef074acb8713a9735217f05) Importer(2089858483,192608db42251d675da83286b1cce702)
Start importing Assets/Prefabs/JoystickCanvas.prefab using Guid(572e19507ef074acb8713a9735217f05) Importer(2089858483,192608db42251d675da83286b1cce702) (ScriptedImporter)[PhysX] Initialized MultithreadedTaskDispatcher with 6 workers.
 -> (artifact id: 'd5b75156e5ba1bbcf2362a47acd782d8') in 0.012437167 seconds
Number of updated asset objects reloaded before import = 0Number of asset objects unloaded after import = 17

========================================================================
Received Import Request.
  Time since last request: 0.000036 seconds.
  path: Assets/Scenes/CLBAreaOutdoor.unity
  artifactKey: Guid(df9c15891a18a458fb969634c0a17ba3) Importer(2089858483,192608db42251d675da83286b1cce702)
Start importing Assets/Scenes/CLBAreaOutdoor.unity using Guid(df9c15891a18a458fb969634c0a17ba3) Importer(2089858483,192608db42251d675da83286b1cce702) (ScriptedImporter)[PhysX] Initialized MultithreadedTaskDispatcher with 6 workers.
 -> (artifact id: 'b86608e0fad84b5201c4687179d8beee') in 0.014670333 seconds
Number of updated asset objects reloaded before import = 0Number of asset objects unloaded after import = 1

========================================================================
Received Import Request.
  Time since last request: 0.000076 seconds.
  path: Assets/Art/simple_square_house_stairs_right.png.png
  artifactKey: Guid(a2d4299d5ce3845daa71f91fc586e07b) Importer(2089858483,192608db42251d675da83286b1cce702)
Start importing Assets/Art/simple_square_house_stairs_right.png.png using Guid(a2d4299d5ce3845daa71f91fc586e07b) Importer(2089858483,192608db42251d675da83286b1cce702) (ScriptedImporter)[PhysX] Initialized MultithreadedTaskDispatcher with 6 workers.
 -> (artifact id: '89107dea459e70ac06bfe9422deeccb4') in 0.006798167 seconds
Number of updated asset objects reloaded before import = 0Number of asset objects unloaded after import = 3

========================================================================
Received Import Request.
  Time since last request: 0.000081 seconds.
  path: Assets/Art/JoystickImg.png
  artifactKey: Guid(b990e4846498b477bb31855c822f36b9) Importer(2089858483,192608db42251d675da83286b1cce702)
Start importing Assets/Art/JoystickImg.png using Guid(b990e4846498b477bb31855c822f36b9) Importer(2089858483,192608db42251d675da83286b1cce702) (ScriptedImporter)[PhysX] Initialized MultithreadedTaskDispatcher with 6 workers.
 -> (artifact id: 'ebac05c52602b978a7d012f2369738c5') in 0.0073205 seconds
Number of updated asset objects reloaded before import = 0Number of asset objects unloaded after import = 3

========================================================================
Received Import Request.
  Time since last request: 0.000059 seconds.
  path: Assets/Art/EducationSpriteSheet.png
  artifactKey: Guid(521f6c54aabc14647826b8997dda58a1) Importer(2089858483,192608db42251d675da83286b1cce702)
Start importing Assets/Art/EducationSpriteSheet.png using Guid(521f6c54aabc14647826b8997dda58a1) Importer(2089858483,192608db42251d675da83286b1cce702) (ScriptedImporter)[PhysX] Initialized MultithreadedTaskDispatcher with 6 workers.
 -> (artifact id: 'b5169ff9a4c1e83aae0721152fe91207') in 0.009891792 seconds
Number of updated asset objects reloaded before import = 0Number of asset objects unloaded after import = 6

========================================================================
Received Import Request.
  Time since last request: 0.000042 seconds.
  path: Assets/Art/Effects/GrassParticle.png
  artifactKey: Guid(90f78f17565164a159c0632d3e4fe806) Importer(2089858483,192608db42251d675da83286b1cce702)
Start importing Assets/Art/Effects/GrassParticle.png using Guid(90f78f17565164a159c0632d3e4fe806) Importer(2089858483,192608db42251d675da83286b1cce702) (ScriptedImporter)[PhysX] Initialized MultithreadedTaskDispatcher with 6 workers.
 -> (artifact id: 'b43a60d2a96053665c1615a7fc08ee9a') in 0.010258583 seconds
Number of updated asset objects reloaded before import = 0Number of asset objects unloaded after import = 7

========================================================================
Received Import Request.
  Time since last request: 0.000027 seconds.
  path: Assets/Art/Airport.png
  artifactKey: Guid(b2f11cfb33ab74d6a87514e8ffbb013a) Importer(2089858483,192608db42251d675da83286b1cce702)
Start importing Assets/Art/Airport.png using Guid(b2f11cfb33ab74d6a87514e8ffbb013a) Importer(2089858483,192608db42251d675da83286b1cce702) (ScriptedImporter)[PhysX] Initialized MultithreadedTaskDispatcher with 6 workers.
 -> (artifact id: '036930d5f3d3cd8d1c370b42c1252937') in 0.0077245 seconds
Number of updated asset objects reloaded before import = 0Number of asset objects unloaded after import = 3

========================================================================
Received Import Request.
  Time since last request: 0.000058 seconds.
  path: Assets/Art/Effects/GunnerProjectileTrail.png
  artifactKey: Guid(40bebbbc2bd914deeab1c4a97c6d59e2) Importer(2089858483,192608db42251d675da83286b1cce702)
Start importing Assets/Art/Effects/GunnerProjectileTrail.png using Guid(40bebbbc2bd914deeab1c4a97c6d59e2) Importer(2089858483,192608db42251d675da83286b1cce702) (ScriptedImporter)[PhysX] Initialized MultithreadedTaskDispatcher with 6 workers.
 -> (artifact id: 'a1d18fd35b6a75248889c5a1a9c872fe') in 0.006973292 seconds
Number of updated asset objects reloaded before import = 0Number of asset objects unloaded after import = 3

========================================================================
Received Import Request.
  Time since last request: 0.000046 seconds.
  path: Assets/Databases/VenueDatabase.asset
  artifactKey: Guid(7a851abcb79b94880bcae63032219155) Importer(2089858483,192608db42251d675da83286b1cce702)
Start importing Assets/Databases/VenueDatabase.asset using Guid(7a851abcb79b94880bcae63032219155) Importer(2089858483,192608db42251d675da83286b1cce702) (ScriptedImporter)[PhysX] Initialized MultithreadedTaskDispatcher with 6 workers.
 -> (artifact id: 'c9f17cac1066f98ed6f6589c92f58d50') in 0.002075625 seconds
Number of updated asset objects reloaded before import = 0Number of asset objects unloaded after import = 1

========================================================================
Received Import Request.
  Time since last request: 0.000054 seconds.
  path: Assets/Art/Effects/Beam.png
  artifactKey: Guid(c6fdebafa43e04deb812ad080fa703f0) Importer(2089858483,192608db42251d675da83286b1cce702)
Start importing Assets/Art/Effects/Beam.png using Guid(c6fdebafa43e04deb812ad080fa703f0) Importer(2089858483,192608db42251d675da83286b1cce702) (ScriptedImporter)[PhysX] Initialized MultithreadedTaskDispatcher with 6 workers.
 -> (artifact id: 'fb144d895492ffd7fd7b0677d48c06d8') in 0.009809375 seconds
Number of updated asset objects reloaded before import = 0Number of asset objects unloaded after import = 4

========================================================================
Received Import Request.
  Time since last request: 0.000062 seconds.
  path: Assets/Art/house_with_carpark1.png
  artifactKey: Guid(18cd301762169464db696901aabbd7c4) Importer(2089858483,192608db42251d675da83286b1cce702)
Start importing Assets/Art/house_with_carpark1.png using Guid(18cd301762169464db696901aabbd7c4) Importer(2089858483,192608db42251d675da83286b1cce702) (ScriptedImporter)[PhysX] Initialized MultithreadedTaskDispatcher with 6 workers.
 -> (artifact id: '12d28fec88aec36f860fe37c8b8381cc') in 0.007506542 seconds
Number of updated asset objects reloaded before import = 0Number of asset objects unloaded after import = 3

========================================================================
Received Import Request.
  Time since last request: 0.000079 seconds.
  path: Assets/Art/simple_grey_house_stairs_right.png
  artifactKey: Guid(40b99e5844e4444a0a0734fe7e43560b) Importer(2089858483,192608db42251d675da83286b1cce702)
Start importing Assets/Art/simple_grey_house_stairs_right.png using Guid(40b99e5844e4444a0a0734fe7e43560b) Importer(2089858483,192608db42251d675da83286b1cce702) (ScriptedImporter)[PhysX] Initialized MultithreadedTaskDispatcher with 6 workers.
 -> (artifact id: '0b5d03eb3bd3be7f5e1c10924b6ca15a') in 0.007778833 seconds
Number of updated asset objects reloaded before import = 0Number of asset objects unloaded after import = 3

========================================================================
Received Import Request.
  Time since last request: 0.000112 seconds.
  path: Assets/Art/house_with_carpark2.png
  artifactKey: Guid(1fd3a438982394615a4eef1c07f25588) Importer(2089858483,192608db42251d675da83286b1cce702)
Start importing Assets/Art/house_with_carpark2.png using Guid(1fd3a438982394615a4eef1c07f25588) Importer(2089858483,192608db42251d675da83286b1cce702) (ScriptedImporter)[PhysX] Initialized MultithreadedTaskDispatcher with 6 workers.
 -> (artifact id: 'bc3c29f7133951a88c55453bf0c55877') in 0.007435 seconds
Number of updated asset objects reloaded before import = 0Number of asset objects unloaded after import = 3

========================================================================
Received Import Request.
  Time since last request: 0.000046 seconds.
  path: Assets/Prefabs/Facility.prefab
  artifactKey: Guid(819f433c90d2340a49a81b780fcb2f71) Importer(2089858483,192608db42251d675da83286b1cce702)
Start importing Assets/Prefabs/Facility.prefab using Guid(819f433c90d2340a49a81b780fcb2f71) Importer(2089858483,192608db42251d675da83286b1cce702) (ScriptedImporter)[PhysX] Initialized MultithreadedTaskDispatcher with 6 workers.
 -> (artifact id: '748790fb7d11db42a49c3a85883101aa') in 0.01327925 seconds
Number of updated asset objects reloaded before import = 0Number of asset objects unloaded after import = 6

========================================================================
Received Import Request.
  Time since last request: 0.000054 seconds.
  path: Assets/Art/UserCaracter.png
  artifactKey: Guid(a299b95ca7ac24ac8afa864e457a1648) Importer(2089858483,192608db42251d675da83286b1cce702)
Start importing Assets/Art/UserCaracter.png using Guid(a299b95ca7ac24ac8afa864e457a1648) Importer(2089858483,192608db42251d675da83286b1cce702) (ScriptedImporter)[PhysX] Initialized MultithreadedTaskDispatcher with 6 workers.
 -> (artifact id: 'b1b36d090edfd1aed40656b14d997dda') in 0.067202 seconds
Number of updated asset objects reloaded before import = 0Number of asset objects unloaded after import = 70

========================================================================
Received Import Request.
  Time since last request: 1.119980 seconds.
  path: Assets/Art/FloorPlans/Eusoff-Temasek-Hall.jpg
  artifactKey: Guid(222b1971ef40e4ec1b43eae3b006b5e0) Importer(2089858483,192608db42251d675da83286b1cce702)
Start importing Assets/Art/FloorPlans/Eusoff-Temasek-Hall.jpg using Guid(222b1971ef40e4ec1b43eae3b006b5e0) Importer(2089858483,192608db42251d675da83286b1cce702) (ScriptedImporter)[PhysX] Initialized MultithreadedTaskDispatcher with 6 workers.
 -> (artifact id: 'c451930ff819211249636f7ab1d9b0c9') in 0.01008725 seconds
Number of updated asset objects reloaded before import = 0Number of asset objects unloaded after import = 3

========================================================================
Received Import Request.
  Time since last request: 0.000077 seconds.
  path: Assets/Art/Interactables/PixelIndoor_38.asset
  artifactKey: Guid(83290ac8ad822483db604837f2fe8769) Importer(2089858483,192608db42251d675da83286b1cce702)
Start importing Assets/Art/Interactables/PixelIndoor_38.asset using Guid(83290ac8ad822483db604837f2fe8769) Importer(2089858483,192608db42251d675da83286b1cce702) (ScriptedImporter)[PhysX] Initialized MultithreadedTaskDispatcher with 6 workers.
 -> (artifact id: '989ea06a2666f6ba53161510bc9bf5d9') in 0.004322667 seconds
Number of updated asset objects reloaded before import = 0Number of asset objects unloaded after import = 2

========================================================================
Received Import Request.
  Time since last request: 0.000031 seconds.
  path: Assets/Art/Interactables/PixelIndoor_8.asset
  artifactKey: Guid(b0a826f805ab1456fa44b161be5b23bf) Importer(2089858483,192608db42251d675da83286b1cce702)
Start importing Assets/Art/Interactables/PixelIndoor_8.asset using Guid(b0a826f805ab1456fa44b161be5b23bf) Importer(2089858483,192608db42251d675da83286b1cce702) (ScriptedImporter)[PhysX] Initialized MultithreadedTaskDispatcher with 6 workers.
 -> (artifact id: '40d7c401880740369cf57a73716db3bb') in 0.004431458 seconds
Number of updated asset objects reloaded before import = 0Number of asset objects unloaded after import = 2

========================================================================
Received Import Request.
  Time since last request: 0.000070 seconds.
  path: Assets/Art/Interactables/PixelIndoor_82.asset
  artifactKey: Guid(4e2dd5b5aea0142d48a481b56419bc51) Importer(2089858483,192608db42251d675da83286b1cce702)
Start importing Assets/Art/Interactables/PixelIndoor_82.asset using Guid(4e2dd5b5aea0142d48a481b56419bc51) Importer(2089858483,192608db42251d675da83286b1cce702) (ScriptedImporter)[PhysX] Initialized MultithreadedTaskDispatcher with 6 workers.
 -> (artifact id: '0700299a33452ab29ff2d80a3ec89876') in 0.002795208 seconds
Number of updated asset objects reloaded before import = 0Number of asset objects unloaded after import = 2

========================================================================
Received Import Request.
  Time since last request: 0.000088 seconds.
  path: Assets/Art/Interactables/PixelIndoor_102.asset
  artifactKey: Guid(12ed8836e44da4dabaf3f2638a5c5d33) Importer(2089858483,192608db42251d675da83286b1cce702)
Start importing Assets/Art/Interactables/PixelIndoor_102.asset using Guid(12ed8836e44da4dabaf3f2638a5c5d33) Importer(2089858483,192608db42251d675da83286b1cce702) (ScriptedImporter)[PhysX] Initialized MultithreadedTaskDispatcher with 6 workers.
 -> (artifact id: '00159235c1aafe9cc62be8a277970a73') in 0.004525875 seconds
Number of updated asset objects reloaded before import = 0Number of asset objects unloaded after import = 2

========================================================================
Received Import Request.
  Time since last request: 0.000047 seconds.
  path: Assets/Art/Interactables/PixelIndoor_106.asset
  artifactKey: Guid(11ef543f408ae4f8789ea1861e565e8c) Importer(2089858483,192608db42251d675da83286b1cce702)
Start importing Assets/Art/Interactables/PixelIndoor_106.asset using Guid(11ef543f408ae4f8789ea1861e565e8c) Importer(2089858483,192608db42251d675da83286b1cce702) (ScriptedImporter)[PhysX] Initialized MultithreadedTaskDispatcher with 6 workers.
 -> (artifact id: '7c60ac268846fe433bc3b21b103d788d') in 0.004112292 seconds
Number of updated asset objects reloaded before import = 0Number of asset objects unloaded after import = 2

========================================================================
Received Import Request.
  Time since last request: 0.000132 seconds.
  path: Assets/Art/Interactables/PixelIndoor_19.asset
  artifactKey: Guid(f644d94f82b18446698afd25b320c9d4) Importer(2089858483,192608db42251d675da83286b1cce702)
Start importing Assets/Art/Interactables/PixelIndoor_19.asset using Guid(f644d94f82b18446698afd25b320c9d4) Importer(2089858483,192608db42251d675da83286b1cce702) (ScriptedImporter)[PhysX] Initialized MultithreadedTaskDispatcher with 6 workers.
 -> (artifact id: '713239c7a1d5455b50ec49536731429a') in 0.003768833 seconds
Number of updated asset objects reloaded before import = 0Number of asset objects unloaded after import = 2

========================================================================
Received Import Request.
  Time since last request: 0.000085 seconds.
  path: Assets/Art/Interactables/PixelIndoor_53.asset
  artifactKey: Guid(a945a31ca3fef427a97e8a601a8ef376) Importer(2089858483,192608db42251d675da83286b1cce702)
Start importing Assets/Art/Interactables/PixelIndoor_53.asset using Guid(a945a31ca3fef427a97e8a601a8ef376) Importer(2089858483,192608db42251d675da83286b1cce702) (ScriptedImporter)[PhysX] Initialized MultithreadedTaskDispatcher with 6 workers.
 -> (artifact id: 'f46a3a895622878ff5e37d82b544040d') in 0.004189791 seconds
Number of updated asset objects reloaded before import = 0Number of asset objects unloaded after import = 2

========================================================================
Received Import Request.
  Time since last request: 0.000066 seconds.
  path: Assets/Art/Interactables/PixelIndoor_103.asset
  artifactKey: Guid(a11a0cd422cd5479b8e1a97a760e0723) Importer(2089858483,192608db42251d675da83286b1cce702)
Start importing Assets/Art/Interactables/PixelIndoor_103.asset using Guid(a11a0cd422cd5479b8e1a97a760e0723) Importer(2089858483,192608db42251d675da83286b1cce702) (ScriptedImporter)[PhysX] Initialized MultithreadedTaskDispatcher with 6 workers.
 -> (artifact id: 'd65a9ed2311c02fa319a249fd53ef7c6') in 0.003008083 seconds
Number of updated asset objects reloaded before import = 0Number of asset objects unloaded after import = 2

========================================================================
Received Import Request.
  Time since last request: 0.000028 seconds.
  path: Assets/Art/Interactables/PixelIndoor_107.asset
  artifactKey: Guid(410d63f5e19f44769bb2a95adf4dbf34) Importer(2089858483,192608db42251d675da83286b1cce702)
Start importing Assets/Art/Interactables/PixelIndoor_107.asset using Guid(410d63f5e19f44769bb2a95adf4dbf34) Importer(2089858483,192608db42251d675da83286b1cce702) (ScriptedImporter)[PhysX] Initialized MultithreadedTaskDispatcher with 6 workers.
 -> (artifact id: '85c3092d2088f2c31c20eb1d7e1ba584') in 0.003391375 seconds
Number of updated asset objects reloaded before import = 0Number of asset objects unloaded after import = 2

========================================================================
Received Import Request.
  Time since last request: 0.000046 seconds.
  path: Assets/Art/Interactables/PixelIndoor_24.asset
  artifactKey: Guid(b5410e06ad9cb4effa37db1be1109f77) Importer(2089858483,192608db42251d675da83286b1cce702)
Start importing Assets/Art/Interactables/PixelIndoor_24.asset using Guid(b5410e06ad9cb4effa37db1be1109f77) Importer(2089858483,192608db42251d675da83286b1cce702) (ScriptedImporter)[PhysX] Initialized MultithreadedTaskDispatcher with 6 workers.
 -> (artifact id: 'ccbcd236fabe009fa2f3be257d2a7993') in 0.003778917 seconds
Number of updated asset objects reloaded before import = 0Number of asset objects unloaded after import = 2

========================================================================
Received Import Request.
  Time since last request: 0.000041 seconds.
  path: Assets/Art/Interactables/PixelIndoor_100.asset
  artifactKey: Guid(74481d400710948e2b343b3ed181031a) Importer(2089858483,192608db42251d675da83286b1cce702)
Start importing Assets/Art/Interactables/PixelIndoor_100.asset using Guid(74481d400710948e2b343b3ed181031a) Importer(2089858483,192608db42251d675da83286b1cce702) (ScriptedImporter)[PhysX] Initialized MultithreadedTaskDispatcher with 6 workers.
 -> (artifact id: '59e079055316e4b04bfcd5180b9d17af') in 0.005022333 seconds
Number of updated asset objects reloaded before import = 0Number of asset objects unloaded after import = 2

========================================================================
Received Import Request.
  Time since last request: 0.000179 seconds.
  path: Assets/Art/Interactables/PixelIndoor_11.asset
  artifactKey: Guid(bd9b46f57fe084480b27cecf2667ab27) Importer(2089858483,192608db42251d675da83286b1cce702)
Start importing Assets/Art/Interactables/PixelIndoor_11.asset using Guid(bd9b46f57fe084480b27cecf2667ab27) Importer(2089858483,192608db42251d675da83286b1cce702) (ScriptedImporter)[PhysX] Initialized MultithreadedTaskDispatcher with 6 workers.
 -> (artifact id: '3640cec6006bf1d89748a2282c48d04f') in 0.003207708 seconds
Number of updated asset objects reloaded before import = 0Number of asset objects unloaded after import = 2

========================================================================
Received Import Request.
  Time since last request: 0.000039 seconds.
  path: Assets/Art/Interactables/PixelIndoor_48.asset
  artifactKey: Guid(19e44401cf9e24db38f13b5398560fe2) Importer(2089858483,192608db42251d675da83286b1cce702)
Start importing Assets/Art/Interactables/PixelIndoor_48.asset using Guid(19e44401cf9e24db38f13b5398560fe2) Importer(2089858483,192608db42251d675da83286b1cce702) (ScriptedImporter)[PhysX] Initialized MultithreadedTaskDispatcher with 6 workers.
 -> (artifact id: '9d2496380302e638c4e368435ab7d7ba') in 0.003716667 seconds
Number of updated asset objects reloaded before import = 0Number of asset objects unloaded after import = 2

========================================================================
Received Import Request.
  Time since last request: 0.000075 seconds.
  path: Assets/Art/Interactables/PixelIndoor_25.asset
  artifactKey: Guid(aae1ea948873046bbbd6e164813b1049) Importer(2089858483,192608db42251d675da83286b1cce702)
Start importing Assets/Art/Interactables/PixelIndoor_25.asset using Guid(aae1ea948873046bbbd6e164813b1049) Importer(2089858483,192608db42251d675da83286b1cce702) (ScriptedImporter)[PhysX] Initialized MultithreadedTaskDispatcher with 6 workers.
 -> (artifact id: '144379b94500e5bd7b38fe08e1dcd997') in 0.003840958 seconds
Number of updated asset objects reloaded before import = 0Number of asset objects unloaded after import = 2

========================================================================
Received Import Request.
  Time since last request: 0.000192 seconds.
  path: Assets/Art/Interactables/PixelIndoor_105.asset
  artifactKey: Guid(524b8be64d32042ad9fa8f07f0483664) Importer(2089858483,192608db42251d675da83286b1cce702)
Start importing Assets/Art/Interactables/PixelIndoor_105.asset using Guid(524b8be64d32042ad9fa8f07f0483664) Importer(2089858483,192608db42251d675da83286b1cce702) (ScriptedImporter)[PhysX] Initialized MultithreadedTaskDispatcher with 6 workers.
 -> (artifact id: '7321fc861789d60cad3b71ce7d646008') in 0.003278583 seconds
Number of updated asset objects reloaded before import = 0Number of asset objects unloaded after import = 2

========================================================================
Received Import Request.
  Time since last request: 0.000096 seconds.
  path: Assets/Art/Interactables/PixelIndoor_18.asset
  artifactKey: Guid(96593d66140664f4da5a340f4f59c30d) Importer(2089858483,192608db42251d675da83286b1cce702)
Start importing Assets/Art/Interactables/PixelIndoor_18.asset using Guid(96593d66140664f4da5a340f4f59c30d) Importer(2089858483,192608db42251d675da83286b1cce702) (ScriptedImporter)[PhysX] Initialized MultithreadedTaskDispatcher with 6 workers.
 -> (artifact id: 'a9ed2eb6ec0c6845b15e944f478cfb73') in 0.003831667 seconds
Number of updated asset objects reloaded before import = 0Number of asset objects unloaded after import = 2

========================================================================
Received Import Request.
  Time since last request: 0.000543 seconds.
  path: Assets/Art/Interactables/PixelIndoor_47.asset
  artifactKey: Guid(d769d1c46cf9e47748f3e5ed55037072) Importer(2089858483,192608db42251d675da83286b1cce702)
Start importing Assets/Art/Interactables/PixelIndoor_47.asset using Guid(d769d1c46cf9e47748f3e5ed55037072) Importer(2089858483,192608db42251d675da83286b1cce702) (ScriptedImporter)[PhysX] Initialized MultithreadedTaskDispatcher with 6 workers.
 -> (artifact id: '85359badf698c3635701b6a3ad65be34') in 0.005630792 seconds
Number of updated asset objects reloaded before import = 0Number of asset objects unloaded after import = 2

========================================================================
Received Import Request.
  Time since last request: 0.000063 seconds.
  path: Assets/Art/Interactables/PixelIndoor_63.asset
  artifactKey: Guid(853f7de118659484d9d9d928605f1c40) Importer(2089858483,192608db42251d675da83286b1cce702)
Start importing Assets/Art/Interactables/PixelIndoor_63.asset using Guid(853f7de118659484d9d9d928605f1c40) Importer(2089858483,192608db42251d675da83286b1cce702) (ScriptedImporter)[PhysX] Initialized MultithreadedTaskDispatcher with 6 workers.
 -> (artifact id: '602a8fd9f7ad1c294c4dd958792175e0') in 0.003160834 seconds
Number of updated asset objects reloaded before import = 0Number of asset objects unloaded after import = 2

========================================================================
Received Import Request.
  Time since last request: 0.000112 seconds.
  path: Assets/Art/Interactables/PixelIndoor_13.asset
  artifactKey: Guid(f7ba74a9e9e0142419fb786cb77f1dee) Importer(2089858483,192608db42251d675da83286b1cce702)
Start importing Assets/Art/Interactables/PixelIndoor_13.asset using Guid(f7ba74a9e9e0142419fb786cb77f1dee) Importer(2089858483,192608db42251d675da83286b1cce702) (ScriptedImporter)[PhysX] Initialized MultithreadedTaskDispatcher with 6 workers.
 -> (artifact id: '0c34c0ec0fb092cc5035ce71289e3e6d') in 0.002849875 seconds
Number of updated asset objects reloaded before import = 0Number of asset objects unloaded after import = 2

========================================================================
Received Import Request.
  Time since last request: 0.000028 seconds.
  path: Assets/Art/Interactables/PixelIndoor_104.asset
  artifactKey: Guid(279f0f0ad455e4485befe328f527194a) Importer(2089858483,192608db42251d675da83286b1cce702)
Start importing Assets/Art/Interactables/PixelIndoor_104.asset using Guid(279f0f0ad455e4485befe328f527194a) Importer(2089858483,192608db42251d675da83286b1cce702) (ScriptedImporter)[PhysX] Initialized MultithreadedTaskDispatcher with 6 workers.
 -> (artifact id: '64e9f4e1b86c2b284ecec9d70ef4fda8') in 0.002708167 seconds
Number of updated asset objects reloaded before import = 0Number of asset objects unloaded after import = 2

========================================================================
Received Import Request.
  Time since last request: 0.000042 seconds.
  path: Assets/Art/Interactables/PixelIndoor_51.asset
  artifactKey: Guid(ea041fb63e625455ea62b6c03e6d10d7) Importer(2089858483,192608db42251d675da83286b1cce702)
Start importing Assets/Art/Interactables/PixelIndoor_51.asset using Guid(ea041fb63e625455ea62b6c03e6d10d7) Importer(2089858483,192608db42251d675da83286b1cce702) (ScriptedImporter)[PhysX] Initialized MultithreadedTaskDispatcher with 6 workers.
 -> (artifact id: '525a47dc641184e12cf795432466516e') in 0.00283525 seconds
Number of updated asset objects reloaded before import = 0Number of asset objects unloaded after import = 2

========================================================================
Received Import Request.
  Time since last request: 0.000042 seconds.
  path: Assets/Art/Interactables/PixelIndoor_59.asset
  artifactKey: Guid(168c7e69f4c9b4a33bdf32ffc6fb057f) Importer(2089858483,192608db42251d675da83286b1cce702)
Start importing Assets/Art/Interactables/PixelIndoor_59.asset using Guid(168c7e69f4c9b4a33bdf32ffc6fb057f) Importer(2089858483,192608db42251d675da83286b1cce702) (ScriptedImporter)[PhysX] Initialized MultithreadedTaskDispatcher with 6 workers.
 -> (artifact id: '99294b33db5a470c2bff9ee9803e1e83') in 0.003378584 seconds
Number of updated asset objects reloaded before import = 0Number of asset objects unloaded after import = 2

========================================================================
Received Import Request.
  Time since last request: 0.000035 seconds.
  path: Assets/Art/Interactables/PixelIndoor_30.asset
  artifactKey: Guid(6494d14f382b74d4086556a9d96302e6) Importer(2089858483,192608db42251d675da83286b1cce702)
Start importing Assets/Art/Interactables/PixelIndoor_30.asset using Guid(6494d14f382b74d4086556a9d96302e6) Importer(2089858483,192608db42251d675da83286b1cce702) (ScriptedImporter)[PhysX] Initialized MultithreadedTaskDispatcher with 6 workers.
 -> (artifact id: '85f9a9d28e4226d60f0d6158a975238d') in 0.004292875 seconds
Number of updated asset objects reloaded before import = 0Number of asset objects unloaded after import = 2

========================================================================
Received Import Request.
  Time since last request: 0.000049 seconds.
  path: Assets/Art/Interactables/PixelIndoor_75.asset
  artifactKey: Guid(0b0206bd6be6b4894a4f46f492e5b41b) Importer(2089858483,192608db42251d675da83286b1cce702)
Start importing Assets/Art/Interactables/PixelIndoor_75.asset using Guid(0b0206bd6be6b4894a4f46f492e5b41b) Importer(2089858483,192608db42251d675da83286b1cce702) (ScriptedImporter)[PhysX] Initialized MultithreadedTaskDispatcher with 6 workers.
 -> (artifact id: '82d844b81b236933e5d5ed3ec0b86a67') in 0.002754834 seconds
Number of updated asset objects reloaded before import = 0Number of asset objects unloaded after import = 2

========================================================================
Received Import Request.
  Time since last request: 0.000124 seconds.
  path: Assets/Art/Interactables/PixelIndoor_35.asset
  artifactKey: Guid(34a9ea15244124e6aa05d885ece344c2) Importer(2089858483,192608db42251d675da83286b1cce702)
Start importing Assets/Art/Interactables/PixelIndoor_35.asset using Guid(34a9ea15244124e6aa05d885ece344c2) Importer(2089858483,192608db42251d675da83286b1cce702) (ScriptedImporter)[PhysX] Initialized MultithreadedTaskDispatcher with 6 workers.
 -> (artifact id: '85878c1d54ba094d7e296b2778476fbb') in 0.00278225 seconds
Number of updated asset objects reloaded before import = 0Number of asset objects unloaded after import = 2

========================================================================
Received Import Request.
  Time since last request: 0.000175 seconds.
  path: Assets/Art/Interactables/PixelIndoor_27.asset
  artifactKey: Guid(cb7ff061f4c78416d9910b4889185442) Importer(2089858483,192608db42251d675da83286b1cce702)
Start importing Assets/Art/Interactables/PixelIndoor_27.asset using Guid(cb7ff061f4c78416d9910b4889185442) Importer(2089858483,192608db42251d675da83286b1cce702) (ScriptedImporter)[PhysX] Initialized MultithreadedTaskDispatcher with 6 workers.
 -> (artifact id: '7ade646775eb30cf4c27f71d06afe443') in 0.00293175 seconds
Number of updated asset objects reloaded before import = 0Number of asset objects unloaded after import = 2

========================================================================
Received Import Request.
  Time since last request: 0.000078 seconds.
  path: Assets/Art/Interactables/PixelIndoor_61.asset
  artifactKey: Guid(e68587145fc0f42e7a3453c238016122) Importer(2089858483,192608db42251d675da83286b1cce702)
Start importing Assets/Art/Interactables/PixelIndoor_61.asset using Guid(e68587145fc0f42e7a3453c238016122) Importer(2089858483,192608db42251d675da83286b1cce702) (ScriptedImporter)[PhysX] Initialized MultithreadedTaskDispatcher with 6 workers.
 -> (artifact id: '56838c6d339de63b13dc97a61b07c7e3') in 0.002745583 seconds
Number of updated asset objects reloaded before import = 0Number of asset objects unloaded after import = 2

========================================================================
Received Import Request.
  Time since last request: 0.000079 seconds.
  path: Assets/Art/Interactables/PixelIndoor_60.asset
  artifactKey: Guid(0158634b193794243b2463e98e917806) Importer(2089858483,192608db42251d675da83286b1cce702)
Start importing Assets/Art/Interactables/PixelIndoor_60.asset using Guid(0158634b193794243b2463e98e917806) Importer(2089858483,192608db42251d675da83286b1cce702) (ScriptedImporter)[PhysX] Initialized MultithreadedTaskDispatcher with 6 workers.
 -> (artifact id: '7dac61ec7d482e704dfcd5e0e4da10c8') in 0.00379425 seconds
Number of updated asset objects reloaded before import = 0Number of asset objects unloaded after import = 2

========================================================================
Received Import Request.
  Time since last request: 0.000028 seconds.
  path: Assets/Art/Interactables/PixelIndoor_74.asset
  artifactKey: Guid(28a33ec189d70491683ca5b5b7524595) Importer(2089858483,192608db42251d675da83286b1cce702)
Start importing Assets/Art/Interactables/PixelIndoor_74.asset using Guid(28a33ec189d70491683ca5b5b7524595) Importer(2089858483,192608db42251d675da83286b1cce702) (ScriptedImporter)[PhysX] Initialized MultithreadedTaskDispatcher with 6 workers.
 -> (artifact id: '146560006f742880070c3e637e58903e') in 0.002846459 seconds
Number of updated asset objects reloaded before import = 0Number of asset objects unloaded after import = 2

========================================================================
Received Import Request.
  Time since last request: 0.000121 seconds.
  path: Assets/Art/Interactables/PixelIndoor_32.asset
  artifactKey: Guid(79b42a3efaebe497692b48f4cb1b20ea) Importer(2089858483,192608db42251d675da83286b1cce702)
Start importing Assets/Art/Interactables/PixelIndoor_32.asset using Guid(79b42a3efaebe497692b48f4cb1b20ea) Importer(2089858483,192608db42251d675da83286b1cce702) (ScriptedImporter)[PhysX] Initialized MultithreadedTaskDispatcher with 6 workers.
 -> (artifact id: '2791cbd2f1c4e6d04369c50e79476215') in 0.002919459 seconds
Number of updated asset objects reloaded before import = 0Number of asset objects unloaded after import = 2

========================================================================
Received Import Request.
  Time since last request: 0.000057 seconds.
  path: Assets/Art/Interactables/PixelIndoor_46.asset
  artifactKey: Guid(9bf25fb463af94c5fb09cb436d55f460) Importer(2089858483,192608db42251d675da83286b1cce702)
Start importing Assets/Art/Interactables/PixelIndoor_46.asset using Guid(9bf25fb463af94c5fb09cb436d55f460) Importer(2089858483,192608db42251d675da83286b1cce702) (ScriptedImporter)[PhysX] Initialized MultithreadedTaskDispatcher with 6 workers.
 -> (artifact id: 'ceea571c5fc4c9950cc34ec1e5290d96') in 0.00330475 seconds
Number of updated asset objects reloaded before import = 0Number of asset objects unloaded after import = 2

========================================================================
Received Import Request.
  Time since last request: 0.000073 seconds.
  path: Assets/Art/Interactables/PixelIndoor_73.asset
  artifactKey: Guid(5e12d38b8369d4deeb7fb98113c88364) Importer(2089858483,192608db42251d675da83286b1cce702)
Start importing Assets/Art/Interactables/PixelIndoor_73.asset using Guid(5e12d38b8369d4deeb7fb98113c88364) Importer(2089858483,192608db42251d675da83286b1cce702) (ScriptedImporter)[PhysX] Initialized MultithreadedTaskDispatcher with 6 workers.
 -> (artifact id: '3abaccaf028dbabfe920fcfe7b69afc9') in 0.003198375 seconds
Number of updated asset objects reloaded before import = 0Number of asset objects unloaded after import = 2

========================================================================
Received Import Request.
  Time since last request: 0.000104 seconds.
  path: Assets/Art/Interactables/PixelIndoor_66.asset
  artifactKey: Guid(7cfd4dd9f517340c7b11f567283ebc99) Importer(2089858483,192608db42251d675da83286b1cce702)
Start importing Assets/Art/Interactables/PixelIndoor_66.asset using Guid(7cfd4dd9f517340c7b11f567283ebc99) Importer(2089858483,192608db42251d675da83286b1cce702) (ScriptedImporter)[PhysX] Initialized MultithreadedTaskDispatcher with 6 workers.
 -> (artifact id: '6cd0cce33f9f3a575adf6a36058ff702') in 0.0028195 seconds
Number of updated asset objects reloaded before import = 0Number of asset objects unloaded after import = 2

========================================================================
Received Prepare
Begin MonoManager ReloadAssembly
Thread 0x31bf87000 may have been prematurely finalized
- Loaded All Assemblies, in  0.409 seconds
Refreshing native plugins compatible for Editor in 1.46 ms, found 8 plugins.
Native extension for LinuxStandalone target not found
Native extension for AppleTV target not found
Native extension for iOS target not found
Native extension for Android target not found
Native extension for WindowsStandalone target not found
Native extension for VisionOS target not found
Native extension for OSXStandalone target not found
Native extension for WebGL target not found
Mono: successfully reloaded assembly
[Package Manager] Failed to launch server process. Reason: Unity was launched with the -noUpm command-line argument
[Package Manager] Unable to send message (not connected to server process).
[Package Manager] Cannot connect to Unity Package Manager local server
- Finished resetting the current domain, in  0.611 seconds
Domain Reload Profiling: 1022ms
	BeginReloadAssembly (107ms)
		ExecutionOrderSort (0ms)
		DisableScriptedObjects (7ms)
		BackupInstance (0ms)
		ReleaseScriptingObjects (0ms)
		CreateAndSetChildDomain (48ms)
	RebuildCommonClasses (24ms)
	RebuildNativeTypeToScriptingClass (9ms)
	initialDomainReloadingComplete (14ms)
	LoadAllAssembliesAndSetupDomain (257ms)
		LoadAssemblies (178ms)
		RebuildTransferFunctionScriptingTraits (0ms)
		AnalyzeDomain (107ms)
			TypeCache.Refresh (5ms)
				TypeCache.ScanAssembly (0ms)
			BuildScriptInfoCaches (95ms)
			ResolveRequiredComponents (4ms)
	FinalizeReload (611ms)
		ReleaseScriptCaches (0ms)
		RebuildScriptCaches (0ms)
		SetupLoadedEditorAssemblies (494ms)
			LogAssemblyErrors (0ms)
			InitializePlatformSupportModulesInManaged (32ms)
			SetLoadedEditorAssemblies (4ms)
			BeforeProcessingInitializeOnLoad (49ms)
			ProcessInitializeOnLoadAttributes (307ms)
			ProcessInitializeOnLoadMethodAttributes (101ms)
			AfterProcessingInitializeOnLoad (1ms)
			EditorAssembliesLoaded (0ms)
		ExecutionOrderSort2 (0ms)
		AwakeInstancesAfterBackupRestoration (3ms)
Refreshing native plugins compatible for Editor in 1.56 ms, found 8 plugins.
Preloading 0 native plugins for Editor in 0.00 ms.
Unloading 0 Unused Serialized files (Serialized files now loaded: 0)
Unloading 4657 unused Assets / (1.5 MB). Loaded Objects now: 5222.
Memory consumption went from 142.1 MB to 140.6 MB.
Total: 5.366417 ms (FindLiveObjects: 0.197667 ms CreateObjectMapping: 0.118375 ms MarkObjects: 4.080375 ms  DeleteObjects: 0.969709 ms)

Prepare: number of updated asset objects reloaded= 0
========================================================================
Received Prepare
Begin MonoManager ReloadAssembly
Thread 0x17dc87000 may have been prematurely finalized
- Loaded All Assemblies, in  0.553 seconds
Refreshing native plugins compatible for Editor in 1.48 ms, found 8 plugins.
Native extension for LinuxStandalone target not found
Native extension for AppleTV target not found
Native extension for iOS target not found
Native extension for Android target not found
Native extension for WindowsStandalone target not found
Native extension for VisionOS target not found
Native extension for OSXStandalone target not found
Native extension for WebGL target not found
Mono: successfully reloaded assembly
[Package Manager] Failed to launch server process. Reason: Unity was launched with the -noUpm command-line argument
[Package Manager] Unable to send message (not connected to server process).
[Package Manager] Cannot connect to Unity Package Manager local server
- Finished resetting the current domain, in  0.610 seconds
Domain Reload Profiling: 1165ms
	BeginReloadAssembly (118ms)
		ExecutionOrderSort (0ms)
		DisableScriptedObjects (9ms)
		BackupInstance (0ms)
		ReleaseScriptingObjects (0ms)
		CreateAndSetChildDomain (51ms)
	RebuildCommonClasses (24ms)
	RebuildNativeTypeToScriptingClass (9ms)
	initialDomainReloadingComplete (15ms)
	LoadAllAssembliesAndSetupDomain (389ms)
		LoadAssemblies (266ms)
		RebuildTransferFunctionScriptingTraits (0ms)
		AnalyzeDomain (153ms)
			TypeCache.Refresh (35ms)
				TypeCache.ScanAssembly (0ms)
			BuildScriptInfoCaches (113ms)
			ResolveRequiredComponents (3ms)
	FinalizeReload (611ms)
		ReleaseScriptCaches (0ms)
		RebuildScriptCaches (0ms)
		SetupLoadedEditorAssemblies (490ms)
			LogAssemblyErrors (0ms)
			InitializePlatformSupportModulesInManaged (39ms)
			SetLoadedEditorAssemblies (4ms)
			BeforeProcessingInitializeOnLoad (47ms)
			ProcessInitializeOnLoadAttributes (297ms)
			ProcessInitializeOnLoadMethodAttributes (102ms)
			AfterProcessingInitializeOnLoad (1ms)
			EditorAssembliesLoaded (0ms)
		ExecutionOrderSort2 (0ms)
		AwakeInstancesAfterBackupRestoration (3ms)
Refreshing native plugins compatible for Editor in 1.55 ms, found 8 plugins.
Preloading 0 native plugins for Editor in 0.00 ms.
Unloading 0 Unused Serialized files (Serialized files now loaded: 0)
Unloading 4657 unused Assets / (1.5 MB). Loaded Objects now: 5224.
Memory consumption went from 145.3 MB to 143.8 MB.
Total: 5.559334 ms (FindLiveObjects: 0.236833 ms CreateObjectMapping: 0.113500 ms MarkObjects: 4.187333 ms  DeleteObjects: 1.021334 ms)

Prepare: number of updated asset objects reloaded= 0
========================================================================
Received Prepare
Begin MonoManager ReloadAssembly
Thread 0x31bbe7000 may have been prematurely finalized
- Loaded All Assemblies, in  0.500 seconds
Refreshing native plugins compatible for Editor in 1.36 ms, found 8 plugins.
Native extension for LinuxStandalone target not found
Native extension for AppleTV target not found
Native extension for iOS target not found
Native extension for Android target not found
Native extension for WindowsStandalone target not found
Native extension for VisionOS target not found
Native extension for OSXStandalone target not found
Native extension for WebGL target not found
Failed while parsing XML file ProjectSettings/GvhProjectSettings.xml
System.Xml.XmlException: Root element is missing.
  at System.Xml.XmlTextReaderImpl.Throw (System.Exception e) [0x00027] in <7bf7140070584cf996282003fbcdc961>:0 
  at System.Xml.XmlTextReaderImpl.ThrowWithoutLineInfo (System.String res) [0x00017] in <7bf7140070584cf996282003fbcdc961>:0 
  at System.Xml.XmlTextReaderImpl.ParseDocumentContent () [0x0035d] in <7bf7140070584cf996282003fbcdc961>:0 
  at System.Xml.XmlTextReaderImpl.Read () [0x0008c] in <7bf7140070584cf996282003fbcdc961>:0 
  at System.Xml.XmlTextReader.Read () [0x00000] in <7bf7140070584cf996282003fbcdc961>:0 
  at Google.XmlUtilities+Reader..ctor (System.Xml.XmlTextReader xmlReader) [0x0001d] in /Users/amaurice/Documents/GitHub/unity-jar-resolver/source/VersionHandlerImpl/src/XmlUtilities.cs:69 
  at Google.XmlUtilities.ParseXmlTextFileElements (System.String filename, Google.Logger logger, Google.XmlUtilities+ParseElement parseElement) [0x00047] in /Users/amaurice/Documents/GitHub/unity-jar-resolver/source/VersionHandlerImpl/src/XmlUtilities.cs:108 
 #0 PlatformStacktrace::GetStacktrace(int)
 #1 DebugStringToFile(DebugStringToFileData const&)
 #2 DebugLogHandler_CUSTOM_Internal_Log(LogType, LogOption, BindingsManagedSpan*, void*)
 #3  (Mono JIT Code) (wrapper managed-to-native) UnityEngine.DebugLogHandler:Internal_Log_Injected (UnityEngine.LogType,UnityEngine.LogOption,UnityEngine.Bindings.ManagedSpanWrapper&,intptr)
 #4  (Mono JIT Code) UnityEngine.DebugLogHandler:Internal_Log (UnityEngine.LogType,UnityEngine.LogOption,string,UnityEngine.Object)
 #5  (Mono JIT Code) [DebugLogHandler.cs:9] UnityEngine.DebugLogHandler:LogFormat (UnityEngine.LogType,UnityEngine.Object,string,object[])
 #6  (Mono JIT Code) [Logger.cs:60] UnityEngine.Logger:Log (UnityEngine.LogType,object)
 #7  (Mono JIT Code) [Debug.bindings.cs:130] UnityEngine.Debug:LogError (object)
 #8  (Mono JIT Code) [Logger.cs:136] Google.Logger:Log (string,Google.LogLevel)
 #9  (Mono JIT Code) [XmlUtilities.cs:149] Google.XmlUtilities:ParseXmlTextFileElements (string,Google.Logger,Google.XmlUtilities/ParseElement)
 #10  (Mono JIT Code) [ProjectSettings.cs:777] Google.ProjectSettings:Load ()
 #11  (Mono JIT Code) [ProjectSettings.cs:558] Google.ProjectSettings:LoadIfEmpty ()
 #12  (Mono JIT Code) [ProjectSettings.cs:606] Google.ProjectSettings:GetBool (string,bool,Google.SettingsLocation)
 #13  (Mono JIT Code) [ProjectSettings.cs:619] Google.ProjectSettings:GetBool (string,bool)
 #14  (Mono JIT Code) [IOSResolver.cs:1039] Google.IOSResolver:get_VerboseLoggingEnabled ()
 #15  (Mono JIT Code) [IOSResolver.cs:727] Google.IOSResolver:.cctor ()
 #16  (Mono JIT Code) (wrapper runtime-invoke) object:runtime_invoke_void (object,intptr,intptr,intptr)
 #17 mono_jit_runtime_invoke
 #18 do_runtime_invoke
 #19 mono_runtime_class_init_full
 #20 ves_icall_System_Runtime_CompilerServices_RuntimeHelpers_RunClassConstructor_raw
 #21  (Mono JIT Code) (wrapper managed-to-native) System.Runtime.CompilerServices.RuntimeHelpers:RunClassConstructor (intptr)
 #22  (Mono JIT Code) System.Runtime.CompilerServices.RuntimeHelpers:RunClassConstructor (System.RuntimeTypeHandle)
 #23  (Mono JIT Code) [EditorAssemblies.cs:118] UnityEditor.EditorAssemblies:ProcessInitializeOnLoadAttributes (System.Type[])
 #24  (Mono JIT Code) (wrapper runtime-invoke) <Module>:runtime_invoke_void_object (object,intptr,intptr,intptr)
 #25 mono_jit_runtime_invoke
 #26 do_runtime_invoke
 #27 mono_runtime_invoke
 #28 scripting_method_invoke(ScriptingMethodPtr, ScriptingObjectPtr, ScriptingArguments&, ScriptingExceptionPtr*, bool)
 #29 ScriptingInvocation::Invoke(ScriptingExceptionPtr*, bool)
 #30 Scripting::UnityEditor::EditorAssembliesProxy::ProcessInitializeOnLoadAttributes(ScriptingArrayPtr, ScriptingExceptionPtr*)
 #31 MonoManager::SetupLoadedEditorAssemblies()
 #32 MonoManager::FinalizeReload()
 #33 ScriptingInitializer::FinalizeReload()
 #34 AssetImportWorkerClient::ReloadScriptingDomain()
 #35 invocation function for block in AssetImportWorkerClient::HandleMessage(PrepareMessage const&)::$_12::operator()() const
 #36 _dispatch_client_callout
 #37 _dispatch_async_and_wait_invoke
 #38 _dispatch_client_callout
 #39 _dispatch_main_queue_drain
 #40 _dispatch_main_queue_callback_4CF
 #41 __CFRUNLOOP_IS_SERVICING_THE_MAIN_DISPATCH_QUEUE__
 #42 __CFRunLoopRun
 #43 CFRunLoopRunSpecific
 #44 RunCurrentEventLoopInMode
 #45 ReceiveNextEventCommon
 #46 _BlockUntilNextEventMatchingListInModeWithFilter
 #47 _DPSNextEvent
 #48 -[NSApplication(NSEventRouting) _nextEventMatchingEventMask:untilDate:inMode:dequeue:]
 #49 -[NSApplication run]
 #50 NSApplicationMain
 #51 EditorMain(int, char const**)
 #52 main
 #53 start

Mono: successfully reloaded assembly
[Package Manager] Failed to launch server process. Reason: Unity was launched with the -noUpm command-line argument
[Package Manager] Unable to send message (not connected to server process).
[Package Manager] Cannot connect to Unity Package Manager local server
- Finished resetting the current domain, in  0.574 seconds
Domain Reload Profiling: 1075ms
	BeginReloadAssembly (129ms)
		ExecutionOrderSort (0ms)
		DisableScriptedObjects (19ms)
		BackupInstance (0ms)
		ReleaseScriptingObjects (0ms)
		CreateAndSetChildDomain (53ms)
	RebuildCommonClasses (24ms)
	RebuildNativeTypeToScriptingClass (9ms)
	initialDomainReloadingComplete (16ms)
	LoadAllAssembliesAndSetupDomain (323ms)
		LoadAssemblies (245ms)
		RebuildTransferFunctionScriptingTraits (0ms)
		AnalyzeDomain (107ms)
			TypeCache.Refresh (12ms)
				TypeCache.ScanAssembly (0ms)
			BuildScriptInfoCaches (91ms)
			ResolveRequiredComponents (3ms)
	FinalizeReload (574ms)
		ReleaseScriptCaches (0ms)
		RebuildScriptCaches (0ms)
		SetupLoadedEditorAssemblies (456ms)
			LogAssemblyErrors (0ms)
			InitializePlatformSupportModulesInManaged (35ms)
			SetLoadedEditorAssemblies (5ms)
			BeforeProcessingInitializeOnLoad (49ms)
			ProcessInitializeOnLoadAttributes (269ms)
			ProcessInitializeOnLoadMethodAttributes (98ms)
			AfterProcessingInitializeOnLoad (1ms)
			EditorAssembliesLoaded (0ms)
		ExecutionOrderSort2 (0ms)
		AwakeInstancesAfterBackupRestoration (3ms)
Refreshing native plugins compatible for Editor in 1.42 ms, found 8 plugins.
Preloading 0 native plugins for Editor in 0.00 ms.
Unloading 0 Unused Serialized files (Serialized files now loaded: 0)
Unloading 4657 unused Assets / (1.7 MB). Loaded Objects now: 5226.
Memory consumption went from 148.6 MB to 146.9 MB.
Total: 5.640167 ms (FindLiveObjects: 0.197041 ms CreateObjectMapping: 0.117875 ms MarkObjects: 4.461708 ms  DeleteObjects: 0.863375 ms)

Prepare: number of updated asset objects reloaded= 0
========================================================================
Received Prepare
Begin MonoManager ReloadAssembly
Thread 0x31bbe7000 may have been prematurely finalized
- Loaded All Assemblies, in  0.544 seconds
Refreshing native plugins compatible for Editor in 1.50 ms, found 8 plugins.
Native extension for LinuxStandalone target not found
Native extension for AppleTV target not found
Native extension for iOS target not found
Native extension for Android target not found
Native extension for WindowsStandalone target not found
Native extension for VisionOS target not found
Native extension for OSXStandalone target not found
Native extension for WebGL target not found
Failed while parsing XML file ProjectSettings/GvhProjectSettings.xml
System.Xml.XmlException: Root element is missing.
  at System.Xml.XmlTextReaderImpl.Throw (System.Exception e) [0x00027] in <7bf7140070584cf996282003fbcdc961>:0 
  at System.Xml.XmlTextReaderImpl.ThrowWithoutLineInfo (System.String res) [0x00017] in <7bf7140070584cf996282003fbcdc961>:0 
  at System.Xml.XmlTextReaderImpl.ParseDocumentContent () [0x0035d] in <7bf7140070584cf996282003fbcdc961>:0 
  at System.Xml.XmlTextReaderImpl.Read () [0x0008c] in <7bf7140070584cf996282003fbcdc961>:0 
  at System.Xml.XmlTextReader.Read () [0x00000] in <7bf7140070584cf996282003fbcdc961>:0 
  at Google.XmlUtilities+Reader..ctor (System.Xml.XmlTextReader xmlReader) [0x0001d] in /Users/amaurice/Documents/GitHub/unity-jar-resolver/source/VersionHandlerImpl/src/XmlUtilities.cs:69 
  at Google.XmlUtilities.ParseXmlTextFileElements (System.String filename, Google.Logger logger, Google.XmlUtilities+ParseElement parseElement) [0x00047] in /Users/amaurice/Documents/GitHub/unity-jar-resolver/source/VersionHandlerImpl/src/XmlUtilities.cs:108 
 #0 PlatformStacktrace::GetStacktrace(int)
 #1 DebugStringToFile(DebugStringToFileData const&)
 #2 DebugLogHandler_CUSTOM_Internal_Log(LogType, LogOption, BindingsManagedSpan*, void*)
 #3  (Mono JIT Code) (wrapper managed-to-native) UnityEngine.DebugLogHandler:Internal_Log_Injected (UnityEngine.LogType,UnityEngine.LogOption,UnityEngine.Bindings.ManagedSpanWrapper&,intptr)
 #4  (Mono JIT Code) UnityEngine.DebugLogHandler:Internal_Log (UnityEngine.LogType,UnityEngine.LogOption,string,UnityEngine.Object)
 #5  (Mono JIT Code) [DebugLogHandler.cs:9] UnityEngine.DebugLogHandler:LogFormat (UnityEngine.LogType,UnityEngine.Object,string,object[])
 #6  (Mono JIT Code) [Logger.cs:60] UnityEngine.Logger:Log (UnityEngine.LogType,object)
 #7  (Mono JIT Code) [Debug.bindings.cs:130] UnityEngine.Debug:LogError (object)
 #8  (Mono JIT Code) [Logger.cs:136] Google.Logger:Log (string,Google.LogLevel)
 #9  (Mono JIT Code) [XmlUtilities.cs:149] Google.XmlUtilities:ParseXmlTextFileElements (string,Google.Logger,Google.XmlUtilities/ParseElement)
 #10  (Mono JIT Code) [ProjectSettings.cs:777] Google.ProjectSettings:Load ()
 #11  (Mono JIT Code) [ProjectSettings.cs:558] Google.ProjectSettings:LoadIfEmpty ()
 #12  (Mono JIT Code) [ProjectSettings.cs:606] Google.ProjectSettings:GetBool (string,bool,Google.SettingsLocation)
 #13  (Mono JIT Code) [ProjectSettings.cs:619] Google.ProjectSettings:GetBool (string,bool)
 #14  (Mono JIT Code) [IOSResolver.cs:1039] Google.IOSResolver:get_VerboseLoggingEnabled ()
 #15  (Mono JIT Code) [IOSResolver.cs:727] Google.IOSResolver:.cctor ()
 #16  (Mono JIT Code) (wrapper runtime-invoke) object:runtime_invoke_void (object,intptr,intptr,intptr)
 #17 mono_jit_runtime_invoke
 #18 do_runtime_invoke
 #19 mono_runtime_class_init_full
 #20 ves_icall_System_Runtime_CompilerServices_RuntimeHelpers_RunClassConstructor_raw
 #21  (Mono JIT Code) (wrapper managed-to-native) System.Runtime.CompilerServices.RuntimeHelpers:RunClassConstructor (intptr)
 #22  (Mono JIT Code) System.Runtime.CompilerServices.RuntimeHelpers:RunClassConstructor (System.RuntimeTypeHandle)
 #23  (Mono JIT Code) [EditorAssemblies.cs:118] UnityEditor.EditorAssemblies:ProcessInitializeOnLoadAttributes (System.Type[])
 #24  (Mono JIT Code) (wrapper runtime-invoke) <Module>:runtime_invoke_void_object (object,intptr,intptr,intptr)
 #25 mono_jit_runtime_invoke
 #26 do_runtime_invoke
 #27 mono_runtime_invoke
 #28 scripting_method_invoke(ScriptingMethodPtr, ScriptingObjectPtr, ScriptingArguments&, ScriptingExceptionPtr*, bool)
 #29 ScriptingInvocation::Invoke(ScriptingExceptionPtr*, bool)
 #30 Scripting::UnityEditor::EditorAssembliesProxy::ProcessInitializeOnLoadAttributes(ScriptingArrayPtr, ScriptingExceptionPtr*)
 #31 MonoManager::SetupLoadedEditorAssemblies()
 #32 MonoManager::FinalizeReload()
 #33 ScriptingInitializer::FinalizeReload()
 #34 AssetImportWorkerClient::ReloadScriptingDomain()
 #35 invocation function for block in AssetImportWorkerClient::HandleMessage(PrepareMessage const&)::$_12::operator()() const
 #36 _dispatch_client_callout
 #37 _dispatch_async_and_wait_invoke
 #38 _dispatch_client_callout
 #39 _dispatch_main_queue_drain
 #40 _dispatch_main_queue_callback_4CF
 #41 __CFRUNLOOP_IS_SERVICING_THE_MAIN_DISPATCH_QUEUE__
 #42 __CFRunLoopRun
 #43 CFRunLoopRunSpecific
 #44 RunCurrentEventLoopInMode
 #45 ReceiveNextEventCommon
 #46 _BlockUntilNextEventMatchingListInModeWithFilter
 #47 _DPSNextEvent
 #48 -[NSApplication(NSEventRouting) _nextEventMatchingEventMask:untilDate:inMode:dequeue:]
 #49 -[NSApplication run]
 #50 NSApplicationMain
 #51 EditorMain(int, char const**)
 #52 main
 #53 start

Mono: successfully reloaded assembly
[Package Manager] Failed to launch server process. Reason: Unity was launched with the -noUpm command-line argument
[Package Manager] Unable to send message (not connected to server process).
[Package Manager] Cannot connect to Unity Package Manager local server
- Finished resetting the current domain, in  0.570 seconds
Domain Reload Profiling: 1115ms
	BeginReloadAssembly (151ms)
		ExecutionOrderSort (0ms)
		DisableScriptedObjects (12ms)
		BackupInstance (0ms)
		ReleaseScriptingObjects (0ms)
		CreateAndSetChildDomain (52ms)
	RebuildCommonClasses (25ms)
	RebuildNativeTypeToScriptingClass (9ms)
	initialDomainReloadingComplete (16ms)
	LoadAllAssembliesAndSetupDomain (345ms)
		LoadAssemblies (295ms)
		RebuildTransferFunctionScriptingTraits (0ms)
		AnalyzeDomain (107ms)
			TypeCache.Refresh (10ms)
				TypeCache.ScanAssembly (1ms)
			BuildScriptInfoCaches (91ms)
			ResolveRequiredComponents (3ms)
	FinalizeReload (570ms)
		ReleaseScriptCaches (0ms)
		RebuildScriptCaches (0ms)
		SetupLoadedEditorAssemblies (452ms)
			LogAssemblyErrors (0ms)
			InitializePlatformSupportModulesInManaged (33ms)
			SetLoadedEditorAssemblies (4ms)
			BeforeProcessingInitializeOnLoad (46ms)
			ProcessInitializeOnLoadAttributes (269ms)
			ProcessInitializeOnLoadMethodAttributes (99ms)
			AfterProcessingInitializeOnLoad (1ms)
			EditorAssembliesLoaded (0ms)
		ExecutionOrderSort2 (0ms)
		AwakeInstancesAfterBackupRestoration (3ms)
Refreshing native plugins compatible for Editor in 2.07 ms, found 8 plugins.
Preloading 0 native plugins for Editor in 0.00 ms.
Unloading 0 Unused Serialized files (Serialized files now loaded: 0)
Unloading 4657 unused Assets / (1.6 MB). Loaded Objects now: 5228.
Memory consumption went from 151.8 MB to 150.2 MB.
Total: 5.776417 ms (FindLiveObjects: 0.228833 ms CreateObjectMapping: 0.114084 ms MarkObjects: 4.396500 ms  DeleteObjects: 1.036583 ms)

Prepare: number of updated asset objects reloaded= 0
========================================================================
Received Import Request.
  Time since last request: 229.388506 seconds.
  path: Assets/Prefabs/Bookable.prefab
  artifactKey: Guid(735ac8b65c96b4aacaef16b7262c909d) Importer(815301076,1909f56bfc062723c751e8b465ee728b)
Start importing Assets/Prefabs/Bookable.prefab using Guid(735ac8b65c96b4aacaef16b7262c909d) Importer(815301076,1909f56bfc062723c751e8b465ee728b) (PreviewImporter)[PhysX] Initialized MultithreadedTaskDispatcher with 6 workers.
[PhysX] Initialized MultithreadedTaskDispatcher with 6 workers.
 -> (artifact id: '833af5b5f384d1ba3aa007c252ac238f') in 0.116535791 seconds
Number of updated asset objects reloaded before import = 0Number of asset objects unloaded after import = 35

