Unity Editor version:    2022.3.22f1 (887be4894c44)
Branch:                  2022.3/staging
Build type:              Release
Batch mode:              YES
macOS version:           Version 14.5 (Build 23F79)
Darwin version:          23.5.0
Architecture:            arm64
Running under Rosetta:   NO
Available memory:        18432 MB
Using pre-set license
Pro License: YES

COMMAND LINE ARGUMENTS:
/Applications/Unity/Hub/Editor/2022.3.22f1/Unity.app/Contents/MacOS/Unity
-adb2
-batchMode
-noUpm
-name
AssetImportWorker8
-projectPath
/Users/emma/Desktop/Repos/Orbital2024/Monorepo/Nuspirit/UnityScenes
-logFile
Logs/AssetImportWorker8.log
-srvPort
49963
Successfully changed project path to: /Users/emma/Desktop/Repos/Orbital2024/Monorepo/Nuspirit/UnityScenes
/Users/emma/Desktop/Repos/Orbital2024/Monorepo/Nuspirit/UnityScenes
[UnityMemory] Configuration Parameters - Can be set up in boot.config
    "memorysetup-bucket-allocator-granularity=16"
    "memorysetup-bucket-allocator-bucket-count=8"
    "memorysetup-bucket-allocator-block-size=33554432"
    "memorysetup-bucket-allocator-block-count=8"
    "memorysetup-main-allocator-block-size=16777216"
    "memorysetup-thread-allocator-block-size=16777216"
    "memorysetup-gfx-main-allocator-block-size=16777216"
    "memorysetup-gfx-thread-allocator-block-size=16777216"
    "memorysetup-cache-allocator-block-size=4194304"
    "memorysetup-typetree-allocator-block-size=2097152"
    "memorysetup-profiler-bucket-allocator-granularity=16"
    "memorysetup-profiler-bucket-allocator-bucket-count=8"
    "memorysetup-profiler-bucket-allocator-block-size=33554432"
    "memorysetup-profiler-bucket-allocator-block-count=8"
    "memorysetup-profiler-allocator-block-size=16777216"
    "memorysetup-profiler-editor-allocator-block-size=1048576"
    "memorysetup-temp-allocator-size-main=16777216"
    "memorysetup-job-temp-allocator-block-size=2097152"
    "memorysetup-job-temp-allocator-block-size-background=1048576"
    "memorysetup-job-temp-allocator-reduction-small-platforms=262144"
    "memorysetup-allocator-temp-initial-block-size-main=262144"
    "memorysetup-allocator-temp-initial-block-size-worker=262144"
    "memorysetup-temp-allocator-size-background-worker=32768"
    "memorysetup-temp-allocator-size-job-worker=262144"
    "memorysetup-temp-allocator-size-preload-manager=33554432"
    "memorysetup-temp-allocator-size-nav-mesh-worker=65536"
    "memorysetup-temp-allocator-size-audio-worker=65536"
    "memorysetup-temp-allocator-size-cloud-worker=32768"
    "memorysetup-temp-allocator-size-gi-baking-worker=262144"
    "memorysetup-temp-allocator-size-gfx=262144"
Player connection [8438156288] Host "[IP] 172.31.106.4 [Port] 0 [Flags] 2 [Guid] 3725533600 [EditorId] 3725533600 [Version] 1048832 [Id] OSXEditor(0,Xus-MacBook-Pro.local) [Debug] 1 [PackageName] OSXEditor [ProjectName] Editor" joined multi-casting on [225.0.0.222:54997]...

Player connection [8438156288] Host "[IP] 172.31.106.4 [Port] 0 [Flags] 2 [Guid] 3725533600 [EditorId] 3725533600 [Version] 1048832 [Id] OSXEditor(0,Xus-MacBook-Pro.local) [Debug] 1 [PackageName] OSXEditor [ProjectName] Editor" joined alternative multi-casting on [225.0.0.222:34997]...

[Physics::Module] Initialized MultithreadedJobDispatcher with 11 workers.
Refreshing native plugins compatible for Editor in 66.18 ms, found 3 plugins.
Preloading 0 native plugins for Editor in 0.00 ms.
Initialize engine version: 2022.3.22f1 (887be4894c44)
[Subsystems] Discovering subsystems at path /Applications/Unity/Hub/Editor/2022.3.22f1/Unity.app/Contents/Resources/UnitySubsystems
[Subsystems] Discovering subsystems at path /Users/emma/Desktop/Repos/Orbital2024/Monorepo/Nuspirit/UnityScenes/Assets
GfxDevice: creating device client; threaded=0; jobified=0
 preferred device: Apple M3 Pro (high power)
Metal devices available: 1
0: Apple M3 Pro (high power)
Using device Apple M3 Pro (high power)
Initializing Metal device caps: Apple M3 Pro
Initialize mono
Mono path[0] = '/Applications/Unity/Hub/Editor/2022.3.22f1/Unity.app/Contents/Managed'
Mono path[1] = '/Applications/Unity/Hub/Editor/2022.3.22f1/Unity.app/Contents/MonoBleedingEdge/lib/mono/unityjit-macos'
Mono config path = '/Applications/Unity/Hub/Editor/2022.3.22f1/Unity.app/Contents/MonoBleedingEdge/etc'
Using monoOptions --debugger-agent=transport=dt_socket,embedding=1,server=y,suspend=n,address=127.0.0.1:56671
Begin MonoManager ReloadAssembly
Registering precompiled unity dll's ...
Register platform support module: /Applications/Unity/Hub/Editor/2022.3.22f1/PlaybackEngines/WebGLSupport/UnityEditor.WebGL.Extensions.dll
Register platform support module: /Applications/Unity/Hub/Editor/2022.3.22f1/Unity.app/Contents/PlaybackEngines/MacStandaloneSupport/UnityEditor.OSXStandalone.Extensions.dll
Register platform support module: /Applications/Unity/Hub/Editor/2022.3.22f1/PlaybackEngines/AndroidPlayer/UnityEditor.Android.Extensions.dll
Register platform support module: /Applications/Unity/Hub/Editor/2022.3.22f1/PlaybackEngines/iOSSupport/UnityEditor.iOS.Extensions.dll
Register platform support module: /Applications/Unity/Hub/Editor/2022.3.22f1/PlaybackEngines/VisionOSPlayer/UnityEditor.VisionOS.Extensions.dll
Registered in 0.038392 seconds.
- Loaded All Assemblies, in  0.263 seconds
[usbmuxd] Start listen thread
[usbmuxd] Listen thread started
[usbmuxd] Send listen message
Native extension for VisionOS target not found
objc[68671]: Class XcodeScriptingDelegate is implemented in both /Applications/Unity/Hub/Editor/2022.3.22f1/PlaybackEngines/VisionOSPlayer/arm64/UnityEditor.VisionOS.Native.dylib (0x3187a45d8) and /Applications/Unity/Hub/Editor/2022.3.22f1/PlaybackEngines/iOSSupport/arm64/UnityEditor.iOS.Native.dylib (0x318a605d8). One of the two will be used. Which one is undefined.
[usbmuxd] Start listen thread
[usbmuxd] Listen thread started
[usbmuxd] Send listen message
Native extension for iOS target not found
Native extension for Android target not found
Android Extension - Scanning For ADB Devices 90 ms
Native extension for OSXStandalone target not found
Native extension for WebGL target not found
Mono: successfully reloaded assembly
- Finished resetting the current domain, in  0.368 seconds
Domain Reload Profiling: 630ms
	BeginReloadAssembly (83ms)
		ExecutionOrderSort (0ms)
		DisableScriptedObjects (0ms)
		BackupInstance (0ms)
		ReleaseScriptingObjects (0ms)
		CreateAndSetChildDomain (0ms)
	RebuildCommonClasses (21ms)
	RebuildNativeTypeToScriptingClass (7ms)
	initialDomainReloadingComplete (66ms)
	LoadAllAssembliesAndSetupDomain (86ms)
		LoadAssemblies (84ms)
		RebuildTransferFunctionScriptingTraits (0ms)
		AnalyzeDomain (83ms)
			TypeCache.Refresh (82ms)
				TypeCache.ScanAssembly (74ms)
			ScanForSourceGeneratedMonoScriptInfo (0ms)
			ResolveRequiredComponents (0ms)
	FinalizeReload (368ms)
		ReleaseScriptCaches (0ms)
		RebuildScriptCaches (0ms)
		SetupLoadedEditorAssemblies (335ms)
			LogAssemblyErrors (0ms)
			InitializePlatformSupportModulesInManaged (245ms)
			SetLoadedEditorAssemblies (2ms)
			RefreshPlugins (0ms)
			BeforeProcessingInitializeOnLoad (1ms)
			ProcessInitializeOnLoadAttributes (63ms)
			ProcessInitializeOnLoadMethodAttributes (24ms)
			AfterProcessingInitializeOnLoad (0ms)
			EditorAssembliesLoaded (0ms)
		ExecutionOrderSort2 (0ms)
		AwakeInstancesAfterBackupRestoration (0ms)
========================================================================
Worker process is ready to serve import requests
Begin MonoManager ReloadAssembly
Symbol file LoadedFromMemory is not a mono symbol file
- Loaded All Assemblies, in  0.535 seconds
Refreshing native plugins compatible for Editor in 1.77 ms, found 3 plugins.
Native extension for VisionOS target not found
Native extension for iOS target not found
Native extension for Android target not found
Native extension for OSXStandalone target not found
Native extension for WebGL target not found
Package Manager log level set to [2]
[Package Manager] Server::EnsureServerProcessIsRunning -- launch failed, reason: Unity was launched with the -noUpm command-line argument
[Package Manager] UpmClient::Send -- Unable to send message (not connected to UPM process).
[Package Manager] Cannot connect to Unity Package Manager local server
Mono: successfully reloaded assembly
[Package Manager] Server::EnsureServerProcessIsRunning -- launch failed, reason: Unity was launched with the -noUpm command-line argument
[Package Manager] UpmClient::Send -- Unable to send message (not connected to UPM process).
[Package Manager] Cannot connect to Unity Package Manager local server
[Package Manager] Server::EnsureServerProcessIsRunning -- launch failed, reason: Unity was launched with the -noUpm command-line argument
[Package Manager] UpmClient::Send -- Unable to send message (not connected to UPM process).
[Package Manager] Cannot connect to Unity Package Manager local server
- Finished resetting the current domain, in  0.478 seconds
Domain Reload Profiling: 1017ms
	BeginReloadAssembly (126ms)
		ExecutionOrderSort (0ms)
		DisableScriptedObjects (4ms)
		BackupInstance (0ms)
		ReleaseScriptingObjects (1ms)
		CreateAndSetChildDomain (21ms)
	RebuildCommonClasses (21ms)
	RebuildNativeTypeToScriptingClass (7ms)
	initialDomainReloadingComplete (32ms)
	LoadAllAssembliesAndSetupDomain (353ms)
		LoadAssemblies (227ms)
		RebuildTransferFunctionScriptingTraits (0ms)
		AnalyzeDomain (159ms)
			TypeCache.Refresh (134ms)
				TypeCache.ScanAssembly (118ms)
			ScanForSourceGeneratedMonoScriptInfo (16ms)
			ResolveRequiredComponents (8ms)
	FinalizeReload (479ms)
		ReleaseScriptCaches (0ms)
		RebuildScriptCaches (0ms)
		SetupLoadedEditorAssemblies (377ms)
			LogAssemblyErrors (0ms)
			InitializePlatformSupportModulesInManaged (21ms)
			SetLoadedEditorAssemblies (3ms)
			RefreshPlugins (0ms)
			BeforeProcessingInitializeOnLoad (65ms)
			ProcessInitializeOnLoadAttributes (243ms)
			ProcessInitializeOnLoadMethodAttributes (45ms)
			AfterProcessingInitializeOnLoad (1ms)
			EditorAssembliesLoaded (0ms)
		ExecutionOrderSort2 (0ms)
		AwakeInstancesAfterBackupRestoration (1ms)
Launching external process: /Applications/Unity/Hub/Editor/2022.3.22f1/Unity.app/Contents/Tools/UnityShaderCompiler
Launched and connected shader compiler UnityShaderCompiler after 0.04 seconds
Refreshing native plugins compatible for Editor in 3.12 ms, found 3 plugins.
Preloading 0 native plugins for Editor in 0.00 ms.
Unloading 7424 Unused Serialized files (Serialized files now loaded: 0)
Unloading 134 unused Assets / (2.2 MB). Loaded Objects now: 7863.
Memory consumption went from 293.9 MB to 291.7 MB.
Total: 6.203000 ms (FindLiveObjects: 0.312833 ms CreateObjectMapping: 0.097292 ms MarkObjects: 3.740625 ms  DeleteObjects: 2.051458 ms)

AssetImportParameters requested are different than current active one (requested -> active):
  custom:container-demuxer-ogg: 62fdf1f143b41e24485cea50d1cbac27 -> 
  custom:scripting/monoscript/fileName/PriorityQueue.cs: a53f96815da50de15010b1c479bc70cf -> c3ffd9f04730b0453c42b2f446427770
  custom:container-muxer-webm: aa71ff27fc2769a1b78a27578f13a17b -> 
  custom:video-decoder-webm-vp8: 9c59270c3fd7afecdb556c50c9e8de78 -> 
  custom:SearchIndexIgnoredProperties: e643bd26f0fe6173181afceb89e7c659 -> 
  custom:AudioImporter_EditorPlatform: 3918e3fc78b5a79bad01e8451be0beb8 -> 
  custom:scripting/monoscript/fileName/RuleTile.cs: f5f493643c39cafead8f05df075b38cf -> 5b978741c52b97f232dcc85b0f945a21
  custom:audio-decoder-ogg-vorbis: bf7c407c2cedff20999df2af8eb42d56 -> 
  custom:audio-encoder-webm-vorbis: bf7c407c2cedff20999df2af8eb42d56 -> 
  custom:scripting/precompiled-assembly-types:Assembly-CSharp: cc11ee361572ae0a227953bb56acc798 -> 36881324b9d7c4a3b7fc643e967ff7c3
  custom:video-decoder-ogg-theora: a1e56fd34408186e4bbccfd4996cb3dc -> 
  custom:CustomObjectIndexerAttribute: 3ead1caaecf1c488f20bcfeb224b6af5 -> 
  custom:container-demuxer-webm: 4f35f7cbe854078d1ac9338744f61a02 -> 
  custom:scripting/monoscript/fileName/PlayerInput.cs: 1cee85eeeadffae2bed639a188980b07 -> b48b76251eba254e570b1c52cd2aad56
  custom:framework-osx-AVFoundation: e770b220cccbd017edd2c1fefb359320 -> 
  custom:video-encoder-webm-vp8: eb34c28f22e8b96e1ab97ce403110664 -> 
  custom:scripting/monoscript/fileName/TimeDilationBehaviour.cs:  -> 2a47a54a3c8f27fb70a0495884d523e1
  custom:scripting/monoscript/fileName/TransformTweenTrack.cs:  -> b3921d1f41ddee929b63e0c5ea8cae5c
  custom:scripting/monoscript/fileName/BackgroundMusicPlayer.cs:  -> 48bb0d45a3f2b260acc16e847ca911a0
  custom:scripting/monoscript/fileName/ScreenFaderTrack.cs:  -> f5106af22ad1689581ff1b63d4d1d802
  custom:scripting/monoscript/fileName/NavMeshAgentControlBehaviour.cs:  -> d1e0b654987e670f8f49444014f15fb8
  custom:scripting/monoscript/fileName/VideoScriptPlayableTrack.cs:  -> 4e988d7ae96bed1880ed6782386208e1
  custom:scripting/monoscript/fileName/Helpers.cs:  -> 2eaee7b49665e9b99a9417d302587fba
  custom:scripting/monoscript/fileName/DirectorTrigger.cs:  -> e9fc6ed5a21c5320242fc3c7520fc65a
  custom:scripting/monoscript/fileName/SceneLinkedSMB.cs:  -> 1c4f1a4601c063d152f92406c86b1c4c
  custom:scripting/monoscript/fileName/DropShadow.cs:  -> 3e1ff13a794a7c59b47813614a6dd79e
  custom:scripting/monoscript/fileName/GunnerLightning.cs:  -> e2873910f89073dd41e8965cbb72d011
  custom:scripting/monoscript/fileName/HubDoor.cs:  -> f4306e5c2908f585c95b90ca4b27c997
  custom:scripting/monoscript/fileName/AirborneMeleeAttackSMB.cs:  -> a65352d52ccc232b2476dcf0e5b524d2
  custom:scripting/monoscript/fileName/LayerMaskExtensions.cs:  -> e9ece84cdf61a9cf1146f4181360635c
  custom:scripting/monoscript/fileName/SceneControllerWrapper.cs:  -> bd656429762be5eec528243dd04c42ec
  custom:scripting/monoscript/fileName/LocalTransformDuplicator.cs:  -> bc433714d03af0c3ea5a46285f830e34
  custom:scripting/monoscript/fileName/PhysicsHelper.cs:  -> 8ecfdcedf329200e0b6b525dfad6529d
  custom:scripting/monoscript/fileName/MeleeAttackSMB.cs:  -> b22dfa35674c27650141b90a71d432c9
  custom:scripting/monoscript/fileName/InstantiateObject.cs:  -> 9bbf47d7f185cdbc66381edb38c61fd1
  custom:scripting/monoscript/fileName/TransformTweenClip.cs:  -> ce8bae8ab2e8ac4b99b0d502759d6faf
  custom:scripting/monoscript/fileName/LightControlMixerBehaviour.cs:  -> 0fcaed5ba9cc72e85e9f996f47c6994e
  custom:scripting/monoscript/fileName/CrouchSMB.cs:  -> 6cfd876afb1001ec8ae8b5130932d11b
  custom:scripting/monoscript/fileName/InputDisplayUI.cs:  -> 4cc08b2863ef7d607a75f5dc93ba3120
  custom:scripting/monoscript/fileName/InteractOnButton.cs:  -> e4d0fe12764b00e7fab504a4cfc8e831
  custom:scripting/monoscript/fileName/VideoSchedulerPlayableBehaviour.cs:  -> ba9ca0af4ca4ba259d5aee4a7a62a467
  custom:scripting/monoscript/fileName/GunnerBeamController.cs:  -> bd1304ed82dfe25a34f70df600dae9d2
  custom:scripting/monoscript/fileName/TransformTweenMixerBehaviour.cs:  -> 37456ce2a83d18cd310416f056c5ca19
  custom:scripting/monoscript/fileName/BT.cs:  -> 614426a8fd082fe78dd38ccbd1fd1d20
  custom:scripting/monoscript/fileName/LocomotionWithGunSMB.cs:  -> 6b45ae25b4f43d87118cf2d31ad16c92
  custom:scripting/monoscript/fileName/WeaponPickup.cs:  -> 6610478444b5257181dccf72fcdd41d1
  custom:scripting/monoscript/fileName/RandomAudioPlayer.cs:  -> acc4b9af20b1de32113181c869dbee6e
  custom:scripting/monoscript/fileName/InteractOnButton2D.cs:  -> efdc4fcff9cbd94a6efc6a19c00b1a33
  custom:scripting/monoscript/fileName/ObjectPool.cs:  -> 5e2ab9cfe81e04de31d18dbafae66b8c
  custom:scripting/monoscript/fileName/SavedData.cs:  -> 685f0e7f1b879fac2a1273ba9c1d9e32
  custom:scripting/monoscript/fileName/CameraShaker.cs:  -> 5d9f2f08877e185f3b2213f3b0d22d61
  custom:scripting/monoscript/fileName/LightControlTrack.cs:  -> 763227231a71417a1a5ac4e70e61e96d
  custom:scripting/monoscript/fileName/TimedDisabling.cs:  -> 66b57bce31c9098c48eebe182b9f34ab
  custom:scripting/monoscript/fileName/AutoCameraSetup.cs:  -> 0b80d5c6cd4c575aacdcb719373a31b4
  custom:scripting/monoscript/fileName/TextSwitcherTrack.cs:  -> 0cb912a8bf9a97e23e637d17886f6125
  custom:scripting/monoscript/fileName/InventoryItem.cs:  -> 85cfaa8d7c5fa9b2d3a2ef83376219ac
  custom:scripting/monoscript/fileName/ChomperRunToTargetSMB.cs:  -> 953f7d7232a8a53afda9959b3b078799
  custom:scripting/monoscript/fileName/Pushable.cs:  -> f6ec5c5de10c264b91f8a8d2c7e874d1
  custom:scripting/monoscript/fileName/KeyUI.cs:  -> 0d4c654f481a42a510015065bb2cadf1
  custom:scripting/monoscript/fileName/TimeDilationTrack.cs:  -> 1abc002dce70930dcfd6d5102a48203e
  custom:scripting/monoscript/fileName/TextSwitcherBehaviour.cs:  -> 68256d96e2f8da698537c24082064101
  custom:scripting/monoscript/fileName/Damager.cs:  -> 513f60219d4f47bf4d7b9dfbf22d1bf6
  custom:scripting/monoscript/fileName/SpriteColorChange.cs:  -> 5f703a44d870f4425a06445fddf5436b
  custom:scripting/monoscript/fileName/TextSwitcherClip.cs:  -> 2fde822cdd69a6dbe2320ac8efe14a97
  custom:scripting/monoscript/fileName/Bullet.cs:  -> 0444b6dca11945af1fec7b2593d596ea
  custom:scripting/monoscript/fileName/Grenade.cs:  -> f1eb7744a78d223fa0339eb9cff3bb5f
  custom:scripting/monoscript/fileName/HurtSMB.cs:  -> e5027485537873c9c9a5803bece02e26
  custom:scripting/monoscript/fileName/LightControlBehaviour.cs:  -> a1aef39299a63bc9e8f2136779eabb39
  custom:scripting/monoscript/fileName/Checkpoint.cs:  -> fe80b71ef9e1c085691705bda80e050d
  custom:scripting/monoscript/fileName/InteractOnTrigger2D.cs:  -> 8ed2cd8fe3c297d7caa17250b73bfb3c
  custom:scripting/monoscript/fileName/OpenURL.cs:  -> 50efd310353ce9873853be18228f7805
  custom:scripting/monoscript/fileName/NavMeshAgentControlTrack.cs:  -> 459da79f666b02d1bec6a1ebecbfbfa2
  custom:scripting/monoscript/fileName/VisibleBubbleUp.cs:  -> 301387740263f76951df11800d729e36
  custom:scripting/monoscript/fileName/InteractOnCollision2D.cs:  -> 8b4606601b42db12954ebfc03c2b453c
  custom:scripting/monoscript/fileName/PlayerCharacter.cs:  -> 35e1e14986555765c7b5dc93a2c20c9a
  custom:scripting/monoscript/fileName/ScrollingTextTrack.cs:  -> 9cf61616b021cbc66da08fe3043d3141
  custom:scripting/monoscript/fileName/AirborneWithGunSMB.cs:  -> c6edb5717342d2e3766d3a3916112940
  custom:scripting/monoscript/fileName/AudioSurface.cs:  -> c4b013abb76f66ba3742136bfca3fd5d
  custom:scripting/monoscript/fileName/StartScreenSpriteOffsetter.cs:  -> b406a668fa5fc159070268f4c1987f27
  custom:scripting/monoscript/fileName/OriginalPhrases.cs:  -> 3a7c8ff2e471fef49a30d2d940e0ec72
  custom:scripting/monoscript/fileName/InventoryController.cs:  -> 7880de909c4f04956975095826612c9e
  custom:scripting/monoscript/fileName/GameObjectTeleporter.cs:  -> cec774bdb00fbbe5c288704d75addc45
  custom:scripting/monoscript/fileName/MixerSliderLink.cs:  -> 34dc8c25ea78265e9892e215cccf8e58
  custom:scripting/monoscript/fileName/LightControlClip.cs:  -> a94673739b1222db71fa76111e74252b
  custom:scripting/monoscript/fileName/UIAutoscroll.cs:  -> b40f2c3c01e294e024d86663bf27e7f2
  custom:scripting/monoscript/fileName/ScrollingTextMixerBehaviour.cs:  -> 685ce4c6b416c4913274427a80cd5189
  custom:scripting/monoscript/fileName/ChomperAttackSMB.cs:  -> 5c613e850f01a188d5ac1d5ca2598617
  custom:scripting/monoscript/fileName/SceneTransitionDestination.cs:  -> d0a98480ec6fe4a2ca036688a968da8f
  custom:scripting/monoscript/fileName/ChomperDeathSMB.cs:  -> 1b3e7e3816e7abc6f2182e88c1699d28
  custom:scripting/monoscript/fileName/CharacterStateSetter.cs:  -> dcf64547b1cf432563c7c6e8448c940f
  custom:scripting/monoscript/fileName/GunnerProjectile.cs:  -> 33ac9aff9365a37fe39fe8dd4aec7d6c
  custom:scripting/monoscript/fileName/TimeDilationClip.cs:  -> cf47e4ba07d08369b85315a94710cac7
  custom:scripting/monoscript/fileName/CrouchWithGunSMB.cs:  -> a298a6ce9dcc1a17a2cf443867139c6a
  custom:scripting/monoscript/fileName/BossDoorStateManager.cs:  -> 654760997733a1cf7a4e36ee0a14dfe1
  custom:scripting/monoscript/fileName/ScrollingTextBehaviour.cs:  -> 0dc5de619ed95c9e13e84edfc085c768
  custom:scripting/monoscript/fileName/PlatformCatcher.cs:  -> 53e1d92850ee2ea1c6bbf9345cc337f5
  custom:scripting/monoscript/fileName/TriggerVFX.cs:  -> 74e9c1be307ec8cb472221d022a4fe1c
  custom:scripting/monoscript/fileName/TimeDilationMixerBehaviour.cs:  -> 9db71cea3a357f19f5412255d887380d
  custom:scripting/monoscript/fileName/CharacterController2D.cs:  -> 99456e04c29fefa83756856ee9867c51
  custom:scripting/monoscript/fileName/BlurOptimized.cs:  -> a99dff34286593c12b0fab92e7c0da68
  custom:scripting/monoscript/fileName/IDataPersister.cs:  -> aa18343f03b13317fc4b5d185e4847f8
  custom:scripting/monoscript/fileName/TranslatedPhrases.cs:  -> 2e62af1d5eec579a23db4f7a41fbcd30
  custom:scripting/monoscript/fileName/Damageable.cs:  -> fcd05effbcbd53b62db43a1233119fd2
  custom:scripting/monoscript/fileName/EnemyBehaviour.cs:  -> d54095ec16e5a6d583333f28534703cc
  custom:scripting/monoscript/fileName/NavMeshAgentControlMixerBehaviour.cs:  -> 7b48ffad63e28e2c99eda486e54a5293
  custom:scripting/monoscript/fileName/ChomperPatrolSMB.cs:  -> 9a6924c77bf2b04c49433dcb8129e3a9
  custom:scripting/monoscript/fileName/TranslatedText.cs:  -> 9cac2f8c265cd155bab4c2a75448dc08
  custom:scripting/monoscript/fileName/ScreenFader.cs:  -> 61442d2b08caa8d5c2c3477f22a6ceda
  custom:scripting/monoscript/fileName/PostEffectsBase.cs:  -> 6aabc5a6e1a831a9196622d2796540be
  custom:scripting/monoscript/fileName/ScreenFaderClip.cs:  -> c069ccc2530ec9204750ffe25d5deda2
  custom:scripting/monoscript/fileName/RespawnSMB.cs:  -> 5e975a30d979cfe9992aeccc72fde642
  custom:scripting/monoscript/fileName/PressurePad.cs:  -> 4053679896b224a1ec978dcee2c2fa9b
  custom:scripting/monoscript/fileName/OptionUI.cs:  -> 3d8b10704d6d94421961cb2ae90be4de
  custom:scripting/monoscript/fileName/SetMaterialRenderQueue.cs:  -> eb3d3a6e2f1f4d076ae07da14b47cae1
  custom:scripting/monoscript/fileName/GunnerShieldEffect.cs:  -> 17daddb523d2f27301ca678a5c754775
  custom:scripting/monoscript/fileName/PrewarmDirector.cs:  -> 82c820308bcf87e7c504a340a3d881cf
  custom:scripting/monoscript/fileName/GunnerBeam.cs:  -> c7fada0591b381de5b3e247a5d6d7b2d
  custom:scripting/monoscript/fileName/TextSwitcherMixerBehaviour.cs:  -> 7f42be20fe5c6402bccb2441ee0ece59
  custom:scripting/monoscript/fileName/BulletPool.cs:  -> cc1c9d88e0bb318994de075b0e1d430f
  custom:scripting/monoscript/fileName/InteractOnTrigger.cs:  -> 0b33b17586e3e5dee01b7ccaf45a47aa
  custom:scripting/monoscript/fileName/TransitionPoint.cs:  -> b12486bfff6f324e7a74c16c55fea160
  custom:scripting/monoscript/fileName/ScreenFaderMixerBehaviour.cs:  -> 0b9f78a54c807c6c86048033fc1ca805
  custom:scripting/monoscript/fileName/AirborneSMB.cs:  -> 15490f24f4dfe266cb94356c58d47803
  custom:scripting/monoscript/fileName/ScrollingTextClip.cs:  -> e675b8f5564fc8becb13af81902cca5d
  custom:scripting/monoscript/fileName/VideoScriptPlayableAsset.cs:  -> 7fd2644f85d74c216c2e0e5772842021
  custom:scripting/monoscript/fileName/DeadLandingSMB.cs:  -> d8d851384fef411aad1e207daffd35ae
  custom:scripting/monoscript/fileName/SceneNameAttribute.cs:  -> bf193d100568cb2caf4037841182cdc3
  custom:scripting/monoscript/fileName/MenuActivityController.cs:  -> df27cf9df0308267b909e3569dfd174c
  custom:scripting/monoscript/fileName/ScreenFaderBehaviour.cs:  -> 60b806abc76c3a143984d4a8f0d4312e
  custom:scripting/monoscript/fileName/HealthPickup.cs:  -> 59a70299938e074bbeb0d192f51899c8
  custom:scripting/monoscript/fileName/VideoPlayableBehaviour.cs:  -> 4083fab20e54cf12508c44ba2a09e69c
  custom:scripting/monoscript/fileName/VFXController.cs:  -> 7ad7aa5149ad9a7559a08b9251704d6e
  custom:scripting/monoscript/fileName/SpitterBT.cs:  -> 9bcd1d5bcb70df38b535ba21ced0e16d
  custom:scripting/monoscript/fileName/NavMeshAgentControlClip.cs:  -> 44f2e4bb750ce6d6a6c7ff748e5210ba
  custom:scripting/monoscript/fileName/DeadSMB.cs:  -> f6a7e8d943908899b684a015ca3fbc07
  custom:scripting/monoscript/fileName/TransformTweenBehaviour.cs:  -> 38476248d583861e517f0afd203b6742
  custom:scripting/monoscript/fileName/FallthroughReseter.cs:  -> 0cc9cb66cdbd586856ec25dac9094394
  custom:scripting/monoscript/fileName/LocomotionSMB.cs:  -> 5db1d438c6734470d7a02cae2ed50f1e
  custom:scripting/monoscript/fileName/WaterArea.cs:  -> 47e2351e33e4206dd7bc47f23407f700
  custom:scripting/monoscript/fileName/PersistentDataManager.cs:  -> d83cbfbf007788d038c312e46fb2544b
  custom:scripting/monoscript/fileName/MovingPlatform.cs:  -> 4bbee5568bb59cbc5cde6104e4519cb2
  custom:scripting/monoscript/fileName/Translator.cs:  -> ce7bb72620b3773e56fd58c00b6ec152
  custom:scripting/monoscript/fileName/HealthUI.cs:  -> 0de74da64232f4bb9ce2d04228ef2a16
  custom:scripting/monoscript/fileName/SceneController.cs:  -> b6ff33d3663ca306ad3fc5f86c8cd972
  custom:scripting/monoscript/fileName/EnemySpawner.cs:  -> c162de244570e4c4fe11ee5e10698ed5
  custom:scripting/monoscript/fileName/InteractOnCollision.cs:  -> df0761b13ce22e42d17eac0dd5ab9fcb
  custom:scripting/monoscript/fileName/SendSignal.cs:  -> 79412faeec5e40a5b3675cc76ef9ec26
  custom:scripting/monoscript/fileName/StartUI.cs:  -> 43d1afdc9070ac88b5cb4e979188f885
  custom:scripting/monoscript/fileName/MissileGolem.cs:  -> c9778d635a6e79e4247926988f22e3b9
  custom:scripting/monoscript/fileName/PushingSMB.cs:  -> 39f074a67bb3253c78f2f7b6d82a90fc
  custom:scripting/monoscript/fileName/DialogueCanvasController.cs:  -> 189b66cf11e3ecd48f08f6e15f6da3b9
  custom:scripting/monoscript/fileName/ObjectPositionResetter.cs:  -> 2f96a112808c661babf6beaf774709bf
  custom:scripting/monoscript/fileName/InputComponent.cs:  -> 41073c3987211857bb895c58aa5f1411
========================================================================
Received Import Request.
  Time since last request: 13471.703681 seconds.
  path: Assets/2DGamekit/Art/TileMapPalettes/Tileset/TilesRock
  artifactKey: Guid(aae9694181f02e642a8503cb971589aa) Importer(815301076,1909f56bfc062723c751e8b465ee728b)
Start importing Assets/2DGamekit/Art/TileMapPalettes/Tileset/TilesRock using Guid(aae9694181f02e642a8503cb971589aa) Importer(815301076,1909f56bfc062723c751e8b465ee728b)  -> (artifact id: 'd67cd0a02310167b3c28e1dc583f8343') in 0.164461 seconds
Number of updated asset objects reloaded before import = 0
Number of asset objects unloaded after import = 0
========================================================================
Received Import Request.
  Time since last request: 0.000068 seconds.
  path: Assets/2DGamekit/Art/TileMapPalettes/Tileset/TilesRock/Tileset_Rock_CeilingCornerOuterLeft.asset
  artifactKey: Guid(7367c25c5d9cf62439ab564270842e55) Importer(815301076,1909f56bfc062723c751e8b465ee728b)
Start importing Assets/2DGamekit/Art/TileMapPalettes/Tileset/TilesRock/Tileset_Rock_CeilingCornerOuterLeft.asset using Guid(7367c25c5d9cf62439ab564270842e55) Importer(815301076,1909f56bfc062723c751e8b465ee728b)  -> (artifact id: 'd2251a48966263066448aa5894df4f9b') in 0.252655 seconds
Number of updated asset objects reloaded before import = 0
Number of asset objects unloaded after import = 3
========================================================================
Received Import Request.
  Time since last request: 0.351805 seconds.
  path: Assets/2DGamekit/Art/TileMapPalettes/Tileset/TilesRock/Tileset_Rock_Fill8.asset
  artifactKey: Guid(6c74db582993a3e40803cd6305640ff3) Importer(815301076,1909f56bfc062723c751e8b465ee728b)
Start importing Assets/2DGamekit/Art/TileMapPalettes/Tileset/TilesRock/Tileset_Rock_Fill8.asset using Guid(6c74db582993a3e40803cd6305640ff3) Importer(815301076,1909f56bfc062723c751e8b465ee728b)  -> (artifact id: '70f336b5b466d1c6578459f554656440') in 0.014664 seconds
Number of updated asset objects reloaded before import = 0
Number of asset objects unloaded after import = 3
========================================================================
Received Import Request.
  Time since last request: 0.016217 seconds.
  path: Assets/2DGamekit/Art/TileMapPalettes/Tileset/TilesRock/Tileset_Rock_Floor0.asset
  artifactKey: Guid(51a0776b54069424c942723a11ae456b) Importer(815301076,1909f56bfc062723c751e8b465ee728b)
Start importing Assets/2DGamekit/Art/TileMapPalettes/Tileset/TilesRock/Tileset_Rock_Floor0.asset using Guid(51a0776b54069424c942723a11ae456b) Importer(815301076,1909f56bfc062723c751e8b465ee728b)  -> (artifact id: '4bf82833413a51d93029efcd2716f566') in 0.015936 seconds
Number of updated asset objects reloaded before import = 0
Number of asset objects unloaded after import = 3
========================================================================
Received Import Request.
  Time since last request: 0.000032 seconds.
  path: Assets/2DGamekit/Art/TileMapPalettes/Tileset/TilesRock/Tileset_Rock_Floor5.asset
  artifactKey: Guid(2c67472dfbdc3124ca4389655a66878e) Importer(815301076,1909f56bfc062723c751e8b465ee728b)
Start importing Assets/2DGamekit/Art/TileMapPalettes/Tileset/TilesRock/Tileset_Rock_Floor5.asset using Guid(2c67472dfbdc3124ca4389655a66878e) Importer(815301076,1909f56bfc062723c751e8b465ee728b)  -> (artifact id: '2795a7c88abe5baafeaabbbcdfa363e0') in 0.030480 seconds
Number of updated asset objects reloaded before import = 0
Number of asset objects unloaded after import = 3
========================================================================
Received Import Request.
  Time since last request: 0.000026 seconds.
  path: Assets/2DGamekit/Art/TileMapPalettes/Tileset/TilesRock/Tileset_Rock_FloorCornerInnerRight0.asset
  artifactKey: Guid(aed2a3c909346934fb57cdc096b3c23c) Importer(815301076,1909f56bfc062723c751e8b465ee728b)
Start importing Assets/2DGamekit/Art/TileMapPalettes/Tileset/TilesRock/Tileset_Rock_FloorCornerInnerRight0.asset using Guid(aed2a3c909346934fb57cdc096b3c23c) Importer(815301076,1909f56bfc062723c751e8b465ee728b)  -> (artifact id: 'ee88e7aea021fbe28ab7a985be092f30') in 0.021237 seconds
Number of updated asset objects reloaded before import = 0
Number of asset objects unloaded after import = 3
========================================================================
Received Import Request.
  Time since last request: 0.000038 seconds.
  path: Assets/2DGamekit/Art/TileMapPalettes/Tileset/TilesRock/Tileset_Rock_FloorCornerInnerLeft2.asset
  artifactKey: Guid(90cd0c035707ecf4880dde1d886a2326) Importer(815301076,1909f56bfc062723c751e8b465ee728b)
Start importing Assets/2DGamekit/Art/TileMapPalettes/Tileset/TilesRock/Tileset_Rock_FloorCornerInnerLeft2.asset using Guid(90cd0c035707ecf4880dde1d886a2326) Importer(815301076,1909f56bfc062723c751e8b465ee728b)  -> (artifact id: '48a9f954ec31c696ead85010a5517791') in 0.015144 seconds
Number of updated asset objects reloaded before import = 0
Number of asset objects unloaded after import = 3
========================================================================
Received Import Request.
  Time since last request: 0.000030 seconds.
  path: Assets/2DGamekit/Art/TileMapPalettes/Tileset/TilesRock/Tileset_Rock_FloorSingleBlock6.asset
  artifactKey: Guid(9389b9323f30ca44794f09ec445af256) Importer(815301076,1909f56bfc062723c751e8b465ee728b)
Start importing Assets/2DGamekit/Art/TileMapPalettes/Tileset/TilesRock/Tileset_Rock_FloorSingleBlock6.asset using Guid(9389b9323f30ca44794f09ec445af256) Importer(815301076,1909f56bfc062723c751e8b465ee728b)  -> (artifact id: '87ffe2683f14deaba078291ffc02c235') in 0.021339 seconds
Number of updated asset objects reloaded before import = 0
Number of asset objects unloaded after import = 3
========================================================================
Received Import Request.
  Time since last request: 0.000039 seconds.
  path: Assets/2DGamekit/Art/TileMapPalettes/Tileset/TilesRock/Tileset_Rock_WallLeft0.asset
  artifactKey: Guid(6b4e91a43e0ee5b4ba8e76bffcc39944) Importer(815301076,1909f56bfc062723c751e8b465ee728b)
Start importing Assets/2DGamekit/Art/TileMapPalettes/Tileset/TilesRock/Tileset_Rock_WallLeft0.asset using Guid(6b4e91a43e0ee5b4ba8e76bffcc39944) Importer(815301076,1909f56bfc062723c751e8b465ee728b)  -> (artifact id: '103df0f424c70ebc9b1052d4f7ef63be') in 0.013806 seconds
Number of updated asset objects reloaded before import = 0
Number of asset objects unloaded after import = 3
========================================================================
Received Import Request.
  Time since last request: 0.000035 seconds.
  path: Assets/2DGamekit/Art/TileMapPalettes/Tileset/TilesRock/Tileset_Rock_WallLeft6.asset
  artifactKey: Guid(b175c290adebc5646b92831f9efb851a) Importer(815301076,1909f56bfc062723c751e8b465ee728b)
Start importing Assets/2DGamekit/Art/TileMapPalettes/Tileset/TilesRock/Tileset_Rock_WallLeft6.asset using Guid(b175c290adebc5646b92831f9efb851a) Importer(815301076,1909f56bfc062723c751e8b465ee728b)  -> (artifact id: '72018098a3c35fb091376a43cb70cd35') in 0.013865 seconds
Number of updated asset objects reloaded before import = 0
Number of asset objects unloaded after import = 3
========================================================================
Received Import Request.
  Time since last request: 0.000033 seconds.
  path: Assets/2DGamekit/Art/TileMapPalettes/Tileset/TilesRock/Tileset_Rock_WallLeftCeilingCorner1.asset
  artifactKey: Guid(21a64e302e7ed0b4696c6c911097ab8a) Importer(815301076,1909f56bfc062723c751e8b465ee728b)
Start importing Assets/2DGamekit/Art/TileMapPalettes/Tileset/TilesRock/Tileset_Rock_WallLeftCeilingCorner1.asset using Guid(21a64e302e7ed0b4696c6c911097ab8a) Importer(815301076,1909f56bfc062723c751e8b465ee728b)  -> (artifact id: '79ec1dcd6eff3521680ad15151f6d690') in 0.014280 seconds
Number of updated asset objects reloaded before import = 0
Number of asset objects unloaded after import = 3
========================================================================
Received Import Request.
  Time since last request: 0.000045 seconds.
  path: Assets/2DGamekit/Art/TileMapPalettes/Tileset/TilesRock/Tileset_Rock_WallRightCeilingCorner0.asset
  artifactKey: Guid(9febc9b8ad40b9e479c088bb69b793c9) Importer(815301076,1909f56bfc062723c751e8b465ee728b)
Start importing Assets/2DGamekit/Art/TileMapPalettes/Tileset/TilesRock/Tileset_Rock_WallRightCeilingCorner0.asset using Guid(9febc9b8ad40b9e479c088bb69b793c9) Importer(815301076,1909f56bfc062723c751e8b465ee728b)  -> (artifact id: 'd36554106efedf730bb57a576478d5b2') in 0.017135 seconds
Number of updated asset objects reloaded before import = 0
Number of asset objects unloaded after import = 3
========================================================================
Received Import Request.
  Time since last request: 0.000041 seconds.
  path: Assets/2DGamekit/Art/TileMapPalettes/Tileset/TilesRock/Tileset_Rock_WallRight5.asset
  artifactKey: Guid(473f0ccca5ab72c4a85af2488cb86c9f) Importer(815301076,1909f56bfc062723c751e8b465ee728b)
Start importing Assets/2DGamekit/Art/TileMapPalettes/Tileset/TilesRock/Tileset_Rock_WallRight5.asset using Guid(473f0ccca5ab72c4a85af2488cb86c9f) Importer(815301076,1909f56bfc062723c751e8b465ee728b)  -> (artifact id: 'cfb734bf7e9c9149cb8ecb67fe157527') in 0.014362 seconds
Number of updated asset objects reloaded before import = 0
Number of asset objects unloaded after import = 3
========================================================================
Received Import Request.
  Time since last request: 0.000039 seconds.
  path: Assets/2DGamekit/Art/TileMapPalettes/Tileset/TilesRock/Tileset_Rock_WallRightCeilingCorner3.asset
  artifactKey: Guid(f106d770a084c2540bed995fa3f9d36c) Importer(815301076,1909f56bfc062723c751e8b465ee728b)
Start importing Assets/2DGamekit/Art/TileMapPalettes/Tileset/TilesRock/Tileset_Rock_WallRightCeilingCorner3.asset using Guid(f106d770a084c2540bed995fa3f9d36c) Importer(815301076,1909f56bfc062723c751e8b465ee728b)  -> (artifact id: 'c09308f371e7ad4aa78c6a3d376fe433') in 0.012938 seconds
Number of updated asset objects reloaded before import = 0
Number of asset objects unloaded after import = 3
========================================================================
Received Import Request.
  Time since last request: 0.000049 seconds.
  path: Assets/2DGamekit/Art/TileMapPalettes/Tileset/TilesRock/TilesetRock_WaterBlockers_1.asset
  artifactKey: Guid(9b51a34dd08796c4fbc0226e3b22d20a) Importer(815301076,1909f56bfc062723c751e8b465ee728b)
Start importing Assets/2DGamekit/Art/TileMapPalettes/Tileset/TilesRock/TilesetRock_WaterBlockers_1.asset using Guid(9b51a34dd08796c4fbc0226e3b22d20a) Importer(815301076,1909f56bfc062723c751e8b465ee728b)  -> (artifact id: '109ad3fec6698bf7981eb6fd6db27ab3') in 0.004281 seconds
Number of updated asset objects reloaded before import = 0
Number of asset objects unloaded after import = 3
========================================================================
Received Import Request.
  Time since last request: 0.000022 seconds.
  path: Assets/2DGamekit/Art/TileMapPalettes/Tileset/TilesRock/TilesetRock_WaterBlockers_5.asset
  artifactKey: Guid(6be0330d935406b499edc32f0c04c45e) Importer(815301076,1909f56bfc062723c751e8b465ee728b)
Start importing Assets/2DGamekit/Art/TileMapPalettes/Tileset/TilesRock/TilesetRock_WaterBlockers_5.asset using Guid(6be0330d935406b499edc32f0c04c45e) Importer(815301076,1909f56bfc062723c751e8b465ee728b)  -> (artifact id: '0dac19976979d32b0b77dc7710b92e98') in 0.005492 seconds
Number of updated asset objects reloaded before import = 0
Number of asset objects unloaded after import = 3
========================================================================
Received Import Request.
  Time since last request: 0.000091 seconds.
  path: Assets/2DGamekit/Art/TileMapPalettes/Tileset/TilesRock/Tileset_Rock_FloorSingleBlock2.asset
  artifactKey: Guid(88586a341aebb534bba7d665168f8ce5) Importer(815301076,1909f56bfc062723c751e8b465ee728b)
Start importing Assets/2DGamekit/Art/TileMapPalettes/Tileset/TilesRock/Tileset_Rock_FloorSingleBlock2.asset using Guid(88586a341aebb534bba7d665168f8ce5) Importer(815301076,1909f56bfc062723c751e8b465ee728b)  -> (artifact id: '9de736fb4af5970bc34a452c79fcdace') in 0.014575 seconds
Number of updated asset objects reloaded before import = 0
Number of asset objects unloaded after import = 3
========================================================================
Received Import Request.
  Time since last request: 0.000031 seconds.
  path: Assets/2DGamekit/Art/TileMapPalettes/Tileset/TilesRock/Tileset_Rock_FloorSingleBlock4.asset
  artifactKey: Guid(6e014bfa9242bfe4abfc5aaba9b2e623) Importer(815301076,1909f56bfc062723c751e8b465ee728b)
Start importing Assets/2DGamekit/Art/TileMapPalettes/Tileset/TilesRock/Tileset_Rock_FloorSingleBlock4.asset using Guid(6e014bfa9242bfe4abfc5aaba9b2e623) Importer(815301076,1909f56bfc062723c751e8b465ee728b)  -> (artifact id: 'bf40eae034ce432e32d88b86ef536a7e') in 0.014968 seconds
Number of updated asset objects reloaded before import = 0
Number of asset objects unloaded after import = 3
========================================================================
Received Import Request.
  Time since last request: 0.000028 seconds.
  path: Assets/2DGamekit/Art/TileMapPalettes/Tileset/TilesRock/Tileset_Rock_SingleBlock.asset
  artifactKey: Guid(9ae2ba98494cb6f4f805185ee2f93db2) Importer(815301076,1909f56bfc062723c751e8b465ee728b)
Start importing Assets/2DGamekit/Art/TileMapPalettes/Tileset/TilesRock/Tileset_Rock_SingleBlock.asset using Guid(9ae2ba98494cb6f4f805185ee2f93db2) Importer(815301076,1909f56bfc062723c751e8b465ee728b)  -> (artifact id: 'f0942f700e977fc91e77fb35df66cb9a') in 0.034355 seconds
Number of updated asset objects reloaded before import = 0
Number of asset objects unloaded after import = 3
========================================================================
Received Import Request.
  Time since last request: 0.000028 seconds.
  path: Assets/2DGamekit/Art/TileMapPalettes/Tileset/TilesRock/Tileset_Rock_WallLeft5.asset
  artifactKey: Guid(970617a3336ab9e4586298ac572caff2) Importer(815301076,1909f56bfc062723c751e8b465ee728b)
Start importing Assets/2DGamekit/Art/TileMapPalettes/Tileset/TilesRock/Tileset_Rock_WallLeft5.asset using Guid(970617a3336ab9e4586298ac572caff2) Importer(815301076,1909f56bfc062723c751e8b465ee728b)  -> (artifact id: '64331b8b05d2637be1b0c00b4584c47c') in 0.021116 seconds
Number of updated asset objects reloaded before import = 0
Number of asset objects unloaded after import = 3
========================================================================
Received Import Request.
  Time since last request: 0.000060 seconds.
  path: Assets/2DGamekit/Art/TileMapPalettes/Tileset/TilesRock/Tileset_Rock_WallRightCeilingCorner4.asset
  artifactKey: Guid(3b80ba32db2a2e14fa0e5453731b7d7f) Importer(815301076,1909f56bfc062723c751e8b465ee728b)
Start importing Assets/2DGamekit/Art/TileMapPalettes/Tileset/TilesRock/Tileset_Rock_WallRightCeilingCorner4.asset using Guid(3b80ba32db2a2e14fa0e5453731b7d7f) Importer(815301076,1909f56bfc062723c751e8b465ee728b)  -> (artifact id: 'b8ed939f7994b8955f4dffceb2b0bcbc') in 0.014760 seconds
Number of updated asset objects reloaded before import = 0
Number of asset objects unloaded after import = 3
========================================================================
Received Import Request.
  Time since last request: 0.000041 seconds.
  path: Assets/2DGamekit/Art/TileMapPalettes/Tileset/TilesRock/Tileset_Rock_WallLeftCeilingCorner6.asset
  artifactKey: Guid(6ebb1a7618dacfa47921c5653e10c1f3) Importer(815301076,1909f56bfc062723c751e8b465ee728b)
Start importing Assets/2DGamekit/Art/TileMapPalettes/Tileset/TilesRock/Tileset_Rock_WallLeftCeilingCorner6.asset using Guid(6ebb1a7618dacfa47921c5653e10c1f3) Importer(815301076,1909f56bfc062723c751e8b465ee728b)  -> (artifact id: '6b5af9291f2ed213d3a8b38bdd2b711e') in 0.015186 seconds
Number of updated asset objects reloaded before import = 0
Number of asset objects unloaded after import = 3
========================================================================
Received Import Request.
  Time since last request: 0.000028 seconds.
  path: Assets/2DGamekit/Art/TileMapPalettes/Tileset/TilesRock/Tileset_Rock_WallRight1.asset
  artifactKey: Guid(6ccdde4e7095bf9469fc8a98319057b2) Importer(815301076,1909f56bfc062723c751e8b465ee728b)
Start importing Assets/2DGamekit/Art/TileMapPalettes/Tileset/TilesRock/Tileset_Rock_WallRight1.asset using Guid(6ccdde4e7095bf9469fc8a98319057b2) Importer(815301076,1909f56bfc062723c751e8b465ee728b)  -> (artifact id: 'fb9426525446355194cdbcd4d616b3a9') in 0.016441 seconds
Number of updated asset objects reloaded before import = 0
Number of asset objects unloaded after import = 3
========================================================================
Received Import Request.
  Time since last request: 0.000056 seconds.
  path: Assets/2DGamekit/Art/TileMapPalettes/Tileset/TilesRock/TilesetRock_WaterBlockers_4.asset
  artifactKey: Guid(d97da55e5ec3e9949934b863918613b3) Importer(815301076,1909f56bfc062723c751e8b465ee728b)
Start importing Assets/2DGamekit/Art/TileMapPalettes/Tileset/TilesRock/TilesetRock_WaterBlockers_4.asset using Guid(d97da55e5ec3e9949934b863918613b3) Importer(815301076,1909f56bfc062723c751e8b465ee728b)  -> (artifact id: 'f54aafe02acf76cdad908a6ffa724877') in 0.004736 seconds
Number of updated asset objects reloaded before import = 0
Number of asset objects unloaded after import = 3
========================================================================
Received Import Request.
  Time since last request: 0.000172 seconds.
  path: Assets/2DGamekit/Art/TileMapPalettes/Tileset/TilesRock/Tileset_Rock_FloorCornerInnerRight1.asset
  artifactKey: Guid(880e49d10bf677c4d8ea6dd787d7e764) Importer(815301076,1909f56bfc062723c751e8b465ee728b)
Start importing Assets/2DGamekit/Art/TileMapPalettes/Tileset/TilesRock/Tileset_Rock_FloorCornerInnerRight1.asset using Guid(880e49d10bf677c4d8ea6dd787d7e764) Importer(815301076,1909f56bfc062723c751e8b465ee728b)  -> (artifact id: 'c54724128f7ef3a84f21f0fb83918b2a') in 0.015952 seconds
Number of updated asset objects reloaded before import = 0
Number of asset objects unloaded after import = 3
========================================================================
Received Import Request.
  Time since last request: 10.926479 seconds.
  path: Assets/2DGamekit/Art/Sprites/Interactables
  artifactKey: Guid(46fd19c8bfa8b834a8d93a44f30b8ba0) Importer(815301076,1909f56bfc062723c751e8b465ee728b)
Start importing Assets/2DGamekit/Art/Sprites/Interactables using Guid(46fd19c8bfa8b834a8d93a44f30b8ba0) Importer(815301076,1909f56bfc062723c751e8b465ee728b)  -> (artifact id: 'dd0cee25d66ba5b80e3439e1fd0f745a') in 0.006606 seconds
Number of updated asset objects reloaded before import = 0
Number of asset objects unloaded after import = 0
========================================================================
Received Import Request.
  Time since last request: 0.405213 seconds.
  path: Assets/2DGamekit/Art/Sprites/UI
  artifactKey: Guid(5f733529fa5bacc40afb4667401eb151) Importer(815301076,1909f56bfc062723c751e8b465ee728b)
Start importing Assets/2DGamekit/Art/Sprites/UI using Guid(5f733529fa5bacc40afb4667401eb151) Importer(815301076,1909f56bfc062723c751e8b465ee728b)  -> (artifact id: '198f6d8b46566819bb8be46156823b2b') in 0.000239 seconds
Number of updated asset objects reloaded before import = 0
Number of asset objects unloaded after import = 0
========================================================================
Received Import Request.
  Time since last request: 0.944970 seconds.
  path: Assets/2DGamekit/Art/Sprites/UI/Menu
  artifactKey: Guid(c28a55267ddb7f748bc346eb60d2fd98) Importer(815301076,1909f56bfc062723c751e8b465ee728b)
Start importing Assets/2DGamekit/Art/Sprites/UI/Menu using Guid(c28a55267ddb7f748bc346eb60d2fd98) Importer(815301076,1909f56bfc062723c751e8b465ee728b)  -> (artifact id: 'c0aa56b25f45201dc455af60545b252c') in 0.000282 seconds
Number of updated asset objects reloaded before import = 0
Number of asset objects unloaded after import = 0
========================================================================
Received Import Request.
  Time since last request: 0.087385 seconds.
  path: Assets/2DGamekit/Art/Sprites/UI/Menu/GameOver.png
  artifactKey: Guid(be668f8b2ae220b4ba6ed120e2613f06) Importer(815301076,1909f56bfc062723c751e8b465ee728b)
Start importing Assets/2DGamekit/Art/Sprites/UI/Menu/GameOver.png using Guid(be668f8b2ae220b4ba6ed120e2613f06) Importer(815301076,1909f56bfc062723c751e8b465ee728b)  -> (artifact id: 'a672fce69fb78b72354b5e0108fe135e') in 0.264176 seconds
Number of updated asset objects reloaded before import = 0
Number of asset objects unloaded after import = 5
========================================================================
Received Import Request.
  Time since last request: 0.001886 seconds.
  path: Assets/2DGamekit/Art/Sprites/UI/Menu/OptionsMenu.png
  artifactKey: Guid(618ba7495f0d0c94c889691e118c0841) Importer(815301076,1909f56bfc062723c751e8b465ee728b)
Start importing Assets/2DGamekit/Art/Sprites/UI/Menu/OptionsMenu.png using Guid(618ba7495f0d0c94c889691e118c0841) Importer(815301076,1909f56bfc062723c751e8b465ee728b)  -> (artifact id: 'e74f323da822c08b4755dc3272b0ac4e') in 0.020292 seconds
Number of updated asset objects reloaded before import = 0
Number of asset objects unloaded after import = 3
========================================================================
Received Import Request.
  Time since last request: 0.000131 seconds.
  path: Assets/2DGamekit/Art/Sprites/UI/Menu/StartMenuBackground06.png
  artifactKey: Guid(e6470cd42fda2044895402d2928053d4) Importer(815301076,1909f56bfc062723c751e8b465ee728b)
Start importing Assets/2DGamekit/Art/Sprites/UI/Menu/StartMenuBackground06.png using Guid(e6470cd42fda2044895402d2928053d4) Importer(815301076,1909f56bfc062723c751e8b465ee728b)  -> (artifact id: 'fa83221c1bff6234b2c21c579acee0ad') in 0.022612 seconds
Number of updated asset objects reloaded before import = 0
Number of asset objects unloaded after import = 3
========================================================================
Received Import Request.
  Time since last request: 0.000177 seconds.
  path: Assets/2DGamekit/Art/Sprites/UI/Menu/StartMenuBackground02.png
  artifactKey: Guid(b2d7f000631eb224ab7973cb5121a591) Importer(815301076,1909f56bfc062723c751e8b465ee728b)
Start importing Assets/2DGamekit/Art/Sprites/UI/Menu/StartMenuBackground02.png using Guid(b2d7f000631eb224ab7973cb5121a591) Importer(815301076,1909f56bfc062723c751e8b465ee728b)  -> (artifact id: '6d5cbd648919bde266248e806cef6d2d') in 0.014492 seconds
Number of updated asset objects reloaded before import = 0
Number of asset objects unloaded after import = 3
========================================================================
Received Import Request.
  Time since last request: 0.000143 seconds.
  path: Assets/2DGamekit/Art/Sprites/UI/Menu/LoadingChomper.png
  artifactKey: Guid(db417fe29ca346946b5392ada84eaf0d) Importer(815301076,1909f56bfc062723c751e8b465ee728b)
Start importing Assets/2DGamekit/Art/Sprites/UI/Menu/LoadingChomper.png using Guid(db417fe29ca346946b5392ada84eaf0d) Importer(815301076,1909f56bfc062723c751e8b465ee728b)  -> (artifact id: '745ed77fadc8a9de6fbea4c73948be61') in 0.022962 seconds
Number of updated asset objects reloaded before import = 0
Number of asset objects unloaded after import = 10
========================================================================
Received Import Request.
  Time since last request: 0.000034 seconds.
  path: Assets/2DGamekit/Art/Sprites/UI/Menu/StartMenuBackground04.png
  artifactKey: Guid(561e7e203dfd3f84bac0c6c6e3a4ff2b) Importer(815301076,1909f56bfc062723c751e8b465ee728b)
Start importing Assets/2DGamekit/Art/Sprites/UI/Menu/StartMenuBackground04.png using Guid(561e7e203dfd3f84bac0c6c6e3a4ff2b) Importer(815301076,1909f56bfc062723c751e8b465ee728b)  -> (artifact id: '767589a0ceb37292b7b9aafb2b6ee9ff') in 0.009461 seconds
Number of updated asset objects reloaded before import = 0
Number of asset objects unloaded after import = 3
========================================================================
Received Import Request.
  Time since last request: 0.000090 seconds.
  path: Assets/2DGamekit/Art/Sprites/UI/Menu/OptionsCloseButton.png
  artifactKey: Guid(d3c4e35f6af02a840a9461e0aee32e4a) Importer(815301076,1909f56bfc062723c751e8b465ee728b)
Start importing Assets/2DGamekit/Art/Sprites/UI/Menu/OptionsCloseButton.png using Guid(d3c4e35f6af02a840a9461e0aee32e4a) Importer(815301076,1909f56bfc062723c751e8b465ee728b)  -> (artifact id: '047a9cde8baa854be5875c1560204661') in 0.010863 seconds
Number of updated asset objects reloaded before import = 0
Number of asset objects unloaded after import = 4
========================================================================
Received Import Request.
  Time since last request: 0.000036 seconds.
  path: Assets/2DGamekit/Art/Sprites/UI/Menu/StartMenuBackground03.png
  artifactKey: Guid(8b3ef0b9ee381cb4193a7717a5131533) Importer(815301076,1909f56bfc062723c751e8b465ee728b)
Start importing Assets/2DGamekit/Art/Sprites/UI/Menu/StartMenuBackground03.png using Guid(8b3ef0b9ee381cb4193a7717a5131533) Importer(815301076,1909f56bfc062723c751e8b465ee728b)  -> (artifact id: '0a77a1bfb0f0c3a6d862df1f14d895c8') in 0.006846 seconds
Number of updated asset objects reloaded before import = 0
Number of asset objects unloaded after import = 3
========================================================================
Received Import Request.
  Time since last request: 12.213191 seconds.
  path: Assets/2DGamekit/Art/Sprites/UI/Menu/UnityMasterWhite.png
  artifactKey: Guid(4caaf034ab6d75d449a95bdb1245ef37) Importer(815301076,1909f56bfc062723c751e8b465ee728b)
Start importing Assets/2DGamekit/Art/Sprites/UI/Menu/UnityMasterWhite.png using Guid(4caaf034ab6d75d449a95bdb1245ef37) Importer(815301076,1909f56bfc062723c751e8b465ee728b)  -> (artifact id: '4e1f6f1e57c17e7f97ea4b06c9fb54cc') in 0.094291 seconds
Number of updated asset objects reloaded before import = 0
Number of asset objects unloaded after import = 3
========================================================================
Received Import Request.
  Time since last request: 15.164488 seconds.
  path: Assets/2DGamekit/Art/Sprites/UI/HUD
  artifactKey: Guid(295577f42a6096e469002edf812c9c48) Importer(815301076,1909f56bfc062723c751e8b465ee728b)
Start importing Assets/2DGamekit/Art/Sprites/UI/HUD using Guid(295577f42a6096e469002edf812c9c48) Importer(815301076,1909f56bfc062723c751e8b465ee728b)  -> (artifact id: '84355116bd073ee3132004a1f6a16c19') in 0.010565 seconds
Number of updated asset objects reloaded before import = 0
Number of asset objects unloaded after import = 0
========================================================================
Received Import Request.
  Time since last request: 0.054580 seconds.
  path: Assets/2DGamekit/Art/Sprites/UI/HUD/BossHealth.png
  artifactKey: Guid(2a305122cc204a041804db2417ad3ac2) Importer(815301076,1909f56bfc062723c751e8b465ee728b)
Start importing Assets/2DGamekit/Art/Sprites/UI/HUD/BossHealth.png using Guid(2a305122cc204a041804db2417ad3ac2) Importer(815301076,1909f56bfc062723c751e8b465ee728b)  -> (artifact id: '332cffd3a76c5506dfaa38d6a1227804') in 0.302460 seconds
Number of updated asset objects reloaded before import = 0
Number of asset objects unloaded after import = 11
========================================================================
Received Import Request.
  Time since last request: 0.000157 seconds.
  path: Assets/2DGamekit/Art/Sprites/UI/HUD/HealthIconMask.png
  artifactKey: Guid(0fc1f613ccfee624f80804d4702144e0) Importer(815301076,1909f56bfc062723c751e8b465ee728b)
Start importing Assets/2DGamekit/Art/Sprites/UI/HUD/HealthIconMask.png using Guid(0fc1f613ccfee624f80804d4702144e0) Importer(815301076,1909f56bfc062723c751e8b465ee728b)  -> (artifact id: 'b7434703fc5fc4ddbbf9348284a3f635') in 0.045739 seconds
Number of updated asset objects reloaded before import = 0
Number of asset objects unloaded after import = 2
========================================================================
Received Import Request.
  Time since last request: 0.000120 seconds.
  path: Assets/2DGamekit/Art/Sprites/UI/HUD/KeyIcon.png
  artifactKey: Guid(47b79e0414059df4c9e864efad6475b9) Importer(815301076,1909f56bfc062723c751e8b465ee728b)
Start importing Assets/2DGamekit/Art/Sprites/UI/HUD/KeyIcon.png using Guid(47b79e0414059df4c9e864efad6475b9) Importer(815301076,1909f56bfc062723c751e8b465ee728b)  -> (artifact id: 'fb9b4e885573f8c932d54d603b41ef7d') in 0.083348 seconds
Number of updated asset objects reloaded before import = 0
Number of asset objects unloaded after import = 8
========================================================================
Received Import Request.
  Time since last request: 14.594857 seconds.
  path: Assets/2DGamekit/Art/Materials/PhysicsMaterials
  artifactKey: Guid(fd73eccf82d712d42b8d10cd80eac380) Importer(815301076,1909f56bfc062723c751e8b465ee728b)
Start importing Assets/2DGamekit/Art/Materials/PhysicsMaterials using Guid(fd73eccf82d712d42b8d10cd80eac380) Importer(815301076,1909f56bfc062723c751e8b465ee728b)  -> (artifact id: '59f7512a7532bd02983dea85e833f3aa') in 0.008257 seconds
Number of updated asset objects reloaded before import = 0
Number of asset objects unloaded after import = 0
========================================================================
Received Import Request.
  Time since last request: 0.101411 seconds.
  path: Assets/2DGamekit/Art/Materials/PhysicsMaterials/FullFriction.physicsMaterial2D
  artifactKey: Guid(c95ef736b367e804caa30c80737fc222) Importer(815301076,1909f56bfc062723c751e8b465ee728b)
Start importing Assets/2DGamekit/Art/Materials/PhysicsMaterials/FullFriction.physicsMaterial2D using Guid(c95ef736b367e804caa30c80737fc222) Importer(815301076,1909f56bfc062723c751e8b465ee728b)  -> (artifact id: '610c3cb7a734c4001dd64dd2bea71378') in 0.011169 seconds
Number of updated asset objects reloaded before import = 0
Number of asset objects unloaded after import = 1
========================================================================
Received Import Request.
  Time since last request: 3.435827 seconds.
  path: Assets/2DGamekit/Art/Materials/VFX
  artifactKey: Guid(37beefaad83121a42ae5a831b3fe91fa) Importer(815301076,1909f56bfc062723c751e8b465ee728b)
Start importing Assets/2DGamekit/Art/Materials/VFX using Guid(37beefaad83121a42ae5a831b3fe91fa) Importer(815301076,1909f56bfc062723c751e8b465ee728b)  -> (artifact id: '8a9ac5c8c2f6970ebcf5c09a3cf965e2') in 0.001330 seconds
Number of updated asset objects reloaded before import = 0
Number of asset objects unloaded after import = 0
========================================================================
Received Import Request.
  Time since last request: 0.032415 seconds.
  path: Assets/2DGamekit/Art/Materials/VFX/Glow.mat
  artifactKey: Guid(4e5d31cb01fd7ce418bf692fcce23b50) Importer(815301076,1909f56bfc062723c751e8b465ee728b)
Start importing Assets/2DGamekit/Art/Materials/VFX/Glow.mat using Guid(4e5d31cb01fd7ce418bf692fcce23b50) Importer(815301076,1909f56bfc062723c751e8b465ee728b)  -> (artifact id: '1846726dbf043888ec27b70be4fd4385') in 1.206090 seconds
Number of updated asset objects reloaded before import = 0
Number of asset objects unloaded after import = 3
========================================================================
Received Import Request.
  Time since last request: 2.216289 seconds.
  path: Assets/2DGamekit/Art/Materials/VFX/Ellen
  artifactKey: Guid(04c0509c62eada84780cbaeaa85d8d37) Importer(815301076,1909f56bfc062723c751e8b465ee728b)
Start importing Assets/2DGamekit/Art/Materials/VFX/Ellen using Guid(04c0509c62eada84780cbaeaa85d8d37) Importer(815301076,1909f56bfc062723c751e8b465ee728b)  -> (artifact id: 'fadd729612c6aa7dea0166e0b3e120df') in 0.001010 seconds
Number of updated asset objects reloaded before import = 0
Number of asset objects unloaded after import = 0
========================================================================
Received Import Request.
  Time since last request: 0.058868 seconds.
  path: Assets/2DGamekit/Art/Materials/VFX/Ellen/Bullet.mat
  artifactKey: Guid(8c69763446fb3664b939fdd8e803f70a) Importer(815301076,1909f56bfc062723c751e8b465ee728b)
Start importing Assets/2DGamekit/Art/Materials/VFX/Ellen/Bullet.mat using Guid(8c69763446fb3664b939fdd8e803f70a) Importer(815301076,1909f56bfc062723c751e8b465ee728b)  -> (artifact id: '4d01f90ba83db09dbf28d68e88a47e90') in 0.375975 seconds
Number of updated asset objects reloaded before import = 0
Number of asset objects unloaded after import = 2
========================================================================
Received Import Request.
  Time since last request: 0.000248 seconds.
  path: Assets/2DGamekit/Art/Materials/VFX/Ellen/RespawnEffect.mat
  artifactKey: Guid(28306f74033b5444d8271f86aed207e1) Importer(815301076,1909f56bfc062723c751e8b465ee728b)
Start importing Assets/2DGamekit/Art/Materials/VFX/Ellen/RespawnEffect.mat using Guid(28306f74033b5444d8271f86aed207e1) Importer(815301076,1909f56bfc062723c751e8b465ee728b)  -> (artifact id: '385dd6818a2f425483bc42daa629864b') in 0.030829 seconds
Number of updated asset objects reloaded before import = 0
Number of asset objects unloaded after import = 3
========================================================================
Received Import Request.
  Time since last request: 0.000031 seconds.
  path: Assets/2DGamekit/Art/Materials/VFX/Ellen/MuzzleEffect.mat
  artifactKey: Guid(4f3c74ec70220d440b7748671d32b858) Importer(815301076,1909f56bfc062723c751e8b465ee728b)
Start importing Assets/2DGamekit/Art/Materials/VFX/Ellen/MuzzleEffect.mat using Guid(4f3c74ec70220d440b7748671d32b858) Importer(815301076,1909f56bfc062723c751e8b465ee728b)  -> (artifact id: 'de421abd7d30838aaad1a2f7c357d1e1') in 0.013099 seconds
Number of updated asset objects reloaded before import = 0
Number of asset objects unloaded after import = 3
========================================================================
Received Import Request.
  Time since last request: 4.147877 seconds.
  path: Assets/2DGamekit/Art/Materials/UI
  artifactKey: Guid(0640dc08c51f71240992ffb6590335c6) Importer(815301076,1909f56bfc062723c751e8b465ee728b)
Start importing Assets/2DGamekit/Art/Materials/UI using Guid(0640dc08c51f71240992ffb6590335c6) Importer(815301076,1909f56bfc062723c751e8b465ee728b)  -> (artifact id: '91b3d89b578e4efac6b928b1cd54c569') in 0.000966 seconds
Number of updated asset objects reloaded before import = 0
Number of asset objects unloaded after import = 0
========================================================================
Received Import Request.
  Time since last request: 0.039924 seconds.
  path: Assets/2DGamekit/Art/Materials/UI/UIBlur.mat
  artifactKey: Guid(22715a55ad6388d419657130825b7b1b) Importer(815301076,1909f56bfc062723c751e8b465ee728b)
Start importing Assets/2DGamekit/Art/Materials/UI/UIBlur.mat using Guid(22715a55ad6388d419657130825b7b1b) Importer(815301076,1909f56bfc062723c751e8b465ee728b)  -> (artifact id: 'ec371b1b38992adb848de05d55db7a25') in 0.141274 seconds
Number of updated asset objects reloaded before import = 0
Number of asset objects unloaded after import = 2
========================================================================
Received Import Request.
  Time since last request: 1.892034 seconds.
  path: Assets/2DGamekit/Art/Materials/Environment
  artifactKey: Guid(213ae2838fee756478f444fd6a0e4bcc) Importer(815301076,1909f56bfc062723c751e8b465ee728b)
Start importing Assets/2DGamekit/Art/Materials/Environment using Guid(213ae2838fee756478f444fd6a0e4bcc) Importer(815301076,1909f56bfc062723c751e8b465ee728b)  -> (artifact id: '2e5bd540da492aeeeb9f679e560cf525') in 0.000279 seconds
Number of updated asset objects reloaded before import = 0
Number of asset objects unloaded after import = 0
========================================================================
Received Import Request.
  Time since last request: 0.053355 seconds.
  path: Assets/2DGamekit/Art/Materials/Environment/Background.mat
  artifactKey: Guid(cbde66e9603eb5148bbb4a66bed3eee4) Importer(815301076,1909f56bfc062723c751e8b465ee728b)
Start importing Assets/2DGamekit/Art/Materials/Environment/Background.mat using Guid(cbde66e9603eb5148bbb4a66bed3eee4) Importer(815301076,1909f56bfc062723c751e8b465ee728b)  -> (artifact id: 'bf718cfdb2407a330d91b57b9a6d4cdf') in 0.233769 seconds
Number of updated asset objects reloaded before import = 0
Number of asset objects unloaded after import = 2
========================================================================
Received Import Request.
  Time since last request: 0.000056 seconds.
  path: Assets/2DGamekit/Art/Materials/Environment/LitWobble.mat
  artifactKey: Guid(4250e4397f75a78439f4a70b2eb0843c) Importer(815301076,1909f56bfc062723c751e8b465ee728b)
Start importing Assets/2DGamekit/Art/Materials/Environment/LitWobble.mat using Guid(4250e4397f75a78439f4a70b2eb0843c) Importer(815301076,1909f56bfc062723c751e8b465ee728b)  -> (artifact id: '5e9a17c7484c606b12429faa4cd19c21') in 0.337698 seconds
Number of updated asset objects reloaded before import = 0
Number of asset objects unloaded after import = 3
========================================================================
Received Import Request.
  Time since last request: 0.487170 seconds.
  path: Assets/2DGamekit/Art/Materials/Environment/TilemapAlienBG.mat
  artifactKey: Guid(9eac55953e4cb874fa6a4235da0db771) Importer(815301076,1909f56bfc062723c751e8b465ee728b)
Start importing Assets/2DGamekit/Art/Materials/Environment/TilemapAlienBG.mat using Guid(9eac55953e4cb874fa6a4235da0db771) Importer(815301076,1909f56bfc062723c751e8b465ee728b)  -> (artifact id: 'c8e50e180e20adb8a469c464cd41de40') in 0.019988 seconds
Number of updated asset objects reloaded before import = 0
Number of asset objects unloaded after import = 4
========================================================================
Received Import Request.
  Time since last request: 14.040900 seconds.
  path: Assets/Audio
  artifactKey: Guid(c62c925a338e8894486728ac6811cac2) Importer(815301076,1909f56bfc062723c751e8b465ee728b)
Start importing Assets/Audio using Guid(c62c925a338e8894486728ac6811cac2) Importer(815301076,1909f56bfc062723c751e8b465ee728b)  -> (artifact id: '6ebc6727bd36449667e5e9525f5e1d9b') in 0.001221 seconds
Number of updated asset objects reloaded before import = 0
Number of asset objects unloaded after import = 0
========================================================================
Received Import Request.
  Time since last request: 2.435633 seconds.
  path: Assets/Audio/scavengers_chop1.aif
  artifactKey: Guid(4c2332bc8245b474dad63074059bb755) Importer(815301076,1909f56bfc062723c751e8b465ee728b)
Start importing Assets/Audio/scavengers_chop1.aif using Guid(4c2332bc8245b474dad63074059bb755) Importer(815301076,1909f56bfc062723c751e8b465ee728b)  -> (artifact id: '49b4ceeb843d7aaafc81f03ebaf1d83b') in 0.783337 seconds
Number of updated asset objects reloaded before import = 0
Number of asset objects unloaded after import = 2
========================================================================
Received Import Request.
  Time since last request: 0.000097 seconds.
  path: Assets/Audio/scavengers_fruit2.aif
  artifactKey: Guid(062161c1897a54088a5430f8c197e1b8) Importer(815301076,1909f56bfc062723c751e8b465ee728b)
Start importing Assets/Audio/scavengers_fruit2.aif using Guid(062161c1897a54088a5430f8c197e1b8) Importer(815301076,1909f56bfc062723c751e8b465ee728b)  -> (artifact id: 'edcf2bad84232c1a344c3d6bcc47612f') in 0.042835 seconds
Number of updated asset objects reloaded before import = 0
Number of asset objects unloaded after import = 2
========================================================================
Received Import Request.
  Time since last request: 0.041167 seconds.
  path: Assets/Audio/scavengers_footstep2.aif
  artifactKey: Guid(a826bc3d758db43d6ae9caf415b63d1d) Importer(815301076,1909f56bfc062723c751e8b465ee728b)
Start importing Assets/Audio/scavengers_footstep2.aif using Guid(a826bc3d758db43d6ae9caf415b63d1d) Importer(815301076,1909f56bfc062723c751e8b465ee728b)  -> (artifact id: '01d277ec02015576d1884507de21db3d') in 0.015698 seconds
Number of updated asset objects reloaded before import = 0
Number of asset objects unloaded after import = 2
========================================================================
Received Import Request.
  Time since last request: 0.000031 seconds.
  path: Assets/Audio/scavengers_footstep1.aif
  artifactKey: Guid(892962212a4b74d1c9f578a3b6ea6439) Importer(815301076,1909f56bfc062723c751e8b465ee728b)
Start importing Assets/Audio/scavengers_footstep1.aif using Guid(892962212a4b74d1c9f578a3b6ea6439) Importer(815301076,1909f56bfc062723c751e8b465ee728b)  -> (artifact id: '2811c3179aceb630986953c1043d6825') in 0.014753 seconds
Number of updated asset objects reloaded before import = 0
Number of asset objects unloaded after import = 2
========================================================================
Received Import Request.
  Time since last request: 0.000052 seconds.
  path: Assets/Audio/scavengers_enemy1.aif
  artifactKey: Guid(0db8cac2749584a009540aa5671ee80d) Importer(815301076,1909f56bfc062723c751e8b465ee728b)
Start importing Assets/Audio/scavengers_enemy1.aif using Guid(0db8cac2749584a009540aa5671ee80d) Importer(815301076,1909f56bfc062723c751e8b465ee728b)  -> (artifact id: '753b55aded575f2c291ba08025689c59') in 0.014571 seconds
Number of updated asset objects reloaded before import = 0
Number of asset objects unloaded after import = 2
========================================================================
Received Import Request.
  Time since last request: 0.000073 seconds.
  path: Assets/Audio/scavengers_enemy2.aif
  artifactKey: Guid(114514a3b3697484ebaa08f7fbf842d3) Importer(815301076,1909f56bfc062723c751e8b465ee728b)
Start importing Assets/Audio/scavengers_enemy2.aif using Guid(114514a3b3697484ebaa08f7fbf842d3) Importer(815301076,1909f56bfc062723c751e8b465ee728b)  -> (artifact id: 'b6f6e158da54d949489241e1dc626f64') in 0.015845 seconds
Number of updated asset objects reloaded before import = 0
Number of asset objects unloaded after import = 2
========================================================================
Received Import Request.
  Time since last request: 0.000129 seconds.
  path: Assets/Audio/scavengers_soda1.aif
  artifactKey: Guid(b6b608537288246c9a464915db27bf52) Importer(815301076,1909f56bfc062723c751e8b465ee728b)
Start importing Assets/Audio/scavengers_soda1.aif using Guid(b6b608537288246c9a464915db27bf52) Importer(815301076,1909f56bfc062723c751e8b465ee728b)  -> (artifact id: 'ffc4142065b6c7055cae04ac2585e1b6') in 0.031679 seconds
Number of updated asset objects reloaded before import = 0
Number of asset objects unloaded after import = 2
========================================================================
Received Import Request.
  Time since last request: 0.001897 seconds.
  path: Assets/Audio/scavengers_soda2.aif
  artifactKey: Guid(bcb9dda73ee914d3e8f252895f73f461) Importer(815301076,1909f56bfc062723c751e8b465ee728b)
Start importing Assets/Audio/scavengers_soda2.aif using Guid(bcb9dda73ee914d3e8f252895f73f461) Importer(815301076,1909f56bfc062723c751e8b465ee728b)  -> (artifact id: '7837e1ee00f737a44f4b7f069cf3fe6d') in 0.021418 seconds
Number of updated asset objects reloaded before import = 0
Number of asset objects unloaded after import = 2
========================================================================
Received Import Request.
  Time since last request: 0.000070 seconds.
  path: Assets/Audio/scavengers_music.aif
  artifactKey: Guid(2d75080d0851d4613ada1117d91ee417) Importer(815301076,1909f56bfc062723c751e8b465ee728b)
Start importing Assets/Audio/scavengers_music.aif using Guid(2d75080d0851d4613ada1117d91ee417) Importer(815301076,1909f56bfc062723c751e8b465ee728b)  -> (artifact id: '487d17e99c309109473b0b782e0fde5f') in 0.015471 seconds
Number of updated asset objects reloaded before import = 0
Number of asset objects unloaded after import = 2
========================================================================
Received Import Request.
  Time since last request: 0.000040 seconds.
  path: Assets/Audio/scavengers_fruit1.aif
  artifactKey: Guid(1cb61f83d60374c7389bb547431919e3) Importer(815301076,1909f56bfc062723c751e8b465ee728b)
Start importing Assets/Audio/scavengers_fruit1.aif using Guid(1cb61f83d60374c7389bb547431919e3) Importer(815301076,1909f56bfc062723c751e8b465ee728b)  -> (artifact id: '3b4387759e01575ab9a96477a7b46614') in 0.015013 seconds
Number of updated asset objects reloaded before import = 0
Number of asset objects unloaded after import = 2
========================================================================
Received Import Request.
  Time since last request: 19.451239 seconds.
  path: Assets/_Complete-Game/Prefabs/Wall1.prefab
  artifactKey: Guid(2570048905bd94d6f8a99d13b80daf90) Importer(815301076,1909f56bfc062723c751e8b465ee728b)
Start importing Assets/_Complete-Game/Prefabs/Wall1.prefab using Guid(2570048905bd94d6f8a99d13b80daf90) Importer(815301076,1909f56bfc062723c751e8b465ee728b)  -> (artifact id: 'c5cd72e02a52b29a8b6e6184af92d40a') in 0.440684 seconds
Number of updated asset objects reloaded before import = 0
Number of asset objects unloaded after import = 11
========================================================================
Received Import Request.
  Time since last request: 54.098900 seconds.
  path: Assets/karsiori/Pixel Art Flower Pack/Bush 1 (No Flowers)
  artifactKey: Guid(a1198b269c1d05e40aacca57b71d5465) Importer(815301076,1909f56bfc062723c751e8b465ee728b)
Start importing Assets/karsiori/Pixel Art Flower Pack/Bush 1 (No Flowers) using Guid(a1198b269c1d05e40aacca57b71d5465) Importer(815301076,1909f56bfc062723c751e8b465ee728b)  -> (artifact id: '5648cfb8f8c8c28b0e7e3d598c44eb9f') in 0.011382 seconds
Number of updated asset objects reloaded before import = 1
Number of asset objects unloaded after import = 0
========================================================================
Received Import Request.
  Time since last request: 0.001300 seconds.
  path: Assets/karsiori/Pixel Art Flower Pack/Bush 1 (No Flowers)/Bush 1 (no flowers) - WARM GREEN.png
  artifactKey: Guid(ff720e64a135c2e42b648c068d8c814b) Importer(815301076,1909f56bfc062723c751e8b465ee728b)
Start importing Assets/karsiori/Pixel Art Flower Pack/Bush 1 (No Flowers)/Bush 1 (no flowers) - WARM GREEN.png using Guid(ff720e64a135c2e42b648c068d8c814b) Importer(815301076,1909f56bfc062723c751e8b465ee728b)  -> (artifact id: 'cc49495b1926e55559a332b3c8859ac8') in 0.592670 seconds
Number of updated asset objects reloaded before import = 0
Number of asset objects unloaded after import = 3
========================================================================
Received Import Request.
  Time since last request: 6.835354 seconds.
  path: Assets/Fonts
  artifactKey: Guid(b4c064f34e0eb1342b6fc4dbc551d032) Importer(815301076,1909f56bfc062723c751e8b465ee728b)
Start importing Assets/Fonts using Guid(b4c064f34e0eb1342b6fc4dbc551d032) Importer(815301076,1909f56bfc062723c751e8b465ee728b)  -> (artifact id: 'd743651b2d5f0ecce112d4b2be09bf25') in 0.003601 seconds
Number of updated asset objects reloaded before import = 0
Number of asset objects unloaded after import = 0
========================================================================
Received Import Request.
  Time since last request: 0.070999 seconds.
  path: Assets/Fonts/PressStart2P-Regular.ttf
  artifactKey: Guid(b284a6525342f44599e9ce79e37c2d61) Importer(815301076,1909f56bfc062723c751e8b465ee728b)
Start importing Assets/Fonts/PressStart2P-Regular.ttf using Guid(b284a6525342f44599e9ce79e37c2d61) Importer(815301076,1909f56bfc062723c751e8b465ee728b)  -> (artifact id: '46f8c8d691ea6c9d89ebfca56ec4afda') in 0.636469 seconds
Number of updated asset objects reloaded before import = 0
Number of asset objects unloaded after import = 5
========================================================================
Received Import Request.
  Time since last request: 0.256860 seconds.
  path: Assets/Fonts/OFL.txt
  artifactKey: Guid(5014456921e71459d869c8378fed6ca3) Importer(815301076,1909f56bfc062723c751e8b465ee728b)
Start importing Assets/Fonts/OFL.txt using Guid(5014456921e71459d869c8378fed6ca3) Importer(815301076,1909f56bfc062723c751e8b465ee728b)  -> (artifact id: '9dca1533514f27829ac6f45ce8f71a1c') in 0.002485 seconds
Number of updated asset objects reloaded before import = 0
Number of asset objects unloaded after import = 1
========================================================================
Received Import Request.
  Time since last request: 28.084102 seconds.
  path: Assets/Cartoon_Texture_Pack/WALLS/WALL_Stone
  artifactKey: Guid(88a6f02d80e67cf4b8f07c47093e6167) Importer(815301076,1909f56bfc062723c751e8b465ee728b)
Start importing Assets/Cartoon_Texture_Pack/WALLS/WALL_Stone using Guid(88a6f02d80e67cf4b8f07c47093e6167) Importer(815301076,1909f56bfc062723c751e8b465ee728b)  -> (artifact id: '9163c11139d7f785bdf7f8c15bb0fd4e') in 0.001408 seconds
Number of updated asset objects reloaded before import = 0
Number of asset objects unloaded after import = 0
========================================================================
Received Import Request.
  Time since last request: 0.783672 seconds.
  path: Assets/Cartoon_Texture_Pack/WALLS/WALL_Stone/Textures
  artifactKey: Guid(0c3ce5f75d9f0ed419c1257d6e090351) Importer(815301076,1909f56bfc062723c751e8b465ee728b)
Start importing Assets/Cartoon_Texture_Pack/WALLS/WALL_Stone/Textures using Guid(0c3ce5f75d9f0ed419c1257d6e090351) Importer(815301076,1909f56bfc062723c751e8b465ee728b)  -> (artifact id: '35db76bdbcbe22fbe184ab60baeee63c') in 0.000729 seconds
Number of updated asset objects reloaded before import = 0
Number of asset objects unloaded after import = 0
========================================================================
Received Import Request.
  Time since last request: 0.049072 seconds.
  path: Assets/Cartoon_Texture_Pack/WALLS/WALL_Stone/Textures/Wall_Stone_A_AO.png
  artifactKey: Guid(326e8a6055de7c643bc5b0e10aa55643) Importer(815301076,1909f56bfc062723c751e8b465ee728b)
Start importing Assets/Cartoon_Texture_Pack/WALLS/WALL_Stone/Textures/Wall_Stone_A_AO.png using Guid(326e8a6055de7c643bc5b0e10aa55643) Importer(815301076,1909f56bfc062723c751e8b465ee728b)  -> (artifact id: 'ca4d43b04c13f632ec7d146bd7a4ec23') in 0.195847 seconds
Number of updated asset objects reloaded before import = 0
Number of asset objects unloaded after import = 2
========================================================================
Received Import Request.
  Time since last request: 0.000129 seconds.
  path: Assets/Cartoon_Texture_Pack/WALLS/WALL_Stone/Textures/Wall_Stone_B_Height.png
  artifactKey: Guid(aa9308ed4ee7e2844b3f3231468ec18f) Importer(815301076,1909f56bfc062723c751e8b465ee728b)
Start importing Assets/Cartoon_Texture_Pack/WALLS/WALL_Stone/Textures/Wall_Stone_B_Height.png using Guid(aa9308ed4ee7e2844b3f3231468ec18f) Importer(815301076,1909f56bfc062723c751e8b465ee728b)  -> (artifact id: 'f2acef0acd8a50bfaddf517ee60f7646') in 0.058496 seconds
Number of updated asset objects reloaded before import = 0
Number of asset objects unloaded after import = 2
========================================================================
Received Import Request.
  Time since last request: 0.000917 seconds.
  path: Assets/Cartoon_Texture_Pack/WALLS/WALL_Stone/Textures/Wall_Stone_B_Normal.png
  artifactKey: Guid(4390d7245a6ee544abfbb85f87be0a51) Importer(815301076,1909f56bfc062723c751e8b465ee728b)
Start importing Assets/Cartoon_Texture_Pack/WALLS/WALL_Stone/Textures/Wall_Stone_B_Normal.png using Guid(4390d7245a6ee544abfbb85f87be0a51) Importer(815301076,1909f56bfc062723c751e8b465ee728b)  -> (artifact id: 'dc92697626c74975b8ee46a89512a984') in 0.642300 seconds
Number of updated asset objects reloaded before import = 0
Number of asset objects unloaded after import = 2
========================================================================
Received Import Request.
  Time since last request: 2.691510 seconds.
  path: Assets/Cartoon_Texture_Pack/ROOF
  artifactKey: Guid(edc3fad11e07c0242ba526a789dff0f2) Importer(815301076,1909f56bfc062723c751e8b465ee728b)
Start importing Assets/Cartoon_Texture_Pack/ROOF using Guid(edc3fad11e07c0242ba526a789dff0f2) Importer(815301076,1909f56bfc062723c751e8b465ee728b)  -> (artifact id: 'e10c5daeb56381eae7b34541d808df32') in 0.000603 seconds
Number of updated asset objects reloaded before import = 0
Number of asset objects unloaded after import = 0
========================================================================
Received Import Request.
  Time since last request: 1.037853 seconds.
  path: Assets/Cartoon_Texture_Pack/ROOF/ROOF_SquareTile_Flat
  artifactKey: Guid(4f4e7092dbbe8cf4db83e5a5a0748348) Importer(815301076,1909f56bfc062723c751e8b465ee728b)
Start importing Assets/Cartoon_Texture_Pack/ROOF/ROOF_SquareTile_Flat using Guid(4f4e7092dbbe8cf4db83e5a5a0748348) Importer(815301076,1909f56bfc062723c751e8b465ee728b)  -> (artifact id: '5b24489b6ccd2483d772f74fdd8c1308') in 0.000614 seconds
Number of updated asset objects reloaded before import = 0
Number of asset objects unloaded after import = 0
========================================================================
Received Import Request.
  Time since last request: 0.922014 seconds.
  path: Assets/Cartoon_Texture_Pack/ROOF/ROOF_SquareTile_Flat/Textures
  artifactKey: Guid(abc760bc961334a49ae3a1d034a63263) Importer(815301076,1909f56bfc062723c751e8b465ee728b)
Start importing Assets/Cartoon_Texture_Pack/ROOF/ROOF_SquareTile_Flat/Textures using Guid(abc760bc961334a49ae3a1d034a63263) Importer(815301076,1909f56bfc062723c751e8b465ee728b)  -> (artifact id: '274722f8729f01bd8a7dd77dc537548c') in 0.000459 seconds
Number of updated asset objects reloaded before import = 0
Number of asset objects unloaded after import = 0
========================================================================
Received Import Request.
  Time since last request: 0.067146 seconds.
  path: Assets/Cartoon_Texture_Pack/ROOF/ROOF_SquareTile_Flat/Textures/Roof_SquareTile_Flat_AO.png
  artifactKey: Guid(c8493d80146b01f4f9d23367b40e5fb3) Importer(815301076,1909f56bfc062723c751e8b465ee728b)
Start importing Assets/Cartoon_Texture_Pack/ROOF/ROOF_SquareTile_Flat/Textures/Roof_SquareTile_Flat_AO.png using Guid(c8493d80146b01f4f9d23367b40e5fb3) Importer(815301076,1909f56bfc062723c751e8b465ee728b)  -> (artifact id: 'ccf462793d4a094cc3cc18b56c1933b1') in 0.280624 seconds
Number of updated asset objects reloaded before import = 0
Number of asset objects unloaded after import = 2
========================================================================
Received Import Request.
  Time since last request: 0.000042 seconds.
  path: Assets/Cartoon_Texture_Pack/ROOF/ROOF_SquareTile_Flat/Textures/Roof_SquareTile_Flat_Basecolor_D.png
  artifactKey: Guid(927891f532be5e649a183d6d0bdb4f3f) Importer(815301076,1909f56bfc062723c751e8b465ee728b)
Start importing Assets/Cartoon_Texture_Pack/ROOF/ROOF_SquareTile_Flat/Textures/Roof_SquareTile_Flat_Basecolor_D.png using Guid(927891f532be5e649a183d6d0bdb4f3f) Importer(815301076,1909f56bfc062723c751e8b465ee728b)  -> (artifact id: '708537708e7459ffd85127924ab456d9') in 0.035596 seconds
Number of updated asset objects reloaded before import = 0
Number of asset objects unloaded after import = 2
========================================================================
Received Import Request.
  Time since last request: 0.000045 seconds.
  path: Assets/Cartoon_Texture_Pack/ROOF/ROOF_SquareTile_Flat/Textures/UnderRoof_SquareTile_Flat_AO.png
  artifactKey: Guid(52284ef386e813348ab4dd8d8961fd8d) Importer(815301076,1909f56bfc062723c751e8b465ee728b)
Start importing Assets/Cartoon_Texture_Pack/ROOF/ROOF_SquareTile_Flat/Textures/UnderRoof_SquareTile_Flat_AO.png using Guid(52284ef386e813348ab4dd8d8961fd8d) Importer(815301076,1909f56bfc062723c751e8b465ee728b)  -> (artifact id: '6ed30f34922d8ac89c3d47dc0bf12a9a') in 0.014508 seconds
Number of updated asset objects reloaded before import = 0
Number of asset objects unloaded after import = 2
========================================================================
Received Import Request.
  Time since last request: 0.000031 seconds.
  path: Assets/Cartoon_Texture_Pack/ROOF/ROOF_SquareTile_Flat/Textures/UnderRoof_SquareTile_Flat_Height.png
  artifactKey: Guid(80bd86b80cb2b17409ac2c0ad4cff289) Importer(815301076,1909f56bfc062723c751e8b465ee728b)
Start importing Assets/Cartoon_Texture_Pack/ROOF/ROOF_SquareTile_Flat/Textures/UnderRoof_SquareTile_Flat_Height.png using Guid(80bd86b80cb2b17409ac2c0ad4cff289) Importer(815301076,1909f56bfc062723c751e8b465ee728b)  -> (artifact id: 'f5eaebc3025d73b41b112b61f325379d') in 0.014045 seconds
Number of updated asset objects reloaded before import = 0
Number of asset objects unloaded after import = 2
========================================================================
Received Import Request.
  Time since last request: 0.000142 seconds.
  path: Assets/Cartoon_Texture_Pack/ROOF/ROOF_SquareTile_Flat/Textures/UnderRoof_SquareTile_Flat_Basecolor_A.png
  artifactKey: Guid(bab28d8bc3ec3f343860deacade1db14) Importer(815301076,1909f56bfc062723c751e8b465ee728b)
Start importing Assets/Cartoon_Texture_Pack/ROOF/ROOF_SquareTile_Flat/Textures/UnderRoof_SquareTile_Flat_Basecolor_A.png using Guid(bab28d8bc3ec3f343860deacade1db14) Importer(815301076,1909f56bfc062723c751e8b465ee728b)  -> (artifact id: '59dac5f7ab1d9d4891a5ddfd681f496f') in 0.013943 seconds
Number of updated asset objects reloaded before import = 0
Number of asset objects unloaded after import = 2
========================================================================
Received Import Request.
  Time since last request: 7040.462624 seconds.
  path: Assets/UniversalRenderPipelineGlobalSettings.asset
  artifactKey: Guid(d2df937a5cef6a242b319bd0fcc0e5eb) Importer(815301076,1909f56bfc062723c751e8b465ee728b)
Start importing Assets/UniversalRenderPipelineGlobalSettings.asset using Guid(d2df937a5cef6a242b319bd0fcc0e5eb) Importer(815301076,1909f56bfc062723c751e8b465ee728b)  -> (artifact id: '660900b92cff66b674cfcacc3ffb4afe') in 0.172999 seconds
Number of updated asset objects reloaded before import = 0
Number of asset objects unloaded after import = 1
[usbmuxd] Attached: 3 00008110-001250421A8A401E
[usbmuxd] Attached: 3 00008110-001250421A8A401E
[usbmuxd] Detached: 3 00008110-001250421A8A401E
[usbmuxd] Detached: 3 00008110-001250421A8A401E
========================================================================
Received Import Request.
  Time since last request: 12087.662096 seconds.
  path: Assets/Assets/Scripts
  artifactKey: Guid(c1e3948b94e5e804d9933bac9e046f12) Importer(815301076,1909f56bfc062723c751e8b465ee728b)
Start importing Assets/Assets/Scripts using Guid(c1e3948b94e5e804d9933bac9e046f12) Importer(815301076,1909f56bfc062723c751e8b465ee728b)  -> (artifact id: '14c249886a5432c01f4fa307ce31488f') in 0.032300 seconds
Number of updated asset objects reloaded before import = 0
Number of asset objects unloaded after import = 0
========================================================================
Received Import Request.
  Time since last request: 2.236433 seconds.
  path: Assets/Assets/Scripts/DudeControlUnit.cs
  artifactKey: Guid(c6ef2eeae8c7d714e8e0ccc1144b7702) Importer(815301076,1909f56bfc062723c751e8b465ee728b)
Start importing Assets/Assets/Scripts/DudeControlUnit.cs using Guid(c6ef2eeae8c7d714e8e0ccc1144b7702) Importer(815301076,1909f56bfc062723c751e8b465ee728b)  -> (artifact id: 'd87bd92bd2e46a91a5b0835293b8ab64') in 0.002787 seconds
Number of updated asset objects reloaded before import = 0
Number of asset objects unloaded after import = 0
========================================================================
Received Import Request.
  Time since last request: 15.894022 seconds.
  path: Assets/Assets/Scripts/AnimationSprites.cs
  artifactKey: Guid(294335c35f152144899f48c12eab5989) Importer(815301076,1909f56bfc062723c751e8b465ee728b)
Start importing Assets/Assets/Scripts/AnimationSprites.cs using Guid(294335c35f152144899f48c12eab5989) Importer(815301076,1909f56bfc062723c751e8b465ee728b)  -> (artifact id: '5fbb00722be5df57972a31f9fbdeb5f0') in 0.003190 seconds
Number of updated asset objects reloaded before import = 0
Number of asset objects unloaded after import = 0
========================================================================
Received Import Request.
  Time since last request: 319.492560 seconds.
  path: Assets/Assets/Sprites/Holiday
  artifactKey: Guid(80df8e0c3f8596144a0d4227f10a9124) Importer(815301076,1909f56bfc062723c751e8b465ee728b)
Start importing Assets/Assets/Sprites/Holiday using Guid(80df8e0c3f8596144a0d4227f10a9124) Importer(815301076,1909f56bfc062723c751e8b465ee728b)  -> (artifact id: '703e99b5c0cab10942b3098802edfd3f') in 0.008226 seconds
Number of updated asset objects reloaded before import = 0
Number of asset objects unloaded after import = 0
========================================================================
Received Import Request.
  Time since last request: 0.691937 seconds.
  path: Assets/Assets/Sprites/Holiday/dudeHolidayBunny
  artifactKey: Guid(ff95a5e3cca68bb41a5ff19308935da3) Importer(815301076,1909f56bfc062723c751e8b465ee728b)
Start importing Assets/Assets/Sprites/Holiday/dudeHolidayBunny using Guid(ff95a5e3cca68bb41a5ff19308935da3) Importer(815301076,1909f56bfc062723c751e8b465ee728b)  -> (artifact id: 'ca0fd8b23a75d273babb95a6329b7bd9') in 0.001891 seconds
Number of updated asset objects reloaded before import = 0
Number of asset objects unloaded after import = 0
========================================================================
Received Import Request.
  Time since last request: 0.175873 seconds.
  path: Assets/Assets/Sprites/Holiday/dudeHolidayBunny/dude.png
  artifactKey: Guid(296e2e1daa12eac4482e1abcc59788e7) Importer(815301076,1909f56bfc062723c751e8b465ee728b)
Start importing Assets/Assets/Sprites/Holiday/dudeHolidayBunny/dude.png using Guid(296e2e1daa12eac4482e1abcc59788e7) Importer(815301076,1909f56bfc062723c751e8b465ee728b)  -> (artifact id: 'cb1af205bcc2ae5af11d527f2841f4b1') in 1.693772 seconds
Number of updated asset objects reloaded before import = 0
Number of asset objects unloaded after import = 3
========================================================================
Received Import Request.
  Time since last request: 0.000051 seconds.
  path: Assets/Assets/Sprites/Holiday/dudeHolidayBunny/dudeBoredHand.png
  artifactKey: Guid(5327fb70b395b0343ac9652db2271104) Importer(815301076,1909f56bfc062723c751e8b465ee728b)
Start importing Assets/Assets/Sprites/Holiday/dudeHolidayBunny/dudeBoredHand.png using Guid(5327fb70b395b0343ac9652db2271104) Importer(815301076,1909f56bfc062723c751e8b465ee728b)  -> (artifact id: 'e4eacc447c9beca0aca296f707e9a41c') in 0.160074 seconds
Number of updated asset objects reloaded before import = 0
Number of asset objects unloaded after import = 8
========================================================================
Received Import Request.
  Time since last request: 0.000112 seconds.
  path: Assets/Assets/Sprites/Holiday/dudeHolidayBunny/dudeIdle.png
  artifactKey: Guid(02b337eaa684b8f408ef3763fc8f0942) Importer(815301076,1909f56bfc062723c751e8b465ee728b)
Start importing Assets/Assets/Sprites/Holiday/dudeHolidayBunny/dudeIdle.png using Guid(02b337eaa684b8f408ef3763fc8f0942) Importer(815301076,1909f56bfc062723c751e8b465ee728b)  -> (artifact id: '062ebd3424286462450be2349d6344a8') in 0.098780 seconds
Number of updated asset objects reloaded before import = 0
Number of asset objects unloaded after import = 6
========================================================================
Received Import Request.
  Time since last request: 0.000056 seconds.
  path: Assets/Assets/Sprites/Holiday/dudeHolidayBunny/dudeWalk.png
  artifactKey: Guid(83f11503a520915449b783ffe3baa686) Importer(815301076,1909f56bfc062723c751e8b465ee728b)
Start importing Assets/Assets/Sprites/Holiday/dudeHolidayBunny/dudeWalk.png using Guid(83f11503a520915449b783ffe3baa686) Importer(815301076,1909f56bfc062723c751e8b465ee728b)  -> (artifact id: '8f68425cc3fb59cd47b7dad84c2abca0') in 0.108586 seconds
Number of updated asset objects reloaded before import = 0
Number of asset objects unloaded after import = 10
Editor requested this worker to shutdown with reason: Scaling down because of idle timeout
TcpMessagingSession - receive error: operation aborted. errorcode: 89, details: Operation aborted.
AssetImportWorker is now disconnected from the server
Process exiting
