Unity Editor version:    2022.3.22f1 (887be4894c44)
Branch:                  2022.3/staging
Build type:              Release
Batch mode:              YES
macOS version:           Version 14.5 (Build 23F79)
Darwin version:          23.5.0
Architecture:            arm64
Running under Rosetta:   NO
Available memory:        18432 MB
Using pre-set license
Pro License: YES

COMMAND LINE ARGUMENTS:
/Applications/Unity/Hub/Editor/2022.3.22f1/Unity.app/Contents/MacOS/Unity
-adb2
-batchMode
-noUpm
-name
AssetImportWorker4
-projectPath
/Users/emma/Desktop/Repos/Orbital2024/Monorepo/Nuspirit/UnityScenes
-logFile
Logs/AssetImportWorker4.log
-srvPort
51062
Successfully changed project path to: /Users/emma/Desktop/Repos/Orbital2024/Monorepo/Nuspirit/UnityScenes
/Users/emma/Desktop/Repos/Orbital2024/Monorepo/Nuspirit/UnityScenes
[UnityMemory] Configuration Parameters - Can be set up in boot.config
    "memorysetup-bucket-allocator-granularity=16"
    "memorysetup-bucket-allocator-bucket-count=8"
    "memorysetup-bucket-allocator-block-size=33554432"
    "memorysetup-bucket-allocator-block-count=8"
    "memorysetup-main-allocator-block-size=16777216"
    "memorysetup-thread-allocator-block-size=16777216"
    "memorysetup-gfx-main-allocator-block-size=16777216"
    "memorysetup-gfx-thread-allocator-block-size=16777216"
    "memorysetup-cache-allocator-block-size=4194304"
    "memorysetup-typetree-allocator-block-size=2097152"
    "memorysetup-profiler-bucket-allocator-granularity=16"
    "memorysetup-profiler-bucket-allocator-bucket-count=8"
    "memorysetup-profiler-bucket-allocator-block-size=33554432"
    "memorysetup-profiler-bucket-allocator-block-count=8"
    "memorysetup-profiler-allocator-block-size=16777216"
    "memorysetup-profiler-editor-allocator-block-size=1048576"
    "memorysetup-temp-allocator-size-main=16777216"
    "memorysetup-job-temp-allocator-block-size=2097152"
    "memorysetup-job-temp-allocator-block-size-background=1048576"
    "memorysetup-job-temp-allocator-reduction-small-platforms=262144"
    "memorysetup-allocator-temp-initial-block-size-main=262144"
    "memorysetup-allocator-temp-initial-block-size-worker=262144"
    "memorysetup-temp-allocator-size-background-worker=32768"
    "memorysetup-temp-allocator-size-job-worker=262144"
    "memorysetup-temp-allocator-size-preload-manager=33554432"
    "memorysetup-temp-allocator-size-nav-mesh-worker=65536"
    "memorysetup-temp-allocator-size-audio-worker=65536"
    "memorysetup-temp-allocator-size-cloud-worker=32768"
    "memorysetup-temp-allocator-size-gi-baking-worker=262144"
    "memorysetup-temp-allocator-size-gfx=262144"
Player connection [8695090176] Host "[IP] 172.31.106.4 [Port] 0 [Flags] 2 [Guid] 2661641840 [EditorId] 2661641840 [Version] 1048832 [Id] OSXEditor(0,Xus-MacBook-Pro.local) [Debug] 1 [PackageName] OSXEditor [ProjectName] Editor" joined multi-casting on [225.0.0.222:54997]...

Player connection [8695090176] Host "[IP] 172.31.106.4 [Port] 0 [Flags] 2 [Guid] 2661641840 [EditorId] 2661641840 [Version] 1048832 [Id] OSXEditor(0,Xus-MacBook-Pro.local) [Debug] 1 [PackageName] OSXEditor [ProjectName] Editor" joined alternative multi-casting on [225.0.0.222:34997]...

[Physics::Module] Initialized MultithreadedJobDispatcher with 11 workers.
Refreshing native plugins compatible for Editor in 191.23 ms, found 3 plugins.
Preloading 0 native plugins for Editor in 0.00 ms.
Initialize engine version: 2022.3.22f1 (887be4894c44)
[Subsystems] Discovering subsystems at path /Applications/Unity/Hub/Editor/2022.3.22f1/Unity.app/Contents/Resources/UnitySubsystems
[Subsystems] Discovering subsystems at path /Users/emma/Desktop/Repos/Orbital2024/Monorepo/Nuspirit/UnityScenes/Assets
GfxDevice: creating device client; threaded=0; jobified=0
 preferred device: Apple M3 Pro (high power)
Metal devices available: 1
0: Apple M3 Pro (high power)
Using device Apple M3 Pro (high power)
Initializing Metal device caps: Apple M3 Pro
Initialize mono
Mono path[0] = '/Applications/Unity/Hub/Editor/2022.3.22f1/Unity.app/Contents/Managed'
Mono path[1] = '/Applications/Unity/Hub/Editor/2022.3.22f1/Unity.app/Contents/MonoBleedingEdge/lib/mono/unityjit-macos'
Mono config path = '/Applications/Unity/Hub/Editor/2022.3.22f1/Unity.app/Contents/MonoBleedingEdge/etc'
Using monoOptions --debugger-agent=transport=dt_socket,embedding=1,server=y,suspend=n,address=127.0.0.1:56626
Begin MonoManager ReloadAssembly
Registering precompiled unity dll's ...
Register platform support module: /Applications/Unity/Hub/Editor/2022.3.22f1/PlaybackEngines/WebGLSupport/UnityEditor.WebGL.Extensions.dll
Register platform support module: /Applications/Unity/Hub/Editor/2022.3.22f1/Unity.app/Contents/PlaybackEngines/MacStandaloneSupport/UnityEditor.OSXStandalone.Extensions.dll
Register platform support module: /Applications/Unity/Hub/Editor/2022.3.22f1/PlaybackEngines/AndroidPlayer/UnityEditor.Android.Extensions.dll
Register platform support module: /Applications/Unity/Hub/Editor/2022.3.22f1/PlaybackEngines/iOSSupport/UnityEditor.iOS.Extensions.dll
Register platform support module: /Applications/Unity/Hub/Editor/2022.3.22f1/PlaybackEngines/VisionOSPlayer/UnityEditor.VisionOS.Extensions.dll
Registered in 0.006392 seconds.
- Loaded All Assemblies, in  0.301 seconds
[usbmuxd] Start listen thread
[usbmuxd] Listen thread started
[usbmuxd] Send listen message
Native extension for VisionOS target not found
objc[23626]: Class XcodeScriptingDelegate is implemented in both /Applications/Unity/Hub/Editor/2022.3.22f1/PlaybackEngines/VisionOSPlayer/arm64/UnityEditor.VisionOS.Native.dylib (0x16775c5d8) and /Applications/Unity/Hub/Editor/2022.3.22f1/PlaybackEngines/iOSSupport/arm64/UnityEditor.iOS.Native.dylib (0x1677845d8). One of the two will be used. Which one is undefined.
[usbmuxd] Start listen thread
[usbmuxd] Listen thread started
[usbmuxd] Send listen message
Native extension for iOS target not found
Native extension for Android target not found
Android Extension - Scanning For ADB Devices 50 ms
Native extension for OSXStandalone target not found
Native extension for WebGL target not found
Mono: successfully reloaded assembly
- Finished resetting the current domain, in  0.977 seconds
Domain Reload Profiling: 1278ms
	BeginReloadAssembly (148ms)
		ExecutionOrderSort (0ms)
		DisableScriptedObjects (0ms)
		BackupInstance (0ms)
		ReleaseScriptingObjects (0ms)
		CreateAndSetChildDomain (0ms)
	RebuildCommonClasses (21ms)
	RebuildNativeTypeToScriptingClass (7ms)
	initialDomainReloadingComplete (32ms)
	LoadAllAssembliesAndSetupDomain (93ms)
		LoadAssemblies (149ms)
		RebuildTransferFunctionScriptingTraits (0ms)
		AnalyzeDomain (91ms)
			TypeCache.Refresh (90ms)
				TypeCache.ScanAssembly (82ms)
			ScanForSourceGeneratedMonoScriptInfo (0ms)
			ResolveRequiredComponents (0ms)
	FinalizeReload (977ms)
		ReleaseScriptCaches (0ms)
		RebuildScriptCaches (0ms)
		SetupLoadedEditorAssemblies (946ms)
			LogAssemblyErrors (0ms)
			InitializePlatformSupportModulesInManaged (875ms)
			SetLoadedEditorAssemblies (2ms)
			RefreshPlugins (0ms)
			BeforeProcessingInitializeOnLoad (1ms)
			ProcessInitializeOnLoadAttributes (50ms)
			ProcessInitializeOnLoadMethodAttributes (19ms)
			AfterProcessingInitializeOnLoad (0ms)
			EditorAssembliesLoaded (0ms)
		ExecutionOrderSort2 (0ms)
		AwakeInstancesAfterBackupRestoration (0ms)
========================================================================
Worker process is ready to serve import requests
Begin MonoManager ReloadAssembly
Symbol file LoadedFromMemory is not a mono symbol file
- Loaded All Assemblies, in  0.525 seconds
Refreshing native plugins compatible for Editor in 2.16 ms, found 3 plugins.
Native extension for VisionOS target not found
Native extension for iOS target not found
Native extension for Android target not found
Native extension for OSXStandalone target not found
Native extension for WebGL target not found
Package Manager log level set to [2]
[Package Manager] Server::EnsureServerProcessIsRunning -- launch failed, reason: Unity was launched with the -noUpm command-line argument
[Package Manager] UpmClient::Send -- Unable to send message (not connected to UPM process).
[Package Manager] Cannot connect to Unity Package Manager local server
Mono: successfully reloaded assembly
[Package Manager] Server::EnsureServerProcessIsRunning -- launch failed, reason: Unity was launched with the -noUpm command-line argument
[Package Manager] UpmClient::Send -- Unable to send message (not connected to UPM process).
[Package Manager] Cannot connect to Unity Package Manager local server
[Package Manager] Server::EnsureServerProcessIsRunning -- launch failed, reason: Unity was launched with the -noUpm command-line argument
[Package Manager] UpmClient::Send -- Unable to send message (not connected to UPM process).
[Package Manager] Cannot connect to Unity Package Manager local server
- Finished resetting the current domain, in  0.609 seconds
Domain Reload Profiling: 1140ms
	BeginReloadAssembly (78ms)
		ExecutionOrderSort (0ms)
		DisableScriptedObjects (3ms)
		BackupInstance (0ms)
		ReleaseScriptingObjects (0ms)
		CreateAndSetChildDomain (18ms)
	RebuildCommonClasses (21ms)
	RebuildNativeTypeToScriptingClass (7ms)
	initialDomainReloadingComplete (33ms)
	LoadAllAssembliesAndSetupDomain (390ms)
		LoadAssemblies (253ms)
		RebuildTransferFunctionScriptingTraits (0ms)
		AnalyzeDomain (160ms)
			TypeCache.Refresh (134ms)
				TypeCache.ScanAssembly (118ms)
			ScanForSourceGeneratedMonoScriptInfo (16ms)
			ResolveRequiredComponents (9ms)
	FinalizeReload (610ms)
		ReleaseScriptCaches (0ms)
		RebuildScriptCaches (0ms)
		SetupLoadedEditorAssemblies (497ms)
			LogAssemblyErrors (0ms)
			InitializePlatformSupportModulesInManaged (21ms)
			SetLoadedEditorAssemblies (3ms)
			RefreshPlugins (0ms)
			BeforeProcessingInitializeOnLoad (70ms)
			ProcessInitializeOnLoadAttributes (359ms)
			ProcessInitializeOnLoadMethodAttributes (44ms)
			AfterProcessingInitializeOnLoad (1ms)
			EditorAssembliesLoaded (0ms)
		ExecutionOrderSort2 (0ms)
		AwakeInstancesAfterBackupRestoration (1ms)
Launching external process: /Applications/Unity/Hub/Editor/2022.3.22f1/Unity.app/Contents/Tools/UnityShaderCompiler
Launched and connected shader compiler UnityShaderCompiler after 0.03 seconds
Refreshing native plugins compatible for Editor in 3.43 ms, found 3 plugins.
Preloading 0 native plugins for Editor in 0.00 ms.
Unloading 7427 Unused Serialized files (Serialized files now loaded: 0)
Unloading 131 unused Assets / (2.2 MB). Loaded Objects now: 7869.
Memory consumption went from 293.1 MB to 291.0 MB.
Total: 3.452167 ms (FindLiveObjects: 0.244500 ms CreateObjectMapping: 0.069125 ms MarkObjects: 2.764083 ms  DeleteObjects: 0.373958 ms)

AssetImportParameters requested are different than current active one (requested -> active):
  custom:container-demuxer-ogg: 62fdf1f143b41e24485cea50d1cbac27 -> 
  custom:container-muxer-webm: aa71ff27fc2769a1b78a27578f13a17b -> 
  custom:video-decoder-webm-vp8: 9c59270c3fd7afecdb556c50c9e8de78 -> 
  custom:SearchIndexIgnoredProperties: e643bd26f0fe6173181afceb89e7c659 -> 
  custom:AudioImporter_EditorPlatform: 3918e3fc78b5a79bad01e8451be0beb8 -> 
  custom:audio-decoder-ogg-vorbis: bf7c407c2cedff20999df2af8eb42d56 -> 
  custom:audio-encoder-webm-vorbis: bf7c407c2cedff20999df2af8eb42d56 -> 
  custom:video-decoder-ogg-theora: a1e56fd34408186e4bbccfd4996cb3dc -> 
  custom:CustomObjectIndexerAttribute: 3ead1caaecf1c488f20bcfeb224b6af5 -> 
  custom:container-demuxer-webm: 4f35f7cbe854078d1ac9338744f61a02 -> 
  custom:framework-osx-AVFoundation: e770b220cccbd017edd2c1fefb359320 -> 
  custom:video-encoder-webm-vp8: eb34c28f22e8b96e1ab97ce403110664 -> 
========================================================================
Received Import Request.
  Time since last request: 14824.072159 seconds.
  path: Assets/karsiori/Pixel Art Flower Pack/Pixel Art Flower Pack - Read Me.txt
  artifactKey: Guid(f7142bf22a75d974dbfaafd6af1ff136) Importer(815301076,1909f56bfc062723c751e8b465ee728b)
Start importing Assets/karsiori/Pixel Art Flower Pack/Pixel Art Flower Pack - Read Me.txt using Guid(f7142bf22a75d974dbfaafd6af1ff136) Importer(815301076,1909f56bfc062723c751e8b465ee728b)  -> (artifact id: 'f9a0c74969ee0d536d5bc9e0196ac14c') in 0.077569 seconds
Number of updated asset objects reloaded before import = 0
Number of asset objects unloaded after import = 1
========================================================================
Received Import Request.
  Time since last request: 2.382484 seconds.
  path: Assets/karsiori/Pixel Art Flower Pack/Garden Grid with Flowers
  artifactKey: Guid(9c21d37530bc3f84eadb5fb422c7ad61) Importer(815301076,1909f56bfc062723c751e8b465ee728b)
Start importing Assets/karsiori/Pixel Art Flower Pack/Garden Grid with Flowers using Guid(9c21d37530bc3f84eadb5fb422c7ad61) Importer(815301076,1909f56bfc062723c751e8b465ee728b)  -> (artifact id: 'e3c802a52f17cdd7f4999146bf3ecf99') in 0.000898 seconds
Number of updated asset objects reloaded before import = 0
Number of asset objects unloaded after import = 0
========================================================================
Received Import Request.
  Time since last request: 0.760503 seconds.
  path: Assets/karsiori/Pixel Art Flower Pack/Flower Pot 2
  artifactKey: Guid(f8b2ed5dcb76c3545a885285a449a805) Importer(815301076,1909f56bfc062723c751e8b465ee728b)
Start importing Assets/karsiori/Pixel Art Flower Pack/Flower Pot 2 using Guid(f8b2ed5dcb76c3545a885285a449a805) Importer(815301076,1909f56bfc062723c751e8b465ee728b)  -> (artifact id: '6804d80300efb98a752a4d799a2b5657') in 0.000520 seconds
Number of updated asset objects reloaded before import = 0
Number of asset objects unloaded after import = 0
========================================================================
Received Import Request.
  Time since last request: 1.042501 seconds.
  path: Assets/karsiori/Pixel Art Flower Pack/Flower Pot 2/Flower Pot 2 - COLORFUL.png
  artifactKey: Guid(86a043ce509bf9645b0db4ab3131ef7d) Importer(815301076,1909f56bfc062723c751e8b465ee728b)
Start importing Assets/karsiori/Pixel Art Flower Pack/Flower Pot 2/Flower Pot 2 - COLORFUL.png using Guid(86a043ce509bf9645b0db4ab3131ef7d) Importer(815301076,1909f56bfc062723c751e8b465ee728b)  -> (artifact id: '5bc00f034c6ff7239a6264649781df10') in 0.266978 seconds
Number of updated asset objects reloaded before import = 0
Number of asset objects unloaded after import = 3
========================================================================
Received Import Request.
  Time since last request: 0.000033 seconds.
  path: Assets/karsiori/Pixel Art Flower Pack/Flower Pot 2/Flower Pot 2 - RED.png
  artifactKey: Guid(07526a7ce761f414d8d391db5b685a63) Importer(815301076,1909f56bfc062723c751e8b465ee728b)
Start importing Assets/karsiori/Pixel Art Flower Pack/Flower Pot 2/Flower Pot 2 - RED.png using Guid(07526a7ce761f414d8d391db5b685a63) Importer(815301076,1909f56bfc062723c751e8b465ee728b)  -> (artifact id: 'ca08b7eb0f67c4a6b73844fddef70890') in 0.007712 seconds
Number of updated asset objects reloaded before import = 0
Number of asset objects unloaded after import = 3
========================================================================
Received Import Request.
  Time since last request: 0.000043 seconds.
  path: Assets/karsiori/Pixel Art Flower Pack/Flower Pot 2/Flower Pot 2 - RED 2.png
  artifactKey: Guid(bdc3be8c505d2c64f857f6dee7d03c0a) Importer(815301076,1909f56bfc062723c751e8b465ee728b)
Start importing Assets/karsiori/Pixel Art Flower Pack/Flower Pot 2/Flower Pot 2 - RED 2.png using Guid(bdc3be8c505d2c64f857f6dee7d03c0a) Importer(815301076,1909f56bfc062723c751e8b465ee728b)  -> (artifact id: 'dff33f231bbfbfeeed2efa71245efb19') in 0.009065 seconds
Number of updated asset objects reloaded before import = 0
Number of asset objects unloaded after import = 3
========================================================================
Received Import Request.
  Time since last request: 0.000053 seconds.
  path: Assets/karsiori/Pixel Art Flower Pack/Flower Pot 2/Flower Pot 2 - YELLOW.png
  artifactKey: Guid(ec8c40456878f634cbf699817cfba67f) Importer(815301076,1909f56bfc062723c751e8b465ee728b)
Start importing Assets/karsiori/Pixel Art Flower Pack/Flower Pot 2/Flower Pot 2 - YELLOW.png using Guid(ec8c40456878f634cbf699817cfba67f) Importer(815301076,1909f56bfc062723c751e8b465ee728b)  -> (artifact id: '34704de1537aea343c3311ba424fc6ea') in 0.035538 seconds
Number of updated asset objects reloaded before import = 0
Number of asset objects unloaded after import = 3
========================================================================
Received Import Request.
  Time since last request: 17.271612 seconds.
  path: Assets/2DGamekit/Scripts
  artifactKey: Guid(9f40b01e4495ac14090cc1f4b4705d91) Importer(815301076,1909f56bfc062723c751e8b465ee728b)
Start importing Assets/2DGamekit/Scripts using Guid(9f40b01e4495ac14090cc1f4b4705d91) Importer(815301076,1909f56bfc062723c751e8b465ee728b)  -> (artifact id: '2510a71936092976a9d2a695c8a1b03a') in 0.001175 seconds
Number of updated asset objects reloaded before import = 0
Number of asset objects unloaded after import = 0
========================================================================
Received Import Request.
  Time since last request: 1.479102 seconds.
  path: Assets/2DGamekit/Scripts/UI
  artifactKey: Guid(abdd474ca29201340b0708bd8da171bb) Importer(815301076,1909f56bfc062723c751e8b465ee728b)
Start importing Assets/2DGamekit/Scripts/UI using Guid(abdd474ca29201340b0708bd8da171bb) Importer(815301076,1909f56bfc062723c751e8b465ee728b)  -> (artifact id: '6d1de5f48fdff27ae934c59275915210') in 0.000291 seconds
Number of updated asset objects reloaded before import = 0
Number of asset objects unloaded after import = 0
========================================================================
Received Import Request.
  Time since last request: 15.123918 seconds.
  path: Assets/2DGamekit/Scenes/Utilities
  artifactKey: Guid(d2be6fdf7ef4dc8488689e46d83c752c) Importer(815301076,1909f56bfc062723c751e8b465ee728b)
Start importing Assets/2DGamekit/Scenes/Utilities using Guid(d2be6fdf7ef4dc8488689e46d83c752c) Importer(815301076,1909f56bfc062723c751e8b465ee728b)  -> (artifact id: 'f084118793b0f15b1ed295e545a665bf') in 0.001507 seconds
Number of updated asset objects reloaded before import = 0
Number of asset objects unloaded after import = 0
========================================================================
Received Import Request.
  Time since last request: 19.317141 seconds.
  path: Assets/2DGamekit/Audio/Enemies/Gunner/GunnerGrenadeLaunch.ogg
  artifactKey: Guid(f6609dc4c074f1e47b5a0fa78aee3bea) Importer(815301076,1909f56bfc062723c751e8b465ee728b)
Start importing Assets/2DGamekit/Audio/Enemies/Gunner/GunnerGrenadeLaunch.ogg using Guid(f6609dc4c074f1e47b5a0fa78aee3bea) Importer(815301076,1909f56bfc062723c751e8b465ee728b)  -> (artifact id: 'e22d428b9664654d5f575ad2287c352d') in 1.191770 seconds
Number of updated asset objects reloaded before import = 0
Number of asset objects unloaded after import = 2
========================================================================
Received Import Request.
  Time since last request: 4.268182 seconds.
  path: Assets/2DGamekit/Audio/Enemies/Chomper
  artifactKey: Guid(6bfc3c64df8d42a4bad5bc3dd5aa36de) Importer(815301076,1909f56bfc062723c751e8b465ee728b)
Start importing Assets/2DGamekit/Audio/Enemies/Chomper using Guid(6bfc3c64df8d42a4bad5bc3dd5aa36de) Importer(815301076,1909f56bfc062723c751e8b465ee728b)  -> (artifact id: '7aa6c5c379eb5254df2a12892745fbec') in 0.004415 seconds
Number of updated asset objects reloaded before import = 0
Number of asset objects unloaded after import = 0
========================================================================
Received Import Request.
  Time since last request: 2.793121 seconds.
  path: Assets/2DGamekit/Audio/Music
  artifactKey: Guid(37ad88f98f233d140ac53f686f986dd9) Importer(815301076,1909f56bfc062723c751e8b465ee728b)
Start importing Assets/2DGamekit/Audio/Music using Guid(37ad88f98f233d140ac53f686f986dd9) Importer(815301076,1909f56bfc062723c751e8b465ee728b)  -> (artifact id: '2d16dcfa6e04654929f0a1047a74b353') in 0.003263 seconds
Number of updated asset objects reloaded before import = 0
Number of asset objects unloaded after import = 0
========================================================================
Received Import Request.
  Time since last request: 0.063976 seconds.
  path: Assets/2DGamekit/Audio/Music/MusicDeathSting.ogg
  artifactKey: Guid(31b2284e8ab3f244182080ca7da474b7) Importer(815301076,1909f56bfc062723c751e8b465ee728b)
Start importing Assets/2DGamekit/Audio/Music/MusicDeathSting.ogg using Guid(31b2284e8ab3f244182080ca7da474b7) Importer(815301076,1909f56bfc062723c751e8b465ee728b)  -> (artifact id: 'ca98534ab2eea69d8b24d430694a3382') in 0.105243 seconds
Number of updated asset objects reloaded before import = 0
Number of asset objects unloaded after import = 2
========================================================================
Received Import Request.
  Time since last request: 4.788765 seconds.
  path: Assets/2DGamekit/Audio/UI
  artifactKey: Guid(a63c76074d8a1e447834edb4d8a3e599) Importer(815301076,1909f56bfc062723c751e8b465ee728b)
Start importing Assets/2DGamekit/Audio/UI using Guid(a63c76074d8a1e447834edb4d8a3e599) Importer(815301076,1909f56bfc062723c751e8b465ee728b)  -> (artifact id: '49bd07150bdd600394f63b35449b097e') in 0.007430 seconds
Number of updated asset objects reloaded before import = 0
Number of asset objects unloaded after import = 0
========================================================================
Received Import Request.
  Time since last request: 0.032784 seconds.
  path: Assets/2DGamekit/Audio/UI/MenuButton01.ogg
  artifactKey: Guid(df6d1af64fdebb04d80a54b27b720509) Importer(815301076,1909f56bfc062723c751e8b465ee728b)
Start importing Assets/2DGamekit/Audio/UI/MenuButton01.ogg using Guid(df6d1af64fdebb04d80a54b27b720509) Importer(815301076,1909f56bfc062723c751e8b465ee728b)  -> (artifact id: '65c04fb2400f54e80595ccf6aebe80f2') in 0.191589 seconds
Number of updated asset objects reloaded before import = 0
Number of asset objects unloaded after import = 2
========================================================================
Received Import Request.
  Time since last request: 0.000210 seconds.
  path: Assets/2DGamekit/Audio/UI/MenuButtonStart.ogg
  artifactKey: Guid(a4dc23583fb1dc84a89049f88b06efe8) Importer(815301076,1909f56bfc062723c751e8b465ee728b)
Start importing Assets/2DGamekit/Audio/UI/MenuButtonStart.ogg using Guid(a4dc23583fb1dc84a89049f88b06efe8) Importer(815301076,1909f56bfc062723c751e8b465ee728b)  -> (artifact id: '60de710f1cb1a6322a7c70e1f35aafea') in 0.042376 seconds
Number of updated asset objects reloaded before import = 0
Number of asset objects unloaded after import = 2
========================================================================
Received Import Request.
  Time since last request: 6.643161 seconds.
  path: Assets/2DGamekit/Documentation/Sources
  artifactKey: Guid(4afd3882809b8074d96310d8cdd07796) Importer(815301076,1909f56bfc062723c751e8b465ee728b)
Start importing Assets/2DGamekit/Documentation/Sources using Guid(4afd3882809b8074d96310d8cdd07796) Importer(815301076,1909f56bfc062723c751e8b465ee728b)  -> (artifact id: 'b0a6fe82d543cb425b626ff9cd658d10') in 0.000999 seconds
Number of updated asset objects reloaded before import = 0
Number of asset objects unloaded after import = 0
========================================================================
Received Import Request.
  Time since last request: 52.576898 seconds.
  path: Assets/2DGamekit/Scenes/Zone1.unity
  artifactKey: Guid(a94cb8f134bf81349ad016c79b629e3d) Importer(815301076,1909f56bfc062723c751e8b465ee728b)
Start importing Assets/2DGamekit/Scenes/Zone1.unity using Guid(a94cb8f134bf81349ad016c79b629e3d) Importer(815301076,1909f56bfc062723c751e8b465ee728b)  -> (artifact id: '44725ef70c545164e949f7a8df0b4330') in 0.006292 seconds
Number of updated asset objects reloaded before import = 0
Number of asset objects unloaded after import = 0
========================================================================
Received Import Request.
  Time since last request: 1.196487 seconds.
  path: Assets/2DGamekit/Scenes/Zone2.unity
  artifactKey: Guid(5436c67e9267f17458b31fcdc20cd20a) Importer(815301076,1909f56bfc062723c751e8b465ee728b)
Start importing Assets/2DGamekit/Scenes/Zone2.unity using Guid(5436c67e9267f17458b31fcdc20cd20a) Importer(815301076,1909f56bfc062723c751e8b465ee728b)  -> (artifact id: '6169c5c97bf9dca1e7c4c14de62601e2') in 0.001398 seconds
Number of updated asset objects reloaded before import = 0
Number of asset objects unloaded after import = 0
========================================================================
Received Import Request.
  Time since last request: 1.002029 seconds.
  path: Assets/2DGamekit/Scenes/Zone4Settings.lighting
  artifactKey: Guid(356a4519cb4abec4a91228253f654bf9) Importer(815301076,1909f56bfc062723c751e8b465ee728b)
Start importing Assets/2DGamekit/Scenes/Zone4Settings.lighting using Guid(356a4519cb4abec4a91228253f654bf9) Importer(815301076,1909f56bfc062723c751e8b465ee728b) LightingSettings: switching bake backend from 2 to 0.
 -> (artifact id: '05198c81947208cc1747589c91faf876') in 0.090374 seconds
Number of updated asset objects reloaded before import = 0
Number of asset objects unloaded after import = 1
========================================================================
Received Import Request.
  Time since last request: 0.552484 seconds.
  path: Assets/2DGamekit/Scenes/Zone3Settings.lighting
  artifactKey: Guid(2e09e5e95348ab044ad348a7e34cbed6) Importer(815301076,1909f56bfc062723c751e8b465ee728b)
Start importing Assets/2DGamekit/Scenes/Zone3Settings.lighting using Guid(2e09e5e95348ab044ad348a7e34cbed6) Importer(815301076,1909f56bfc062723c751e8b465ee728b) LightingSettings: switching bake backend from 2 to 0.
 -> (artifact id: '7370ff89ce1bfa7bc2245e2fd1f259a2') in 0.002064 seconds
Number of updated asset objects reloaded before import = 0
Number of asset objects unloaded after import = 1
========================================================================
Received Import Request.
  Time since last request: 16.485660 seconds.
  path: Assets/2DGamekit/Scripts/Localization
  artifactKey: Guid(92b1c4e6c9498654d9f349f8125abc6f) Importer(815301076,1909f56bfc062723c751e8b465ee728b)
Start importing Assets/2DGamekit/Scripts/Localization using Guid(92b1c4e6c9498654d9f349f8125abc6f) Importer(815301076,1909f56bfc062723c751e8b465ee728b)  -> (artifact id: 'fe43bb65d0e87371c3397be3f4756db2') in 0.003601 seconds
Number of updated asset objects reloaded before import = 0
Number of asset objects unloaded after import = 0
========================================================================
Received Import Request.
  Time since last request: 1.018057 seconds.
  path: Assets/2DGamekit/Scripts/Localization/TranslatedPhrases.cs
  artifactKey: Guid(1fb98d8da5f4a244490d8e8d0cfef54a) Importer(815301076,1909f56bfc062723c751e8b465ee728b)
Start importing Assets/2DGamekit/Scripts/Localization/TranslatedPhrases.cs using Guid(1fb98d8da5f4a244490d8e8d0cfef54a) Importer(815301076,1909f56bfc062723c751e8b465ee728b)  -> (artifact id: '7defd40b0da3953510a7fa63a2e3e08d') in 0.001910 seconds
Number of updated asset objects reloaded before import = 0
Number of asset objects unloaded after import = 0
========================================================================
Received Import Request.
  Time since last request: 4.386731 seconds.
  path: Assets/2DGamekit/Scripts/Localization/OriginalPhrases.cs
  artifactKey: Guid(97933d85c6acddc4bb95f77ca8cc0280) Importer(815301076,1909f56bfc062723c751e8b465ee728b)
Start importing Assets/2DGamekit/Scripts/Localization/OriginalPhrases.cs using Guid(97933d85c6acddc4bb95f77ca8cc0280) Importer(815301076,1909f56bfc062723c751e8b465ee728b)  -> (artifact id: '3e566dd7c55ce40cc5a9006c4a75546d') in 0.005394 seconds
Number of updated asset objects reloaded before import = 0
Number of asset objects unloaded after import = 0
========================================================================
Received Import Request.
  Time since last request: 0.453059 seconds.
  path: Assets/2DGamekit/Scripts/Localization/Editor
  artifactKey: Guid(3636ffefa34fa3a448093281bda2ecd4) Importer(815301076,1909f56bfc062723c751e8b465ee728b)
Start importing Assets/2DGamekit/Scripts/Localization/Editor using Guid(3636ffefa34fa3a448093281bda2ecd4) Importer(815301076,1909f56bfc062723c751e8b465ee728b)  -> (artifact id: 'a7b29c5bfa80e70b1683d63845fb236d') in 0.017865 seconds
Number of updated asset objects reloaded before import = 0
Number of asset objects unloaded after import = 0
========================================================================
Received Import Request.
  Time since last request: 1.149707 seconds.
  path: Assets/2DGamekit/Scripts/Localization/Editor/TranslatedPhrasesEditor.cs
  artifactKey: Guid(9e108a4104cd70e419777d21c38f0229) Importer(815301076,1909f56bfc062723c751e8b465ee728b)
Start importing Assets/2DGamekit/Scripts/Localization/Editor/TranslatedPhrasesEditor.cs using Guid(9e108a4104cd70e419777d21c38f0229) Importer(815301076,1909f56bfc062723c751e8b465ee728b)  -> (artifact id: '887b03df8de38e99d5631da8ce2e312f') in 0.001573 seconds
Number of updated asset objects reloaded before import = 0
Number of asset objects unloaded after import = 0
========================================================================
Received Import Request.
  Time since last request: 9.191554 seconds.
  path: Assets/2DGamekit/Scripts/AI
  artifactKey: Guid(a4512e3eb42dc4cbfb4dbd64d0f24790) Importer(815301076,1909f56bfc062723c751e8b465ee728b)
Start importing Assets/2DGamekit/Scripts/AI using Guid(a4512e3eb42dc4cbfb4dbd64d0f24790) Importer(815301076,1909f56bfc062723c751e8b465ee728b)  -> (artifact id: '16b6ef27ee788f480d31eafe16120429') in 0.006531 seconds
Number of updated asset objects reloaded before import = 0
Number of asset objects unloaded after import = 0
========================================================================
Received Import Request.
  Time since last request: 0.735122 seconds.
  path: Assets/2DGamekit/Scripts/AI/BT.cs
  artifactKey: Guid(40ccaac2b2a3342edbc299d2be2c9f3c) Importer(815301076,1909f56bfc062723c751e8b465ee728b)
Start importing Assets/2DGamekit/Scripts/AI/BT.cs using Guid(40ccaac2b2a3342edbc299d2be2c9f3c) Importer(815301076,1909f56bfc062723c751e8b465ee728b)  -> (artifact id: '7c2c88bf9e162b522b16c9ab501351a5') in 0.001911 seconds
Number of updated asset objects reloaded before import = 0
Number of asset objects unloaded after import = 0
========================================================================
Received Import Request.
  Time since last request: 23.181951 seconds.
  path: Assets/2DGamekit/Scripts/AI/GunnerBeam.cs
  artifactKey: Guid(17b275c8a01d84f449f5f184c7ee5dda) Importer(815301076,1909f56bfc062723c751e8b465ee728b)
Start importing Assets/2DGamekit/Scripts/AI/GunnerBeam.cs using Guid(17b275c8a01d84f449f5f184c7ee5dda) Importer(815301076,1909f56bfc062723c751e8b465ee728b)  -> (artifact id: '191d576009d7bc898da63b15042a170d') in 0.002125 seconds
Number of updated asset objects reloaded before import = 0
Number of asset objects unloaded after import = 0
========================================================================
Received Import Request.
  Time since last request: 2.237236 seconds.
  path: Assets/2DGamekit/Scripts/AI/GunnerBeamController.cs
  artifactKey: Guid(572cff7f64f494cd386550eec2fd9976) Importer(815301076,1909f56bfc062723c751e8b465ee728b)
Start importing Assets/2DGamekit/Scripts/AI/GunnerBeamController.cs using Guid(572cff7f64f494cd386550eec2fd9976) Importer(815301076,1909f56bfc062723c751e8b465ee728b)  -> (artifact id: '6b918545cd79f639a1fca53b9dade4dd') in 0.001000 seconds
Number of updated asset objects reloaded before import = 0
Number of asset objects unloaded after import = 0
========================================================================
Received Import Request.
  Time since last request: 1139.254203 seconds.
  path: Assets/2DGamekit/Scripts/AI/MissileGolem.cs
  artifactKey: Guid(9f3e6e784bd7045b98c806d4665dcbbe) Importer(815301076,1909f56bfc062723c751e8b465ee728b)
Start importing Assets/2DGamekit/Scripts/AI/MissileGolem.cs using Guid(9f3e6e784bd7045b98c806d4665dcbbe) Importer(815301076,1909f56bfc062723c751e8b465ee728b)  -> (artifact id: '902385cea1be3da6f95f9359efe07682') in 0.025401 seconds
Number of updated asset objects reloaded before import = 0
Number of asset objects unloaded after import = 0
========================================================================
Received Import Request.
  Time since last request: 17.312079 seconds.
  path: Assets/2DGamekit/Scripts/AI/SendSignal.cs
  artifactKey: Guid(c381bbe1f187e4c01b1e62b740cf0f39) Importer(815301076,1909f56bfc062723c751e8b465ee728b)
Start importing Assets/2DGamekit/Scripts/AI/SendSignal.cs using Guid(c381bbe1f187e4c01b1e62b740cf0f39) Importer(815301076,1909f56bfc062723c751e8b465ee728b)  -> (artifact id: '722b069d120bcc75c8af18c6a1dadcaa') in 0.003075 seconds
Number of updated asset objects reloaded before import = 0
Number of asset objects unloaded after import = 0
========================================================================
Received Import Request.
  Time since last request: 49.686998 seconds.
  path: Assets/2DGamekit/Scripts/Core
  artifactKey: Guid(c332cc2d143754cf6973cf5715eae8cf) Importer(815301076,1909f56bfc062723c751e8b465ee728b)
Start importing Assets/2DGamekit/Scripts/Core using Guid(c332cc2d143754cf6973cf5715eae8cf) Importer(815301076,1909f56bfc062723c751e8b465ee728b)  -> (artifact id: 'bf97f7e37e8d627351aca9fedc195a3b') in 0.002740 seconds
Number of updated asset objects reloaded before import = 0
Number of asset objects unloaded after import = 0
========================================================================
Received Import Request.
  Time since last request: 2.564097 seconds.
  path: Assets/2DGamekit/Scripts/Core/InteractOnButton.cs
  artifactKey: Guid(69345d561483d404fa7c9f9746cfc23c) Importer(815301076,1909f56bfc062723c751e8b465ee728b)
Start importing Assets/2DGamekit/Scripts/Core/InteractOnButton.cs using Guid(69345d561483d404fa7c9f9746cfc23c) Importer(815301076,1909f56bfc062723c751e8b465ee728b)  -> (artifact id: '992dbab1db6fd45f15b1c058382c757a') in 0.001535 seconds
Number of updated asset objects reloaded before import = 0
Number of asset objects unloaded after import = 0
========================================================================
Received Import Request.
  Time since last request: 10.658441 seconds.
  path: Assets/2DGamekit/Scripts/Core/Checkpoint.cs
  artifactKey: Guid(834cd6a946627184a831105d03c63fef) Importer(815301076,1909f56bfc062723c751e8b465ee728b)
Start importing Assets/2DGamekit/Scripts/Core/Checkpoint.cs using Guid(834cd6a946627184a831105d03c63fef) Importer(815301076,1909f56bfc062723c751e8b465ee728b)  -> (artifact id: '3b8e418934cf577d8438c8942635877d') in 0.004739 seconds
Number of updated asset objects reloaded before import = 0
Number of asset objects unloaded after import = 0
========================================================================
Received Import Request.
  Time since last request: 22.675420 seconds.
  path: Assets/2DGamekit/Scripts/Core/InteractOnButton2D.cs
  artifactKey: Guid(952ea542eeb4eb44fbfc14f014d6d334) Importer(815301076,1909f56bfc062723c751e8b465ee728b)
Start importing Assets/2DGamekit/Scripts/Core/InteractOnButton2D.cs using Guid(952ea542eeb4eb44fbfc14f014d6d334) Importer(815301076,1909f56bfc062723c751e8b465ee728b)  -> (artifact id: 'ff6854f8746898687802112a97a17a57') in 0.003672 seconds
Number of updated asset objects reloaded before import = 0
Number of asset objects unloaded after import = 0
========================================================================
Received Import Request.
  Time since last request: 4.047488 seconds.
  path: Assets/2DGamekit/Scripts/Core/InteractOnCollision.cs
  artifactKey: Guid(419f7c30e37b6463c8b0d4d2b4946378) Importer(815301076,1909f56bfc062723c751e8b465ee728b)
Start importing Assets/2DGamekit/Scripts/Core/InteractOnCollision.cs using Guid(419f7c30e37b6463c8b0d4d2b4946378) Importer(815301076,1909f56bfc062723c751e8b465ee728b)  -> (artifact id: 'b4714b7295a5da63a598b3ffc4c58db2') in 0.005502 seconds
Number of updated asset objects reloaded before import = 0
Number of asset objects unloaded after import = 0
========================================================================
Received Import Request.
  Time since last request: 14.980140 seconds.
  path: Assets/2DGamekit/Scripts/Core/InteractOnTrigger.cs
  artifactKey: Guid(a6e38ccf902f148e69c411da9fcde5cf) Importer(815301076,1909f56bfc062723c751e8b465ee728b)
Start importing Assets/2DGamekit/Scripts/Core/InteractOnTrigger.cs using Guid(a6e38ccf902f148e69c411da9fcde5cf) Importer(815301076,1909f56bfc062723c751e8b465ee728b)  -> (artifact id: '1871f69f8ae50b1b879017bc4f13e43b') in 0.002463 seconds
Number of updated asset objects reloaded before import = 0
Number of asset objects unloaded after import = 0
========================================================================
Received Import Request.
  Time since last request: 523.722255 seconds.
  path: Assets/2DGamekit/Scripts/Core/TimedDisabling.cs
  artifactKey: Guid(bd4eb3cbad623b04696b04f0e35feb06) Importer(815301076,1909f56bfc062723c751e8b465ee728b)
Start importing Assets/2DGamekit/Scripts/Core/TimedDisabling.cs using Guid(bd4eb3cbad623b04696b04f0e35feb06) Importer(815301076,1909f56bfc062723c751e8b465ee728b)  -> (artifact id: 'b89b72251946e9059458b00a72bd3a90') in 0.031826 seconds
Number of updated asset objects reloaded before import = 0
Number of asset objects unloaded after import = 0
========================================================================
Received Import Request.
  Time since last request: 118.622507 seconds.
  path: Assets/2DGamekit/Scripts/Core/InteractOnTrigger2D.cs
  artifactKey: Guid(1ede24c4245f11547942614c14a3a23b) Importer(815301076,1909f56bfc062723c751e8b465ee728b)
Start importing Assets/2DGamekit/Scripts/Core/InteractOnTrigger2D.cs using Guid(1ede24c4245f11547942614c14a3a23b) Importer(815301076,1909f56bfc062723c751e8b465ee728b)  -> (artifact id: 'e979fdf56473110f4821377d1836780b') in 0.010242 seconds
Number of updated asset objects reloaded before import = 0
Number of asset objects unloaded after import = 0
