Unity Editor version:    6000.0.0b16 (1ddb887463a9)
Branch:                  trunk
Build type:              Release
Batch mode:              YES
macOS version:           Version 14.5 (Build 23F79)
Darwin version:          23.5.0
Architecture:            arm64
Running under Rosetta:   NO
Available memory:        18432 MB
Using pre-set license
Pro License: YES

COMMAND LINE ARGUMENTS:
/Applications/Unity/Hub/Editor/6000.0.0b16/Unity.app/Contents/MacOS/Unity
-adb2
-batchMode
-noUpm
-name
AssetImportWorker3
-projectPath
/Users/emma/Desktop/Repos/Orbital2024/Monorepo/Nuspirit/UnityVenues
-logFile
Logs/AssetImportWorker3.log
-srvPort
50067
-job-worker-count
5
-background-job-worker-count
8
-asset-garbage-collectors
1
Successfully changed project path to: /Users/emma/Desktop/Repos/Orbital2024/Monorepo/Nuspirit/UnityVenues
/Users/emma/Desktop/Repos/Orbital2024/Monorepo/Nuspirit/UnityVenues
[UnityMemory] Configuration Parameters - Can be set up in boot.config
    "memorysetup-bucket-allocator-granularity=16"
    "memorysetup-bucket-allocator-bucket-count=8"
    "memorysetup-bucket-allocator-block-size=33554432"
    "memorysetup-bucket-allocator-block-count=8"
    "memorysetup-main-allocator-block-size=16777216"
    "memorysetup-thread-allocator-block-size=16777216"
    "memorysetup-gfx-main-allocator-block-size=16777216"
    "memorysetup-gfx-thread-allocator-block-size=16777216"
    "memorysetup-cache-allocator-block-size=4194304"
    "memorysetup-typetree-allocator-block-size=2097152"
    "memorysetup-profiler-bucket-allocator-granularity=16"
    "memorysetup-profiler-bucket-allocator-bucket-count=8"
    "memorysetup-profiler-bucket-allocator-block-size=33554432"
    "memorysetup-profiler-bucket-allocator-block-count=8"
    "memorysetup-profiler-allocator-block-size=16777216"
    "memorysetup-profiler-editor-allocator-block-size=1048576"
    "memorysetup-temp-allocator-size-main=16777216"
    "memorysetup-job-temp-allocator-block-size=2097152"
    "memorysetup-job-temp-allocator-block-size-background=1048576"
    "memorysetup-job-temp-allocator-reduction-small-platforms=262144"
    "memorysetup-allocator-temp-initial-block-size-main=262144"
    "memorysetup-allocator-temp-initial-block-size-worker=262144"
    "memorysetup-temp-allocator-size-background-worker=32768"
    "memorysetup-temp-allocator-size-job-worker=262144"
    "memorysetup-temp-allocator-size-preload-manager=33554432"
    "memorysetup-temp-allocator-size-nav-mesh-worker=65536"
    "memorysetup-temp-allocator-size-audio-worker=65536"
    "memorysetup-temp-allocator-size-cloud-worker=32768"
    "memorysetup-temp-allocator-size-gi-baking-worker=262144"
    "memorysetup-temp-allocator-size-gi-baking-worker=262144"
    "memorysetup-temp-allocator-size-gi-baking-worker=262144"
    "memorysetup-temp-allocator-size-gi-baking-worker=262144"
    "memorysetup-temp-allocator-size-gi-baking-worker=262144"
    "memorysetup-temp-allocator-size-gfx=262144"
Player connection [8329317376]  Target information:

Player connection [8329317376]  * "[IP] 172.31.106.4 [Port] 0 [Flags] 2 [Guid] 3177911380 [EditorId] 3177911380 [Version] 1048832 [Id] OSXEditor(0,Xus-MacBook-Pro.local) [Debug] 1 [PackageName] OSXEditor [ProjectName] Editor" 

Player connection [8329317376] Host joined multi-casting on [225.0.0.222:54997]...
Player connection [8329317376] Host joined alternative multi-casting on [225.0.0.222:34997]...
JobSystem: Creating JobQueue using job-worker-count value 5
Library Redirect Path: Library/
[PhysX] Initialized MultithreadedTaskDispatcher with 6 workers.
Refreshing native plugins compatible for Editor in 4.99 ms, found 7 plugins.
Preloading 0 native plugins for Editor in 0.00 ms.
Initialize engine version: 6000.0.0b16 (1ddb887463a9)
[Subsystems] Discovering subsystems at path /Applications/Unity/Hub/Editor/6000.0.0b16/Unity.app/Contents/Resources/UnitySubsystems
[Subsystems] Discovering subsystems at path /Users/emma/Desktop/Repos/Orbital2024/Monorepo/Nuspirit/UnityVenues/Assets
GfxDevice: creating device client; kGfxThreadingModeNonThreaded
 preferred device: Apple M3 Pro (high power)
Metal devices available: 1
0: Apple M3 Pro (high power)
Using device Apple M3 Pro (high power)
Initializing Metal device caps: Apple M3 Pro
Initialize mono
Mono path[0] = '/Applications/Unity/Hub/Editor/6000.0.0b16/Unity.app/Contents/Managed'
Mono path[1] = '/Applications/Unity/Hub/Editor/6000.0.0b16/Unity.app/Contents/MonoBleedingEdge/lib/mono/unityjit-macos'
Mono config path = '/Applications/Unity/Hub/Editor/6000.0.0b16/Unity.app/Contents/MonoBleedingEdge/etc'
Using monoOptions --debugger-agent=transport=dt_socket,embedding=1,server=y,suspend=n,address=127.0.0.1:56377
Begin MonoManager ReloadAssembly
Registering precompiled unity dll's ...
Register platform support module: /Applications/Unity/Hub/Editor/6000.0.0b16/PlaybackEngines/WebGLSupport/UnityEditor.WebGL.Extensions.dll
Register platform support module: /Applications/Unity/Hub/Editor/6000.0.0b16/Unity.app/Contents/PlaybackEngines/MacStandaloneSupport/UnityEditor.OSXStandalone.Extensions.dll
Register platform support module: /Applications/Unity/Hub/Editor/6000.0.0b16/PlaybackEngines/VisionOSPlayer/UnityEditor.VisionOS.Extensions.dll
Register platform support module: /Applications/Unity/Hub/Editor/6000.0.0b16/PlaybackEngines/WindowsStandaloneSupport/UnityEditor.WindowsStandalone.Extensions.dll
Register platform support module: /Applications/Unity/Hub/Editor/6000.0.0b16/PlaybackEngines/AndroidPlayer/UnityEditor.Android.Extensions.dll
Register platform support module: /Applications/Unity/Hub/Editor/6000.0.0b16/PlaybackEngines/iOSSupport/UnityEditor.iOS.Extensions.dll
Register platform support module: /Applications/Unity/Hub/Editor/6000.0.0b16/PlaybackEngines/AppleTVSupport/UnityEditor.AppleTV.Extensions.dll
Register platform support module: /Applications/Unity/Hub/Editor/6000.0.0b16/PlaybackEngines/LinuxStandaloneSupport/UnityEditor.LinuxStandalone.Extensions.dll
Registered in 0.007316 seconds.
- Loaded All Assemblies, in  0.261 seconds
Native extension for LinuxStandalone target not found
[usbmuxd] Start listen thread
[usbmuxd] Listen thread started
[usbmuxd] Send listen message
Native extension for AppleTV target not found
Native extension for iOS target not found
Native extension for Android target not found
Android Extension - Scanning For ADB Devices 184 ms
Native extension for WindowsStandalone target not found
objc[93377]: Class XcodeScriptingDelegate is implemented in both /Applications/Unity/Hub/Editor/6000.0.0b16/PlaybackEngines/AppleTVSupport/arm64/UnityEditor.iOS.Native.dylib (0x1658f8600) and /Applications/Unity/Hub/Editor/6000.0.0b16/PlaybackEngines/VisionOSPlayer/arm64/UnityEditor.VisionOS.Native.dylib (0x165970600). One of the two will be used. Which one is undefined.
[usbmuxd] Start listen thread
[usbmuxd] Listen thread started
[usbmuxd] Send listen message
Native extension for VisionOS target not found
Native extension for OSXStandalone target not found
Native extension for WebGL target not found
Mono: successfully reloaded assembly
- Finished resetting the current domain, in  0.541 seconds
Domain Reload Profiling: 802ms
	BeginReloadAssembly (75ms)
		ExecutionOrderSort (0ms)
		DisableScriptedObjects (0ms)
		BackupInstance (0ms)
		ReleaseScriptingObjects (0ms)
		CreateAndSetChildDomain (0ms)
	RebuildCommonClasses (27ms)
	RebuildNativeTypeToScriptingClass (8ms)
	initialDomainReloadingComplete (35ms)
	LoadAllAssembliesAndSetupDomain (116ms)
		LoadAssemblies (78ms)
		RebuildTransferFunctionScriptingTraits (0ms)
		AnalyzeDomain (111ms)
			TypeCache.Refresh (110ms)
				TypeCache.ScanAssembly (99ms)
			BuildScriptInfoCaches (0ms)
			ResolveRequiredComponents (1ms)
	FinalizeReload (542ms)
		ReleaseScriptCaches (0ms)
		RebuildScriptCaches (0ms)
		SetupLoadedEditorAssemblies (506ms)
			LogAssemblyErrors (0ms)
			InitializePlatformSupportModulesInManaged (321ms)
			SetLoadedEditorAssemblies (3ms)
			BeforeProcessingInitializeOnLoad (3ms)
			ProcessInitializeOnLoadAttributes (63ms)
			ProcessInitializeOnLoadMethodAttributes (117ms)
			AfterProcessingInitializeOnLoad (0ms)
			EditorAssembliesLoaded (0ms)
		ExecutionOrderSort2 (0ms)
		AwakeInstancesAfterBackupRestoration (0ms)
========================================================================
Worker process is ready to serve import requests
Import Worker Mode flag is 0x00
Begin MonoManager ReloadAssembly
Symbol file LoadedFromMemory is not a mono symbol file
Asset path could not be found for script compilation file '/Assets/Scripts/ScriptableObjects/VenueModels/VenueOtherUser.cs'
 #0 PlatformStacktrace::GetStacktrace(int)
 #1 DebugStringToFile(DebugStringToFileData const&)
 #2 AssertImplementation(int, char const*, int, int, char const*)
 #3 MonoScriptInfoScraper::GetAssemblyScrapedMonoScripts(core::basic_string_ref<char>, ScriptingImagePtr, ScriptingClassPtr, core::hash_map<core::basic_string<char, core::StringStorageDefault<char>>, core::hash_set<core::basic_string<char, core::StringStorageDefault<char>>, core::hash<core::basic_string<char, core::StringStorageDefault<char>>>, std::__1::equal_to<core::basic_string<char, core::StringStorageDefault<char>>>>, core::hash<core::basic_string<char, core::StringStorageDefault<char>>>, std::__1::equal_to<core::basic_string<char, core::StringStorageDefault<char>>>>&, core::hash_map<core::basic_string<char, core::StringStorageDefault<char>>, core::vector<ScrapedMonoScriptInfo, core::allocator<ScrapedMonoScriptInfo, 0ul>>, core::hash<core::basic_string<char, core::StringStorageDefault<char>>>, std::__1::equal_to<core::basic_string<char, core::StringStorageDefault<char>>>>&, core::hash_map<core::basic_string<char, core::StringStorageDefault<char>>, core::vector<core::basic_string<char, core::StringStorageDefault<char>>, core::allocator<core::basic_string<char, core::StringStorageDefault<char>>, 0ul>>, core::hash<core::basic_string<char, core::StringStorageDefault<char>>>, std::__1::equal_to<core::basic_string<char, core::StringStorageDefault<char>>>>&) const
 #4 MonoScriptInfoScraper::ScanForSourceGeneratedMonoScriptInfo(core::hash_set<core::basic_string<char, core::StringStorageDefault<char>>, core::hash<core::basic_string<char, core::StringStorageDefault<char>>>, std::__1::equal_to<core::basic_string<char, core::StringStorageDefault<char>>>> const&)
 #5 MonoScriptInfoScraper::BuildScriptInfoCaches(core::hash_map<core::basic_string<char, core::StringStorageDefault<char>>, bool, core::hash<core::basic_string<char, core::StringStorageDefault<char>>>, std::__1::equal_to<core::basic_string<char, core::StringStorageDefault<char>>>> const&)
 #6 MonoManager::AnalyzeDomain(bool)
 #7 MonoManager::LoadAllAssembliesAndSetupDomain(DomainReloadingData&, dynamic_bitset)
 #8 MonoManager::ReloadAssembly(AssemblyLoadReason)
 #9 LoadDomainAndUserAssemblies(AssemblyLoadReason)
 #10 AssetImportWorkerClient::ReloadScriptingDomain()
 #11 invocation function for block in AssetImportWorkerClient::HandleMessage(InitializeMessage const&)::$_11::operator()() const
 #12 _dispatch_client_callout
 #13 _dispatch_async_and_wait_invoke
 #14 _dispatch_client_callout
 #15 _dispatch_main_queue_drain
 #16 _dispatch_main_queue_callback_4CF
 #17 __CFRUNLOOP_IS_SERVICING_THE_MAIN_DISPATCH_QUEUE__
 #18 __CFRunLoopRun
 #19 CFRunLoopRunSpecific
 #20 RunCurrentEventLoopInMode
 #21 ReceiveNextEventCommon
 #22 _BlockUntilNextEventMatchingListInModeWithFilter
 #23 _DPSNextEvent
 #24 -[NSApplication(NSEventRouting) _nextEventMatchingEventMask:untilDate:inMode:dequeue:]
 #25 -[NSApplication run]
 #26 NSApplicationMain
 #27 EditorMain(int, char const**)
 #28 main
 #29 start

- Loaded All Assemblies, in  0.963 seconds
Refreshing native plugins compatible for Editor in 2.75 ms, found 7 plugins.
Native extension for LinuxStandalone target not found
Native extension for AppleTV target not found
Native extension for iOS target not found
Native extension for Android target not found
Native extension for WindowsStandalone target not found
Native extension for VisionOS target not found
Native extension for OSXStandalone target not found
Native extension for WebGL target not found
Refreshing native plugins compatible for Editor in 2.54 ms, found 7 plugins.
Mono: successfully reloaded assembly
Package Manager log level set to [2]
[Package Manager] Failed to launch server process. Reason: Unity was launched with the -noUpm command-line argument
[Package Manager] Unable to send message (not connected to server process).
[Package Manager] Cannot connect to Unity Package Manager local server
[Package Manager] Failed to launch server process. Reason: Unity was launched with the -noUpm command-line argument
[Package Manager] Unable to send message (not connected to server process).
[Package Manager] Cannot connect to Unity Package Manager local server
- Finished resetting the current domain, in  0.685 seconds
Domain Reload Profiling: 1647ms
	BeginReloadAssembly (487ms)
		ExecutionOrderSort (0ms)
		DisableScriptedObjects (3ms)
		BackupInstance (0ms)
		ReleaseScriptingObjects (0ms)
		CreateAndSetChildDomain (26ms)
	RebuildCommonClasses (24ms)
	RebuildNativeTypeToScriptingClass (8ms)
	initialDomainReloadingComplete (22ms)
	LoadAllAssembliesAndSetupDomain (420ms)
		LoadAssemblies (270ms)
		RebuildTransferFunctionScriptingTraits (0ms)
		AnalyzeDomain (177ms)
			TypeCache.Refresh (121ms)
				TypeCache.ScanAssembly (107ms)
			BuildScriptInfoCaches (50ms)
			ResolveRequiredComponents (4ms)
	FinalizeReload (685ms)
		ReleaseScriptCaches (0ms)
		RebuildScriptCaches (0ms)
		SetupLoadedEditorAssemblies (568ms)
			LogAssemblyErrors (0ms)
			InitializePlatformSupportModulesInManaged (30ms)
			SetLoadedEditorAssemblies (5ms)
			BeforeProcessingInitializeOnLoad (58ms)
			ProcessInitializeOnLoadAttributes (305ms)
			ProcessInitializeOnLoadMethodAttributes (169ms)
			AfterProcessingInitializeOnLoad (1ms)
			EditorAssembliesLoaded (0ms)
		ExecutionOrderSort2 (0ms)
		AwakeInstancesAfterBackupRestoration (3ms)
Launching external process: /Applications/Unity/Hub/Editor/6000.0.0b16/Unity.app/Contents/Tools/UnityShaderCompiler
Launched and connected shader compiler UnityShaderCompiler after 0.05 seconds
Refreshing native plugins compatible for Editor in 2.43 ms, found 7 plugins.
Preloading 0 native plugins for Editor in 0.00 ms.
Unloading 14 Unused Serialized files (Serialized files now loaded: 0)
Unloading 5662 unused Assets / (1.9 MB). Loaded Objects now: 6181.
Memory consumption went from 137.0 MB to 135.1 MB.
Total: 9.396083 ms (FindLiveObjects: 0.419375 ms CreateObjectMapping: 0.137958 ms MarkObjects: 7.575708 ms  DeleteObjects: 1.262834 ms)

========================================================================
Received Prepare
Refreshing native plugins compatible for Editor in 2.46 ms, found 7 plugins.
Preloading 0 native plugins for Editor in 0.00 ms.
Unloading 0 Unused Serialized files (Serialized files now loaded: 0)
Unloading 5590 unused Assets / (1.6 MB). Loaded Objects now: 6181.
Memory consumption went from 130.4 MB to 128.8 MB.
Total: 58.330542 ms (FindLiveObjects: 0.807792 ms CreateObjectMapping: 0.121292 ms MarkObjects: 56.524958 ms  DeleteObjects: 0.874875 ms)

Prepare: number of updated asset objects reloaded= 0
========================================================================
Received Prepare
Refreshing native plugins compatible for Editor in 3.70 ms, found 7 plugins.
Preloading 0 native plugins for Editor in 0.00 ms.
Unloading 0 Unused Serialized files (Serialized files now loaded: 0)
Unloading 5590 unused Assets / (0.7 MB). Loaded Objects now: 6181.
Memory consumption went from 129.6 MB to 128.8 MB.
Total: 34.195125 ms (FindLiveObjects: 0.508541 ms CreateObjectMapping: 0.125625 ms MarkObjects: 32.709167 ms  DeleteObjects: 0.850500 ms)

Prepare: number of updated asset objects reloaded= 0
========================================================================
Received Prepare
Begin MonoManager ReloadAssembly
Thread 0x318887000 may have been prematurely finalized
Symbol file LoadedFromMemory is not a mono symbol file
- Loaded All Assemblies, in  0.672 seconds
Refreshing native plugins compatible for Editor in 2.29 ms, found 7 plugins.
Native extension for LinuxStandalone target not found
Native extension for AppleTV target not found
Native extension for iOS target not found
Native extension for Android target not found
Native extension for WindowsStandalone target not found
Native extension for VisionOS target not found
Native extension for OSXStandalone target not found
Native extension for WebGL target not found
Refreshing native plugins compatible for Editor in 2.40 ms, found 7 plugins.
Mono: successfully reloaded assembly
[Package Manager] Failed to launch server process. Reason: Unity was launched with the -noUpm command-line argument
[Package Manager] Unable to send message (not connected to server process).
[Package Manager] Cannot connect to Unity Package Manager local server
- Finished resetting the current domain, in  0.628 seconds
Domain Reload Profiling: 1301ms
	BeginReloadAssembly (268ms)
		ExecutionOrderSort (0ms)
		DisableScriptedObjects (30ms)
		BackupInstance (0ms)
		ReleaseScriptingObjects (0ms)
		CreateAndSetChildDomain (95ms)
	RebuildCommonClasses (24ms)
	RebuildNativeTypeToScriptingClass (9ms)
	initialDomainReloadingComplete (17ms)
	LoadAllAssembliesAndSetupDomain (355ms)
		LoadAssemblies (336ms)
		RebuildTransferFunctionScriptingTraits (0ms)
		AnalyzeDomain (123ms)
			TypeCache.Refresh (13ms)
				TypeCache.ScanAssembly (1ms)
			BuildScriptInfoCaches (105ms)
			ResolveRequiredComponents (4ms)
	FinalizeReload (628ms)
		ReleaseScriptCaches (0ms)
		RebuildScriptCaches (0ms)
		SetupLoadedEditorAssemblies (510ms)
			LogAssemblyErrors (0ms)
			InitializePlatformSupportModulesInManaged (32ms)
			SetLoadedEditorAssemblies (5ms)
			BeforeProcessingInitializeOnLoad (61ms)
			ProcessInitializeOnLoadAttributes (258ms)
			ProcessInitializeOnLoadMethodAttributes (153ms)
			AfterProcessingInitializeOnLoad (1ms)
			EditorAssembliesLoaded (0ms)
		ExecutionOrderSort2 (0ms)
		AwakeInstancesAfterBackupRestoration (4ms)
Refreshing native plugins compatible for Editor in 3.31 ms, found 7 plugins.
Preloading 0 native plugins for Editor in 0.00 ms.
Unloading 0 Unused Serialized files (Serialized files now loaded: 0)
Unloading 5660 unused Assets / (1.9 MB). Loaded Objects now: 6184.
Memory consumption went from 150.3 MB to 148.4 MB.
Total: 13.434458 ms (FindLiveObjects: 0.280333 ms CreateObjectMapping: 0.152167 ms MarkObjects: 11.486875 ms  DeleteObjects: 1.514625 ms)

Prepare: number of updated asset objects reloaded= 0
========================================================================
Received Prepare
Begin MonoManager ReloadAssembly
Thread 0x318887000 may have been prematurely finalized
Symbol file LoadedFromMemory is not a mono symbol file
- Loaded All Assemblies, in  0.485 seconds
Refreshing native plugins compatible for Editor in 2.25 ms, found 7 plugins.
Native extension for LinuxStandalone target not found
Native extension for AppleTV target not found
Native extension for iOS target not found
Native extension for Android target not found
Native extension for WindowsStandalone target not found
Native extension for VisionOS target not found
Native extension for OSXStandalone target not found
Native extension for WebGL target not found
Refreshing native plugins compatible for Editor in 2.62 ms, found 7 plugins.
Mono: successfully reloaded assembly
[Package Manager] Failed to launch server process. Reason: Unity was launched with the -noUpm command-line argument
[Package Manager] Unable to send message (not connected to server process).
[Package Manager] Cannot connect to Unity Package Manager local server
- Finished resetting the current domain, in  0.643 seconds
Domain Reload Profiling: 1129ms
	BeginReloadAssembly (133ms)
		ExecutionOrderSort (0ms)
		DisableScriptedObjects (9ms)
		BackupInstance (0ms)
		ReleaseScriptingObjects (0ms)
		CreateAndSetChildDomain (62ms)
	RebuildCommonClasses (23ms)
	RebuildNativeTypeToScriptingClass (8ms)
	initialDomainReloadingComplete (17ms)
	LoadAllAssembliesAndSetupDomain (305ms)
		LoadAssemblies (221ms)
		RebuildTransferFunctionScriptingTraits (0ms)
		AnalyzeDomain (113ms)
			TypeCache.Refresh (8ms)
				TypeCache.ScanAssembly (0ms)
			BuildScriptInfoCaches (99ms)
			ResolveRequiredComponents (3ms)
	FinalizeReload (643ms)
		ReleaseScriptCaches (0ms)
		RebuildScriptCaches (0ms)
		SetupLoadedEditorAssemblies (522ms)
			LogAssemblyErrors (0ms)
			InitializePlatformSupportModulesInManaged (32ms)
			SetLoadedEditorAssemblies (5ms)
			BeforeProcessingInitializeOnLoad (55ms)
			ProcessInitializeOnLoadAttributes (269ms)
			ProcessInitializeOnLoadMethodAttributes (160ms)
			AfterProcessingInitializeOnLoad (1ms)
			EditorAssembliesLoaded (0ms)
		ExecutionOrderSort2 (0ms)
		AwakeInstancesAfterBackupRestoration (3ms)
Refreshing native plugins compatible for Editor in 2.55 ms, found 7 plugins.
Preloading 0 native plugins for Editor in 0.00 ms.
Unloading 0 Unused Serialized files (Serialized files now loaded: 0)
Unloading 5660 unused Assets / (2.2 MB). Loaded Objects now: 6186.
Memory consumption went from 156.7 MB to 154.5 MB.
Total: 9.218875 ms (FindLiveObjects: 0.268708 ms CreateObjectMapping: 0.138583 ms MarkObjects: 7.438709 ms  DeleteObjects: 1.372625 ms)

Prepare: number of updated asset objects reloaded= 0
========================================================================
Received Prepare
Begin MonoManager ReloadAssembly
Thread 0x318aa3000 may have been prematurely finalized
Symbol file LoadedFromMemory is not a mono symbol file
- Loaded All Assemblies, in  0.559 seconds
Refreshing native plugins compatible for Editor in 2.35 ms, found 7 plugins.
Native extension for LinuxStandalone target not found
Native extension for AppleTV target not found
Native extension for iOS target not found
Native extension for Android target not found
Native extension for WindowsStandalone target not found
Native extension for VisionOS target not found
Native extension for OSXStandalone target not found
Native extension for WebGL target not found
Refreshing native plugins compatible for Editor in 3.06 ms, found 7 plugins.
Mono: successfully reloaded assembly
[Package Manager] Failed to launch server process. Reason: Unity was launched with the -noUpm command-line argument
[Package Manager] Unable to send message (not connected to server process).
[Package Manager] Cannot connect to Unity Package Manager local server
- Finished resetting the current domain, in  0.634 seconds
Domain Reload Profiling: 1195ms
	BeginReloadAssembly (142ms)
		ExecutionOrderSort (0ms)
		DisableScriptedObjects (10ms)
		BackupInstance (0ms)
		ReleaseScriptingObjects (0ms)
		CreateAndSetChildDomain (67ms)
	RebuildCommonClasses (23ms)
	RebuildNativeTypeToScriptingClass (9ms)
	initialDomainReloadingComplete (15ms)
	LoadAllAssembliesAndSetupDomain (371ms)
		LoadAssemblies (284ms)
		RebuildTransferFunctionScriptingTraits (0ms)
		AnalyzeDomain (116ms)
			TypeCache.Refresh (9ms)
				TypeCache.ScanAssembly (0ms)
			BuildScriptInfoCaches (101ms)
			ResolveRequiredComponents (4ms)
	FinalizeReload (634ms)
		ReleaseScriptCaches (0ms)
		RebuildScriptCaches (0ms)
		SetupLoadedEditorAssemblies (518ms)
			LogAssemblyErrors (0ms)
			InitializePlatformSupportModulesInManaged (34ms)
			SetLoadedEditorAssemblies (5ms)
			BeforeProcessingInitializeOnLoad (56ms)
			ProcessInitializeOnLoadAttributes (261ms)
			ProcessInitializeOnLoadMethodAttributes (162ms)
			AfterProcessingInitializeOnLoad (1ms)
			EditorAssembliesLoaded (0ms)
		ExecutionOrderSort2 (0ms)
		AwakeInstancesAfterBackupRestoration (3ms)
Refreshing native plugins compatible for Editor in 2.39 ms, found 7 plugins.
Preloading 0 native plugins for Editor in 0.00 ms.
Unloading 0 Unused Serialized files (Serialized files now loaded: 0)
Unloading 5660 unused Assets / (2.4 MB). Loaded Objects now: 6188.
Memory consumption went from 163.0 MB to 160.6 MB.
Total: 8.868583 ms (FindLiveObjects: 0.231333 ms CreateObjectMapping: 0.158708 ms MarkObjects: 7.275959 ms  DeleteObjects: 1.202250 ms)

Prepare: number of updated asset objects reloaded= 0
========================================================================
Received Prepare
Refreshing native plugins compatible for Editor in 12.02 ms, found 7 plugins.
Preloading 0 native plugins for Editor in 0.00 ms.
Unloading 0 Unused Serialized files (Serialized files now loaded: 0)
Unloading 5593 unused Assets / (0.9 MB). Loaded Objects now: 6191.
Memory consumption went from 150.7 MB to 149.8 MB.
Total: 32.671000 ms (FindLiveObjects: 0.335000 ms CreateObjectMapping: 0.111666 ms MarkObjects: 31.384625 ms  DeleteObjects: 0.838875 ms)

Prepare: number of updated asset objects reloaded= 0
========================================================================
Received Prepare
Begin MonoManager ReloadAssembly
Thread 0x318aa3000 may have been prematurely finalized
Symbol file LoadedFromMemory is not a mono symbol file
- Loaded All Assemblies, in  0.534 seconds
Refreshing native plugins compatible for Editor in 2.33 ms, found 7 plugins.
Assertion failed on expression: 'pred(*previous, *i)'
 #0 PlatformStacktrace::GetStacktrace(int)
 #1 DebugStringToFile(DebugStringToFileData const&)
 #2 AssertImplementation(int, char const*, int, int, char const*)
 #3 MonoScriptManager::CollectGarbageIn(vector_set<PPtr<MonoScript>, std::__1::less<PPtr<MonoScript>>, stl_allocator<PPtr<MonoScript>, (MemLabelIdentifier)86, 16>>&)
 #4 MonoScriptManager::CollectGarbage()
 #5 MonoManager::FinalizeReload()
 #6 ScriptingInitializer::FinalizeReload()
 #7 AssetImportWorkerClient::ReloadScriptingDomain()
 #8 invocation function for block in AssetImportWorkerClient::HandleMessage(PrepareMessage const&)::$_12::operator()() const
 #9 _dispatch_client_callout
 #10 _dispatch_async_and_wait_invoke
 #11 _dispatch_client_callout
 #12 _dispatch_main_queue_drain
 #13 _dispatch_main_queue_callback_4CF
 #14 __CFRUNLOOP_IS_SERVICING_THE_MAIN_DISPATCH_QUEUE__
 #15 __CFRunLoopRun
 #16 CFRunLoopRunSpecific
 #17 RunCurrentEventLoopInMode
 #18 ReceiveNextEventCommon
 #19 _BlockUntilNextEventMatchingListInModeWithFilter
 #20 _DPSNextEvent
 #21 -[NSApplication(NSEventRouting) _nextEventMatchingEventMask:untilDate:inMode:dequeue:]
 #22 -[NSApplication run]
 #23 NSApplicationMain
 #24 EditorMain(int, char const**)
 #25 main
 #26 start

Native extension for LinuxStandalone target not found
Native extension for AppleTV target not found
Native extension for iOS target not found
Native extension for Android target not found
Native extension for WindowsStandalone target not found
Native extension for VisionOS target not found
Native extension for OSXStandalone target not found
Native extension for WebGL target not found
Refreshing native plugins compatible for Editor in 2.26 ms, found 7 plugins.
Mono: successfully reloaded assembly
[Package Manager] Failed to launch server process. Reason: Unity was launched with the -noUpm command-line argument
[Package Manager] Unable to send message (not connected to server process).
[Package Manager] Cannot connect to Unity Package Manager local server
- Finished resetting the current domain, in  0.715 seconds
Domain Reload Profiling: 1251ms
	BeginReloadAssembly (142ms)
		ExecutionOrderSort (0ms)
		DisableScriptedObjects (11ms)
		BackupInstance (0ms)
		ReleaseScriptingObjects (1ms)
		CreateAndSetChildDomain (69ms)
	RebuildCommonClasses (22ms)
	RebuildNativeTypeToScriptingClass (9ms)
	initialDomainReloadingComplete (16ms)
	LoadAllAssembliesAndSetupDomain (347ms)
		LoadAssemblies (253ms)
		RebuildTransferFunctionScriptingTraits (0ms)
		AnalyzeDomain (125ms)
			TypeCache.Refresh (12ms)
				TypeCache.ScanAssembly (0ms)
			BuildScriptInfoCaches (107ms)
			ResolveRequiredComponents (4ms)
	FinalizeReload (715ms)
		ReleaseScriptCaches (0ms)
		RebuildScriptCaches (0ms)
		SetupLoadedEditorAssemblies (586ms)
			LogAssemblyErrors (0ms)
			InitializePlatformSupportModulesInManaged (35ms)
			SetLoadedEditorAssemblies (5ms)
			BeforeProcessingInitializeOnLoad (75ms)
			ProcessInitializeOnLoadAttributes (312ms)
			ProcessInitializeOnLoadMethodAttributes (157ms)
			AfterProcessingInitializeOnLoad (0ms)
			EditorAssembliesLoaded (0ms)
		ExecutionOrderSort2 (0ms)
		AwakeInstancesAfterBackupRestoration (3ms)
Refreshing native plugins compatible for Editor in 2.42 ms, found 7 plugins.
Preloading 0 native plugins for Editor in 0.00 ms.
Unloading 0 Unused Serialized files (Serialized files now loaded: 0)
Unloading 5663 unused Assets / (2.3 MB). Loaded Objects now: 6193.
Memory consumption went from 169.3 MB to 166.9 MB.
Total: 9.543292 ms (FindLiveObjects: 0.453459 ms CreateObjectMapping: 0.137833 ms MarkObjects: 7.673333 ms  DeleteObjects: 1.277083 ms)

Prepare: number of updated asset objects reloaded= 0
========================================================================
Received Prepare
Begin MonoManager ReloadAssembly
Thread 0x318887000 may have been prematurely finalized
Symbol file LoadedFromMemory is not a mono symbol file
- Loaded All Assemblies, in  0.766 seconds
Refreshing native plugins compatible for Editor in 3.07 ms, found 7 plugins.
Assertion failed on expression: 'pred(*previous, *i)'
 #0 PlatformStacktrace::GetStacktrace(int)
 #1 DebugStringToFile(DebugStringToFileData const&)
 #2 AssertImplementation(int, char const*, int, int, char const*)
 #3 MonoScriptManager::CollectGarbageIn(vector_set<PPtr<MonoScript>, std::__1::less<PPtr<MonoScript>>, stl_allocator<PPtr<MonoScript>, (MemLabelIdentifier)86, 16>>&)
 #4 MonoScriptManager::CollectGarbage()
 #5 MonoManager::FinalizeReload()
 #6 ScriptingInitializer::FinalizeReload()
 #7 AssetImportWorkerClient::ReloadScriptingDomain()
 #8 invocation function for block in AssetImportWorkerClient::HandleMessage(PrepareMessage const&)::$_12::operator()() const
 #9 _dispatch_client_callout
 #10 _dispatch_async_and_wait_invoke
 #11 _dispatch_client_callout
 #12 _dispatch_main_queue_drain
 #13 _dispatch_main_queue_callback_4CF
 #14 __CFRUNLOOP_IS_SERVICING_THE_MAIN_DISPATCH_QUEUE__
 #15 __CFRunLoopRun
 #16 CFRunLoopRunSpecific
 #17 RunCurrentEventLoopInMode
 #18 ReceiveNextEventCommon
 #19 _BlockUntilNextEventMatchingListInModeWithFilter
 #20 _DPSNextEvent
 #21 -[NSApplication(NSEventRouting) _nextEventMatchingEventMask:untilDate:inMode:dequeue:]
 #22 -[NSApplication run]
 #23 NSApplicationMain
 #24 EditorMain(int, char const**)
 #25 main
 #26 start

Assertion failed on expression: 'pred(*previous, *i)'
 #0 PlatformStacktrace::GetStacktrace(int)
 #1 DebugStringToFile(DebugStringToFileData const&)
 #2 AssertImplementation(int, char const*, int, int, char const*)
 #3 MonoScriptManager::CollectGarbageIn(vector_set<PPtr<MonoScript>, std::__1::less<PPtr<MonoScript>>, stl_allocator<PPtr<MonoScript>, (MemLabelIdentifier)86, 16>>&)
 #4 MonoScriptManager::CollectGarbage()
 #5 MonoManager::FinalizeReload()
 #6 ScriptingInitializer::FinalizeReload()
 #7 AssetImportWorkerClient::ReloadScriptingDomain()
 #8 invocation function for block in AssetImportWorkerClient::HandleMessage(PrepareMessage const&)::$_12::operator()() const
 #9 _dispatch_client_callout
 #10 _dispatch_async_and_wait_invoke
 #11 _dispatch_client_callout
 #12 _dispatch_main_queue_drain
 #13 _dispatch_main_queue_callback_4CF
 #14 __CFRUNLOOP_IS_SERVICING_THE_MAIN_DISPATCH_QUEUE__
 #15 __CFRunLoopRun
 #16 CFRunLoopRunSpecific
 #17 RunCurrentEventLoopInMode
 #18 ReceiveNextEventCommon
 #19 _BlockUntilNextEventMatchingListInModeWithFilter
 #20 _DPSNextEvent
 #21 -[NSApplication(NSEventRouting) _nextEventMatchingEventMask:untilDate:inMode:dequeue:]
 #22 -[NSApplication run]
 #23 NSApplicationMain
 #24 EditorMain(int, char const**)
 #25 main
 #26 start

Assertion failed on expression: 'pred(*previous, *i)'
 #0 PlatformStacktrace::GetStacktrace(int)
 #1 DebugStringToFile(DebugStringToFileData const&)
 #2 AssertImplementation(int, char const*, int, int, char const*)
 #3 MonoScriptManager::CollectGarbageIn(vector_set<PPtr<MonoScript>, std::__1::less<PPtr<MonoScript>>, stl_allocator<PPtr<MonoScript>, (MemLabelIdentifier)86, 16>>&)
 #4 MonoScriptManager::CollectGarbage()
 #5 MonoManager::FinalizeReload()
 #6 ScriptingInitializer::FinalizeReload()
 #7 AssetImportWorkerClient::ReloadScriptingDomain()
 #8 invocation function for block in AssetImportWorkerClient::HandleMessage(PrepareMessage const&)::$_12::operator()() const
 #9 _dispatch_client_callout
 #10 _dispatch_async_and_wait_invoke
 #11 _dispatch_client_callout
 #12 _dispatch_main_queue_drain
 #13 _dispatch_main_queue_callback_4CF
 #14 __CFRUNLOOP_IS_SERVICING_THE_MAIN_DISPATCH_QUEUE__
 #15 __CFRunLoopRun
 #16 CFRunLoopRunSpecific
 #17 RunCurrentEventLoopInMode
 #18 ReceiveNextEventCommon
 #19 _BlockUntilNextEventMatchingListInModeWithFilter
 #20 _DPSNextEvent
 #21 -[NSApplication(NSEventRouting) _nextEventMatchingEventMask:untilDate:inMode:dequeue:]
 #22 -[NSApplication run]
 #23 NSApplicationMain
 #24 EditorMain(int, char const**)
 #25 main
 #26 start

Native extension for LinuxStandalone target not found
Native extension for AppleTV target not found
Native extension for iOS target not found
Native extension for Android target not found
Native extension for WindowsStandalone target not found
Native extension for VisionOS target not found
Native extension for OSXStandalone target not found
Native extension for WebGL target not found
Refreshing native plugins compatible for Editor in 3.70 ms, found 7 plugins.
Mono: successfully reloaded assembly
[Package Manager] Failed to launch server process. Reason: Unity was launched with the -noUpm command-line argument
[Package Manager] Unable to send message (not connected to server process).
[Package Manager] Cannot connect to Unity Package Manager local server
- Finished resetting the current domain, in  0.894 seconds
Domain Reload Profiling: 1662ms
	BeginReloadAssembly (254ms)
		ExecutionOrderSort (0ms)
		DisableScriptedObjects (50ms)
		BackupInstance (0ms)
		ReleaseScriptingObjects (0ms)
		CreateAndSetChildDomain (101ms)
	RebuildCommonClasses (32ms)
	RebuildNativeTypeToScriptingClass (12ms)
	initialDomainReloadingComplete (23ms)
	LoadAllAssembliesAndSetupDomain (446ms)
		LoadAssemblies (323ms)
		RebuildTransferFunctionScriptingTraits (0ms)
		AnalyzeDomain (165ms)
			TypeCache.Refresh (12ms)
				TypeCache.ScanAssembly (0ms)
			BuildScriptInfoCaches (145ms)
			ResolveRequiredComponents (5ms)
	FinalizeReload (895ms)
		ReleaseScriptCaches (0ms)
		RebuildScriptCaches (0ms)
		SetupLoadedEditorAssemblies (729ms)
			LogAssemblyErrors (0ms)
			InitializePlatformSupportModulesInManaged (46ms)
			SetLoadedEditorAssemblies (8ms)
			BeforeProcessingInitializeOnLoad (80ms)
			ProcessInitializeOnLoadAttributes (374ms)
			ProcessInitializeOnLoadMethodAttributes (220ms)
			AfterProcessingInitializeOnLoad (1ms)
			EditorAssembliesLoaded (0ms)
		ExecutionOrderSort2 (0ms)
		AwakeInstancesAfterBackupRestoration (5ms)
Refreshing native plugins compatible for Editor in 3.01 ms, found 7 plugins.
Preloading 0 native plugins for Editor in 0.00 ms.
Unloading 0 Unused Serialized files (Serialized files now loaded: 0)
Unloading 5664 unused Assets / (2.5 MB). Loaded Objects now: 6196.
Memory consumption went from 175.8 MB to 173.3 MB.
Total: 12.529250 ms (FindLiveObjects: 0.283917 ms CreateObjectMapping: 0.180583 ms MarkObjects: 10.370166 ms  DeleteObjects: 1.692917 ms)

Prepare: number of updated asset objects reloaded= 0
========================================================================
Received Prepare
Refreshing native plugins compatible for Editor in 17.21 ms, found 7 plugins.
Preloading 0 native plugins for Editor in 0.00 ms.
Unloading 0 Unused Serialized files (Serialized files now loaded: 0)
Unloading 5588 unused Assets / (0.6 MB). Loaded Objects now: 6190.
Memory consumption went from 163.4 MB to 162.8 MB.
Total: 29.350916 ms (FindLiveObjects: 0.611250 ms CreateObjectMapping: 0.171125 ms MarkObjects: 27.429666 ms  DeleteObjects: 1.136083 ms)

Prepare: number of updated asset objects reloaded= 0
========================================================================
Received Prepare
Refreshing native plugins compatible for Editor in 12.34 ms, found 7 plugins.
Preloading 0 native plugins for Editor in 0.00 ms.
Unloading 0 Unused Serialized files (Serialized files now loaded: 0)
Unloading 5597 unused Assets / (0.9 MB). Loaded Objects now: 6199.
Memory consumption went from 163.2 MB to 162.3 MB.
Total: 37.404875 ms (FindLiveObjects: 0.445875 ms CreateObjectMapping: 0.208375 ms MarkObjects: 35.665959 ms  DeleteObjects: 1.083917 ms)

Prepare: number of updated asset objects reloaded= 0
========================================================================
Received Prepare
Refreshing native plugins compatible for Editor in 3.56 ms, found 7 plugins.
Preloading 0 native plugins for Editor in 0.00 ms.
Unloading 0 Unused Serialized files (Serialized files now loaded: 0)
Unloading 5597 unused Assets / (0.6 MB). Loaded Objects now: 6199.
Memory consumption went from 163.0 MB to 162.4 MB.
Total: 25.257042 ms (FindLiveObjects: 0.500208 ms CreateObjectMapping: 0.150958 ms MarkObjects: 23.540458 ms  DeleteObjects: 1.065000 ms)

Prepare: number of updated asset objects reloaded= 0
========================================================================
Received Prepare
Refreshing native plugins compatible for Editor in 3.59 ms, found 7 plugins.
Preloading 0 native plugins for Editor in 0.00 ms.
Unloading 0 Unused Serialized files (Serialized files now loaded: 0)
Unloading 5597 unused Assets / (0.6 MB). Loaded Objects now: 6199.
Memory consumption went from 162.8 MB to 162.2 MB.
Total: 27.687625 ms (FindLiveObjects: 0.492916 ms CreateObjectMapping: 0.170500 ms MarkObjects: 25.653584 ms  DeleteObjects: 1.368834 ms)

Prepare: number of updated asset objects reloaded= 0
========================================================================
Received Prepare
Refreshing native plugins compatible for Editor in 3.50 ms, found 7 plugins.
Preloading 0 native plugins for Editor in 0.00 ms.
Unloading 0 Unused Serialized files (Serialized files now loaded: 0)
Unloading 5597 unused Assets / (0.5 MB). Loaded Objects now: 6199.
Memory consumption went from 162.4 MB to 161.9 MB.
Total: 38.291708 ms (FindLiveObjects: 0.617541 ms CreateObjectMapping: 0.144459 ms MarkObjects: 36.539208 ms  DeleteObjects: 0.988250 ms)

Prepare: number of updated asset objects reloaded= 0
========================================================================
Received Prepare
Refreshing native plugins compatible for Editor in 3.55 ms, found 7 plugins.
Preloading 0 native plugins for Editor in 0.00 ms.
Unloading 0 Unused Serialized files (Serialized files now loaded: 0)
Unloading 5597 unused Assets / (1.3 MB). Loaded Objects now: 6199.
Memory consumption went from 162.2 MB to 160.9 MB.
Total: 29.247417 ms (FindLiveObjects: 0.466333 ms CreateObjectMapping: 0.152667 ms MarkObjects: 27.587875 ms  DeleteObjects: 1.039708 ms)

Prepare: number of updated asset objects reloaded= 0
========================================================================
Received Prepare
Refreshing native plugins compatible for Editor in 3.84 ms, found 7 plugins.
Preloading 0 native plugins for Editor in 0.00 ms.
Unloading 0 Unused Serialized files (Serialized files now loaded: 0)
Unloading 5598 unused Assets / (1.5 MB). Loaded Objects now: 6200.
Memory consumption went from 162.0 MB to 160.5 MB.
Total: 11.618958 ms (FindLiveObjects: 0.311500 ms CreateObjectMapping: 0.138709 ms MarkObjects: 10.182417 ms  DeleteObjects: 0.985834 ms)

Prepare: number of updated asset objects reloaded= 0
========================================================================
Received Prepare
Refreshing native plugins compatible for Editor in 12.38 ms, found 7 plugins.
Preloading 0 native plugins for Editor in 0.00 ms.
Unloading 0 Unused Serialized files (Serialized files now loaded: 0)
Unloading 5598 unused Assets / (0.6 MB). Loaded Objects now: 6200.
Memory consumption went from 161.8 MB to 161.2 MB.
Total: 52.075292 ms (FindLiveObjects: 0.476000 ms CreateObjectMapping: 0.158250 ms MarkObjects: 50.045334 ms  DeleteObjects: 1.394125 ms)

Prepare: number of updated asset objects reloaded= 0
========================================================================
Received Prepare
Refreshing native plugins compatible for Editor in 12.81 ms, found 7 plugins.
Preloading 0 native plugins for Editor in 0.00 ms.
Unloading 0 Unused Serialized files (Serialized files now loaded: 0)
Unloading 5599 unused Assets / (1.4 MB). Loaded Objects now: 6201.
Memory consumption went from 161.6 MB to 160.2 MB.
Total: 29.893708 ms (FindLiveObjects: 0.436625 ms CreateObjectMapping: 0.154417 ms MarkObjects: 28.346625 ms  DeleteObjects: 0.955625 ms)

Prepare: number of updated asset objects reloaded= 0
========================================================================
Received Prepare
Refreshing native plugins compatible for Editor in 3.48 ms, found 7 plugins.
Preloading 0 native plugins for Editor in 0.00 ms.
Unloading 0 Unused Serialized files (Serialized files now loaded: 0)
Unloading 5599 unused Assets / (1.3 MB). Loaded Objects now: 6201.
Memory consumption went from 161.4 MB to 160.1 MB.
Total: 39.879541 ms (FindLiveObjects: 0.461125 ms CreateObjectMapping: 0.145709 ms MarkObjects: 38.192166 ms  DeleteObjects: 1.079792 ms)

Prepare: number of updated asset objects reloaded= 0
========================================================================
Received Import Request.
  Time since last request: 48547.423964 seconds.
  path: Assets/Scripts/Firebase/FirebaseImageLoader.cs
  artifactKey: Guid(0cce75d18cc4a46979f9448eb4395ecf) Importer(815301076,1909f56bfc062723c751e8b465ee728b)
Start importing Assets/Scripts/Firebase/FirebaseImageLoader.cs using Guid(0cce75d18cc4a46979f9448eb4395ecf) Importer(815301076,1909f56bfc062723c751e8b465ee728b) (PreviewImporter)[PhysX] Initialized MultithreadedTaskDispatcher with 6 workers.
 -> (artifact id: '7fabacb856d3e148f1d666d51943565d') in 0.014883625 seconds
Number of updated asset objects reloaded before import = 0Number of asset objects unloaded after import = 0

========================================================================
Received Prepare
Refreshing native plugins compatible for Editor in 13.82 ms, found 7 plugins.
Preloading 0 native plugins for Editor in 0.00 ms.
Unloading 0 Unused Serialized files (Serialized files now loaded: 0)
Unloading 5598 unused Assets / (0.8 MB). Loaded Objects now: 6202.
Memory consumption went from 161.8 MB to 161.0 MB.
Total: 34.450625 ms (FindLiveObjects: 0.500792 ms CreateObjectMapping: 0.162583 ms MarkObjects: 32.542958 ms  DeleteObjects: 1.243500 ms)

Prepare: number of updated asset objects reloaded= 0
[usbmuxd] Attached: 2 00008110-001250421A8A401E
[usbmuxd] Attached: 2 00008110-001250421A8A401E
========================================================================
Received Prepare
Refreshing native plugins compatible for Editor in 13.59 ms, found 7 plugins.
Preloading 0 native plugins for Editor in 0.00 ms.
Unloading 0 Unused Serialized files (Serialized files now loaded: 0)
Unloading 5598 unused Assets / (0.6 MB). Loaded Objects now: 6202.
Memory consumption went from 161.6 MB to 161.0 MB.
Total: 27.931916 ms (FindLiveObjects: 0.983542 ms CreateObjectMapping: 0.176709 ms MarkObjects: 25.535958 ms  DeleteObjects: 1.235000 ms)

Prepare: number of updated asset objects reloaded= 0
========================================================================
Received Prepare
Refreshing native plugins compatible for Editor in 13.18 ms, found 7 plugins.
Preloading 0 native plugins for Editor in 0.00 ms.
Unloading 0 Unused Serialized files (Serialized files now loaded: 0)
Unloading 5598 unused Assets / (0.7 MB). Loaded Objects now: 6202.
Memory consumption went from 161.4 MB to 160.7 MB.
Total: 36.800625 ms (FindLiveObjects: 0.770125 ms CreateObjectMapping: 0.244917 ms MarkObjects: 33.421541 ms  DeleteObjects: 2.218750 ms)

Prepare: number of updated asset objects reloaded= 0
========================================================================
Received Prepare
Begin MonoManager ReloadAssembly
Thread 0x318887000 may have been prematurely finalized
Symbol file LoadedFromMemory is not a mono symbol file
- Loaded All Assemblies, in  1.056 seconds
Refreshing native plugins compatible for Editor in 3.15 ms, found 7 plugins.
Assertion failed on expression: 'pred(*previous, *i)'
 #0 PlatformStacktrace::GetStacktrace(int)
 #1 DebugStringToFile(DebugStringToFileData const&)
 #2 AssertImplementation(int, char const*, int, int, char const*)
 #3 MonoScriptManager::CollectGarbageIn(vector_set<PPtr<MonoScript>, std::__1::less<PPtr<MonoScript>>, stl_allocator<PPtr<MonoScript>, (MemLabelIdentifier)86, 16>>&)
 #4 MonoScriptManager::CollectGarbage()
 #5 MonoManager::FinalizeReload()
 #6 ScriptingInitializer::FinalizeReload()
 #7 AssetImportWorkerClient::ReloadScriptingDomain()
 #8 invocation function for block in AssetImportWorkerClient::HandleMessage(PrepareMessage const&)::$_12::operator()() const
 #9 _dispatch_client_callout
 #10 _dispatch_async_and_wait_invoke
 #11 _dispatch_client_callout
 #12 _dispatch_main_queue_drain
 #13 _dispatch_main_queue_callback_4CF
 #14 __CFRUNLOOP_IS_SERVICING_THE_MAIN_DISPATCH_QUEUE__
 #15 __CFRunLoopRun
 #16 CFRunLoopRunSpecific
 #17 RunCurrentEventLoopInMode
 #18 ReceiveNextEventCommon
 #19 _BlockUntilNextEventMatchingListInModeWithFilter
 #20 _DPSNextEvent
 #21 -[NSApplication(NSEventRouting) _nextEventMatchingEventMask:untilDate:inMode:dequeue:]
 #22 -[NSApplication run]
 #23 NSApplicationMain
 #24 EditorMain(int, char const**)
 #25 main
 #26 start

Assertion failed on expression: 'pred(*previous, *i)'
 #0 PlatformStacktrace::GetStacktrace(int)
 #1 DebugStringToFile(DebugStringToFileData const&)
 #2 AssertImplementation(int, char const*, int, int, char const*)
 #3 MonoScriptManager::CollectGarbageIn(vector_set<PPtr<MonoScript>, std::__1::less<PPtr<MonoScript>>, stl_allocator<PPtr<MonoScript>, (MemLabelIdentifier)86, 16>>&)
 #4 MonoScriptManager::CollectGarbage()
 #5 MonoManager::FinalizeReload()
 #6 ScriptingInitializer::FinalizeReload()
 #7 AssetImportWorkerClient::ReloadScriptingDomain()
 #8 invocation function for block in AssetImportWorkerClient::HandleMessage(PrepareMessage const&)::$_12::operator()() const
 #9 _dispatch_client_callout
 #10 _dispatch_async_and_wait_invoke
 #11 _dispatch_client_callout
 #12 _dispatch_main_queue_drain
 #13 _dispatch_main_queue_callback_4CF
 #14 __CFRUNLOOP_IS_SERVICING_THE_MAIN_DISPATCH_QUEUE__
 #15 __CFRunLoopRun
 #16 CFRunLoopRunSpecific
 #17 RunCurrentEventLoopInMode
 #18 ReceiveNextEventCommon
 #19 _BlockUntilNextEventMatchingListInModeWithFilter
 #20 _DPSNextEvent
 #21 -[NSApplication(NSEventRouting) _nextEventMatchingEventMask:untilDate:inMode:dequeue:]
 #22 -[NSApplication run]
 #23 NSApplicationMain
 #24 EditorMain(int, char const**)
 #25 main
 #26 start

Native extension for LinuxStandalone target not found
Native extension for AppleTV target not found
Native extension for iOS target not found
Native extension for Android target not found
Native extension for WindowsStandalone target not found
Native extension for VisionOS target not found
Native extension for OSXStandalone target not found
Native extension for WebGL target not found
Refreshing native plugins compatible for Editor in 3.30 ms, found 7 plugins.
Mono: successfully reloaded assembly
[Package Manager] Failed to launch server process. Reason: Unity was launched with the -noUpm command-line argument
[Package Manager] Unable to send message (not connected to server process).
[Package Manager] Cannot connect to Unity Package Manager local server
- Finished resetting the current domain, in  0.952 seconds
Domain Reload Profiling: 2011ms
	BeginReloadAssembly (468ms)
		ExecutionOrderSort (0ms)
		DisableScriptedObjects (44ms)
		BackupInstance (0ms)
		ReleaseScriptingObjects (0ms)
		CreateAndSetChildDomain (178ms)
	RebuildCommonClasses (31ms)
	RebuildNativeTypeToScriptingClass (12ms)
	initialDomainReloadingComplete (26ms)
	LoadAllAssembliesAndSetupDomain (521ms)
		LoadAssemblies (523ms)
		RebuildTransferFunctionScriptingTraits (0ms)
		AnalyzeDomain (188ms)
			TypeCache.Refresh (26ms)
				TypeCache.ScanAssembly (1ms)
			BuildScriptInfoCaches (150ms)
			ResolveRequiredComponents (5ms)
	FinalizeReload (953ms)
		ReleaseScriptCaches (0ms)
		RebuildScriptCaches (0ms)
		SetupLoadedEditorAssemblies (773ms)
			LogAssemblyErrors (0ms)
			InitializePlatformSupportModulesInManaged (102ms)
			SetLoadedEditorAssemblies (6ms)
			BeforeProcessingInitializeOnLoad (85ms)
			ProcessInitializeOnLoadAttributes (368ms)
			ProcessInitializeOnLoadMethodAttributes (211ms)
			AfterProcessingInitializeOnLoad (1ms)
			EditorAssembliesLoaded (0ms)
		ExecutionOrderSort2 (0ms)
		AwakeInstancesAfterBackupRestoration (5ms)
Refreshing native plugins compatible for Editor in 3.16 ms, found 7 plugins.
Preloading 0 native plugins for Editor in 0.00 ms.
Unloading 0 Unused Serialized files (Serialized files now loaded: 0)
Unloading 5668 unused Assets / (2.4 MB). Loaded Objects now: 6204.
Memory consumption went from 179.9 MB to 177.5 MB.
Total: 12.003917 ms (FindLiveObjects: 0.291000 ms CreateObjectMapping: 0.195250 ms MarkObjects: 9.947417 ms  DeleteObjects: 1.569208 ms)

Prepare: number of updated asset objects reloaded= 0
[usbmuxd] Detached: 2 00008110-001250421A8A401E
[usbmuxd] Detached: 2 00008110-001250421A8A401E
========================================================================
Received Prepare
Refreshing native plugins compatible for Editor in 3.60 ms, found 7 plugins.
Preloading 0 native plugins for Editor in 0.00 ms.
Unloading 0 Unused Serialized files (Serialized files now loaded: 0)
Unloading 5598 unused Assets / (1.3 MB). Loaded Objects now: 6204.
Memory consumption went from 167.7 MB to 166.4 MB.
Total: 43.519292 ms (FindLiveObjects: 0.691375 ms CreateObjectMapping: 0.151375 ms MarkObjects: 40.987542 ms  DeleteObjects: 1.688125 ms)

Prepare: number of updated asset objects reloaded= 0
========================================================================
Received Prepare
Refreshing native plugins compatible for Editor in 4.32 ms, found 7 plugins.
Preloading 0 native plugins for Editor in 0.00 ms.
Unloading 0 Unused Serialized files (Serialized files now loaded: 0)
Unloading 5598 unused Assets / (1.6 MB). Loaded Objects now: 6204.
Memory consumption went from 167.5 MB to 165.9 MB.
Total: 33.449250 ms (FindLiveObjects: 0.401791 ms CreateObjectMapping: 0.145250 ms MarkObjects: 30.636917 ms  DeleteObjects: 2.264750 ms)

Prepare: number of updated asset objects reloaded= 0
========================================================================
Received Prepare
Refreshing native plugins compatible for Editor in 3.56 ms, found 7 plugins.
Preloading 0 native plugins for Editor in 0.00 ms.
Unloading 0 Unused Serialized files (Serialized files now loaded: 0)
Unloading 5598 unused Assets / (0.8 MB). Loaded Objects now: 6204.
Memory consumption went from 167.3 MB to 166.5 MB.
Total: 28.776833 ms (FindLiveObjects: 0.511917 ms CreateObjectMapping: 0.164625 ms MarkObjects: 26.680542 ms  DeleteObjects: 1.418667 ms)

Prepare: number of updated asset objects reloaded= 0
========================================================================
Received Prepare
Refreshing native plugins compatible for Editor in 5.36 ms, found 7 plugins.
Preloading 0 native plugins for Editor in 0.00 ms.
Unloading 0 Unused Serialized files (Serialized files now loaded: 0)
Unloading 5598 unused Assets / (1.0 MB). Loaded Objects now: 6204.
Memory consumption went from 167.2 MB to 166.1 MB.
Total: 34.528708 ms (FindLiveObjects: 0.573000 ms CreateObjectMapping: 0.244750 ms MarkObjects: 31.646500 ms  DeleteObjects: 2.061917 ms)

Prepare: number of updated asset objects reloaded= 0
========================================================================
Received Prepare
Begin MonoManager ReloadAssembly
Thread 0x318887000 may have been prematurely finalized
Symbol file LoadedFromMemory is not a mono symbol file
- Loaded All Assemblies, in  0.912 seconds
Refreshing native plugins compatible for Editor in 3.68 ms, found 6 plugins.
Assertion failed on expression: 'pred(*previous, *i)'
 #0 PlatformStacktrace::GetStacktrace(int)
 #1 DebugStringToFile(DebugStringToFileData const&)
 #2 AssertImplementation(int, char const*, int, int, char const*)
 #3 MonoScriptManager::CollectGarbageIn(vector_set<PPtr<MonoScript>, std::__1::less<PPtr<MonoScript>>, stl_allocator<PPtr<MonoScript>, (MemLabelIdentifier)86, 16>>&)
 #4 MonoScriptManager::CollectGarbage()
 #5 MonoManager::FinalizeReload()
 #6 ScriptingInitializer::FinalizeReload()
 #7 AssetImportWorkerClient::ReloadScriptingDomain()
 #8 invocation function for block in AssetImportWorkerClient::HandleMessage(PrepareMessage const&)::$_12::operator()() const
 #9 _dispatch_client_callout
 #10 _dispatch_async_and_wait_invoke
 #11 _dispatch_client_callout
 #12 _dispatch_main_queue_drain
 #13 _dispatch_main_queue_callback_4CF
 #14 __CFRUNLOOP_IS_SERVICING_THE_MAIN_DISPATCH_QUEUE__
 #15 __CFRunLoopRun
 #16 CFRunLoopRunSpecific
 #17 RunCurrentEventLoopInMode
 #18 ReceiveNextEventCommon
 #19 _BlockUntilNextEventMatchingListInModeWithFilter
 #20 _DPSNextEvent
 #21 -[NSApplication(NSEventRouting) _nextEventMatchingEventMask:untilDate:inMode:dequeue:]
 #22 -[NSApplication run]
 #23 NSApplicationMain
 #24 EditorMain(int, char const**)
 #25 main
 #26 start

Assertion failed on expression: 'pred(*previous, *i)'
 #0 PlatformStacktrace::GetStacktrace(int)
 #1 DebugStringToFile(DebugStringToFileData const&)
 #2 AssertImplementation(int, char const*, int, int, char const*)
 #3 MonoScriptManager::CollectGarbageIn(vector_set<PPtr<MonoScript>, std::__1::less<PPtr<MonoScript>>, stl_allocator<PPtr<MonoScript>, (MemLabelIdentifier)86, 16>>&)
 #4 MonoScriptManager::CollectGarbage()
 #5 MonoManager::FinalizeReload()
 #6 ScriptingInitializer::FinalizeReload()
 #7 AssetImportWorkerClient::ReloadScriptingDomain()
 #8 invocation function for block in AssetImportWorkerClient::HandleMessage(PrepareMessage const&)::$_12::operator()() const
 #9 _dispatch_client_callout
 #10 _dispatch_async_and_wait_invoke
 #11 _dispatch_client_callout
 #12 _dispatch_main_queue_drain
 #13 _dispatch_main_queue_callback_4CF
 #14 __CFRUNLOOP_IS_SERVICING_THE_MAIN_DISPATCH_QUEUE__
 #15 __CFRunLoopRun
 #16 CFRunLoopRunSpecific
 #17 RunCurrentEventLoopInMode
 #18 ReceiveNextEventCommon
 #19 _BlockUntilNextEventMatchingListInModeWithFilter
 #20 _DPSNextEvent
 #21 -[NSApplication(NSEventRouting) _nextEventMatchingEventMask:untilDate:inMode:dequeue:]
 #22 -[NSApplication run]
 #23 NSApplicationMain
 #24 EditorMain(int, char const**)
 #25 main
 #26 start

Native extension for LinuxStandalone target not found
Native extension for AppleTV target not found
Native extension for iOS target not found
Native extension for Android target not found
Native extension for WindowsStandalone target not found
Native extension for VisionOS target not found
Native extension for OSXStandalone target not found
Native extension for WebGL target not found
Refreshing native plugins compatible for Editor in 3.43 ms, found 6 plugins.
Mono: successfully reloaded assembly
[Package Manager] Failed to launch server process. Reason: Unity was launched with the -noUpm command-line argument
[Package Manager] Unable to send message (not connected to server process).
[Package Manager] Cannot connect to Unity Package Manager local server
- Finished resetting the current domain, in  0.948 seconds
Domain Reload Profiling: 1863ms
	BeginReloadAssembly (272ms)
		ExecutionOrderSort (0ms)
		DisableScriptedObjects (26ms)
		BackupInstance (0ms)
		ReleaseScriptingObjects (0ms)
		CreateAndSetChildDomain (110ms)
	RebuildCommonClasses (35ms)
	RebuildNativeTypeToScriptingClass (12ms)
	initialDomainReloadingComplete (25ms)
	LoadAllAssembliesAndSetupDomain (571ms)
		LoadAssemblies (486ms)
		RebuildTransferFunctionScriptingTraits (0ms)
		AnalyzeDomain (178ms)
			TypeCache.Refresh (17ms)
				TypeCache.ScanAssembly (1ms)
			BuildScriptInfoCaches (149ms)
			ResolveRequiredComponents (5ms)
	FinalizeReload (948ms)
		ReleaseScriptCaches (0ms)
		RebuildScriptCaches (0ms)
		SetupLoadedEditorAssemblies (778ms)
			LogAssemblyErrors (0ms)
			InitializePlatformSupportModulesInManaged (93ms)
			SetLoadedEditorAssemblies (7ms)
			BeforeProcessingInitializeOnLoad (82ms)
			ProcessInitializeOnLoadAttributes (372ms)
			ProcessInitializeOnLoadMethodAttributes (223ms)
			AfterProcessingInitializeOnLoad (1ms)
			EditorAssembliesLoaded (0ms)
		ExecutionOrderSort2 (0ms)
		AwakeInstancesAfterBackupRestoration (5ms)
Refreshing native plugins compatible for Editor in 3.84 ms, found 6 plugins.
Preloading 0 native plugins for Editor in 0.00 ms.
Unloading 0 Unused Serialized files (Serialized files now loaded: 0)
Unloading 5667 unused Assets / (2.5 MB). Loaded Objects now: 6206.
Memory consumption went from 185.8 MB to 183.3 MB.
Total: 13.488292 ms (FindLiveObjects: 0.407583 ms CreateObjectMapping: 0.214458 ms MarkObjects: 10.748000 ms  DeleteObjects: 2.117584 ms)

Prepare: number of updated asset objects reloaded= 0
========================================================================
Received Prepare
Begin MonoManager ReloadAssembly
Thread 0x318887000 may have been prematurely finalized
Symbol file LoadedFromMemory is not a mono symbol file
- Loaded All Assemblies, in  0.743 seconds
Refreshing native plugins compatible for Editor in 3.38 ms, found 6 plugins.
Assertion failed on expression: 'pred(*previous, *i)'
 #0 PlatformStacktrace::GetStacktrace(int)
 #1 DebugStringToFile(DebugStringToFileData const&)
 #2 AssertImplementation(int, char const*, int, int, char const*)
 #3 MonoScriptManager::CollectGarbageIn(vector_set<PPtr<MonoScript>, std::__1::less<PPtr<MonoScript>>, stl_allocator<PPtr<MonoScript>, (MemLabelIdentifier)86, 16>>&)
 #4 MonoScriptManager::CollectGarbage()
 #5 MonoManager::FinalizeReload()
 #6 ScriptingInitializer::FinalizeReload()
 #7 AssetImportWorkerClient::ReloadScriptingDomain()
 #8 invocation function for block in AssetImportWorkerClient::HandleMessage(PrepareMessage const&)::$_12::operator()() const
 #9 _dispatch_client_callout
 #10 _dispatch_async_and_wait_invoke
 #11 _dispatch_client_callout
 #12 _dispatch_main_queue_drain
 #13 _dispatch_main_queue_callback_4CF
 #14 __CFRUNLOOP_IS_SERVICING_THE_MAIN_DISPATCH_QUEUE__
 #15 __CFRunLoopRun
 #16 CFRunLoopRunSpecific
 #17 RunCurrentEventLoopInMode
 #18 ReceiveNextEventCommon
 #19 _BlockUntilNextEventMatchingListInModeWithFilter
 #20 _DPSNextEvent
 #21 -[NSApplication(NSEventRouting) _nextEventMatchingEventMask:untilDate:inMode:dequeue:]
 #22 -[NSApplication run]
 #23 NSApplicationMain
 #24 EditorMain(int, char const**)
 #25 main
 #26 start

Assertion failed on expression: 'pred(*previous, *i)'
 #0 PlatformStacktrace::GetStacktrace(int)
 #1 DebugStringToFile(DebugStringToFileData const&)
 #2 AssertImplementation(int, char const*, int, int, char const*)
 #3 MonoScriptManager::CollectGarbageIn(vector_set<PPtr<MonoScript>, std::__1::less<PPtr<MonoScript>>, stl_allocator<PPtr<MonoScript>, (MemLabelIdentifier)86, 16>>&)
 #4 MonoScriptManager::CollectGarbage()
 #5 MonoManager::FinalizeReload()
 #6 ScriptingInitializer::FinalizeReload()
 #7 AssetImportWorkerClient::ReloadScriptingDomain()
 #8 invocation function for block in AssetImportWorkerClient::HandleMessage(PrepareMessage const&)::$_12::operator()() const
 #9 _dispatch_client_callout
 #10 _dispatch_async_and_wait_invoke
 #11 _dispatch_client_callout
 #12 _dispatch_main_queue_drain
 #13 _dispatch_main_queue_callback_4CF
 #14 __CFRUNLOOP_IS_SERVICING_THE_MAIN_DISPATCH_QUEUE__
 #15 __CFRunLoopRun
 #16 CFRunLoopRunSpecific
 #17 RunCurrentEventLoopInMode
 #18 ReceiveNextEventCommon
 #19 _BlockUntilNextEventMatchingListInModeWithFilter
 #20 _DPSNextEvent
 #21 -[NSApplication(NSEventRouting) _nextEventMatchingEventMask:untilDate:inMode:dequeue:]
 #22 -[NSApplication run]
 #23 NSApplicationMain
 #24 EditorMain(int, char const**)
 #25 main
 #26 start

Native extension for LinuxStandalone target not found
Native extension for AppleTV target not found
Native extension for iOS target not found
Native extension for Android target not found
Native extension for WindowsStandalone target not found
Native extension for VisionOS target not found
Native extension for OSXStandalone target not found
Native extension for WebGL target not found
Refreshing native plugins compatible for Editor in 3.55 ms, found 6 plugins.
Mono: successfully reloaded assembly
[Package Manager] Failed to launch server process. Reason: Unity was launched with the -noUpm command-line argument
[Package Manager] Unable to send message (not connected to server process).
[Package Manager] Cannot connect to Unity Package Manager local server
- Finished resetting the current domain, in  0.881 seconds
Domain Reload Profiling: 1626ms
	BeginReloadAssembly (152ms)
		ExecutionOrderSort (0ms)
		DisableScriptedObjects (13ms)
		BackupInstance (0ms)
		ReleaseScriptingObjects (0ms)
		CreateAndSetChildDomain (72ms)
	RebuildCommonClasses (32ms)
	RebuildNativeTypeToScriptingClass (12ms)
	initialDomainReloadingComplete (20ms)
	LoadAllAssembliesAndSetupDomain (530ms)
		LoadAssemblies (343ms)
		RebuildTransferFunctionScriptingTraits (0ms)
		AnalyzeDomain (222ms)
			TypeCache.Refresh (14ms)
				TypeCache.ScanAssembly (0ms)
			BuildScriptInfoCaches (199ms)
			ResolveRequiredComponents (5ms)
	FinalizeReload (881ms)
		ReleaseScriptCaches (0ms)
		RebuildScriptCaches (0ms)
		SetupLoadedEditorAssemblies (712ms)
			LogAssemblyErrors (0ms)
			InitializePlatformSupportModulesInManaged (44ms)
			SetLoadedEditorAssemblies (7ms)
			BeforeProcessingInitializeOnLoad (81ms)
			ProcessInitializeOnLoadAttributes (364ms)
			ProcessInitializeOnLoadMethodAttributes (215ms)
			AfterProcessingInitializeOnLoad (1ms)
			EditorAssembliesLoaded (0ms)
		ExecutionOrderSort2 (0ms)
		AwakeInstancesAfterBackupRestoration (5ms)
Refreshing native plugins compatible for Editor in 3.72 ms, found 6 plugins.
Preloading 0 native plugins for Editor in 0.00 ms.
Unloading 0 Unused Serialized files (Serialized files now loaded: 0)
Unloading 5667 unused Assets / (3.6 MB). Loaded Objects now: 6208.
Memory consumption went from 192.2 MB to 188.6 MB.
Total: 13.793792 ms (FindLiveObjects: 0.341083 ms CreateObjectMapping: 0.220750 ms MarkObjects: 10.804417 ms  DeleteObjects: 2.426667 ms)

Prepare: number of updated asset objects reloaded= 0
========================================================================
Received Prepare
Begin MonoManager ReloadAssembly
Thread 0x318aa3000 may have been prematurely finalized
Symbol file LoadedFromMemory is not a mono symbol file
- Loaded All Assemblies, in  0.723 seconds
Refreshing native plugins compatible for Editor in 3.26 ms, found 6 plugins.
Assertion failed on expression: 'pred(*previous, *i)'
 #0 PlatformStacktrace::GetStacktrace(int)
 #1 DebugStringToFile(DebugStringToFileData const&)
 #2 AssertImplementation(int, char const*, int, int, char const*)
 #3 MonoScriptManager::CollectGarbageIn(vector_set<PPtr<MonoScript>, std::__1::less<PPtr<MonoScript>>, stl_allocator<PPtr<MonoScript>, (MemLabelIdentifier)86, 16>>&)
 #4 MonoScriptManager::CollectGarbage()
 #5 MonoManager::FinalizeReload()
 #6 ScriptingInitializer::FinalizeReload()
 #7 AssetImportWorkerClient::ReloadScriptingDomain()
 #8 invocation function for block in AssetImportWorkerClient::HandleMessage(PrepareMessage const&)::$_12::operator()() const
 #9 _dispatch_client_callout
 #10 _dispatch_async_and_wait_invoke
 #11 _dispatch_client_callout
 #12 _dispatch_main_queue_drain
 #13 _dispatch_main_queue_callback_4CF
 #14 __CFRUNLOOP_IS_SERVICING_THE_MAIN_DISPATCH_QUEUE__
 #15 __CFRunLoopRun
 #16 CFRunLoopRunSpecific
 #17 RunCurrentEventLoopInMode
 #18 ReceiveNextEventCommon
 #19 _BlockUntilNextEventMatchingListInModeWithFilter
 #20 _DPSNextEvent
 #21 -[NSApplication(NSEventRouting) _nextEventMatchingEventMask:untilDate:inMode:dequeue:]
 #22 -[NSApplication run]
 #23 NSApplicationMain
 #24 EditorMain(int, char const**)
 #25 main
 #26 start

Native extension for LinuxStandalone target not found
Native extension for AppleTV target not found
Native extension for iOS target not found
Native extension for Android target not found
Native extension for WindowsStandalone target not found
Native extension for VisionOS target not found
Native extension for OSXStandalone target not found
Native extension for WebGL target not found
Refreshing native plugins compatible for Editor in 3.46 ms, found 6 plugins.
Mono: successfully reloaded assembly
[Package Manager] Failed to launch server process. Reason: Unity was launched with the -noUpm command-line argument
[Package Manager] Unable to send message (not connected to server process).
[Package Manager] Cannot connect to Unity Package Manager local server
- Finished resetting the current domain, in  0.842 seconds
Domain Reload Profiling: 1568ms
	BeginReloadAssembly (177ms)
		ExecutionOrderSort (0ms)
		DisableScriptedObjects (13ms)
		BackupInstance (0ms)
		ReleaseScriptingObjects (0ms)
		CreateAndSetChildDomain (86ms)
	RebuildCommonClasses (31ms)
	RebuildNativeTypeToScriptingClass (12ms)
	initialDomainReloadingComplete (20ms)
	LoadAllAssembliesAndSetupDomain (486ms)
		LoadAssemblies (366ms)
		RebuildTransferFunctionScriptingTraits (0ms)
		AnalyzeDomain (160ms)
			TypeCache.Refresh (13ms)
				TypeCache.ScanAssembly (1ms)
			BuildScriptInfoCaches (139ms)
			ResolveRequiredComponents (5ms)
	FinalizeReload (843ms)
		ReleaseScriptCaches (0ms)
		RebuildScriptCaches (0ms)
		SetupLoadedEditorAssemblies (686ms)
			LogAssemblyErrors (0ms)
			InitializePlatformSupportModulesInManaged (41ms)
			SetLoadedEditorAssemblies (6ms)
			BeforeProcessingInitializeOnLoad (78ms)
			ProcessInitializeOnLoadAttributes (351ms)
			ProcessInitializeOnLoadMethodAttributes (210ms)
			AfterProcessingInitializeOnLoad (1ms)
			EditorAssembliesLoaded (0ms)
		ExecutionOrderSort2 (0ms)
		AwakeInstancesAfterBackupRestoration (4ms)
Refreshing native plugins compatible for Editor in 3.45 ms, found 6 plugins.
Preloading 0 native plugins for Editor in 0.00 ms.
Unloading 0 Unused Serialized files (Serialized files now loaded: 0)
Unloading 5668 unused Assets / (3.1 MB). Loaded Objects now: 6211.
Memory consumption went from 198.5 MB to 195.4 MB.
Total: 12.642791 ms (FindLiveObjects: 0.299834 ms CreateObjectMapping: 0.192708 ms MarkObjects: 9.991208 ms  DeleteObjects: 2.158416 ms)

Prepare: number of updated asset objects reloaded= 0
