Unity Editor version:    6000.0.0b16 (1ddb887463a9)
Branch:                  trunk
Build type:              Release
Batch mode:              YES
macOS version:           Version 14.5 (Build 23F79)
Darwin version:          23.5.0
Architecture:            arm64
Running under Rosetta:   NO
Available memory:        18432 MB
Using pre-set license
Pro License: YES

COMMAND LINE ARGUMENTS:
/Applications/Unity/Hub/Editor/6000.0.0b16/Unity.app/Contents/MacOS/Unity
-adb2
-batchMode
-noUpm
-name
AssetImportWorker3
-projectPath
/Users/emma/Desktop/Repos/Orbital2024/Monorepo/Nuspirit/UnityVenues
-logFile
Logs/AssetImportWorker3.log
-srvPort
54451
-job-worker-count
5
-background-job-worker-count
8
-asset-garbage-collectors
1
Successfully changed project path to: /Users/emma/Desktop/Repos/Orbital2024/Monorepo/Nuspirit/UnityVenues
/Users/emma/Desktop/Repos/Orbital2024/Monorepo/Nuspirit/UnityVenues
[UnityMemory] Configuration Parameters - Can be set up in boot.config
    "memorysetup-bucket-allocator-granularity=16"
    "memorysetup-bucket-allocator-bucket-count=8"
    "memorysetup-bucket-allocator-block-size=33554432"
    "memorysetup-bucket-allocator-block-count=8"
    "memorysetup-main-allocator-block-size=16777216"
    "memorysetup-thread-allocator-block-size=16777216"
    "memorysetup-gfx-main-allocator-block-size=16777216"
    "memorysetup-gfx-thread-allocator-block-size=16777216"
    "memorysetup-cache-allocator-block-size=4194304"
    "memorysetup-typetree-allocator-block-size=2097152"
    "memorysetup-profiler-bucket-allocator-granularity=16"
    "memorysetup-profiler-bucket-allocator-bucket-count=8"
    "memorysetup-profiler-bucket-allocator-block-size=33554432"
    "memorysetup-profiler-bucket-allocator-block-count=8"
    "memorysetup-profiler-allocator-block-size=16777216"
    "memorysetup-profiler-editor-allocator-block-size=1048576"
    "memorysetup-temp-allocator-size-main=16777216"
    "memorysetup-job-temp-allocator-block-size=2097152"
    "memorysetup-job-temp-allocator-block-size-background=1048576"
    "memorysetup-job-temp-allocator-reduction-small-platforms=262144"
    "memorysetup-allocator-temp-initial-block-size-main=262144"
    "memorysetup-allocator-temp-initial-block-size-worker=262144"
    "memorysetup-temp-allocator-size-background-worker=32768"
    "memorysetup-temp-allocator-size-job-worker=262144"
    "memorysetup-temp-allocator-size-preload-manager=33554432"
    "memorysetup-temp-allocator-size-nav-mesh-worker=65536"
    "memorysetup-temp-allocator-size-audio-worker=65536"
    "memorysetup-temp-allocator-size-cloud-worker=32768"
    "memorysetup-temp-allocator-size-gi-baking-worker=262144"
    "memorysetup-temp-allocator-size-gi-baking-worker=262144"
    "memorysetup-temp-allocator-size-gi-baking-worker=262144"
    "memorysetup-temp-allocator-size-gi-baking-worker=262144"
    "memorysetup-temp-allocator-size-gi-baking-worker=262144"
    "memorysetup-temp-allocator-size-gfx=262144"
Player connection [8347765760]  Target information:

Player connection [8347765760]  * "[IP] 172.31.106.4 [Port] 0 [Flags] 2 [Guid] 1192211212 [EditorId] 1192211212 [Version] 1048832 [Id] OSXEditor(0,Xus-MacBook-Pro.local) [Debug] 1 [PackageName] OSXEditor [ProjectName] Editor" 

Player connection [8347765760] Host joined multi-casting on [225.0.0.222:54997]...
Player connection [8347765760] Host joined alternative multi-casting on [225.0.0.222:34997]...
JobSystem: Creating JobQueue using job-worker-count value 5
Library Redirect Path: Library/
[PhysX] Initialized MultithreadedTaskDispatcher with 6 workers.
Refreshing native plugins compatible for Editor in 8.57 ms, found 3 plugins.
Preloading 0 native plugins for Editor in 0.00 ms.
Initialize engine version: 6000.0.0b16 (1ddb887463a9)
[Subsystems] Discovering subsystems at path /Applications/Unity/Hub/Editor/6000.0.0b16/Unity.app/Contents/Resources/UnitySubsystems
[Subsystems] Discovering subsystems at path /Users/emma/Desktop/Repos/Orbital2024/Monorepo/Nuspirit/UnityVenues/Assets
GfxDevice: creating device client; kGfxThreadingModeNonThreaded
 preferred device: Apple M3 Pro (high power)
Metal devices available: 1
0: Apple M3 Pro (high power)
Using device Apple M3 Pro (high power)
Initializing Metal device caps: Apple M3 Pro
Initialize mono
Mono path[0] = '/Applications/Unity/Hub/Editor/6000.0.0b16/Unity.app/Contents/Managed'
Mono path[1] = '/Applications/Unity/Hub/Editor/6000.0.0b16/Unity.app/Contents/MonoBleedingEdge/lib/mono/unityjit-macos'
Mono config path = '/Applications/Unity/Hub/Editor/6000.0.0b16/Unity.app/Contents/MonoBleedingEdge/etc'
Using monoOptions --debugger-agent=transport=dt_socket,embedding=1,server=y,suspend=n,address=127.0.0.1:56813
Begin MonoManager ReloadAssembly
Registering precompiled unity dll's ...
Register platform support module: /Applications/Unity/Hub/Editor/6000.0.0b16/PlaybackEngines/WebGLSupport/UnityEditor.WebGL.Extensions.dll
Register platform support module: /Applications/Unity/Hub/Editor/6000.0.0b16/Unity.app/Contents/PlaybackEngines/MacStandaloneSupport/UnityEditor.OSXStandalone.Extensions.dll
Register platform support module: /Applications/Unity/Hub/Editor/6000.0.0b16/PlaybackEngines/VisionOSPlayer/UnityEditor.VisionOS.Extensions.dll
Register platform support module: /Applications/Unity/Hub/Editor/6000.0.0b16/PlaybackEngines/WindowsStandaloneSupport/UnityEditor.WindowsStandalone.Extensions.dll
Register platform support module: /Applications/Unity/Hub/Editor/6000.0.0b16/PlaybackEngines/AndroidPlayer/UnityEditor.Android.Extensions.dll
Register platform support module: /Applications/Unity/Hub/Editor/6000.0.0b16/PlaybackEngines/iOSSupport/UnityEditor.iOS.Extensions.dll
Register platform support module: /Applications/Unity/Hub/Editor/6000.0.0b16/PlaybackEngines/AppleTVSupport/UnityEditor.AppleTV.Extensions.dll
Register platform support module: /Applications/Unity/Hub/Editor/6000.0.0b16/PlaybackEngines/LinuxStandaloneSupport/UnityEditor.LinuxStandalone.Extensions.dll
Registered in 0.007629 seconds.
- Loaded All Assemblies, in  0.247 seconds
Native extension for LinuxStandalone target not found
[usbmuxd] Start listen thread
[usbmuxd] Listen thread started
[usbmuxd] Send listen message
Native extension for AppleTV target not found
Native extension for iOS target not found
Native extension for Android target not found
Android Extension - Scanning For ADB Devices 3059 ms
Native extension for WindowsStandalone target not found
objc[5813]: Class XcodeScriptingDelegate is implemented in both /Applications/Unity/Hub/Editor/6000.0.0b16/PlaybackEngines/AppleTVSupport/arm64/UnityEditor.iOS.Native.dylib (0x12f1f8600) and /Applications/Unity/Hub/Editor/6000.0.0b16/PlaybackEngines/VisionOSPlayer/arm64/UnityEditor.VisionOS.Native.dylib (0x12f270600). One of the two will be used. Which one is undefined.
[usbmuxd] Start listen thread
[usbmuxd] Listen thread started
[usbmuxd] Send listen message
Native extension for VisionOS target not found
Native extension for OSXStandalone target not found
Native extension for WebGL target not found
Mono: successfully reloaded assembly
- Finished resetting the current domain, in  3.406 seconds
Domain Reload Profiling: 3652ms
	BeginReloadAssembly (74ms)
		ExecutionOrderSort (0ms)
		DisableScriptedObjects (0ms)
		BackupInstance (0ms)
		ReleaseScriptingObjects (0ms)
		CreateAndSetChildDomain (0ms)
	RebuildCommonClasses (23ms)
	RebuildNativeTypeToScriptingClass (9ms)
	initialDomainReloadingComplete (31ms)
	LoadAllAssembliesAndSetupDomain (110ms)
		LoadAssemblies (76ms)
		RebuildTransferFunctionScriptingTraits (0ms)
		AnalyzeDomain (106ms)
			TypeCache.Refresh (105ms)
				TypeCache.ScanAssembly (96ms)
			BuildScriptInfoCaches (0ms)
			ResolveRequiredComponents (0ms)
	FinalizeReload (3406ms)
		ReleaseScriptCaches (0ms)
		RebuildScriptCaches (0ms)
		SetupLoadedEditorAssemblies (3372ms)
			LogAssemblyErrors (0ms)
			InitializePlatformSupportModulesInManaged (3190ms)
			SetLoadedEditorAssemblies (3ms)
			BeforeProcessingInitializeOnLoad (3ms)
			ProcessInitializeOnLoadAttributes (62ms)
			ProcessInitializeOnLoadMethodAttributes (115ms)
			AfterProcessingInitializeOnLoad (0ms)
			EditorAssembliesLoaded (0ms)
		ExecutionOrderSort2 (0ms)
		AwakeInstancesAfterBackupRestoration (0ms)
========================================================================
Worker process is ready to serve import requests
Import Worker Mode flag is 0x00
Begin MonoManager ReloadAssembly
Symbol file LoadedFromMemory is not a mono symbol file
- Loaded All Assemblies, in  0.861 seconds
Refreshing native plugins compatible for Editor in 2.05 ms, found 3 plugins.
Native extension for LinuxStandalone target not found
Native extension for AppleTV target not found
Native extension for iOS target not found
Native extension for Android target not found
Native extension for WindowsStandalone target not found
Native extension for VisionOS target not found
Native extension for OSXStandalone target not found
Native extension for WebGL target not found
Refreshing native plugins compatible for Editor in 1.86 ms, found 3 plugins.
Mono: successfully reloaded assembly
Package Manager log level set to [2]
[Package Manager] Failed to launch server process. Reason: Unity was launched with the -noUpm command-line argument
[Package Manager] Unable to send message (not connected to server process).
[Package Manager] Cannot connect to Unity Package Manager local server
[Package Manager] Failed to launch server process. Reason: Unity was launched with the -noUpm command-line argument
[Package Manager] Unable to send message (not connected to server process).
[Package Manager] Cannot connect to Unity Package Manager local server
- Finished resetting the current domain, in  0.646 seconds
Domain Reload Profiling: 1507ms
	BeginReloadAssembly (448ms)
		ExecutionOrderSort (0ms)
		DisableScriptedObjects (3ms)
		BackupInstance (0ms)
		ReleaseScriptingObjects (0ms)
		CreateAndSetChildDomain (25ms)
	RebuildCommonClasses (23ms)
	RebuildNativeTypeToScriptingClass (9ms)
	initialDomainReloadingComplete (20ms)
	LoadAllAssembliesAndSetupDomain (361ms)
		LoadAssemblies (241ms)
		RebuildTransferFunctionScriptingTraits (0ms)
		AnalyzeDomain (151ms)
			TypeCache.Refresh (109ms)
				TypeCache.ScanAssembly (95ms)
			BuildScriptInfoCaches (37ms)
			ResolveRequiredComponents (3ms)
	FinalizeReload (647ms)
		ReleaseScriptCaches (0ms)
		RebuildScriptCaches (0ms)
		SetupLoadedEditorAssemblies (515ms)
			LogAssemblyErrors (0ms)
			InitializePlatformSupportModulesInManaged (30ms)
			SetLoadedEditorAssemblies (5ms)
			BeforeProcessingInitializeOnLoad (56ms)
			ProcessInitializeOnLoadAttributes (261ms)
			ProcessInitializeOnLoadMethodAttributes (163ms)
			AfterProcessingInitializeOnLoad (1ms)
			EditorAssembliesLoaded (0ms)
		ExecutionOrderSort2 (0ms)
		AwakeInstancesAfterBackupRestoration (3ms)
Launching external process: /Applications/Unity/Hub/Editor/6000.0.0b16/Unity.app/Contents/Tools/UnityShaderCompiler
Launched and connected shader compiler UnityShaderCompiler after 0.05 seconds
Refreshing native plugins compatible for Editor in 1.97 ms, found 3 plugins.
Preloading 0 native plugins for Editor in 0.00 ms.
Unloading 14 Unused Serialized files (Serialized files now loaded: 0)
Unloading 5617 unused Assets / (2.0 MB). Loaded Objects now: 6156.
Memory consumption went from 134.8 MB to 132.8 MB.
Total: 8.765750 ms (FindLiveObjects: 0.422625 ms CreateObjectMapping: 0.126750 ms MarkObjects: 7.169125 ms  DeleteObjects: 1.046917 ms)

========================================================================
Received Import Request.
  Time since last request: 60705.915838 seconds.
  path: Assets/Art/Plants/Bush 1 - GREEN 2.png
  artifactKey: Guid(72276cdfd66354f839ade8f7c3655101) Importer(815301076,1909f56bfc062723c751e8b465ee728b)
Start importing Assets/Art/Plants/Bush 1 - GREEN 2.png using Guid(72276cdfd66354f839ade8f7c3655101) Importer(815301076,1909f56bfc062723c751e8b465ee728b) (PreviewImporter)[PhysX] Initialized MultithreadedTaskDispatcher with 6 workers.
[PhysX] Initialized MultithreadedTaskDispatcher with 6 workers.
 -> (artifact id: 'd33d1565ed8aa4e4de8c7b1e68fb697b') in 0.23284075 seconds
Number of updated asset objects reloaded before import = 0Number of asset objects unloaded after import = 3

========================================================================
Received Import Request.
  Time since last request: 5.643952 seconds.
  path: Assets/Art/Plants/Bush 1 (no flowers) - WARM GREEN.png
  artifactKey: Guid(6fa1664d0a8c6493e8ba83e4c4b37373) Importer(815301076,1909f56bfc062723c751e8b465ee728b)
Start importing Assets/Art/Plants/Bush 1 (no flowers) - WARM GREEN.png using Guid(6fa1664d0a8c6493e8ba83e4c4b37373) Importer(815301076,1909f56bfc062723c751e8b465ee728b) (PreviewImporter)[PhysX] Initialized MultithreadedTaskDispatcher with 6 workers.
[PhysX] Initialized MultithreadedTaskDispatcher with 6 workers.
 -> (artifact id: '960d5359a33dde734a1ac25797867099') in 0.100016 seconds
Number of updated asset objects reloaded before import = 0Number of asset objects unloaded after import = 3

========================================================================
Received Import Request.
  Time since last request: 5.705167 seconds.
  path: Assets/Art/Plants/Bush 2 - RED.png
  artifactKey: Guid(0f4655111c9094d2380db6dc4bbfaf69) Importer(815301076,1909f56bfc062723c751e8b465ee728b)
Start importing Assets/Art/Plants/Bush 2 - RED.png using Guid(0f4655111c9094d2380db6dc4bbfaf69) Importer(815301076,1909f56bfc062723c751e8b465ee728b) (PreviewImporter)[PhysX] Initialized MultithreadedTaskDispatcher with 6 workers.
[PhysX] Initialized MultithreadedTaskDispatcher with 6 workers.
 -> (artifact id: '5ce1874b43a4d13320d6e0879fd02694') in 0.072902083 seconds
Number of updated asset objects reloaded before import = 0Number of asset objects unloaded after import = 3

========================================================================
Received Import Request.
  Time since last request: 5.477083 seconds.
  path: Assets/Art/Plants/Flower Pot 2 - RED.png
  artifactKey: Guid(61799f65ec9494767be7d54cd701d1f4) Importer(815301076,1909f56bfc062723c751e8b465ee728b)
Start importing Assets/Art/Plants/Flower Pot 2 - RED.png using Guid(61799f65ec9494767be7d54cd701d1f4) Importer(815301076,1909f56bfc062723c751e8b465ee728b) (PreviewImporter)[PhysX] Initialized MultithreadedTaskDispatcher with 6 workers.
[PhysX] Initialized MultithreadedTaskDispatcher with 6 workers.
 -> (artifact id: '0c882a34241105978d9bdee2dbd98d3d') in 0.029870875 seconds
Number of updated asset objects reloaded before import = 0Number of asset objects unloaded after import = 3

========================================================================
Received Import Request.
  Time since last request: 0.000043 seconds.
  path: Assets/Art/Plants/Flower Pot 3 - YELLOW.png
  artifactKey: Guid(293a724e9012c41d3b001be80dcf9085) Importer(815301076,1909f56bfc062723c751e8b465ee728b)
Start importing Assets/Art/Plants/Flower Pot 3 - YELLOW.png using Guid(293a724e9012c41d3b001be80dcf9085) Importer(815301076,1909f56bfc062723c751e8b465ee728b) (PreviewImporter)[PhysX] Initialized MultithreadedTaskDispatcher with 6 workers.
[PhysX] Initialized MultithreadedTaskDispatcher with 6 workers.
 -> (artifact id: '528a8095ed5bcf0421310ebafe44ef1f') in 0.004850334 seconds
Number of updated asset objects reloaded before import = 0Number of asset objects unloaded after import = 3

========================================================================
Received Import Request.
  Time since last request: 0.000071 seconds.
  path: Assets/Art/Plants/Flower Pot 3 - RED.png
  artifactKey: Guid(e55bdfa1139154399b7750d5824be356) Importer(815301076,1909f56bfc062723c751e8b465ee728b)
Start importing Assets/Art/Plants/Flower Pot 3 - RED.png using Guid(e55bdfa1139154399b7750d5824be356) Importer(815301076,1909f56bfc062723c751e8b465ee728b) (PreviewImporter)[PhysX] Initialized MultithreadedTaskDispatcher with 6 workers.
[PhysX] Initialized MultithreadedTaskDispatcher with 6 workers.
 -> (artifact id: 'c45be3b2fa98d0a2719d217fbc712595') in 0.003974208 seconds
Number of updated asset objects reloaded before import = 0Number of asset objects unloaded after import = 3

========================================================================
Received Import Request.
  Time since last request: 5.031210 seconds.
  path: Assets/Art/Plants/Flower 1 - RED.png
  artifactKey: Guid(8e7ee5a3477ce480b96475a416d61b50) Importer(815301076,1909f56bfc062723c751e8b465ee728b)
Start importing Assets/Art/Plants/Flower 1 - RED.png using Guid(8e7ee5a3477ce480b96475a416d61b50) Importer(815301076,1909f56bfc062723c751e8b465ee728b) (PreviewImporter)[PhysX] Initialized MultithreadedTaskDispatcher with 6 workers.
[PhysX] Initialized MultithreadedTaskDispatcher with 6 workers.
 -> (artifact id: 'e99f916c39b905959999d43babadefc2') in 0.050326041 seconds
Number of updated asset objects reloaded before import = 0Number of asset objects unloaded after import = 3

========================================================================
Received Import Request.
  Time since last request: 0.000076 seconds.
  path: Assets/Art/Plants/Flower 1 - TEAL.png
  artifactKey: Guid(671306971eaa54db698f41a5cc029c58) Importer(815301076,1909f56bfc062723c751e8b465ee728b)
Start importing Assets/Art/Plants/Flower 1 - TEAL.png using Guid(671306971eaa54db698f41a5cc029c58) Importer(815301076,1909f56bfc062723c751e8b465ee728b) (PreviewImporter)[PhysX] Initialized MultithreadedTaskDispatcher with 6 workers.
[PhysX] Initialized MultithreadedTaskDispatcher with 6 workers.
 -> (artifact id: '2094b7c222c721ffb44c8fd2b4c2c631') in 0.00484225 seconds
Number of updated asset objects reloaded before import = 0Number of asset objects unloaded after import = 3

========================================================================
Received Import Request.
  Time since last request: 6.923081 seconds.
  path: Assets/Art/Plants/Flower 2 - PURPLE.png
  artifactKey: Guid(32e68cbbaff6c4ddfaf31a968817acb6) Importer(815301076,1909f56bfc062723c751e8b465ee728b)
Start importing Assets/Art/Plants/Flower 2 - PURPLE.png using Guid(32e68cbbaff6c4ddfaf31a968817acb6) Importer(815301076,1909f56bfc062723c751e8b465ee728b) (PreviewImporter)[PhysX] Initialized MultithreadedTaskDispatcher with 6 workers.
[PhysX] Initialized MultithreadedTaskDispatcher with 6 workers.
 -> (artifact id: 'd5e02cc6d46ba4ef3c0a71b80752ec8c') in 0.065578833 seconds
Number of updated asset objects reloaded before import = 0Number of asset objects unloaded after import = 3

========================================================================
Received Import Request.
  Time since last request: 4.822380 seconds.
  path: Assets/Art/Plants/Flower 3 - PURPLE.png
  artifactKey: Guid(ff1f25378a25949c6b7f85cc83d85ef0) Importer(815301076,1909f56bfc062723c751e8b465ee728b)
Start importing Assets/Art/Plants/Flower 3 - PURPLE.png using Guid(ff1f25378a25949c6b7f85cc83d85ef0) Importer(815301076,1909f56bfc062723c751e8b465ee728b) (PreviewImporter)[PhysX] Initialized MultithreadedTaskDispatcher with 6 workers.
[PhysX] Initialized MultithreadedTaskDispatcher with 6 workers.
 -> (artifact id: 'e0ae47491f162632ab61a552d6058e7c') in 0.015950625 seconds
Number of updated asset objects reloaded before import = 0Number of asset objects unloaded after import = 5

========================================================================
Received Import Request.
  Time since last request: 0.000036 seconds.
  path: Assets/Art/Plants/Flower 3 - RED.png
  artifactKey: Guid(0dcf183c06a4342f5823aa358bac4f7d) Importer(815301076,1909f56bfc062723c751e8b465ee728b)
Start importing Assets/Art/Plants/Flower 3 - RED.png using Guid(0dcf183c06a4342f5823aa358bac4f7d) Importer(815301076,1909f56bfc062723c751e8b465ee728b) (PreviewImporter)[PhysX] Initialized MultithreadedTaskDispatcher with 6 workers.
[PhysX] Initialized MultithreadedTaskDispatcher with 6 workers.
 -> (artifact id: '59adedb1e33886cc613c89cf72718764') in 0.006892541 seconds
Number of updated asset objects reloaded before import = 0Number of asset objects unloaded after import = 5

========================================================================
Received Import Request.
  Time since last request: 4.628049 seconds.
  path: Assets/Art/Plants/Flower 4 - PURPLE.png
  artifactKey: Guid(b6cec8bf096da450b9cfdbde6988d159) Importer(815301076,1909f56bfc062723c751e8b465ee728b)
Start importing Assets/Art/Plants/Flower 4 - PURPLE.png using Guid(b6cec8bf096da450b9cfdbde6988d159) Importer(815301076,1909f56bfc062723c751e8b465ee728b) (PreviewImporter)[PhysX] Initialized MultithreadedTaskDispatcher with 6 workers.
[PhysX] Initialized MultithreadedTaskDispatcher with 6 workers.
 -> (artifact id: '2fd490cfe1bfdf51550f119d7d7f3e00') in 0.027747875 seconds
Number of updated asset objects reloaded before import = 0Number of asset objects unloaded after import = 4

========================================================================
Received Import Request.
  Time since last request: 4.622663 seconds.
  path: Assets/Art/Plants/Flower 5 - PINK.png
  artifactKey: Guid(6bdebfc7fe8714d78bee953b89ac1741) Importer(815301076,1909f56bfc062723c751e8b465ee728b)
Start importing Assets/Art/Plants/Flower 5 - PINK.png using Guid(6bdebfc7fe8714d78bee953b89ac1741) Importer(815301076,1909f56bfc062723c751e8b465ee728b) (PreviewImporter)[PhysX] Initialized MultithreadedTaskDispatcher with 6 workers.
[PhysX] Initialized MultithreadedTaskDispatcher with 6 workers.
 -> (artifact id: '8f5fae5000c4475cca5779fb9bb7e893') in 0.064085292 seconds
Number of updated asset objects reloaded before import = 0Number of asset objects unloaded after import = 3

========================================================================
Received Import Request.
  Time since last request: 0.000155 seconds.
  path: Assets/Art/Plants/Flower 5 - PURPLE.png
  artifactKey: Guid(b20dcca5b1bab4554b1cf1f9120d6851) Importer(815301076,1909f56bfc062723c751e8b465ee728b)
Start importing Assets/Art/Plants/Flower 5 - PURPLE.png using Guid(b20dcca5b1bab4554b1cf1f9120d6851) Importer(815301076,1909f56bfc062723c751e8b465ee728b) (PreviewImporter)[PhysX] Initialized MultithreadedTaskDispatcher with 6 workers.
[PhysX] Initialized MultithreadedTaskDispatcher with 6 workers.
 -> (artifact id: '731c7b8a6d08b01ef532b171faf42efd') in 0.003968625 seconds
Number of updated asset objects reloaded before import = 0Number of asset objects unloaded after import = 3

========================================================================
Received Import Request.
  Time since last request: 4.678549 seconds.
  path: Assets/Art/Plants/Flower 6 - PINK.png
  artifactKey: Guid(04103a49b8cdd4bdca609a5ff7b2aea7) Importer(815301076,1909f56bfc062723c751e8b465ee728b)
Start importing Assets/Art/Plants/Flower 6 - PINK.png using Guid(04103a49b8cdd4bdca609a5ff7b2aea7) Importer(815301076,1909f56bfc062723c751e8b465ee728b) (PreviewImporter)[PhysX] Initialized MultithreadedTaskDispatcher with 6 workers.
[PhysX] Initialized MultithreadedTaskDispatcher with 6 workers.
 -> (artifact id: 'a4a8189099f58d94becfe46f2b108b15') in 0.03366575 seconds
Number of updated asset objects reloaded before import = 0Number of asset objects unloaded after import = 3

========================================================================
Received Import Request.
  Time since last request: 0.000051 seconds.
  path: Assets/Art/Plants/Flower 6 - PURPLE.png
  artifactKey: Guid(879e4646d8f624134869b689dcb64d02) Importer(815301076,1909f56bfc062723c751e8b465ee728b)
Start importing Assets/Art/Plants/Flower 6 - PURPLE.png using Guid(879e4646d8f624134869b689dcb64d02) Importer(815301076,1909f56bfc062723c751e8b465ee728b) (PreviewImporter)[PhysX] Initialized MultithreadedTaskDispatcher with 6 workers.
[PhysX] Initialized MultithreadedTaskDispatcher with 6 workers.
 -> (artifact id: '5ad1fb99f47ef821efa6ebfc4585a5df') in 0.004992042 seconds
Number of updated asset objects reloaded before import = 0Number of asset objects unloaded after import = 3

========================================================================
Received Import Request.
  Time since last request: 5.937744 seconds.
  path: Assets/Art/Plants/Flower 7 - PINK.png
  artifactKey: Guid(368e7d53fc7014e689922922c5d944fe) Importer(815301076,1909f56bfc062723c751e8b465ee728b)
Start importing Assets/Art/Plants/Flower 7 - PINK.png using Guid(368e7d53fc7014e689922922c5d944fe) Importer(815301076,1909f56bfc062723c751e8b465ee728b) (PreviewImporter)[PhysX] Initialized MultithreadedTaskDispatcher with 6 workers.
[PhysX] Initialized MultithreadedTaskDispatcher with 6 workers.
 -> (artifact id: '5bf7b134c0fa20570348568d6f4b8be2') in 0.048900959 seconds
Number of updated asset objects reloaded before import = 0Number of asset objects unloaded after import = 3

========================================================================
Received Import Request.
  Time since last request: 0.000139 seconds.
  path: Assets/Art/Plants/Flower 7 - PURPLE.png
  artifactKey: Guid(f464db4d29e80414fb0fd32d43e4e8bc) Importer(815301076,1909f56bfc062723c751e8b465ee728b)
Start importing Assets/Art/Plants/Flower 7 - PURPLE.png using Guid(f464db4d29e80414fb0fd32d43e4e8bc) Importer(815301076,1909f56bfc062723c751e8b465ee728b) (PreviewImporter)[PhysX] Initialized MultithreadedTaskDispatcher with 6 workers.
[PhysX] Initialized MultithreadedTaskDispatcher with 6 workers.
 -> (artifact id: 'a1dcd7aa085d0c8baf436b54b6b38f7b') in 0.007913166 seconds
Number of updated asset objects reloaded before import = 0Number of asset objects unloaded after import = 3

========================================================================
Received Import Request.
  Time since last request: 8.663092 seconds.
  path: Assets/Art/Plants/Flower 8 - RED.png
  artifactKey: Guid(65d727cdda4cc4504a6838d5e16529b6) Importer(815301076,1909f56bfc062723c751e8b465ee728b)
Start importing Assets/Art/Plants/Flower 8 - RED.png using Guid(65d727cdda4cc4504a6838d5e16529b6) Importer(815301076,1909f56bfc062723c751e8b465ee728b) (PreviewImporter)[PhysX] Initialized MultithreadedTaskDispatcher with 6 workers.
[PhysX] Initialized MultithreadedTaskDispatcher with 6 workers.
 -> (artifact id: '1bc56a026b352e5496e05e50fa346aa1') in 0.018892209 seconds
Number of updated asset objects reloaded before import = 0Number of asset objects unloaded after import = 3

========================================================================
Received Import Request.
  Time since last request: 0.000079 seconds.
  path: Assets/Art/Plants/Flower 8 - YELLOW.png
  artifactKey: Guid(6d3dd9384fc8c4957941479744fb13c0) Importer(815301076,1909f56bfc062723c751e8b465ee728b)
Start importing Assets/Art/Plants/Flower 8 - YELLOW.png using Guid(6d3dd9384fc8c4957941479744fb13c0) Importer(815301076,1909f56bfc062723c751e8b465ee728b) (PreviewImporter)[PhysX] Initialized MultithreadedTaskDispatcher with 6 workers.
[PhysX] Initialized MultithreadedTaskDispatcher with 6 workers.
 -> (artifact id: '5c1b5159d4aa56e9a3873c808654494f') in 0.004351125 seconds
Number of updated asset objects reloaded before import = 0Number of asset objects unloaded after import = 3

========================================================================
Received Import Request.
  Time since last request: 5.909255 seconds.
  path: Assets/Art/Plants/Flower 9 - RED.png
  artifactKey: Guid(82c81dfdf2cc24388b34ef59187874c6) Importer(815301076,1909f56bfc062723c751e8b465ee728b)
Start importing Assets/Art/Plants/Flower 9 - RED.png using Guid(82c81dfdf2cc24388b34ef59187874c6) Importer(815301076,1909f56bfc062723c751e8b465ee728b) (PreviewImporter)[PhysX] Initialized MultithreadedTaskDispatcher with 6 workers.
[PhysX] Initialized MultithreadedTaskDispatcher with 6 workers.
 -> (artifact id: 'de57bb94245b5b7e474b4ac3f68dab13') in 0.022281583 seconds
Number of updated asset objects reloaded before import = 0Number of asset objects unloaded after import = 3

========================================================================
Received Import Request.
  Time since last request: 0.000051 seconds.
  path: Assets/Art/Plants/Flower 9 - YELLOW.png
  artifactKey: Guid(503f5872585e54cb18ffd22a91ad0d41) Importer(815301076,1909f56bfc062723c751e8b465ee728b)
Start importing Assets/Art/Plants/Flower 9 - YELLOW.png using Guid(503f5872585e54cb18ffd22a91ad0d41) Importer(815301076,1909f56bfc062723c751e8b465ee728b) (PreviewImporter)[PhysX] Initialized MultithreadedTaskDispatcher with 6 workers.
[PhysX] Initialized MultithreadedTaskDispatcher with 6 workers.
 -> (artifact id: 'eede3963d2ab76736e3a625732ac58c3') in 0.003903208 seconds
Number of updated asset objects reloaded before import = 0Number of asset objects unloaded after import = 3

========================================================================
Received Import Request.
  Time since last request: 5.327274 seconds.
  path: Assets/Art/Plants/Flower 10 - RED.png
  artifactKey: Guid(4f03999fd2ec84e308d3c92ee6fe54bb) Importer(815301076,1909f56bfc062723c751e8b465ee728b)
Start importing Assets/Art/Plants/Flower 10 - RED.png using Guid(4f03999fd2ec84e308d3c92ee6fe54bb) Importer(815301076,1909f56bfc062723c751e8b465ee728b) (PreviewImporter)[PhysX] Initialized MultithreadedTaskDispatcher with 6 workers.
[PhysX] Initialized MultithreadedTaskDispatcher with 6 workers.
 -> (artifact id: '6a9ff66ce49d626a6e92264bb2dc379a') in 0.029494417 seconds
Number of updated asset objects reloaded before import = 0Number of asset objects unloaded after import = 3

========================================================================
Received Import Request.
  Time since last request: 5.785320 seconds.
  path: Assets/Art/Plants/Flower 11 - YELLOW.png
  artifactKey: Guid(9e8b94f5a28ac40a4bb0a97f592d19a0) Importer(815301076,1909f56bfc062723c751e8b465ee728b)
Start importing Assets/Art/Plants/Flower 11 - YELLOW.png using Guid(9e8b94f5a28ac40a4bb0a97f592d19a0) Importer(815301076,1909f56bfc062723c751e8b465ee728b) (PreviewImporter)[PhysX] Initialized MultithreadedTaskDispatcher with 6 workers.
[PhysX] Initialized MultithreadedTaskDispatcher with 6 workers.
 -> (artifact id: 'a7969920d2838b555680833a508901c1') in 0.071807042 seconds
Number of updated asset objects reloaded before import = 0Number of asset objects unloaded after import = 3

========================================================================
Received Import Request.
  Time since last request: 5.892297 seconds.
  path: Assets/Art/Plants/Flower 12 - YELLOW.png
  artifactKey: Guid(92bcd143ad4454b3cb73b2a1a0134657) Importer(815301076,1909f56bfc062723c751e8b465ee728b)
Start importing Assets/Art/Plants/Flower 12 - YELLOW.png using Guid(92bcd143ad4454b3cb73b2a1a0134657) Importer(815301076,1909f56bfc062723c751e8b465ee728b) (PreviewImporter)[PhysX] Initialized MultithreadedTaskDispatcher with 6 workers.
[PhysX] Initialized MultithreadedTaskDispatcher with 6 workers.
 -> (artifact id: '697bfebdf7288d713eab910662d94df2') in 0.028929667 seconds
Number of updated asset objects reloaded before import = 0Number of asset objects unloaded after import = 3

========================================================================
Received Import Request.
  Time since last request: 6.472817 seconds.
  path: Assets/Art/Plants/Flower 13 - PURPLE.png
  artifactKey: Guid(9132d67c66b164703ab83777db44b5c7) Importer(815301076,1909f56bfc062723c751e8b465ee728b)
Start importing Assets/Art/Plants/Flower 13 - PURPLE.png using Guid(9132d67c66b164703ab83777db44b5c7) Importer(815301076,1909f56bfc062723c751e8b465ee728b) (PreviewImporter)[PhysX] Initialized MultithreadedTaskDispatcher with 6 workers.
[PhysX] Initialized MultithreadedTaskDispatcher with 6 workers.
 -> (artifact id: '6504da16c6112d0a23a0e76796ff898a') in 0.028740833 seconds
Number of updated asset objects reloaded before import = 0Number of asset objects unloaded after import = 3

========================================================================
Received Import Request.
  Time since last request: 5.104251 seconds.
  path: Assets/Art/Plants/Flower Pot 1 - RED 1.png
  artifactKey: Guid(bebcdfba68ba54091a785cca557fead4) Importer(815301076,1909f56bfc062723c751e8b465ee728b)
Start importing Assets/Art/Plants/Flower Pot 1 - RED 1.png using Guid(bebcdfba68ba54091a785cca557fead4) Importer(815301076,1909f56bfc062723c751e8b465ee728b) (PreviewImporter)[PhysX] Initialized MultithreadedTaskDispatcher with 6 workers.
[PhysX] Initialized MultithreadedTaskDispatcher with 6 workers.
 -> (artifact id: '85ea4615b8a04ba6ff2cf7277ec09446') in 0.074436459 seconds
Number of updated asset objects reloaded before import = 0Number of asset objects unloaded after import = 3

========================================================================
Received Import Request.
  Time since last request: 4.698769 seconds.
  path: Assets/Art/Plants/Flower Pot 2 - PURPLE.png
  artifactKey: Guid(788aeadd328f74216a438b40d698a1a4) Importer(815301076,1909f56bfc062723c751e8b465ee728b)
Start importing Assets/Art/Plants/Flower Pot 2 - PURPLE.png using Guid(788aeadd328f74216a438b40d698a1a4) Importer(815301076,1909f56bfc062723c751e8b465ee728b) (PreviewImporter)[PhysX] Initialized MultithreadedTaskDispatcher with 6 workers.
[PhysX] Initialized MultithreadedTaskDispatcher with 6 workers.
 -> (artifact id: '211f4e59c8d1c9da6dd818b0799faa6b') in 0.034236416 seconds
Number of updated asset objects reloaded before import = 0Number of asset objects unloaded after import = 3

========================================================================
Received Import Request.
  Time since last request: 0.000063 seconds.
  path: Assets/Art/Plants/Flower Pot 2 - RED 2.png
  artifactKey: Guid(435fb2215ad0246a093ea1a4ed4de396) Importer(815301076,1909f56bfc062723c751e8b465ee728b)
Start importing Assets/Art/Plants/Flower Pot 2 - RED 2.png using Guid(435fb2215ad0246a093ea1a4ed4de396) Importer(815301076,1909f56bfc062723c751e8b465ee728b) (PreviewImporter)[PhysX] Initialized MultithreadedTaskDispatcher with 6 workers.
[PhysX] Initialized MultithreadedTaskDispatcher with 6 workers.
 -> (artifact id: '6e2bf18bb8c644df1ca2492b90c0a3ee') in 0.0055385 seconds
Number of updated asset objects reloaded before import = 0Number of asset objects unloaded after import = 3

========================================================================
Received Import Request.
  Time since last request: 5.292074 seconds.
  path: Assets/Art/Plants/Flower Pot 3 - RED 1.png
  artifactKey: Guid(cdbfddb2ae0674d32a1da73c1fe49dfc) Importer(815301076,1909f56bfc062723c751e8b465ee728b)
Start importing Assets/Art/Plants/Flower Pot 3 - RED 1.png using Guid(cdbfddb2ae0674d32a1da73c1fe49dfc) Importer(815301076,1909f56bfc062723c751e8b465ee728b) (PreviewImporter)[PhysX] Initialized MultithreadedTaskDispatcher with 6 workers.
[PhysX] Initialized MultithreadedTaskDispatcher with 6 workers.
 -> (artifact id: 'e22d132f01788755cb54b70faa789a33') in 0.040705709 seconds
Number of updated asset objects reloaded before import = 0Number of asset objects unloaded after import = 3

========================================================================
Received Import Request.
  Time since last request: 4.790777 seconds.
  path: Assets/Art/Plants/Flower Pot 4 - YELLOW 1.png
  artifactKey: Guid(0aee058b8d3414e7186418259b799ec0) Importer(815301076,1909f56bfc062723c751e8b465ee728b)
Start importing Assets/Art/Plants/Flower Pot 4 - YELLOW 1.png using Guid(0aee058b8d3414e7186418259b799ec0) Importer(815301076,1909f56bfc062723c751e8b465ee728b) (PreviewImporter)[PhysX] Initialized MultithreadedTaskDispatcher with 6 workers.
[PhysX] Initialized MultithreadedTaskDispatcher with 6 workers.
 -> (artifact id: '3bff5adeeb502594a3f562dbdefed46d') in 0.034164708 seconds
Number of updated asset objects reloaded before import = 0Number of asset objects unloaded after import = 3

========================================================================
Received Import Request.
  Time since last request: 5.046299 seconds.
  path: Assets/Art/Plants/Flower Pot 5 - PINK.png
  artifactKey: Guid(a6122eb27c3784e45bfc8ebb4741c938) Importer(815301076,1909f56bfc062723c751e8b465ee728b)
Start importing Assets/Art/Plants/Flower Pot 5 - PINK.png using Guid(a6122eb27c3784e45bfc8ebb4741c938) Importer(815301076,1909f56bfc062723c751e8b465ee728b) (PreviewImporter)[PhysX] Initialized MultithreadedTaskDispatcher with 6 workers.
[PhysX] Initialized MultithreadedTaskDispatcher with 6 workers.
 -> (artifact id: 'eb6c9faa1acd5bd7fd4fa944cbe38b3b') in 0.074683333 seconds
Number of updated asset objects reloaded before import = 0Number of asset objects unloaded after import = 3

========================================================================
Received Import Request.
  Time since last request: 0.000084 seconds.
  path: Assets/Art/Plants/Flower Pot 5 - PURPLE.png
  artifactKey: Guid(edf64423775594a958ce8defe3ece708) Importer(815301076,1909f56bfc062723c751e8b465ee728b)
Start importing Assets/Art/Plants/Flower Pot 5 - PURPLE.png using Guid(edf64423775594a958ce8defe3ece708) Importer(815301076,1909f56bfc062723c751e8b465ee728b) (PreviewImporter)[PhysX] Initialized MultithreadedTaskDispatcher with 6 workers.
[PhysX] Initialized MultithreadedTaskDispatcher with 6 workers.
 -> (artifact id: '13f13830d9581a2b158328caa2f272d0') in 0.011120792 seconds
Number of updated asset objects reloaded before import = 0Number of asset objects unloaded after import = 3

========================================================================
Received Import Request.
  Time since last request: 6.358721 seconds.
  path: Assets/Art/Plants/Flower Pot 6 - ORANGE.png
  artifactKey: Guid(8624bb414e8a344caa84fb6d4dca300c) Importer(815301076,1909f56bfc062723c751e8b465ee728b)
Start importing Assets/Art/Plants/Flower Pot 6 - ORANGE.png using Guid(8624bb414e8a344caa84fb6d4dca300c) Importer(815301076,1909f56bfc062723c751e8b465ee728b) (PreviewImporter)[PhysX] Initialized MultithreadedTaskDispatcher with 6 workers.
[PhysX] Initialized MultithreadedTaskDispatcher with 6 workers.
 -> (artifact id: 'ca44e42d7888f0193f4725666e9a96a7') in 0.07182625 seconds
Number of updated asset objects reloaded before import = 0Number of asset objects unloaded after import = 3

========================================================================
Received Import Request.
  Time since last request: 5.610425 seconds.
  path: Assets/Art/Plants/Flower Pot 7 - YELLOW.png
  artifactKey: Guid(9f714a9ae05e445b09fe5fb45ee7f2f8) Importer(815301076,1909f56bfc062723c751e8b465ee728b)
Start importing Assets/Art/Plants/Flower Pot 7 - YELLOW.png using Guid(9f714a9ae05e445b09fe5fb45ee7f2f8) Importer(815301076,1909f56bfc062723c751e8b465ee728b) (PreviewImporter)[PhysX] Initialized MultithreadedTaskDispatcher with 6 workers.
[PhysX] Initialized MultithreadedTaskDispatcher with 6 workers.
 -> (artifact id: '86142db07aad593f8e5042a9a0f308d1') in 0.051376125 seconds
Number of updated asset objects reloaded before import = 0Number of asset objects unloaded after import = 3

========================================================================
Received Import Request.
  Time since last request: 5.628248 seconds.
  path: Assets/Art/Plants/Grid 3.png
  artifactKey: Guid(224cc51403ea6475b835e3287b67bea8) Importer(815301076,1909f56bfc062723c751e8b465ee728b)
Start importing Assets/Art/Plants/Grid 3.png using Guid(224cc51403ea6475b835e3287b67bea8) Importer(815301076,1909f56bfc062723c751e8b465ee728b) (PreviewImporter)[PhysX] Initialized MultithreadedTaskDispatcher with 6 workers.
[PhysX] Initialized MultithreadedTaskDispatcher with 6 workers.
 -> (artifact id: 'ebba640b95086607d9d7c3e6a0c26ef8') in 0.03867575 seconds
Number of updated asset objects reloaded before import = 0Number of asset objects unloaded after import = 3

========================================================================
Received Import Request.
  Time since last request: 0.000062 seconds.
  path: Assets/Art/Plants/Grid 5.png
  artifactKey: Guid(31d767e48aab64f05a31c276d540e71c) Importer(815301076,1909f56bfc062723c751e8b465ee728b)
Start importing Assets/Art/Plants/Grid 5.png using Guid(31d767e48aab64f05a31c276d540e71c) Importer(815301076,1909f56bfc062723c751e8b465ee728b) (PreviewImporter)[PhysX] Initialized MultithreadedTaskDispatcher with 6 workers.
[PhysX] Initialized MultithreadedTaskDispatcher with 6 workers.
 -> (artifact id: '65914df44ad3fe1fa0dc557fcc959d84') in 0.00579775 seconds
Number of updated asset objects reloaded before import = 0Number of asset objects unloaded after import = 3

========================================================================
Received Import Request.
  Time since last request: 9.061951 seconds.
  path: Assets/Art/Plants/Wooden Grid 1 - YELLOW.png
  artifactKey: Guid(8f0c8ba1582834b1e9718360f6bd9949) Importer(815301076,1909f56bfc062723c751e8b465ee728b)
Start importing Assets/Art/Plants/Wooden Grid 1 - YELLOW.png using Guid(8f0c8ba1582834b1e9718360f6bd9949) Importer(815301076,1909f56bfc062723c751e8b465ee728b) (PreviewImporter)[PhysX] Initialized MultithreadedTaskDispatcher with 6 workers.
[PhysX] Initialized MultithreadedTaskDispatcher with 6 workers.
 -> (artifact id: 'f6a40125cda4e04b409bc17bca1b1116') in 0.038227458 seconds
Number of updated asset objects reloaded before import = 0Number of asset objects unloaded after import = 3

========================================================================
Received Import Request.
  Time since last request: 0.000335 seconds.
  path: Assets/Art/Plants/Wooden Grid 2 - RED.png
  artifactKey: Guid(efa265ef1f6f3418f8b52378f933f55b) Importer(815301076,1909f56bfc062723c751e8b465ee728b)
Start importing Assets/Art/Plants/Wooden Grid 2 - RED.png using Guid(efa265ef1f6f3418f8b52378f933f55b) Importer(815301076,1909f56bfc062723c751e8b465ee728b) (PreviewImporter)[PhysX] Initialized MultithreadedTaskDispatcher with 6 workers.
[PhysX] Initialized MultithreadedTaskDispatcher with 6 workers.
 -> (artifact id: '1b6fb963c7e42b5a58e38086172abd12') in 0.014642292 seconds
Number of updated asset objects reloaded before import = 0Number of asset objects unloaded after import = 3

========================================================================
Received Import Request.
  Time since last request: 180.209062 seconds.
  path: Assets/Art/FloorPlans/MSL/MSL-4th-level.jpg
  artifactKey: Guid(f457aa21a51ac4a55a018bf0be9d798c) Importer(815301076,1909f56bfc062723c751e8b465ee728b)
Start importing Assets/Art/FloorPlans/MSL/MSL-4th-level.jpg using Guid(f457aa21a51ac4a55a018bf0be9d798c) Importer(815301076,1909f56bfc062723c751e8b465ee728b) (PreviewImporter)[PhysX] Initialized MultithreadedTaskDispatcher with 6 workers.
[PhysX] Initialized MultithreadedTaskDispatcher with 6 workers.
 -> (artifact id: 'd6f0c51cfb38bfcd50c41a0358b20f70') in 0.114431917 seconds
Number of updated asset objects reloaded before import = 0Number of asset objects unloaded after import = 3

========================================================================
Received Import Request.
  Time since last request: 279.877585 seconds.
  path: Assets/Art/Sprites/General/dudeGreyShirtBlonde/dudeBoredBody.png
  artifactKey: Guid(bd40867a9c392d041bf1327e97125519) Importer(815301076,1909f56bfc062723c751e8b465ee728b)
Start importing Assets/Art/Sprites/General/dudeGreyShirtBlonde/dudeBoredBody.png using Guid(bd40867a9c392d041bf1327e97125519) Importer(815301076,1909f56bfc062723c751e8b465ee728b) (PreviewImporter)[PhysX] Initialized MultithreadedTaskDispatcher with 6 workers.
[PhysX] Initialized MultithreadedTaskDispatcher with 6 workers.
 -> (artifact id: '812a3559e51c97b0a936914c30276974') in 0.116424708 seconds
Number of updated asset objects reloaded before import = 0Number of asset objects unloaded after import = 5

========================================================================
Received Import Request.
  Time since last request: 0.000185 seconds.
  path: Assets/Art/Sprites/General/dudeGreyShirtBlonde/dudeBoredHand.png
  artifactKey: Guid(f42fcf3e042314188880f638360d783a) Importer(815301076,1909f56bfc062723c751e8b465ee728b)
Start importing Assets/Art/Sprites/General/dudeGreyShirtBlonde/dudeBoredHand.png using Guid(f42fcf3e042314188880f638360d783a) Importer(815301076,1909f56bfc062723c751e8b465ee728b) (PreviewImporter)[PhysX] Initialized MultithreadedTaskDispatcher with 6 workers.
[PhysX] Initialized MultithreadedTaskDispatcher with 6 workers.
 -> (artifact id: '7b8857669b5bfa4ce88381084fc3373c') in 0.007618709 seconds
Number of updated asset objects reloaded before import = 0Number of asset objects unloaded after import = 8

Editor requested this worker to shutdown with reason: Scaling down because of idle timeout
AssetImportWorker is now disconnected from the server
Process exiting
